[2.504s] Invoking command in '/home/nits/ros2_ws/src/vision_to_local_pose': PYTHONPATH=/home/nits/ros2_ws/build/vision_to_local_pose/prefix_override:/usr/lib/python3/dist-packages/colcon_core/task/python/colcon_distutils_commands:/home/nits/ros2_ws/install/vision_to_local_pose/lib/python3.10/site-packages:${PYTHONPATH} /usr/bin/python3 -W ignore:setup.py install is deprecated -W ignore:easy_install command is deprecated setup.py egg_info --egg-base ../../build/vision_to_local_pose build --build-base /home/nits/ros2_ws/build/vision_to_local_pose/build install --record /home/nits/ros2_ws/build/vision_to_local_pose/install.log --single-version-externally-managed install_data
[2.909s] /home/nits/.local/lib/python3.10/site-packages/setuptools/_distutils/dist.py:289: UserWarning: Unknown distribution option: 'tests_require'
[2.909s]   warnings.warn(msg)
[3.172s] running egg_info
[3.212s] creating ../../build/vision_to_local_pose/vision_to_local_pose.egg-info
[3.212s] writing ../../build/vision_to_local_pose/vision_to_local_pose.egg-info/PKG-INFO
[3.214s] writing dependency_links to ../../build/vision_to_local_pose/vision_to_local_pose.egg-info/dependency_links.txt
[3.214s] writing entry points to ../../build/vision_to_local_pose/vision_to_local_pose.egg-info/entry_points.txt
[3.214s] writing requirements to ../../build/vision_to_local_pose/vision_to_local_pose.egg-info/requires.txt
[3.217s] writing top-level names to ../../build/vision_to_local_pose/vision_to_local_pose.egg-info/top_level.txt
[3.217s] writing manifest file '../../build/vision_to_local_pose/vision_to_local_pose.egg-info/SOURCES.txt'
[3.303s] reading manifest file '../../build/vision_to_local_pose/vision_to_local_pose.egg-info/SOURCES.txt'
[3.305s] writing manifest file '../../build/vision_to_local_pose/vision_to_local_pose.egg-info/SOURCES.txt'
[3.305s] running build
[3.306s] running build_py
[3.306s] creating /home/nits/ros2_ws/build/vision_to_local_pose/build/lib/vision_to_local_pose
[3.307s] copying vision_to_local_pose/vision_to_local_pose.py -> /home/nits/ros2_ws/build/vision_to_local_pose/build/lib/vision_to_local_pose
[3.307s] copying vision_to_local_pose/__init__.py -> /home/nits/ros2_ws/build/vision_to_local_pose/build/lib/vision_to_local_pose
[3.308s] running install
[3.319s] running install_lib
[3.362s] creating /home/nits/ros2_ws/install/vision_to_local_pose/lib/python3.10/site-packages/vision_to_local_pose
[3.362s] copying /home/nits/ros2_ws/build/vision_to_local_pose/build/lib/vision_to_local_pose/vision_to_local_pose.py -> /home/nits/ros2_ws/install/vision_to_local_pose/lib/python3.10/site-packages/vision_to_local_pose
[3.362s] copying /home/nits/ros2_ws/build/vision_to_local_pose/build/lib/vision_to_local_pose/__init__.py -> /home/nits/ros2_ws/install/vision_to_local_pose/lib/python3.10/site-packages/vision_to_local_pose
[3.364s] byte-compiling /home/nits/ros2_ws/install/vision_to_local_pose/lib/python3.10/site-packages/vision_to_local_pose/vision_to_local_pose.py to vision_to_local_pose.cpython-310.pyc
[3.366s] byte-compiling /home/nits/ros2_ws/install/vision_to_local_pose/lib/python3.10/site-packages/vision_to_local_pose/__init__.py to __init__.cpython-310.pyc
[3.367s] running install_data
[3.367s] creating /home/nits/ros2_ws/install/vision_to_local_pose/share/ament_index/resource_index/packages
[3.367s] copying resource/vision_to_local_pose -> /home/nits/ros2_ws/install/vision_to_local_pose/share/ament_index/resource_index/packages
[3.368s] copying package.xml -> /home/nits/ros2_ws/install/vision_to_local_pose/share/vision_to_local_pose
[3.368s] running install_egg_info
[3.414s] Copying ../../build/vision_to_local_pose/vision_to_local_pose.egg-info to /home/nits/ros2_ws/install/vision_to_local_pose/lib/python3.10/site-packages/vision_to_local_pose-0.0.0-py3.10.egg-info
[3.416s] running install_scripts
[3.769s] Installing vision_to_local_pose script to /home/nits/ros2_ws/install/vision_to_local_pose/lib/vision_to_local_pose
[3.770s] writing list of installed files to '/home/nits/ros2_ws/build/vision_to_local_pose/install.log'
[3.883s] Invoked command in '/home/nits/ros2_ws/src/vision_to_local_pose' returned '0': PYTHONPATH=/home/nits/ros2_ws/build/vision_to_local_pose/prefix_override:/usr/lib/python3/dist-packages/colcon_core/task/python/colcon_distutils_commands:/home/nits/ros2_ws/install/vision_to_local_pose/lib/python3.10/site-packages:${PYTHONPATH} /usr/bin/python3 -W ignore:setup.py install is deprecated -W ignore:easy_install command is deprecated setup.py egg_info --egg-base ../../build/vision_to_local_pose build --build-base /home/nits/ros2_ws/build/vision_to_local_pose/build install --record /home/nits/ros2_ws/build/vision_to_local_pose/install.log --single-version-externally-managed install_data
