[2.379s] Invoking command in '/home/nits/ros2_ws/src/mavros_takeoff': PYTHONPATH=/home/nits/ros2_ws/build/mavros_takeoff/prefix_override:/usr/lib/python3/dist-packages/colcon_core/task/python/colcon_distutils_commands:/home/nits/ros2_ws/install/mavros_takeoff/lib/python3.10/site-packages:${PYTHONPATH} /usr/bin/python3 -W ignore:setup.py install is deprecated -W ignore:easy_install command is deprecated setup.py egg_info --egg-base ../../build/mavros_takeoff build --build-base /home/nits/ros2_ws/build/mavros_takeoff/build install --record /home/nits/ros2_ws/build/mavros_takeoff/install.log --single-version-externally-managed install_data
[2.809s] /home/nits/.local/lib/python3.10/site-packages/setuptools/_distutils/dist.py:289: UserWarning: Unknown distribution option: 'tests_require'
[2.809s]   warnings.warn(msg)
[3.110s] running egg_info
[3.155s] writing ../../build/mavros_takeoff/mavros_takeoff.egg-info/PKG-INFO
[3.158s] writing dependency_links to ../../build/mavros_takeoff/mavros_takeoff.egg-info/dependency_links.txt
[3.159s] writing requirements to ../../build/mavros_takeoff/mavros_takeoff.egg-info/requires.txt
[3.159s] writing top-level names to ../../build/mavros_takeoff/mavros_takeoff.egg-info/top_level.txt
[3.261s] reading manifest file '../../build/mavros_takeoff/mavros_takeoff.egg-info/SOURCES.txt'
[3.265s] writing manifest file '../../build/mavros_takeoff/mavros_takeoff.egg-info/SOURCES.txt'
[3.266s] running build
[3.266s] running build_py
[3.266s] copying mavros_takeoff/setup.py -> /home/nits/ros2_ws/build/mavros_takeoff/build/lib/mavros_takeoff
[3.267s] copying mavros_takeoff/takeoff_node.py -> /home/nits/ros2_ws/build/mavros_takeoff/build/lib/mavros_takeoff
[3.267s] copying mavros_takeoff/__init__.py -> /home/nits/ros2_ws/build/mavros_takeoff/build/lib/mavros_takeoff
[3.268s] running install
[3.283s] running install_lib
[3.330s] copying /home/nits/ros2_ws/build/mavros_takeoff/build/lib/mavros_takeoff/setup.py -> /home/nits/ros2_ws/install/mavros_takeoff/lib/python3.10/site-packages/mavros_takeoff
[3.333s] byte-compiling /home/nits/ros2_ws/install/mavros_takeoff/lib/python3.10/site-packages/mavros_takeoff/setup.py to setup.cpython-310.pyc
[3.334s] running install_data
[3.335s] copying resource/mavros_takeoff -> /home/nits/ros2_ws/install/mavros_takeoff/share/ament_index/resource_index/packages
[3.335s] copying package.xml -> /home/nits/ros2_ws/install/mavros_takeoff/share/mavros_takeoff
[3.336s] running install_egg_info
[3.385s] removing '/home/nits/ros2_ws/install/mavros_takeoff/lib/python3.10/site-packages/mavros_takeoff-0.0.0-py3.10.egg-info' (and everything under it)
[3.386s] Copying ../../build/mavros_takeoff/mavros_takeoff.egg-info to /home/nits/ros2_ws/install/mavros_takeoff/lib/python3.10/site-packages/mavros_takeoff-0.0.0-py3.10.egg-info
[3.389s] running install_scripts
[3.749s] writing list of installed files to '/home/nits/ros2_ws/build/mavros_takeoff/install.log'
[3.876s] Invoked command in '/home/nits/ros2_ws/src/mavros_takeoff' returned '0': PYTHONPATH=/home/nits/ros2_ws/build/mavros_takeoff/prefix_override:/usr/lib/python3/dist-packages/colcon_core/task/python/colcon_distutils_commands:/home/nits/ros2_ws/install/mavros_takeoff/lib/python3.10/site-packages:${PYTHONPATH} /usr/bin/python3 -W ignore:setup.py install is deprecated -W ignore:easy_install command is deprecated setup.py egg_info --egg-base ../../build/mavros_takeoff build --build-base /home/nits/ros2_ws/build/mavros_takeoff/build install --record /home/nits/ros2_ws/build/mavros_takeoff/install.log --single-version-externally-managed install_data
