[0.069s] Invoking command in '/home/nits/ros2_ws/build/drone_vio_cpp': CMAKE_PREFIX_PATH=/home/nits/ros2_ws/install/realsense2_description:/home/nits/ros2_ws/install/realsense2_camera:/home/nits/ros2_ws/install/realsense2_camera_msgs:/home/nits/ros2_ws/install/vision_to_local_pose:/home/nits/ros2_ws/install/pose_relay:/home/nits/ros2_ws/install/new_takeoff_node:/home/nits/ros2_ws/install/my_package:/home/nits/ros2_ws/install/mavros_takeoff:/home/nits/ros2_ws/install/drone_vio_py:/home/nits/ros2_ws/install/drone_takeoff:/opt/ros/humble:/home/nits/ros2_ws/install/local_zeroing_pkg:/home/nits/ros2_ws/install/landing_area_detector:/home/nits/ros2_ws/install/flat_area_detector:/home/nits/ros2_ws/install/drone_vio_cpp:/home/nits/ros2_ws/install/boundary_mapper /usr/bin/cmake --build /home/nits/ros2_ws/build/drone_vio_cpp -- -j6 -l6
[0.196s] [35m[1mConsolidate compiler generated dependencies of target odom_to_vision_pose[0m
[0.255s] [ 50%] [32mBuilding CXX object CMakeFiles/odom_to_vision_pose.dir/src/odom_to_vision_pose.cpp.o[0m
[25.079s] [100%] [32m[1mLinking CXX executable odom_to_vision_pose[0m
[26.328s] [100%] Built target odom_to_vision_pose
[26.368s] Invoked command in '/home/nits/ros2_ws/build/drone_vio_cpp' returned '0': CMAKE_PREFIX_PATH=/home/nits/ros2_ws/install/realsense2_description:/home/nits/ros2_ws/install/realsense2_camera:/home/nits/ros2_ws/install/realsense2_camera_msgs:/home/nits/ros2_ws/install/vision_to_local_pose:/home/nits/ros2_ws/install/pose_relay:/home/nits/ros2_ws/install/new_takeoff_node:/home/nits/ros2_ws/install/my_package:/home/nits/ros2_ws/install/mavros_takeoff:/home/nits/ros2_ws/install/drone_vio_py:/home/nits/ros2_ws/install/drone_takeoff:/opt/ros/humble:/home/nits/ros2_ws/install/local_zeroing_pkg:/home/nits/ros2_ws/install/landing_area_detector:/home/nits/ros2_ws/install/flat_area_detector:/home/nits/ros2_ws/install/drone_vio_cpp:/home/nits/ros2_ws/install/boundary_mapper /usr/bin/cmake --build /home/nits/ros2_ws/build/drone_vio_cpp -- -j6 -l6
[26.396s] Invoking command in '/home/nits/ros2_ws/build/drone_vio_cpp': CMAKE_PREFIX_PATH=/home/nits/ros2_ws/install/realsense2_description:/home/nits/ros2_ws/install/realsense2_camera:/home/nits/ros2_ws/install/realsense2_camera_msgs:/home/nits/ros2_ws/install/vision_to_local_pose:/home/nits/ros2_ws/install/pose_relay:/home/nits/ros2_ws/install/new_takeoff_node:/home/nits/ros2_ws/install/my_package:/home/nits/ros2_ws/install/mavros_takeoff:/home/nits/ros2_ws/install/drone_vio_py:/home/nits/ros2_ws/install/drone_takeoff:/opt/ros/humble:/home/nits/ros2_ws/install/local_zeroing_pkg:/home/nits/ros2_ws/install/landing_area_detector:/home/nits/ros2_ws/install/flat_area_detector:/home/nits/ros2_ws/install/drone_vio_cpp:/home/nits/ros2_ws/install/boundary_mapper /usr/bin/cmake --install /home/nits/ros2_ws/build/drone_vio_cpp
[26.420s] -- Install configuration: ""
[26.420s] -- Installing: /home/nits/ros2_ws/install/drone_vio_cpp/lib/drone_vio_cpp/odom_to_vision_pose
[26.434s] -- Set runtime path of "/home/nits/ros2_ws/install/drone_vio_cpp/lib/drone_vio_cpp/odom_to_vision_pose" to ""
[26.434s] -- Up-to-date: /home/nits/ros2_ws/install/drone_vio_cpp/share/ament_index/resource_index/package_run_dependencies/drone_vio_cpp
[26.434s] -- Up-to-date: /home/nits/ros2_ws/install/drone_vio_cpp/share/ament_index/resource_index/parent_prefix_path/drone_vio_cpp
[26.435s] -- Up-to-date: /home/nits/ros2_ws/install/drone_vio_cpp/share/drone_vio_cpp/environment/ament_prefix_path.sh
[26.437s] -- Up-to-date: /home/nits/ros2_ws/install/drone_vio_cpp/share/drone_vio_cpp/environment/ament_prefix_path.dsv
[26.438s] -- Up-to-date: /home/nits/ros2_ws/install/drone_vio_cpp/share/drone_vio_cpp/environment/path.sh
[26.438s] -- Up-to-date: /home/nits/ros2_ws/install/drone_vio_cpp/share/drone_vio_cpp/environment/path.dsv
[26.439s] -- Up-to-date: /home/nits/ros2_ws/install/drone_vio_cpp/share/drone_vio_cpp/local_setup.bash
[26.439s] -- Up-to-date: /home/nits/ros2_ws/install/drone_vio_cpp/share/drone_vio_cpp/local_setup.sh
[26.439s] -- Up-to-date: /home/nits/ros2_ws/install/drone_vio_cpp/share/drone_vio_cpp/local_setup.zsh
[26.439s] -- Up-to-date: /home/nits/ros2_ws/install/drone_vio_cpp/share/drone_vio_cpp/local_setup.dsv
[26.439s] -- Installing: /home/nits/ros2_ws/install/drone_vio_cpp/share/drone_vio_cpp/package.dsv
[26.439s] -- Up-to-date: /home/nits/ros2_ws/install/drone_vio_cpp/share/ament_index/resource_index/packages/drone_vio_cpp
[26.439s] -- Up-to-date: /home/nits/ros2_ws/install/drone_vio_cpp/share/drone_vio_cpp/cmake/drone_vio_cppConfig.cmake
[26.439s] -- Up-to-date: /home/nits/ros2_ws/install/drone_vio_cpp/share/drone_vio_cpp/cmake/drone_vio_cppConfig-version.cmake
[26.440s] -- Up-to-date: /home/nits/ros2_ws/install/drone_vio_cpp/share/drone_vio_cpp/package.xml
[26.445s] Invoked command in '/home/nits/ros2_ws/build/drone_vio_cpp' returned '0': CMAKE_PREFIX_PATH=/home/nits/ros2_ws/install/realsense2_description:/home/nits/ros2_ws/install/realsense2_camera:/home/nits/ros2_ws/install/realsense2_camera_msgs:/home/nits/ros2_ws/install/vision_to_local_pose:/home/nits/ros2_ws/install/pose_relay:/home/nits/ros2_ws/install/new_takeoff_node:/home/nits/ros2_ws/install/my_package:/home/nits/ros2_ws/install/mavros_takeoff:/home/nits/ros2_ws/install/drone_vio_py:/home/nits/ros2_ws/install/drone_takeoff:/opt/ros/humble:/home/nits/ros2_ws/install/local_zeroing_pkg:/home/nits/ros2_ws/install/landing_area_detector:/home/nits/ros2_ws/install/flat_area_detector:/home/nits/ros2_ws/install/drone_vio_cpp:/home/nits/ros2_ws/install/boundary_mapper /usr/bin/cmake --install /home/nits/ros2_ws/build/drone_vio_cpp
