[0.022s] Invoking command in '/home/nits/ros2_ws/build/flat_area_detector': /usr/bin/cmake --build /home/nits/ros2_ws/build/flat_area_detector -- -j6 -l6
[0.088s] -- Found ament_cmake: 1.3.11 (/opt/ros/humble/share/ament_cmake/cmake)
[0.440s] -- Found rclcpp: 16.0.11 (/opt/ros/humble/share/rclcpp/cmake)
[0.521s] -- Found rosidl_generator_c: 3.1.6 (/opt/ros/humble/share/rosidl_generator_c/cmake)
[0.526s] -- Found rosidl_adapter: 3.1.6 (/opt/ros/humble/share/rosidl_adapter/cmake)
[0.541s] -- Found rosidl_generator_cpp: 3.1.6 (/opt/ros/humble/share/rosidl_generator_cpp/cmake)
[0.563s] -- Using all available rosidl_typesupport_c: rosidl_typesupport_fastrtps_c;rosidl_typesupport_introspection_c
[0.590s] -- Using all available rosidl_typesupport_cpp: rosidl_typesupport_fastrtps_cpp;rosidl_typesupport_introspection_cpp
[0.665s] -- Found rmw_implementation_cmake: 6.1.2 (/opt/ros/humble/share/rmw_implementation_cmake/cmake)
[0.669s] -- Found rmw_fastrtps_cpp: 6.2.7 (/opt/ros/humble/share/rmw_fastrtps_cpp/cmake)
[0.889s] -- Using RMW implementation 'rmw_fastrtps_cpp' as default
[0.996s] -- Found sensor_msgs: 4.2.4 (/opt/ros/humble/share/sensor_msgs/cmake)
[1.082s] -- Eigen found (include: /usr/include/eigen3, version: 3.4.0)
[1.146s] -- FLANN found (include: /usr/include, lib: /usr/lib/aarch64-linux-gnu/libflann_cpp.so)
[1.621s] -- Found Eigen3: /usr/include/eigen3 (found version "3.4.0") 
[2.095s] -- looking for PCL_COMMON
[2.095s] -- looking for PCL_KDTREE
[2.096s] -- looking for PCL_OCTREE
[2.097s] -- looking for PCL_SEARCH
[2.097s] -- looking for PCL_SAMPLE_CONSENSUS
[2.098s] -- looking for PCL_FILTERS
[2.098s] -- looking for PCL_GEOMETRY
[2.099s] -- looking for PCL_2D
[2.100s] -- looking for PCL_FEATURES
[2.100s] -- looking for PCL_ML
[2.101s] -- looking for PCL_SEGMENTATION
[2.103s] -- Found pcl_conversions: 2.4.5 (/opt/ros/humble/share/pcl_conversions/cmake)
[2.155s] -- Found visualization_msgs: 4.2.4 (/opt/ros/humble/share/visualization_msgs/cmake)
[2.194s] -- Found tf2: 0.25.12 (/opt/ros/humble/share/tf2/cmake)
[2.203s] -- Found tf2_geometry_msgs: 0.25.12 (/opt/ros/humble/share/tf2_geometry_msgs/cmake)
[2.211s] -- Found eigen3_cmake_module: 0.1.1 (/opt/ros/humble/share/eigen3_cmake_module/cmake)
[2.214s] -- Found Eigen3: TRUE (found version "3.4.0") 
[2.214s] -- Ensuring Eigen3 include directory is part of orocos-kdl CMake target
[2.545s] -- Configuring done
[2.640s] -- Generating done
[2.658s] -- Build files have been written to: /home/nits/ros2_ws/build/flat_area_detector
[2.750s] [35m[1mConsolidate compiler generated dependencies of target flat_area_detector[0m
[2.826s] [ 50%] [32mBuilding CXX object CMakeFiles/flat_area_detector.dir/src/flat_area_detector.cpp.o[0m
[35.384s] [100%] [32m[1mLinking CXX executable flat_area_detector[0m
[45.217s] [100%] Built target flat_area_detector
[45.246s] Invoked command in '/home/nits/ros2_ws/build/flat_area_detector' returned '0': /usr/bin/cmake --build /home/nits/ros2_ws/build/flat_area_detector -- -j6 -l6
[45.273s] Invoking command in '/home/nits/ros2_ws/build/flat_area_detector': /usr/bin/cmake --install /home/nits/ros2_ws/build/flat_area_detector
[45.292s] -- Install configuration: ""
[45.293s] -- Installing: /home/nits/ros2_ws/install/flat_area_detector/lib/flat_area_detector/flat_area_detector
[45.304s] -- Set runtime path of "/home/nits/ros2_ws/install/flat_area_detector/lib/flat_area_detector/flat_area_detector" to ""
[45.304s] -- Up-to-date: /home/nits/ros2_ws/install/flat_area_detector/share/ament_index/resource_index/package_run_dependencies/flat_area_detector
[45.304s] -- Up-to-date: /home/nits/ros2_ws/install/flat_area_detector/share/ament_index/resource_index/parent_prefix_path/flat_area_detector
[45.305s] -- Up-to-date: /home/nits/ros2_ws/install/flat_area_detector/share/flat_area_detector/environment/ament_prefix_path.sh
[45.305s] -- Installing: /home/nits/ros2_ws/install/flat_area_detector/share/flat_area_detector/environment/ament_prefix_path.dsv
[45.305s] -- Up-to-date: /home/nits/ros2_ws/install/flat_area_detector/share/flat_area_detector/environment/path.sh
[45.306s] -- Installing: /home/nits/ros2_ws/install/flat_area_detector/share/flat_area_detector/environment/path.dsv
[45.306s] -- Up-to-date: /home/nits/ros2_ws/install/flat_area_detector/share/flat_area_detector/local_setup.bash
[45.306s] -- Up-to-date: /home/nits/ros2_ws/install/flat_area_detector/share/flat_area_detector/local_setup.sh
[45.307s] -- Up-to-date: /home/nits/ros2_ws/install/flat_area_detector/share/flat_area_detector/local_setup.zsh
[45.307s] -- Installing: /home/nits/ros2_ws/install/flat_area_detector/share/flat_area_detector/local_setup.dsv
[45.307s] -- Installing: /home/nits/ros2_ws/install/flat_area_detector/share/flat_area_detector/package.dsv
[45.307s] -- Up-to-date: /home/nits/ros2_ws/install/flat_area_detector/share/ament_index/resource_index/packages/flat_area_detector
[45.308s] -- Up-to-date: /home/nits/ros2_ws/install/flat_area_detector/share/flat_area_detector/cmake/flat_area_detectorConfig.cmake
[45.308s] -- Up-to-date: /home/nits/ros2_ws/install/flat_area_detector/share/flat_area_detector/cmake/flat_area_detectorConfig-version.cmake
[45.308s] -- Up-to-date: /home/nits/ros2_ws/install/flat_area_detector/share/flat_area_detector/package.xml
[45.311s] Invoked command in '/home/nits/ros2_ws/build/flat_area_detector' returned '0': /usr/bin/cmake --install /home/nits/ros2_ws/build/flat_area_detector
