[0.025s] Invoking command in '/home/nits/ros2_ws/build/landing_area_detector': CMAKE_PREFIX_PATH=/home/nits/ros2_ws/install/realsense2_description:/home/nits/ros2_ws/install/realsense2_camera:/home/nits/ros2_ws/install/realsense2_camera_msgs:/opt/ros/humble:/home/nits/ros2_ws/install/flat_area_detector /usr/bin/cmake --build /home/nits/ros2_ws/build/landing_area_detector -- -j6 -l6
[0.079s] -- Found ament_cmake: 1.3.11 (/opt/ros/humble/share/ament_cmake/cmake)
[0.366s] -- Found rclcpp: 16.0.11 (/opt/ros/humble/share/rclcpp/cmake)
[0.443s] -- Found rosidl_generator_c: 3.1.6 (/opt/ros/humble/share/rosidl_generator_c/cmake)
[0.448s] -- Found rosidl_adapter: 3.1.6 (/opt/ros/humble/share/rosidl_adapter/cmake)
[0.459s] -- Found rosidl_generator_cpp: 3.1.6 (/opt/ros/humble/share/rosidl_generator_cpp/cmake)
[0.476s] -- Using all available rosidl_typesupport_c: rosidl_typesupport_fastrtps_c;rosidl_typesupport_introspection_c
[0.499s] -- Using all available rosidl_typesupport_cpp: rosidl_typesupport_fastrtps_cpp;rosidl_typesupport_introspection_cpp
[0.560s] -- Found rmw_implementation_cmake: 6.1.2 (/opt/ros/humble/share/rmw_implementation_cmake/cmake)
[0.562s] -- Found rmw_fastrtps_cpp: 6.2.7 (/opt/ros/humble/share/rmw_fastrtps_cpp/cmake)
[0.763s] -- Using RMW implementation 'rmw_fastrtps_cpp' as default
[0.852s] -- Found sensor_msgs: 4.2.4 (/opt/ros/humble/share/sensor_msgs/cmake)
[0.903s] -- Found pcl_conversions: 2.4.5 (/opt/ros/humble/share/pcl_conversions/cmake)
[0.966s] -- Eigen found (include: /usr/include/eigen3, version: 3.4.0)
[1.026s] -- FLANN found (include: /usr/include, lib: /usr/lib/aarch64-linux-gnu/libflann_cpp.so)
[1.608s] -- OpenNI found (version: 1.5.4.0, include: /usr/include/ni, lib: /usr/lib/libOpenNI.so;libusb::libusb)
[1.618s] -- OpenNI2 found (version: 2.2.0.33, include: /usr/include/openni2, lib: /usr/lib/aarch64-linux-gnu/libOpenNI2.so;libusb::libusb)
[1.888s] -- Eigen found (include: /usr/include/eigen3, version: 3.4.0)
[1.898s] -- OpenNI found (version: 1.5.4.0, include: /usr/include/ni, lib: /usr/lib/libOpenNI.so;libusb::libusb)
[1.909s] -- OpenNI2 found (version: 2.2.0.33, include: /usr/include/openni2, lib: /usr/lib/aarch64-linux-gnu/libOpenNI2.so;libusb::libusb)
[2.161s] -- Found Qhull version 8.0.2
[2.424s] -- OpenNI found (version: 1.5.4.0, include: /usr/include/ni, lib: /usr/lib/libOpenNI.so;libusb::libusb)
[2.695s] -- Found pcl_ros: 2.4.5 (/opt/ros/humble/share/pcl_ros/cmake)
[2.724s] -- Found eigen3_cmake_module: 0.1.1 (/opt/ros/humble/share/eigen3_cmake_module/cmake)
[2.726s] -- Ensuring Eigen3 include directory is part of orocos-kdl CMake target
[2.875s] -- Found visualization_msgs: 4.2.4 (/opt/ros/humble/share/visualization_msgs/cmake)
[3.075s] -- Configuring done
[3.161s] -- Generating done
[3.185s] -- Build files have been written to: /home/nits/ros2_ws/build/landing_area_detector
[3.298s] [ 50%] [32mBuilding CXX object CMakeFiles/flat_area_detector.dir/src/flat_area_detector.cpp.o[0m
[34.831s] [100%] [32m[1mLinking CXX executable flat_area_detector[0m
[40.938s] [100%] Built target flat_area_detector
[40.966s] Invoked command in '/home/nits/ros2_ws/build/landing_area_detector' returned '0': CMAKE_PREFIX_PATH=/home/nits/ros2_ws/install/realsense2_description:/home/nits/ros2_ws/install/realsense2_camera:/home/nits/ros2_ws/install/realsense2_camera_msgs:/opt/ros/humble:/home/nits/ros2_ws/install/flat_area_detector /usr/bin/cmake --build /home/nits/ros2_ws/build/landing_area_detector -- -j6 -l6
[40.990s] Invoking command in '/home/nits/ros2_ws/build/landing_area_detector': CMAKE_PREFIX_PATH=/home/nits/ros2_ws/install/realsense2_description:/home/nits/ros2_ws/install/realsense2_camera:/home/nits/ros2_ws/install/realsense2_camera_msgs:/opt/ros/humble:/home/nits/ros2_ws/install/flat_area_detector /usr/bin/cmake --install /home/nits/ros2_ws/build/landing_area_detector
[41.009s] -- Install configuration: ""
[41.009s] -- Installing: /home/nits/ros2_ws/install/landing_area_detector/lib/landing_area_detector/flat_area_detector
[41.020s] -- Set runtime path of "/home/nits/ros2_ws/install/landing_area_detector/lib/landing_area_detector/flat_area_detector" to ""
[41.021s] -- Installing: /home/nits/ros2_ws/install/landing_area_detector/share/ament_index/resource_index/package_run_dependencies/landing_area_detector
[41.021s] -- Installing: /home/nits/ros2_ws/install/landing_area_detector/share/ament_index/resource_index/parent_prefix_path/landing_area_detector
[41.022s] -- Installing: /home/nits/ros2_ws/install/landing_area_detector/share/landing_area_detector/environment/ament_prefix_path.sh
[41.022s] -- Installing: /home/nits/ros2_ws/install/landing_area_detector/share/landing_area_detector/environment/ament_prefix_path.dsv
[41.023s] -- Installing: /home/nits/ros2_ws/install/landing_area_detector/share/landing_area_detector/environment/path.sh
[41.024s] -- Installing: /home/nits/ros2_ws/install/landing_area_detector/share/landing_area_detector/environment/path.dsv
[41.024s] -- Installing: /home/nits/ros2_ws/install/landing_area_detector/share/landing_area_detector/local_setup.bash
[41.024s] -- Installing: /home/nits/ros2_ws/install/landing_area_detector/share/landing_area_detector/local_setup.sh
[41.025s] -- Installing: /home/nits/ros2_ws/install/landing_area_detector/share/landing_area_detector/local_setup.zsh
[41.025s] -- Installing: /home/nits/ros2_ws/install/landing_area_detector/share/landing_area_detector/local_setup.dsv
[41.025s] -- Installing: /home/nits/ros2_ws/install/landing_area_detector/share/landing_area_detector/package.dsv
[41.026s] -- Installing: /home/nits/ros2_ws/install/landing_area_detector/share/ament_index/resource_index/packages/landing_area_detector
[41.026s] -- Installing: /home/nits/ros2_ws/install/landing_area_detector/share/landing_area_detector/cmake/landing_area_detectorConfig.cmake
[41.026s] -- Installing: /home/nits/ros2_ws/install/landing_area_detector/share/landing_area_detector/cmake/landing_area_detectorConfig-version.cmake
[41.026s] -- Installing: /home/nits/ros2_ws/install/landing_area_detector/share/landing_area_detector/package.xml
[41.030s] Invoked command in '/home/nits/ros2_ws/build/landing_area_detector' returned '0': CMAKE_PREFIX_PATH=/home/nits/ros2_ws/install/realsense2_description:/home/nits/ros2_ws/install/realsense2_camera:/home/nits/ros2_ws/install/realsense2_camera_msgs:/opt/ros/humble:/home/nits/ros2_ws/install/flat_area_detector /usr/bin/cmake --install /home/nits/ros2_ws/build/landing_area_detector
