[0.075s] Invoking command in '/home/nits/ros2_ws/build/flat_area_detector': /usr/bin/cmake /home/nits/ros2_ws/src/flat_area_detector -DCATKIN_INSTALL_INTO_PREFIX_ROOT=0 -DCMAKE_INSTALL_PREFIX=/home/nits/ros2_ws/install/flat_area_detector
[0.153s] -- The C compiler identification is GNU 11.4.0
[0.277s] -- The CXX compiler identification is GNU 11.4.0
[0.308s] -- Detecting C compiler ABI info
[0.466s] -- Detecting C compiler ABI info - done
[0.493s] -- Check for working C compiler: /usr/bin/cc - skipped
[0.495s] -- Detecting C compile features
[0.496s] -- Detecting C compile features - done
[0.507s] -- Detecting CXX compiler ABI info
[0.696s] -- Detecting CXX compiler ABI info - done
[0.717s] -- Check for working CXX compiler: /usr/bin/c++ - skipped
[0.718s] -- Detecting CXX compile features
[0.719s] -- Detecting CXX compile features - done
[0.739s] -- Found ament_cmake: 1.3.11 (/opt/ros/humble/share/ament_cmake/cmake)
[1.648s] -- Found Python3: /usr/bin/python3 (found version "3.10.12") found components: Interpreter 
[1.960s] -- Found rclcpp: 16.0.11 (/opt/ros/humble/share/rclcpp/cmake)
[2.123s] -- Found rosidl_generator_c: 3.1.6 (/opt/ros/humble/share/rosidl_generator_c/cmake)
[2.147s] -- Found rosidl_adapter: 3.1.6 (/opt/ros/humble/share/rosidl_adapter/cmake)
[2.178s] -- Found rosidl_generator_cpp: 3.1.6 (/opt/ros/humble/share/rosidl_generator_cpp/cmake)
[2.217s] -- Using all available rosidl_typesupport_c: rosidl_typesupport_fastrtps_c;rosidl_typesupport_introspection_c
[2.278s] -- Using all available rosidl_typesupport_cpp: rosidl_typesupport_fastrtps_cpp;rosidl_typesupport_introspection_cpp
[2.446s] -- Found rmw_implementation_cmake: 6.1.2 (/opt/ros/humble/share/rmw_implementation_cmake/cmake)
[2.459s] -- Found rmw_fastrtps_cpp: 6.2.7 (/opt/ros/humble/share/rmw_fastrtps_cpp/cmake)
[2.699s] -- Found OpenSSL: /usr/lib/aarch64-linux-gnu/libcrypto.so (found version "3.0.2")  
[2.760s] -- Found FastRTPS: /opt/ros/humble/include  
[2.847s] -- Using RMW implementation 'rmw_fastrtps_cpp' as default
[2.877s] -- Looking for pthread.h
[3.036s] -- Looking for pthread.h - found
[3.036s] -- Performing Test CMAKE_HAVE_LIBC_PTHREAD
[3.204s] -- Performing Test CMAKE_HAVE_LIBC_PTHREAD - Success
[3.207s] -- Found Threads: TRUE  
[3.369s] -- Found sensor_msgs: 4.2.4 (/opt/ros/humble/share/sensor_msgs/cmake)
[3.464s] -- Checking for module 'eigen3'
[3.488s] --   Found eigen3, version 3.4.0
[3.568s] -- Found Eigen: /usr/include/eigen3 (Required is at least version "3.1") 
[3.568s] -- Eigen found (include: /usr/include/eigen3, version: 3.4.0)
[3.590s] -- Found Boost: /usr/lib/aarch64-linux-gnu/cmake/Boost-1.74.0/BoostConfig.cmake (found suitable version "1.74.0", minimum required is "1.65.0") found components: system filesystem date_time iostreams serialization 
[3.622s] -- Checking for module 'flann'
[3.651s] --   Found flann, version 1.9.1
[3.770s] -- Found FLANN: /usr/lib/aarch64-linux-gnu/libflann_cpp.so  
[3.770s] -- FLANN found (include: /usr/include, lib: /usr/lib/aarch64-linux-gnu/libflann_cpp.so)
[3.856s] -- Found GLEW: /usr/lib/aarch64-linux-gnu/libGLEW.so  
[3.871s] -- Found OpenGL: /usr/lib/aarch64-linux-gnu/libOpenGL.so  found components: OpenGL GLX 
[4.188s] -- Found MPI_C: /usr/lib/aarch64-linux-gnu/libmpi.so (found version "3.1") 
[4.188s] -- Found MPI: TRUE (found version "3.1") found components: C 
[4.192s] -- Found JsonCpp: /usr/lib/aarch64-linux-gnu/libjsoncpp.so (found suitable version "1.9.5", minimum required is "0.7.0") 
[4.210s] -- Found ZLIB: /usr/lib/aarch64-linux-gnu/libz.so (found version "1.2.11") 
[4.245s] -- Found PNG: /usr/lib/aarch64-linux-gnu/libpng.so (found version "1.6.37") 
[4.268s] -- Found Eigen3: /usr/include/eigen3 (found version "3.4.0") 
[4.457s] -- Found X11: /usr/include   
[4.457s] -- Looking for XOpenDisplay in /usr/lib/aarch64-linux-gnu/libX11.so;/usr/lib/aarch64-linux-gnu/libXext.so
[4.619s] -- Looking for XOpenDisplay in /usr/lib/aarch64-linux-gnu/libX11.so;/usr/lib/aarch64-linux-gnu/libXext.so - found
[4.620s] -- Looking for gethostbyname
[4.786s] -- Looking for gethostbyname - found
[4.786s] -- Looking for connect
[4.937s] -- Looking for connect - found
[4.938s] -- Looking for remove
[5.109s] -- Looking for remove - found
[5.109s] -- Looking for shmat
[5.265s] -- Looking for shmat - found
[5.275s] -- Looking for IceConnectionNumber in ICE
[5.495s] -- Looking for IceConnectionNumber in ICE - found
[5.692s] -- Found EXPAT: /usr/lib/aarch64-linux-gnu/libexpat.so (found version "2.4.7") 
[5.697s] -- Found double-conversion: /usr/lib/aarch64-linux-gnu/libdouble-conversion.so  
[5.703s] -- Found LZ4: /usr/lib/aarch64-linux-gnu/liblz4.so (found version "1.9.3") 
[5.708s] -- Found LZMA: /usr/lib/aarch64-linux-gnu/liblzma.so (found version "5.2.5") 
[5.736s] -- Found JPEG: /usr/lib/aarch64-linux-gnu/libjpeg.so (found version "80") 
[5.750s] -- Found TIFF: /usr/lib/aarch64-linux-gnu/libtiff.so (found version "4.3.0")  
[5.758s] -- Found Freetype: /usr/lib/aarch64-linux-gnu/libfreetype.so (found version "2.11.1") 
[5.770s] -- Found utf8cpp: /usr/include/utf8cpp  
[6.122s] -- looking for PCL_COMMON
[6.125s] -- Found PCL_COMMON: /usr/lib/aarch64-linux-gnu/libpcl_common.so  
[6.125s] -- looking for PCL_KDTREE
[6.126s] -- Found PCL_KDTREE: /usr/lib/aarch64-linux-gnu/libpcl_kdtree.so  
[6.127s] -- looking for PCL_OCTREE
[6.128s] -- Found PCL_OCTREE: /usr/lib/aarch64-linux-gnu/libpcl_octree.so  
[6.128s] -- looking for PCL_SEARCH
[6.129s] -- Found PCL_SEARCH: /usr/lib/aarch64-linux-gnu/libpcl_search.so  
[6.130s] -- looking for PCL_SAMPLE_CONSENSUS
[6.131s] -- Found PCL_SAMPLE_CONSENSUS: /usr/lib/aarch64-linux-gnu/libpcl_sample_consensus.so  
[6.131s] -- looking for PCL_FILTERS
[6.132s] -- Found PCL_FILTERS: /usr/lib/aarch64-linux-gnu/libpcl_filters.so  
[6.133s] -- looking for PCL_GEOMETRY
[6.133s] -- Found PCL_GEOMETRY: /usr/include/pcl-1.12  
[6.133s] -- looking for PCL_2D
[6.134s] -- Found PCL_2D: /usr/include/pcl-1.12  
[6.134s] -- looking for PCL_FEATURES
[6.135s] -- Found PCL_FEATURES: /usr/lib/aarch64-linux-gnu/libpcl_features.so  
[6.136s] -- looking for PCL_ML
[6.137s] -- Found PCL_ML: /usr/lib/aarch64-linux-gnu/libpcl_ml.so  
[6.137s] -- looking for PCL_SEGMENTATION
[6.139s] -- Found PCL_SEGMENTATION: /usr/lib/aarch64-linux-gnu/libpcl_segmentation.so  
[6.142s] -- Found PCL: pcl_common;pcl_kdtree;pcl_octree;pcl_search;pcl_sample_consensus;pcl_filters;pcl_features;pcl_ml;pcl_segmentation;Boost::system;Boost::filesystem;Boost::date_time;Boost::iostreams;Boost::serialization;VTK::ChartsCore;VTK::CommonColor;VTK::CommonComputationalGeometry;VTK::CommonCore;VTK::CommonDataModel;VTK::CommonExecutionModel;VTK::CommonMath;VTK::CommonMisc;VTK::CommonTransforms;VTK::FiltersCore;VTK::FiltersExtraction;VTK::FiltersGeneral;VTK::FiltersGeometry;VTK::FiltersModeling;VTK::FiltersSources;VTK::ImagingCore;VTK::ImagingSources;VTK::InteractionImage;VTK::InteractionStyle;VTK::InteractionWidgets;VTK::IOCore;VTK::IOGeometry;VTK::IOImage;VTK::IOLegacy;VTK::IOPLY;VTK::RenderingAnnotation;VTK::RenderingCore;VTK::RenderingContext2D;VTK::RenderingLOD;VTK::RenderingFreeType;VTK::ViewsCore;VTK::ViewsContext2D;VTK::RenderingOpenGL2;VTK::GUISupportQt;FLANN::FLANN  
[6.153s] -- Found pcl_conversions: 2.4.5 (/opt/ros/humble/share/pcl_conversions/cmake)
[6.235s] -- Found visualization_msgs: 4.2.4 (/opt/ros/humble/share/visualization_msgs/cmake)
[6.282s] -- Found tf2: 0.25.12 (/opt/ros/humble/share/tf2/cmake)
[6.306s] -- Found tf2_geometry_msgs: 0.25.12 (/opt/ros/humble/share/tf2_geometry_msgs/cmake)
[6.342s] -- Found eigen3_cmake_module: 0.1.1 (/opt/ros/humble/share/eigen3_cmake_module/cmake)
[6.345s] -- Found Eigen3: TRUE (found version "3.4.0") 
[6.345s] -- Ensuring Eigen3 include directory is part of orocos-kdl CMake target
[6.768s] -- Configuring done
[6.840s] -- Generating done
[6.843s] [33mCMake Warning:
[6.844s]   Manually-specified variables were not used by the project:
[6.844s] 
[6.844s]     CATKIN_INSTALL_INTO_PREFIX_ROOT
[6.844s] 
[6.844s] [0m
[6.859s] -- Build files have been written to: /home/nits/ros2_ws/build/flat_area_detector
[6.931s] Invoked command in '/home/nits/ros2_ws/build/flat_area_detector' returned '0': /usr/bin/cmake /home/nits/ros2_ws/src/flat_area_detector -DCATKIN_INSTALL_INTO_PREFIX_ROOT=0 -DCMAKE_INSTALL_PREFIX=/home/nits/ros2_ws/install/flat_area_detector
[6.932s] Invoking command in '/home/nits/ros2_ws/build/flat_area_detector': /usr/bin/cmake --build /home/nits/ros2_ws/build/flat_area_detector -- -j6 -l6
[7.106s] [ 50%] [32mBuilding CXX object CMakeFiles/flat_area_detector.dir/src/flat_area_detector.cpp.o[0m
[54.495s] [100%] [32m[1mLinking CXX executable flat_area_detector[0m
[72.103s] [100%] Built target flat_area_detector
[72.190s] Invoked command in '/home/nits/ros2_ws/build/flat_area_detector' returned '0': /usr/bin/cmake --build /home/nits/ros2_ws/build/flat_area_detector -- -j6 -l6
[72.196s] Invoking command in '/home/nits/ros2_ws/build/flat_area_detector': /usr/bin/cmake --install /home/nits/ros2_ws/build/flat_area_detector
[72.258s] -- Install configuration: ""
[72.259s] -- Installing: /home/nits/ros2_ws/install/flat_area_detector/lib/flat_area_detector/flat_area_detector
[72.269s] -- Set runtime path of "/home/nits/ros2_ws/install/flat_area_detector/lib/flat_area_detector/flat_area_detector" to ""
[72.282s] -- Installing: /home/nits/ros2_ws/install/flat_area_detector/share/ament_index/resource_index/package_run_dependencies/flat_area_detector
[72.282s] -- Installing: /home/nits/ros2_ws/install/flat_area_detector/share/ament_index/resource_index/parent_prefix_path/flat_area_detector
[72.286s] -- Installing: /home/nits/ros2_ws/install/flat_area_detector/share/flat_area_detector/environment/ament_prefix_path.sh
[72.286s] -- Installing: /home/nits/ros2_ws/install/flat_area_detector/share/flat_area_detector/environment/ament_prefix_path.dsv
[72.287s] -- Installing: /home/nits/ros2_ws/install/flat_area_detector/share/flat_area_detector/environment/path.sh
[72.287s] -- Installing: /home/nits/ros2_ws/install/flat_area_detector/share/flat_area_detector/environment/path.dsv
[72.291s] -- Installing: /home/nits/ros2_ws/install/flat_area_detector/share/flat_area_detector/local_setup.bash
[72.291s] -- Installing: /home/nits/ros2_ws/install/flat_area_detector/share/flat_area_detector/local_setup.sh
[72.291s] -- Installing: /home/nits/ros2_ws/install/flat_area_detector/share/flat_area_detector/local_setup.zsh
[72.291s] -- Installing: /home/nits/ros2_ws/install/flat_area_detector/share/flat_area_detector/local_setup.dsv
[72.292s] -- Installing: /home/nits/ros2_ws/install/flat_area_detector/share/flat_area_detector/package.dsv
[72.292s] -- Installing: /home/nits/ros2_ws/install/flat_area_detector/share/ament_index/resource_index/packages/flat_area_detector
[72.295s] -- Installing: /home/nits/ros2_ws/install/flat_area_detector/share/flat_area_detector/cmake/flat_area_detectorConfig.cmake
[72.295s] -- Installing: /home/nits/ros2_ws/install/flat_area_detector/share/flat_area_detector/cmake/flat_area_detectorConfig-version.cmake
[72.296s] -- Installing: /home/nits/ros2_ws/install/flat_area_detector/share/flat_area_detector/package.xml
[72.306s] Invoked command in '/home/nits/ros2_ws/build/flat_area_detector' returned '0': /usr/bin/cmake --install /home/nits/ros2_ws/build/flat_area_detector
