[0.027s] Invoking command in '/home/nits/ros2_ws/build/landing_area_detector': CMAKE_PREFIX_PATH=/home/nits/ros2_ws/install/realsense2_description:/home/nits/ros2_ws/install/realsense2_camera:/home/nits/ros2_ws/install/realsense2_camera_msgs:/home/nits/ros2_ws/install/landing_area_detector:/opt/ros/humble:/home/nits/ros2_ws/install/flat_area_detector /usr/bin/cmake --build /home/nits/ros2_ws/build/landing_area_detector -- -j6 -l6
[0.146s] [35m[1mConsolidate compiler generated dependencies of target flat_area_detector[0m
[0.213s] [ 50%] [32mBuilding CXX object CMakeFiles/flat_area_detector.dir/src/flat_area_detector.cpp.o[0m
[13.572s] [01m[K/home/nits/ros2_ws/src/landing_area_detector/src/flat_area_detector.cpp:[m[K In member function ‘[01m[Kvoid FlatAreaDetector::pointCloudCallback(sensor_msgs::msg::PointCloud2_<std::allocator<void> >::SharedPtr)[m[K’:
[13.572s] [01m[K/home/nits/ros2_ws/src/landing_area_detector/src/flat_area_detector.cpp:143:33:[m[K [01;31m[Kerror: [m[Kno match for ‘[01m[Koperator=[m[K’ (operand types are ‘[01m[Kstd::vector<pcl::PointXYZ, Eigen::aligned_allocator<pcl::PointXYZ> >[m[K’ and ‘[01m[Kstd::vector<pcl::PointXYZ>[m[K’)
[13.572s]   143 |         landing_cloud->points = [01;31m[Klanding_points_[m[K;
[13.573s]       |                                 [01;31m[K^~~~~~~~~~~~~~~[m[K
[13.573s] In file included from [01m[K/usr/include/c++/11/vector:72[m[K,
[13.573s]                  from [01m[K/usr/include/c++/11/functional:62[m[K,
[13.574s]                  from [01m[K/usr/include/c++/11/pstl/glue_algorithm_defs.h:13[m[K,
[13.574s]                  from [01m[K/usr/include/c++/11/algorithm:74[m[K,
[13.574s]                  from [01m[K/opt/ros/humble/include/rclcpp/rclcpp/executor.hpp:18[m[K,
[13.575s]                  from [01m[K/opt/ros/humble/include/rclcpp/rclcpp/executors/multi_threaded_executor.hpp:25[m[K,
[13.575s]                  from [01m[K/opt/ros/humble/include/rclcpp/rclcpp/executors.hpp:21[m[K,
[13.575s]                  from [01m[K/opt/ros/humble/include/rclcpp/rclcpp/rclcpp.hpp:155[m[K,
[13.575s]                  from [01m[K/home/nits/ros2_ws/src/landing_area_detector/src/flat_area_detector.cpp:1[m[K:
[13.576s] [01m[K/usr/include/c++/11/bits/vector.tcc:198:5:[m[K [01;36m[Knote: [m[Kcandidate: ‘[01m[Kstd::vector<_Tp, _Alloc>& std::vector<_Tp, _Alloc>::operator=(const std::vector<_Tp, _Alloc>&) [with _Tp = pcl::PointXYZ; _Alloc = Eigen::aligned_allocator<pcl::PointXYZ>][m[K’
[13.576s]   198 |     [01;36m[Kvector<_Tp, _Alloc>[m[K::
[13.576s]       |     [01;36m[K^~~~~~~~~~~~~~~~~~~[m[K
[13.576s] [01m[K/usr/include/c++/11/bits/vector.tcc:199:42:[m[K [01;36m[Knote: [m[K  no known conversion for argument 1 from ‘[01m[Kstd::vector<pcl::PointXYZ>[m[K’ to ‘[01m[Kconst std::vector<pcl::PointXYZ, Eigen::aligned_allocator<pcl::PointXYZ> >&[m[K’
[13.577s]   199 |     operator=([01;36m[Kconst vector<_Tp, _Alloc>& __x[m[K)
[13.577s]       |               [01;36m[K~~~~~~~~~~~~~~~~~~~~~~~~~~~^~~[m[K
[13.577s] In file included from [01m[K/usr/include/c++/11/vector:67[m[K,
[13.577s]                  from [01m[K/usr/include/c++/11/functional:62[m[K,
[13.577s]                  from [01m[K/usr/include/c++/11/pstl/glue_algorithm_defs.h:13[m[K,
[13.578s]                  from [01m[K/usr/include/c++/11/algorithm:74[m[K,
[13.578s]                  from [01m[K/opt/ros/humble/include/rclcpp/rclcpp/executor.hpp:18[m[K,
[13.578s]                  from [01m[K/opt/ros/humble/include/rclcpp/rclcpp/executors/multi_threaded_executor.hpp:25[m[K,
[13.578s]                  from [01m[K/opt/ros/humble/include/rclcpp/rclcpp/executors.hpp:21[m[K,
[13.579s]                  from [01m[K/opt/ros/humble/include/rclcpp/rclcpp/rclcpp.hpp:155[m[K,
[13.579s]                  from [01m[K/home/nits/ros2_ws/src/landing_area_detector/src/flat_area_detector.cpp:1[m[K:
[13.579s] [01m[K/usr/include/c++/11/bits/stl_vector.h:709:7:[m[K [01;36m[Knote: [m[Kcandidate: ‘[01m[Kstd::vector<_Tp, _Alloc>& std::vector<_Tp, _Alloc>::operator=(std::vector<_Tp, _Alloc>&&) [with _Tp = pcl::PointXYZ; _Alloc = Eigen::aligned_allocator<pcl::PointXYZ>][m[K’
[13.579s]   709 |       [01;36m[Koperator[m[K=(vector&& __x) noexcept(_Alloc_traits::_S_nothrow_move())
[13.580s]       |       [01;36m[K^~~~~~~~[m[K
[13.580s] [01m[K/usr/include/c++/11/bits/stl_vector.h:709:26:[m[K [01;36m[Knote: [m[K  no known conversion for argument 1 from ‘[01m[Kstd::vector<pcl::PointXYZ>[m[K’ to ‘[01m[Kstd::vector<pcl::PointXYZ, Eigen::aligned_allocator<pcl::PointXYZ> >&&[m[K’
[13.580s]   709 |       operator=([01;36m[Kvector&& __x[m[K) noexcept(_Alloc_traits::_S_nothrow_move())
[13.580s]       |                 [01;36m[K~~~~~~~~~^~~[m[K
[13.581s] [01m[K/usr/include/c++/11/bits/stl_vector.h:730:7:[m[K [01;36m[Knote: [m[Kcandidate: ‘[01m[Kstd::vector<_Tp, _Alloc>& std::vector<_Tp, _Alloc>::operator=(std::initializer_list<_Tp>) [with _Tp = pcl::PointXYZ; _Alloc = Eigen::aligned_allocator<pcl::PointXYZ>][m[K’
[13.581s]   730 |       [01;36m[Koperator[m[K=(initializer_list<value_type> __l)
[13.581s]       |       [01;36m[K^~~~~~~~[m[K
[13.581s] [01m[K/usr/include/c++/11/bits/stl_vector.h:730:46:[m[K [01;36m[Knote: [m[K  no known conversion for argument 1 from ‘[01m[Kstd::vector<pcl::PointXYZ>[m[K’ to ‘[01m[Kstd::initializer_list<pcl::PointXYZ>[m[K’
[13.582s]   730 |       operator=([01;36m[Kinitializer_list<value_type> __l[m[K)
[13.582s]       |                 [01;36m[K~~~~~~~~~~~~~~~~~~~~~~~~~~~~~^~~[m[K
[23.338s] gmake[2]: *** [CMakeFiles/flat_area_detector.dir/build.make:76: CMakeFiles/flat_area_detector.dir/src/flat_area_detector.cpp.o] Error 1
[23.339s] gmake[1]: *** [CMakeFiles/Makefile2:137: CMakeFiles/flat_area_detector.dir/all] Error 2
[23.339s] gmake: *** [Makefile:146: all] Error 2
[23.347s] Invoked command in '/home/nits/ros2_ws/build/landing_area_detector' returned '2': CMAKE_PREFIX_PATH=/home/nits/ros2_ws/install/realsense2_description:/home/nits/ros2_ws/install/realsense2_camera:/home/nits/ros2_ws/install/realsense2_camera_msgs:/home/nits/ros2_ws/install/landing_area_detector:/opt/ros/humble:/home/nits/ros2_ws/install/flat_area_detector /usr/bin/cmake --build /home/nits/ros2_ws/build/landing_area_detector -- -j6 -l6
