[0.347s] DEBUG:colcon:Command line arguments: ['/usr/bin/colcon', 'build', '--packages-select', 'drone_vio_cpp']
[0.347s] DEBUG:colcon:Parsed command line arguments: Namespace(log_base=None, log_level=None, verb_name='build', build_base='build', install_base='install', merge_install=False, symlink_install=False, test_result_base=None, continue_on_error=False, executor='parallel', parallel_workers=6, event_handlers=None, ignore_user_meta=False, metas=['./colcon.meta'], base_paths=['.'], packages_ignore=None, packages_ignore_regex=None, paths=None, packages_up_to=None, packages_up_to_regex=None, packages_above=None, packages_above_and_dependencies=None, packages_above_depth=None, packages_select_by_dep=None, packages_skip_by_dep=None, packages_skip_up_to=None, packages_select_build_failed=False, packages_skip_build_finished=False, packages_select_test_failures=False, packages_skip_test_passed=False, packages_select=['drone_vio_cpp'], packages_skip=None, packages_select_regex=None, packages_skip_regex=None, packages_start=None, packages_end=None, allow_overriding=[], cmake_args=None, cmake_target=None, cmake_target_skip_unavailable=False, cmake_clean_cache=False, cmake_clean_first=False, cmake_force_configure=False, ament_cmake_args=None, catkin_cmake_args=None, catkin_skip_building_tests=False, mixin_files=None, mixin=None, verb_parser=<colcon_mixin.mixin.mixin_argument.MixinArgumentDecorator object at 0xffff89cd4400>, verb_extension=<colcon_core.verb.build.BuildVerb object at 0xffff89e8d960>, main=<bound method BuildVerb.main of <colcon_core.verb.build.BuildVerb object at 0xffff89e8d960>>, mixin_verb=('build',))
[0.455s] Level 1:colcon.colcon_core.package_discovery:discover_packages(colcon_meta) check parameters
[0.456s] Level 1:colcon.colcon_core.package_discovery:discover_packages(recursive) check parameters
[0.456s] Level 1:colcon.colcon_core.package_discovery:discover_packages(ignore) check parameters
[0.456s] Level 1:colcon.colcon_core.package_discovery:discover_packages(path) check parameters
[0.456s] Level 1:colcon.colcon_core.package_discovery:discover_packages(colcon_meta) discover
[0.456s] Level 1:colcon.colcon_core.package_discovery:discover_packages(recursive) discover
[0.456s] INFO:colcon.colcon_core.package_discovery:Crawling recursively for packages in '/home/nits/ros2_ws/src'
[0.457s] Level 1:colcon.colcon_core.package_identification:_identify(.) by extensions ['ignore', 'ignore_ament_install']
[0.457s] Level 1:colcon.colcon_core.package_identification:_identify(.) by extension 'ignore'
[0.457s] Level 1:colcon.colcon_core.package_identification:_identify(.) by extension 'ignore_ament_install'
[0.457s] Level 1:colcon.colcon_core.package_identification:_identify(.) by extensions ['colcon_pkg']
[0.457s] Level 1:colcon.colcon_core.package_identification:_identify(.) by extension 'colcon_pkg'
[0.457s] Level 1:colcon.colcon_core.package_identification:_identify(.) by extensions ['colcon_meta']
[0.457s] Level 1:colcon.colcon_core.package_identification:_identify(.) by extension 'colcon_meta'
[0.458s] Level 1:colcon.colcon_core.package_identification:_identify(.) by extensions ['ros']
[0.458s] Level 1:colcon.colcon_core.package_identification:_identify(.) by extension 'ros'
[0.496s] Level 1:colcon.colcon_core.package_identification:_identify(.) by extensions ['cmake', 'python']
[0.497s] Level 1:colcon.colcon_core.package_identification:_identify(.) by extension 'cmake'
[0.497s] Level 1:colcon.colcon_core.package_identification:_identify(.) by extension 'python'
[0.497s] Level 1:colcon.colcon_core.package_identification:_identify(.) by extensions ['python_setup_py']
[0.497s] Level 1:colcon.colcon_core.package_identification:_identify(.) by extension 'python_setup_py'
[0.498s] Level 1:colcon.colcon_core.package_identification:_identify(boundary_mapper) by extensions ['ignore', 'ignore_ament_install']
[0.498s] Level 1:colcon.colcon_core.package_identification:_identify(boundary_mapper) by extension 'ignore'
[0.498s] Level 1:colcon.colcon_core.package_identification:_identify(boundary_mapper) by extension 'ignore_ament_install'
[0.498s] Level 1:colcon.colcon_core.package_identification:_identify(boundary_mapper) by extensions ['colcon_pkg']
[0.499s] Level 1:colcon.colcon_core.package_identification:_identify(boundary_mapper) by extension 'colcon_pkg'
[0.499s] Level 1:colcon.colcon_core.package_identification:_identify(boundary_mapper) by extensions ['colcon_meta']
[0.499s] Level 1:colcon.colcon_core.package_identification:_identify(boundary_mapper) by extension 'colcon_meta'
[0.499s] Level 1:colcon.colcon_core.package_identification:_identify(boundary_mapper) by extensions ['ros']
[0.499s] Level 1:colcon.colcon_core.package_identification:_identify(boundary_mapper) by extension 'ros'
[0.507s] DEBUG:colcon.colcon_core.package_identification:Package 'boundary_mapper' with type 'ros.ament_cmake' and name 'boundary_mapper'
[0.508s] Level 1:colcon.colcon_core.package_identification:_identify(build) by extensions ['ignore', 'ignore_ament_install']
[0.508s] Level 1:colcon.colcon_core.package_identification:_identify(build) by extension 'ignore'
[0.508s] Level 1:colcon.colcon_core.package_identification:_identify(build) ignored
[0.509s] Level 1:colcon.colcon_core.package_identification:_identify(drone_takeoff) by extensions ['ignore', 'ignore_ament_install']
[0.509s] Level 1:colcon.colcon_core.package_identification:_identify(drone_takeoff) by extension 'ignore'
[0.509s] Level 1:colcon.colcon_core.package_identification:_identify(drone_takeoff) by extension 'ignore_ament_install'
[0.509s] Level 1:colcon.colcon_core.package_identification:_identify(drone_takeoff) by extensions ['colcon_pkg']
[0.509s] Level 1:colcon.colcon_core.package_identification:_identify(drone_takeoff) by extension 'colcon_pkg'
[0.509s] Level 1:colcon.colcon_core.package_identification:_identify(drone_takeoff) by extensions ['colcon_meta']
[0.509s] Level 1:colcon.colcon_core.package_identification:_identify(drone_takeoff) by extension 'colcon_meta'
[0.509s] Level 1:colcon.colcon_core.package_identification:_identify(drone_takeoff) by extensions ['ros']
[0.509s] Level 1:colcon.colcon_core.package_identification:_identify(drone_takeoff) by extension 'ros'
[0.511s] DEBUG:colcon.colcon_core.package_identification:Package 'drone_takeoff' with type 'ros.ament_python' and name 'drone_takeoff'
[0.512s] Level 1:colcon.colcon_core.package_identification:_identify(drone_vio_cpp) by extensions ['ignore', 'ignore_ament_install']
[0.512s] Level 1:colcon.colcon_core.package_identification:_identify(drone_vio_cpp) by extension 'ignore'
[0.512s] Level 1:colcon.colcon_core.package_identification:_identify(drone_vio_cpp) by extension 'ignore_ament_install'
[0.512s] Level 1:colcon.colcon_core.package_identification:_identify(drone_vio_cpp) by extensions ['colcon_pkg']
[0.512s] Level 1:colcon.colcon_core.package_identification:_identify(drone_vio_cpp) by extension 'colcon_pkg'
[0.512s] Level 1:colcon.colcon_core.package_identification:_identify(drone_vio_cpp) by extensions ['colcon_meta']
[0.512s] Level 1:colcon.colcon_core.package_identification:_identify(drone_vio_cpp) by extension 'colcon_meta'
[0.512s] Level 1:colcon.colcon_core.package_identification:_identify(drone_vio_cpp) by extensions ['ros']
[0.512s] Level 1:colcon.colcon_core.package_identification:_identify(drone_vio_cpp) by extension 'ros'
[0.514s] DEBUG:colcon.colcon_core.package_identification:Package 'drone_vio_cpp' with type 'ros.ament_cmake' and name 'drone_vio_cpp'
[0.514s] Level 1:colcon.colcon_core.package_identification:_identify(drone_vio_py) by extensions ['ignore', 'ignore_ament_install']
[0.514s] Level 1:colcon.colcon_core.package_identification:_identify(drone_vio_py) by extension 'ignore'
[0.515s] Level 1:colcon.colcon_core.package_identification:_identify(drone_vio_py) by extension 'ignore_ament_install'
[0.515s] Level 1:colcon.colcon_core.package_identification:_identify(drone_vio_py) by extensions ['colcon_pkg']
[0.515s] Level 1:colcon.colcon_core.package_identification:_identify(drone_vio_py) by extension 'colcon_pkg'
[0.515s] Level 1:colcon.colcon_core.package_identification:_identify(drone_vio_py) by extensions ['colcon_meta']
[0.515s] Level 1:colcon.colcon_core.package_identification:_identify(drone_vio_py) by extension 'colcon_meta'
[0.515s] Level 1:colcon.colcon_core.package_identification:_identify(drone_vio_py) by extensions ['ros']
[0.515s] Level 1:colcon.colcon_core.package_identification:_identify(drone_vio_py) by extension 'ros'
[0.516s] DEBUG:colcon.colcon_core.package_identification:Package 'drone_vio_py' with type 'ros.ament_python' and name 'drone_vio_py'
[0.517s] Level 1:colcon.colcon_core.package_identification:_identify(install) by extensions ['ignore', 'ignore_ament_install']
[0.517s] Level 1:colcon.colcon_core.package_identification:_identify(install) by extension 'ignore'
[0.517s] Level 1:colcon.colcon_core.package_identification:_identify(install) ignored
[0.517s] Level 1:colcon.colcon_core.package_identification:_identify(landing_area_detector) by extensions ['ignore', 'ignore_ament_install']
[0.517s] Level 1:colcon.colcon_core.package_identification:_identify(landing_area_detector) by extension 'ignore'
[0.518s] Level 1:colcon.colcon_core.package_identification:_identify(landing_area_detector) by extension 'ignore_ament_install'
[0.518s] Level 1:colcon.colcon_core.package_identification:_identify(landing_area_detector) by extensions ['colcon_pkg']
[0.518s] Level 1:colcon.colcon_core.package_identification:_identify(landing_area_detector) by extension 'colcon_pkg'
[0.518s] Level 1:colcon.colcon_core.package_identification:_identify(landing_area_detector) by extensions ['colcon_meta']
[0.518s] Level 1:colcon.colcon_core.package_identification:_identify(landing_area_detector) by extension 'colcon_meta'
[0.518s] Level 1:colcon.colcon_core.package_identification:_identify(landing_area_detector) by extensions ['ros']
[0.518s] Level 1:colcon.colcon_core.package_identification:_identify(landing_area_detector) by extension 'ros'
[0.520s] DEBUG:colcon.colcon_core.package_identification:Package 'landing_area_detector' with type 'ros.ament_cmake' and name 'landing_area_detector'
[0.520s] Level 1:colcon.colcon_core.package_identification:_identify(local_zeroing_pkg) by extensions ['ignore', 'ignore_ament_install']
[0.520s] Level 1:colcon.colcon_core.package_identification:_identify(local_zeroing_pkg) by extension 'ignore'
[0.520s] Level 1:colcon.colcon_core.package_identification:_identify(local_zeroing_pkg) by extension 'ignore_ament_install'
[0.520s] Level 1:colcon.colcon_core.package_identification:_identify(local_zeroing_pkg) by extensions ['colcon_pkg']
[0.521s] Level 1:colcon.colcon_core.package_identification:_identify(local_zeroing_pkg) by extension 'colcon_pkg'
[0.521s] Level 1:colcon.colcon_core.package_identification:_identify(local_zeroing_pkg) by extensions ['colcon_meta']
[0.521s] Level 1:colcon.colcon_core.package_identification:_identify(local_zeroing_pkg) by extension 'colcon_meta'
[0.521s] Level 1:colcon.colcon_core.package_identification:_identify(local_zeroing_pkg) by extensions ['ros']
[0.521s] Level 1:colcon.colcon_core.package_identification:_identify(local_zeroing_pkg) by extension 'ros'
[0.522s] DEBUG:colcon.colcon_core.package_identification:Package 'local_zeroing_pkg' with type 'ros.ament_cmake' and name 'local_zeroing_pkg'
[0.523s] Level 1:colcon.colcon_core.package_identification:_identify(log) by extensions ['ignore', 'ignore_ament_install']
[0.523s] Level 1:colcon.colcon_core.package_identification:_identify(log) by extension 'ignore'
[0.523s] Level 1:colcon.colcon_core.package_identification:_identify(log) ignored
[0.523s] Level 1:colcon.colcon_core.package_identification:_identify(mavros_takeoff) by extensions ['ignore', 'ignore_ament_install']
[0.524s] Level 1:colcon.colcon_core.package_identification:_identify(mavros_takeoff) by extension 'ignore'
[0.524s] Level 1:colcon.colcon_core.package_identification:_identify(mavros_takeoff) by extension 'ignore_ament_install'
[0.524s] Level 1:colcon.colcon_core.package_identification:_identify(mavros_takeoff) by extensions ['colcon_pkg']
[0.524s] Level 1:colcon.colcon_core.package_identification:_identify(mavros_takeoff) by extension 'colcon_pkg'
[0.524s] Level 1:colcon.colcon_core.package_identification:_identify(mavros_takeoff) by extensions ['colcon_meta']
[0.524s] Level 1:colcon.colcon_core.package_identification:_identify(mavros_takeoff) by extension 'colcon_meta'
[0.525s] Level 1:colcon.colcon_core.package_identification:_identify(mavros_takeoff) by extensions ['ros']
[0.525s] Level 1:colcon.colcon_core.package_identification:_identify(mavros_takeoff) by extension 'ros'
[0.526s] DEBUG:colcon.colcon_core.package_identification:Package 'mavros_takeoff' with type 'ros.ament_python' and name 'mavros_takeoff'
[0.527s] Level 1:colcon.colcon_core.package_identification:_identify(my_mavros_subscriber) by extensions ['ignore', 'ignore_ament_install']
[0.527s] Level 1:colcon.colcon_core.package_identification:_identify(my_mavros_subscriber) by extension 'ignore'
[0.527s] Level 1:colcon.colcon_core.package_identification:_identify(my_mavros_subscriber) by extension 'ignore_ament_install'
[0.527s] Level 1:colcon.colcon_core.package_identification:_identify(my_mavros_subscriber) by extensions ['colcon_pkg']
[0.527s] Level 1:colcon.colcon_core.package_identification:_identify(my_mavros_subscriber) by extension 'colcon_pkg'
[0.527s] Level 1:colcon.colcon_core.package_identification:_identify(my_mavros_subscriber) by extensions ['colcon_meta']
[0.527s] Level 1:colcon.colcon_core.package_identification:_identify(my_mavros_subscriber) by extension 'colcon_meta'
[0.527s] Level 1:colcon.colcon_core.package_identification:_identify(my_mavros_subscriber) by extensions ['ros']
[0.527s] Level 1:colcon.colcon_core.package_identification:_identify(my_mavros_subscriber) by extension 'ros'
[0.529s] DEBUG:colcon.colcon_core.package_identification:Package 'my_mavros_subscriber' with type 'ros.ament_python' and name 'my_mavros_subscriber'
[0.530s] Level 1:colcon.colcon_core.package_identification:_identify(my_package) by extensions ['ignore', 'ignore_ament_install']
[0.530s] Level 1:colcon.colcon_core.package_identification:_identify(my_package) by extension 'ignore'
[0.530s] Level 1:colcon.colcon_core.package_identification:_identify(my_package) by extension 'ignore_ament_install'
[0.530s] Level 1:colcon.colcon_core.package_identification:_identify(my_package) by extensions ['colcon_pkg']
[0.530s] Level 1:colcon.colcon_core.package_identification:_identify(my_package) by extension 'colcon_pkg'
[0.530s] Level 1:colcon.colcon_core.package_identification:_identify(my_package) by extensions ['colcon_meta']
[0.531s] Level 1:colcon.colcon_core.package_identification:_identify(my_package) by extension 'colcon_meta'
[0.531s] Level 1:colcon.colcon_core.package_identification:_identify(my_package) by extensions ['ros']
[0.531s] Level 1:colcon.colcon_core.package_identification:_identify(my_package) by extension 'ros'
[0.533s] DEBUG:colcon.colcon_core.package_identification:Package 'my_package' with type 'ros.ament_python' and name 'my_package'
[0.533s] Level 1:colcon.colcon_core.package_identification:_identify(new_takeoff_node) by extensions ['ignore', 'ignore_ament_install']
[0.534s] Level 1:colcon.colcon_core.package_identification:_identify(new_takeoff_node) by extension 'ignore'
[0.534s] Level 1:colcon.colcon_core.package_identification:_identify(new_takeoff_node) by extension 'ignore_ament_install'
[0.534s] Level 1:colcon.colcon_core.package_identification:_identify(new_takeoff_node) by extensions ['colcon_pkg']
[0.534s] Level 1:colcon.colcon_core.package_identification:_identify(new_takeoff_node) by extension 'colcon_pkg'
[0.534s] Level 1:colcon.colcon_core.package_identification:_identify(new_takeoff_node) by extensions ['colcon_meta']
[0.534s] Level 1:colcon.colcon_core.package_identification:_identify(new_takeoff_node) by extension 'colcon_meta'
[0.534s] Level 1:colcon.colcon_core.package_identification:_identify(new_takeoff_node) by extensions ['ros']
[0.534s] Level 1:colcon.colcon_core.package_identification:_identify(new_takeoff_node) by extension 'ros'
[0.536s] DEBUG:colcon.colcon_core.package_identification:Package 'new_takeoff_node' with type 'ros.ament_python' and name 'new_takeoff_node'
[0.537s] Level 1:colcon.colcon_core.package_identification:_identify(realsense-ros) by extensions ['ignore', 'ignore_ament_install']
[0.537s] Level 1:colcon.colcon_core.package_identification:_identify(realsense-ros) by extension 'ignore'
[0.537s] Level 1:colcon.colcon_core.package_identification:_identify(realsense-ros) by extension 'ignore_ament_install'
[0.538s] Level 1:colcon.colcon_core.package_identification:_identify(realsense-ros) by extensions ['colcon_pkg']
[0.538s] Level 1:colcon.colcon_core.package_identification:_identify(realsense-ros) by extension 'colcon_pkg'
[0.538s] Level 1:colcon.colcon_core.package_identification:_identify(realsense-ros) by extensions ['colcon_meta']
[0.538s] Level 1:colcon.colcon_core.package_identification:_identify(realsense-ros) by extension 'colcon_meta'
[0.538s] Level 1:colcon.colcon_core.package_identification:_identify(realsense-ros) by extensions ['ros']
[0.538s] Level 1:colcon.colcon_core.package_identification:_identify(realsense-ros) by extension 'ros'
[0.538s] Level 1:colcon.colcon_core.package_identification:_identify(realsense-ros) by extensions ['cmake', 'python']
[0.538s] Level 1:colcon.colcon_core.package_identification:_identify(realsense-ros) by extension 'cmake'
[0.539s] Level 1:colcon.colcon_core.package_identification:_identify(realsense-ros) by extension 'python'
[0.539s] Level 1:colcon.colcon_core.package_identification:_identify(realsense-ros) by extensions ['python_setup_py']
[0.539s] Level 1:colcon.colcon_core.package_identification:_identify(realsense-ros) by extension 'python_setup_py'
[0.539s] Level 1:colcon.colcon_core.package_identification:_identify(realsense-ros/realsense2_camera) by extensions ['ignore', 'ignore_ament_install']
[0.539s] Level 1:colcon.colcon_core.package_identification:_identify(realsense-ros/realsense2_camera) by extension 'ignore'
[0.539s] Level 1:colcon.colcon_core.package_identification:_identify(realsense-ros/realsense2_camera) by extension 'ignore_ament_install'
[0.539s] Level 1:colcon.colcon_core.package_identification:_identify(realsense-ros/realsense2_camera) by extensions ['colcon_pkg']
[0.540s] Level 1:colcon.colcon_core.package_identification:_identify(realsense-ros/realsense2_camera) by extension 'colcon_pkg'
[0.540s] Level 1:colcon.colcon_core.package_identification:_identify(realsense-ros/realsense2_camera) by extensions ['colcon_meta']
[0.540s] Level 1:colcon.colcon_core.package_identification:_identify(realsense-ros/realsense2_camera) by extension 'colcon_meta'
[0.540s] Level 1:colcon.colcon_core.package_identification:_identify(realsense-ros/realsense2_camera) by extensions ['ros']
[0.540s] Level 1:colcon.colcon_core.package_identification:_identify(realsense-ros/realsense2_camera) by extension 'ros'
[0.554s] DEBUG:colcon.colcon_core.package_identification:Package 'realsense-ros/realsense2_camera' with type 'ros.ament_cmake' and name 'realsense2_camera'
[0.554s] Level 1:colcon.colcon_core.package_identification:_identify(realsense-ros/realsense2_camera_msgs) by extensions ['ignore', 'ignore_ament_install']
[0.554s] Level 1:colcon.colcon_core.package_identification:_identify(realsense-ros/realsense2_camera_msgs) by extension 'ignore'
[0.555s] Level 1:colcon.colcon_core.package_identification:_identify(realsense-ros/realsense2_camera_msgs) by extension 'ignore_ament_install'
[0.555s] Level 1:colcon.colcon_core.package_identification:_identify(realsense-ros/realsense2_camera_msgs) by extensions ['colcon_pkg']
[0.555s] Level 1:colcon.colcon_core.package_identification:_identify(realsense-ros/realsense2_camera_msgs) by extension 'colcon_pkg'
[0.555s] Level 1:colcon.colcon_core.package_identification:_identify(realsense-ros/realsense2_camera_msgs) by extensions ['colcon_meta']
[0.555s] Level 1:colcon.colcon_core.package_identification:_identify(realsense-ros/realsense2_camera_msgs) by extension 'colcon_meta'
[0.555s] Level 1:colcon.colcon_core.package_identification:_identify(realsense-ros/realsense2_camera_msgs) by extensions ['ros']
[0.555s] Level 1:colcon.colcon_core.package_identification:_identify(realsense-ros/realsense2_camera_msgs) by extension 'ros'
[0.557s] DEBUG:colcon.colcon_core.package_identification:Package 'realsense-ros/realsense2_camera_msgs' with type 'ros.ament_cmake' and name 'realsense2_camera_msgs'
[0.557s] Level 1:colcon.colcon_core.package_identification:_identify(realsense-ros/realsense2_description) by extensions ['ignore', 'ignore_ament_install']
[0.557s] Level 1:colcon.colcon_core.package_identification:_identify(realsense-ros/realsense2_description) by extension 'ignore'
[0.558s] Level 1:colcon.colcon_core.package_identification:_identify(realsense-ros/realsense2_description) by extension 'ignore_ament_install'
[0.558s] Level 1:colcon.colcon_core.package_identification:_identify(realsense-ros/realsense2_description) by extensions ['colcon_pkg']
[0.558s] Level 1:colcon.colcon_core.package_identification:_identify(realsense-ros/realsense2_description) by extension 'colcon_pkg'
[0.558s] Level 1:colcon.colcon_core.package_identification:_identify(realsense-ros/realsense2_description) by extensions ['colcon_meta']
[0.558s] Level 1:colcon.colcon_core.package_identification:_identify(realsense-ros/realsense2_description) by extension 'colcon_meta'
[0.558s] Level 1:colcon.colcon_core.package_identification:_identify(realsense-ros/realsense2_description) by extensions ['ros']
[0.558s] Level 1:colcon.colcon_core.package_identification:_identify(realsense-ros/realsense2_description) by extension 'ros'
[0.560s] DEBUG:colcon.colcon_core.package_identification:Package 'realsense-ros/realsense2_description' with type 'ros.ament_cmake' and name 'realsense2_description'
[0.561s] Level 1:colcon.colcon_core.package_identification:_identify(realsense-ros/scripts) by extensions ['ignore', 'ignore_ament_install']
[0.561s] Level 1:colcon.colcon_core.package_identification:_identify(realsense-ros/scripts) by extension 'ignore'
[0.561s] Level 1:colcon.colcon_core.package_identification:_identify(realsense-ros/scripts) by extension 'ignore_ament_install'
[0.561s] Level 1:colcon.colcon_core.package_identification:_identify(realsense-ros/scripts) by extensions ['colcon_pkg']
[0.561s] Level 1:colcon.colcon_core.package_identification:_identify(realsense-ros/scripts) by extension 'colcon_pkg'
[0.561s] Level 1:colcon.colcon_core.package_identification:_identify(realsense-ros/scripts) by extensions ['colcon_meta']
[0.562s] Level 1:colcon.colcon_core.package_identification:_identify(realsense-ros/scripts) by extension 'colcon_meta'
[0.562s] Level 1:colcon.colcon_core.package_identification:_identify(realsense-ros/scripts) by extensions ['ros']
[0.562s] Level 1:colcon.colcon_core.package_identification:_identify(realsense-ros/scripts) by extension 'ros'
[0.562s] Level 1:colcon.colcon_core.package_identification:_identify(realsense-ros/scripts) by extensions ['cmake', 'python']
[0.562s] Level 1:colcon.colcon_core.package_identification:_identify(realsense-ros/scripts) by extension 'cmake'
[0.562s] Level 1:colcon.colcon_core.package_identification:_identify(realsense-ros/scripts) by extension 'python'
[0.562s] Level 1:colcon.colcon_core.package_identification:_identify(realsense-ros/scripts) by extensions ['python_setup_py']
[0.562s] Level 1:colcon.colcon_core.package_identification:_identify(realsense-ros/scripts) by extension 'python_setup_py'
[0.563s] Level 1:colcon.colcon_core.package_identification:_identify(vision_to_local_pose) by extensions ['ignore', 'ignore_ament_install']
[0.563s] Level 1:colcon.colcon_core.package_identification:_identify(vision_to_local_pose) by extension 'ignore'
[0.563s] Level 1:colcon.colcon_core.package_identification:_identify(vision_to_local_pose) by extension 'ignore_ament_install'
[0.563s] Level 1:colcon.colcon_core.package_identification:_identify(vision_to_local_pose) by extensions ['colcon_pkg']
[0.564s] Level 1:colcon.colcon_core.package_identification:_identify(vision_to_local_pose) by extension 'colcon_pkg'
[0.564s] Level 1:colcon.colcon_core.package_identification:_identify(vision_to_local_pose) by extensions ['colcon_meta']
[0.564s] Level 1:colcon.colcon_core.package_identification:_identify(vision_to_local_pose) by extension 'colcon_meta'
[0.564s] Level 1:colcon.colcon_core.package_identification:_identify(vision_to_local_pose) by extensions ['ros']
[0.564s] Level 1:colcon.colcon_core.package_identification:_identify(vision_to_local_pose) by extension 'ros'
[0.566s] DEBUG:colcon.colcon_core.package_identification:Package 'vision_to_local_pose' with type 'ros.ament_python' and name 'vision_to_local_pose'
[0.566s] Level 1:colcon.colcon_core.package_discovery:discover_packages(recursive) using defaults
[0.566s] Level 1:colcon.colcon_core.package_discovery:discover_packages(ignore) discover
[0.567s] Level 1:colcon.colcon_core.package_discovery:discover_packages(ignore) using defaults
[0.567s] Level 1:colcon.colcon_core.package_discovery:discover_packages(path) discover
[0.567s] Level 1:colcon.colcon_core.package_discovery:discover_packages(path) using defaults
[0.622s] INFO:colcon.colcon_core.package_selection:Skipping not selected package 'boundary_mapper' in 'boundary_mapper'
[0.622s] INFO:colcon.colcon_core.package_selection:Skipping not selected package 'drone_takeoff' in 'drone_takeoff'
[0.622s] INFO:colcon.colcon_core.package_selection:Skipping not selected package 'drone_vio_py' in 'drone_vio_py'
[0.622s] INFO:colcon.colcon_core.package_selection:Skipping not selected package 'landing_area_detector' in 'landing_area_detector'
[0.622s] INFO:colcon.colcon_core.package_selection:Skipping not selected package 'local_zeroing_pkg' in 'local_zeroing_pkg'
[0.622s] INFO:colcon.colcon_core.package_selection:Skipping not selected package 'mavros_takeoff' in 'mavros_takeoff'
[0.622s] INFO:colcon.colcon_core.package_selection:Skipping not selected package 'my_mavros_subscriber' in 'my_mavros_subscriber'
[0.622s] INFO:colcon.colcon_core.package_selection:Skipping not selected package 'my_package' in 'my_package'
[0.622s] INFO:colcon.colcon_core.package_selection:Skipping not selected package 'new_takeoff_node' in 'new_takeoff_node'
[0.622s] INFO:colcon.colcon_core.package_selection:Skipping not selected package 'realsense2_camera_msgs' in 'realsense-ros/realsense2_camera_msgs'
[0.623s] INFO:colcon.colcon_core.package_selection:Skipping not selected package 'vision_to_local_pose' in 'vision_to_local_pose'
[0.623s] INFO:colcon.colcon_core.package_selection:Skipping not selected package 'realsense2_camera' in 'realsense-ros/realsense2_camera'
[0.623s] INFO:colcon.colcon_core.package_selection:Skipping not selected package 'realsense2_description' in 'realsense-ros/realsense2_description'
[0.624s] Level 1:colcon.colcon_core.package_discovery:discover_packages(prefix_path) check parameters
[0.624s] Level 1:colcon.colcon_core.package_discovery:discover_packages(prefix_path) discover
[0.631s] DEBUG:colcon.colcon_installed_package_information.package_discovery:Found 14 installed packages in /home/nits/ros2_ws/install
[0.635s] DEBUG:colcon.colcon_installed_package_information.package_discovery:Found 357 installed packages in /opt/ros/humble
[0.642s] Level 1:colcon.colcon_core.package_discovery:discover_packages(prefix_path) using defaults
[0.786s] Level 5:colcon.colcon_core.verb:set package 'drone_vio_cpp' build argument 'cmake_args' from command line to 'None'
[0.786s] Level 5:colcon.colcon_core.verb:set package 'drone_vio_cpp' build argument 'cmake_target' from command line to 'None'
[0.786s] Level 5:colcon.colcon_core.verb:set package 'drone_vio_cpp' build argument 'cmake_target_skip_unavailable' from command line to 'False'
[0.786s] Level 5:colcon.colcon_core.verb:set package 'drone_vio_cpp' build argument 'cmake_clean_cache' from command line to 'False'
[0.786s] Level 5:colcon.colcon_core.verb:set package 'drone_vio_cpp' build argument 'cmake_clean_first' from command line to 'False'
[0.786s] Level 5:colcon.colcon_core.verb:set package 'drone_vio_cpp' build argument 'cmake_force_configure' from command line to 'False'
[0.786s] Level 5:colcon.colcon_core.verb:set package 'drone_vio_cpp' build argument 'ament_cmake_args' from command line to 'None'
[0.786s] Level 5:colcon.colcon_core.verb:set package 'drone_vio_cpp' build argument 'catkin_cmake_args' from command line to 'None'
[0.786s] Level 5:colcon.colcon_core.verb:set package 'drone_vio_cpp' build argument 'catkin_skip_building_tests' from command line to 'False'
[0.786s] DEBUG:colcon.colcon_core.verb:Building package 'drone_vio_cpp' with the following arguments: {'ament_cmake_args': None, 'build_base': '/home/nits/ros2_ws/src/build/drone_vio_cpp', 'catkin_cmake_args': None, 'catkin_skip_building_tests': False, 'cmake_args': None, 'cmake_clean_cache': False, 'cmake_clean_first': False, 'cmake_force_configure': False, 'cmake_target': None, 'cmake_target_skip_unavailable': False, 'install_base': '/home/nits/ros2_ws/src/install/drone_vio_cpp', 'merge_install': False, 'path': '/home/nits/ros2_ws/src/drone_vio_cpp', 'symlink_install': False, 'test_result_base': None}
[0.787s] INFO:colcon.colcon_core.executor:Executing jobs using 'parallel' executor
[0.789s] DEBUG:colcon.colcon_parallel_executor.executor.parallel:run_until_complete
[0.790s] INFO:colcon.colcon_ros.task.ament_cmake.build:Building ROS package in '/home/nits/ros2_ws/src/drone_vio_cpp' with build type 'ament_cmake'
[0.790s] INFO:colcon.colcon_cmake.task.cmake.build:Building CMake package in '/home/nits/ros2_ws/src/drone_vio_cpp'
[0.797s] INFO:colcon.colcon_core.plugin_system:Skipping extension 'colcon_core.shell.bat': Not used on non-Windows systems
[0.797s] INFO:colcon.colcon_core.shell:Skip shell extension 'powershell' for command environment: Not usable outside of PowerShell
[0.798s] DEBUG:colcon.colcon_core.shell:Skip shell extension 'dsv' for command environment
[0.821s] DEBUG:colcon.colcon_core.event_handler.log_command:Invoking command in '/home/nits/ros2_ws/src/build/drone_vio_cpp': CMAKE_PREFIX_PATH=/home/nits/ros2_ws/install/realsense2_description:/home/nits/ros2_ws/install/realsense2_camera:/home/nits/ros2_ws/install/realsense2_camera_msgs:/home/nits/ros2_ws/install/vision_to_local_pose:/home/nits/ros2_ws/install/new_takeoff_node:/home/nits/ros2_ws/install/my_package:/home/nits/ros2_ws/install/mavros_takeoff:/home/nits/ros2_ws/install/drone_vio_py:/home/nits/ros2_ws/install/drone_takeoff:/opt/ros/humble:/home/nits/ros2_ws/install/local_zeroing_pkg:/home/nits/ros2_ws/install/landing_area_detector:/home/nits/ros2_ws/install/flat_area_detector:/home/nits/ros2_ws/install/drone_vio_cpp:/home/nits/ros2_ws/install/boundary_mapper /usr/bin/cmake --build /home/nits/ros2_ws/src/build/drone_vio_cpp -- -j6 -l6
[0.995s] DEBUG:colcon.colcon_core.event_handler.log_command:Invoked command in '/home/nits/ros2_ws/src/build/drone_vio_cpp' returned '0': CMAKE_PREFIX_PATH=/home/nits/ros2_ws/install/realsense2_description:/home/nits/ros2_ws/install/realsense2_camera:/home/nits/ros2_ws/install/realsense2_camera_msgs:/home/nits/ros2_ws/install/vision_to_local_pose:/home/nits/ros2_ws/install/new_takeoff_node:/home/nits/ros2_ws/install/my_package:/home/nits/ros2_ws/install/mavros_takeoff:/home/nits/ros2_ws/install/drone_vio_py:/home/nits/ros2_ws/install/drone_takeoff:/opt/ros/humble:/home/nits/ros2_ws/install/local_zeroing_pkg:/home/nits/ros2_ws/install/landing_area_detector:/home/nits/ros2_ws/install/flat_area_detector:/home/nits/ros2_ws/install/drone_vio_cpp:/home/nits/ros2_ws/install/boundary_mapper /usr/bin/cmake --build /home/nits/ros2_ws/src/build/drone_vio_cpp -- -j6 -l6
[1.023s] DEBUG:colcon.colcon_core.event_handler.log_command:Invoking command in '/home/nits/ros2_ws/src/build/drone_vio_cpp': CMAKE_PREFIX_PATH=/home/nits/ros2_ws/install/realsense2_description:/home/nits/ros2_ws/install/realsense2_camera:/home/nits/ros2_ws/install/realsense2_camera_msgs:/home/nits/ros2_ws/install/vision_to_local_pose:/home/nits/ros2_ws/install/new_takeoff_node:/home/nits/ros2_ws/install/my_package:/home/nits/ros2_ws/install/mavros_takeoff:/home/nits/ros2_ws/install/drone_vio_py:/home/nits/ros2_ws/install/drone_takeoff:/opt/ros/humble:/home/nits/ros2_ws/install/local_zeroing_pkg:/home/nits/ros2_ws/install/landing_area_detector:/home/nits/ros2_ws/install/flat_area_detector:/home/nits/ros2_ws/install/drone_vio_cpp:/home/nits/ros2_ws/install/boundary_mapper /usr/bin/cmake --install /home/nits/ros2_ws/src/build/drone_vio_cpp
[1.052s] Level 1:colcon.colcon_core.environment:create_environment_scripts_only(drone_vio_cpp)
[1.053s] DEBUG:colcon.colcon_core.event_handler.log_command:Invoked command in '/home/nits/ros2_ws/src/build/drone_vio_cpp' returned '0': CMAKE_PREFIX_PATH=/home/nits/ros2_ws/install/realsense2_description:/home/nits/ros2_ws/install/realsense2_camera:/home/nits/ros2_ws/install/realsense2_camera_msgs:/home/nits/ros2_ws/install/vision_to_local_pose:/home/nits/ros2_ws/install/new_takeoff_node:/home/nits/ros2_ws/install/my_package:/home/nits/ros2_ws/install/mavros_takeoff:/home/nits/ros2_ws/install/drone_vio_py:/home/nits/ros2_ws/install/drone_takeoff:/opt/ros/humble:/home/nits/ros2_ws/install/local_zeroing_pkg:/home/nits/ros2_ws/install/landing_area_detector:/home/nits/ros2_ws/install/flat_area_detector:/home/nits/ros2_ws/install/drone_vio_cpp:/home/nits/ros2_ws/install/boundary_mapper /usr/bin/cmake --install /home/nits/ros2_ws/src/build/drone_vio_cpp
[1.060s] Level 1:colcon.colcon_core.environment:checking '/home/nits/ros2_ws/src/install/drone_vio_cpp' for CMake module files
[1.061s] Level 1:colcon.colcon_core.environment:checking '/home/nits/ros2_ws/src/install/drone_vio_cpp' for CMake config files
[1.062s] Level 1:colcon.colcon_core.shell:create_environment_hook('drone_vio_cpp', 'cmake_prefix_path')
[1.063s] INFO:colcon.colcon_core.shell:Creating environment hook '/home/nits/ros2_ws/src/install/drone_vio_cpp/share/drone_vio_cpp/hook/cmake_prefix_path.ps1'
[1.066s] INFO:colcon.colcon_core.shell:Creating environment descriptor '/home/nits/ros2_ws/src/install/drone_vio_cpp/share/drone_vio_cpp/hook/cmake_prefix_path.dsv'
[1.067s] INFO:colcon.colcon_core.shell:Creating environment hook '/home/nits/ros2_ws/src/install/drone_vio_cpp/share/drone_vio_cpp/hook/cmake_prefix_path.sh'
[1.069s] Level 1:colcon.colcon_core.environment:checking '/home/nits/ros2_ws/src/install/drone_vio_cpp/lib'
[1.070s] Level 1:colcon.colcon_core.environment:checking '/home/nits/ros2_ws/src/install/drone_vio_cpp/bin'
[1.070s] Level 1:colcon.colcon_core.environment:checking '/home/nits/ros2_ws/src/install/drone_vio_cpp/lib/pkgconfig/drone_vio_cpp.pc'
[1.071s] Level 1:colcon.colcon_core.environment:checking '/home/nits/ros2_ws/src/install/drone_vio_cpp/lib/python3.10/site-packages'
[1.071s] Level 1:colcon.colcon_core.environment:checking '/home/nits/ros2_ws/src/install/drone_vio_cpp/bin'
[1.072s] INFO:colcon.colcon_core.shell:Creating package script '/home/nits/ros2_ws/src/install/drone_vio_cpp/share/drone_vio_cpp/package.ps1'
[1.075s] INFO:colcon.colcon_core.shell:Creating package descriptor '/home/nits/ros2_ws/src/install/drone_vio_cpp/share/drone_vio_cpp/package.dsv'
[1.076s] INFO:colcon.colcon_core.shell:Creating package script '/home/nits/ros2_ws/src/install/drone_vio_cpp/share/drone_vio_cpp/package.sh'
[1.079s] INFO:colcon.colcon_core.shell:Creating package script '/home/nits/ros2_ws/src/install/drone_vio_cpp/share/drone_vio_cpp/package.bash'
[1.081s] INFO:colcon.colcon_core.shell:Creating package script '/home/nits/ros2_ws/src/install/drone_vio_cpp/share/drone_vio_cpp/package.zsh'
[1.082s] Level 1:colcon.colcon_core.environment:create_file_with_runtime_dependencies(/home/nits/ros2_ws/src/install/drone_vio_cpp/share/colcon-core/packages/drone_vio_cpp)
[1.084s] Level 1:colcon.colcon_core.environment:create_environment_scripts_only(drone_vio_cpp)
[1.084s] Level 1:colcon.colcon_core.environment:checking '/home/nits/ros2_ws/src/install/drone_vio_cpp' for CMake module files
[1.085s] Level 1:colcon.colcon_core.environment:checking '/home/nits/ros2_ws/src/install/drone_vio_cpp' for CMake config files
[1.086s] Level 1:colcon.colcon_core.shell:create_environment_hook('drone_vio_cpp', 'cmake_prefix_path')
[1.086s] INFO:colcon.colcon_core.shell:Creating environment hook '/home/nits/ros2_ws/src/install/drone_vio_cpp/share/drone_vio_cpp/hook/cmake_prefix_path.ps1'
[1.087s] INFO:colcon.colcon_core.shell:Creating environment descriptor '/home/nits/ros2_ws/src/install/drone_vio_cpp/share/drone_vio_cpp/hook/cmake_prefix_path.dsv'
[1.088s] INFO:colcon.colcon_core.shell:Creating environment hook '/home/nits/ros2_ws/src/install/drone_vio_cpp/share/drone_vio_cpp/hook/cmake_prefix_path.sh'
[1.090s] Level 1:colcon.colcon_core.environment:checking '/home/nits/ros2_ws/src/install/drone_vio_cpp/lib'
[1.091s] Level 1:colcon.colcon_core.environment:checking '/home/nits/ros2_ws/src/install/drone_vio_cpp/bin'
[1.091s] Level 1:colcon.colcon_core.environment:checking '/home/nits/ros2_ws/src/install/drone_vio_cpp/lib/pkgconfig/drone_vio_cpp.pc'
[1.091s] Level 1:colcon.colcon_core.environment:checking '/home/nits/ros2_ws/src/install/drone_vio_cpp/lib/python3.10/site-packages'
[1.092s] Level 1:colcon.colcon_core.environment:checking '/home/nits/ros2_ws/src/install/drone_vio_cpp/bin'
[1.093s] INFO:colcon.colcon_core.shell:Creating package script '/home/nits/ros2_ws/src/install/drone_vio_cpp/share/drone_vio_cpp/package.ps1'
[1.095s] INFO:colcon.colcon_core.shell:Creating package descriptor '/home/nits/ros2_ws/src/install/drone_vio_cpp/share/drone_vio_cpp/package.dsv'
[1.096s] INFO:colcon.colcon_core.shell:Creating package script '/home/nits/ros2_ws/src/install/drone_vio_cpp/share/drone_vio_cpp/package.sh'
[1.098s] INFO:colcon.colcon_core.shell:Creating package script '/home/nits/ros2_ws/src/install/drone_vio_cpp/share/drone_vio_cpp/package.bash'
[1.101s] INFO:colcon.colcon_core.shell:Creating package script '/home/nits/ros2_ws/src/install/drone_vio_cpp/share/drone_vio_cpp/package.zsh'
[1.102s] Level 1:colcon.colcon_core.environment:create_file_with_runtime_dependencies(/home/nits/ros2_ws/src/install/drone_vio_cpp/share/colcon-core/packages/drone_vio_cpp)
[1.103s] DEBUG:colcon.colcon_parallel_executor.executor.parallel:closing loop
[1.104s] DEBUG:colcon.colcon_parallel_executor.executor.parallel:loop closed
[1.104s] DEBUG:colcon.colcon_parallel_executor.executor.parallel:run_until_complete finished with '0'
[1.104s] DEBUG:colcon.colcon_core.event_reactor:joining thread
[1.128s] INFO:colcon.colcon_core.plugin_system:Skipping extension 'colcon_notification.desktop_notification.terminal_notifier': Not used on non-Darwin systems
[1.129s] INFO:colcon.colcon_core.plugin_system:Skipping extension 'colcon_notification.desktop_notification.win32': Not used on non-Windows systems
[1.129s] INFO:colcon.colcon_notification.desktop_notification:Sending desktop notification using 'notify2'
[1.174s] DEBUG:colcon.colcon_core.event_reactor:joined thread
[1.175s] INFO:colcon.colcon_core.shell:Creating prefix script '/home/nits/ros2_ws/src/install/local_setup.ps1'
[1.178s] INFO:colcon.colcon_core.shell:Creating prefix util module '/home/nits/ros2_ws/src/install/_local_setup_util_ps1.py'
[1.184s] INFO:colcon.colcon_core.shell:Creating prefix chain script '/home/nits/ros2_ws/src/install/setup.ps1'
[1.189s] INFO:colcon.colcon_core.shell:Creating prefix script '/home/nits/ros2_ws/src/install/local_setup.sh'
[1.191s] INFO:colcon.colcon_core.shell:Creating prefix util module '/home/nits/ros2_ws/src/install/_local_setup_util_sh.py'
[1.193s] INFO:colcon.colcon_core.shell:Creating prefix chain script '/home/nits/ros2_ws/src/install/setup.sh'
[1.201s] INFO:colcon.colcon_core.shell:Creating prefix script '/home/nits/ros2_ws/src/install/local_setup.bash'
[1.202s] INFO:colcon.colcon_core.shell:Creating prefix chain script '/home/nits/ros2_ws/src/install/setup.bash'
[1.208s] INFO:colcon.colcon_core.shell:Creating prefix script '/home/nits/ros2_ws/src/install/local_setup.zsh'
[1.209s] INFO:colcon.colcon_core.shell:Creating prefix chain script '/home/nits/ros2_ws/src/install/setup.zsh'
