[0.000000] (-) TimerEvent: {}
[0.000598] (-) JobUnselected: {'identifier': 'altitude_package'}
[0.001086] (-) JobUnselected: {'identifier': 'boundary_mapper'}
[0.001391] (-) JobUnselected: {'identifier': 'drone_takeoff'}
[0.001720] (-) JobUnselected: {'identifier': 'drone_vio_cpp'}
[0.001762] (-) JobUnselected: {'identifier': 'drone_vio_py'}
[0.001859] (-) JobUnselected: {'identifier': 'landing_area_detector'}
[0.001932] (-) JobUnselected: {'identifier': 'local_zeroing_pkg'}
[0.001998] (-) JobUnselected: {'identifier': 'mavros_takeoff'}
[0.002087] (-) JobUnselected: {'identifier': 'my_mavros_subscriber'}
[0.002156] (-) JobUnselected: {'identifier': 'my_package'}
[0.002220] (-) JobUnselected: {'identifier': 'new_takeoff_node'}
[0.002283] (-) JobUnselected: {'identifier': 'pose_filter'}
[0.002345] (-) JobUnselected: {'identifier': 'pose_relay'}
[0.002406] (-) JobUnselected: {'identifier': 'realsense2_camera'}
[0.002469] (-) JobUnselected: {'identifier': 'realsense2_camera_msgs'}
[0.002531] (-) JobUnselected: {'identifier': 'realsense2_description'}
[0.002597] (-) JobUnselected: {'identifier': 'vision_to_local_pose'}
[0.002668] (odom_rate_booster) JobQueued: {'identifier': 'odom_rate_booster', 'dependencies': OrderedDict()}
[0.002744] (odom_rate_booster) JobStarted: {'identifier': 'odom_rate_booster'}
[0.099355] (-) TimerEvent: {}
[0.199981] (-) TimerEvent: {}
[0.300578] (-) TimerEvent: {}
[0.401214] (-) TimerEvent: {}
[0.455536] (odom_rate_booster) StderrLine: {'line': b'Traceback (most recent call last):\n  File "/usr/lib/python3/dist-packages/colcon_core/executor/__init__.py", line 91, in __call__\n    rc = await self.task(*args, **kwargs)\n  File "/usr/lib/python3/dist-packages/colcon_core/task/__init__.py", line 93, in __call__\n    return await task_method(*args, **kwargs)\n  File "/usr/lib/python3/dist-packages/colcon_ros/task/ament_python/build.py", line 51, in build\n    setup_py_data = get_setup_data(self.context.pkg, env)\n  File "/usr/lib/python3/dist-packages/colcon_core/task/python/__init__.py", line 20, in get_setup_data\n    return dict(pkg.metadata[key](env))\n  File "/usr/lib/python3/dist-packages/colcon_ros/package_augmentation/ros_ament_python.py", line 57, in getter\n    return get_setup_information(\n  File "/usr/lib/python3/dist-packages/colcon_python_setup_py/package_identification/python_setup_py.py", line 249, in get_setup_information\n    _setup_information_cache[hashable_env] = _get_setup_information(\n  File "/usr/lib/python3/dist-packages/colcon_python_setup_py/package_identification/python_setup_py.py", line 296, in _get_setup_information\n    result = subprocess.run(\n  File "/usr/lib/python3.10/subprocess.py", line 526, in run\n    raise CalledProcessError(retcode, process.args,\nsubprocess.CalledProcessError: Command \'[\'/usr/bin/python3\', \'-c\', \'import sys;from contextlib import suppress;exec("with suppress(ImportError):    from setuptools.extern.packaging.specifiers    import SpecifierSet");exec("with suppress(ImportError):    from packaging.specifiers import SpecifierSet");from distutils.core import run_setup;dist = run_setup(    \\\'setup.py\\\', script_args=(\\\'--dry-run\\\',), stop_after=\\\'config\\\');skip_keys = (\\\'cmdclass\\\', \\\'distclass\\\', \\\'ext_modules\\\', \\\'metadata\\\');data = {    key: value for key, value in dist.__dict__.items()     if (        not key.startswith(\\\'_\\\') and         not callable(value) and         key not in skip_keys and         key not in dist.display_option_names    )};data[\\\'metadata\\\'] = {    k: v for k, v in dist.metadata.__dict__.items()     if k not in (\\\'license_files\\\', \\\'provides_extras\\\')};sys.stdout.buffer.write(repr(data).encode(\\\'utf-8\\\'))\']\' returned non-zero exit status 1.\n'}
[0.457349] (odom_rate_booster) JobEnded: {'identifier': 'odom_rate_booster', 'rc': 1}
[0.468271] (-) EventReactorShutdown: {}
