-- Found ament_cmake: 1.3.11 (/opt/ros/humble/share/ament_cmake/cmake)
-- Found rclcpp: 16.0.11 (/opt/ros/humble/share/rclcpp/cmake)
-- Found rosidl_generator_c: 3.1.6 (/opt/ros/humble/share/rosidl_generator_c/cmake)
-- Found rosidl_adapter: 3.1.6 (/opt/ros/humble/share/rosidl_adapter/cmake)
-- Found rosidl_generator_cpp: 3.1.6 (/opt/ros/humble/share/rosidl_generator_cpp/cmake)
-- Using all available rosidl_typesupport_c: rosidl_typesupport_fastrtps_c;rosidl_typesupport_introspection_c
-- Using all available rosidl_typesupport_cpp: rosidl_typesupport_fastrtps_cpp;rosidl_typesupport_introspection_cpp
-- Found rmw_implementation_cmake: 6.1.2 (/opt/ros/humble/share/rmw_implementation_cmake/cmake)
-- Found rmw_fastrtps_cpp: 6.2.7 (/opt/ros/humble/share/rmw_fastrtps_cpp/cmake)
-- Using RMW implementation 'rmw_fastrtps_cpp' as default
-- Found sensor_msgs: 4.2.4 (/opt/ros/humble/share/sensor_msgs/cmake)
-- Eigen found (include: /usr/include/eigen3, version: 3.4.0)
-- FLANN found (include: /usr/include, lib: /usr/lib/aarch64-linux-gnu/libflann_cpp.so)
-- Found Eigen3: /usr/include/eigen3 (found version "3.4.0") 
-- looking for PCL_COMMON
-- looking for PCL_KDTREE
-- looking for PCL_OCTREE
-- looking for PCL_SEARCH
-- looking for PCL_SAMPLE_CONSENSUS
-- looking for PCL_FILTERS
-- looking for PCL_GEOMETRY
-- looking for PCL_2D
-- looking for PCL_FEATURES
-- looking for PCL_ML
-- looking for PCL_SEGMENTATION
-- Found pcl_conversions: 2.4.5 (/opt/ros/humble/share/pcl_conversions/cmake)
-- Found visualization_msgs: 4.2.4 (/opt/ros/humble/share/visualization_msgs/cmake)
-- Found tf2: 0.25.12 (/opt/ros/humble/share/tf2/cmake)
-- Found tf2_geometry_msgs: 0.25.12 (/opt/ros/humble/share/tf2_geometry_msgs/cmake)
-- Found eigen3_cmake_module: 0.1.1 (/opt/ros/humble/share/eigen3_cmake_module/cmake)
-- Found Eigen3: TRUE (found version "3.4.0") 
-- Ensuring Eigen3 include directory is part of orocos-kdl CMake target
-- Configuring done
-- Generating done
-- Build files have been written to: /home/nits/ros2_ws/build/flat_area_detector
[35m[1mConsolidate compiler generated dependencies of target flat_area_detector[0m
[100%] Built target flat_area_detector
-- Install configuration: ""
-- Up-to-date: /home/nits/ros2_ws/install/flat_area_detector/lib/flat_area_detector/flat_area_detector
-- Up-to-date: /home/nits/ros2_ws/install/flat_area_detector/share/ament_index/resource_index/package_run_dependencies/flat_area_detector
-- Up-to-date: /home/nits/ros2_ws/install/flat_area_detector/share/ament_index/resource_index/parent_prefix_path/flat_area_detector
-- Up-to-date: /home/nits/ros2_ws/install/flat_area_detector/share/flat_area_detector/environment/ament_prefix_path.sh
-- Installing: /home/nits/ros2_ws/install/flat_area_detector/share/flat_area_detector/environment/ament_prefix_path.dsv
-- Up-to-date: /home/nits/ros2_ws/install/flat_area_detector/share/flat_area_detector/environment/path.sh
-- Installing: /home/nits/ros2_ws/install/flat_area_detector/share/flat_area_detector/environment/path.dsv
-- Up-to-date: /home/nits/ros2_ws/install/flat_area_detector/share/flat_area_detector/local_setup.bash
-- Up-to-date: /home/nits/ros2_ws/install/flat_area_detector/share/flat_area_detector/local_setup.sh
-- Up-to-date: /home/nits/ros2_ws/install/flat_area_detector/share/flat_area_detector/local_setup.zsh
-- Installing: /home/nits/ros2_ws/install/flat_area_detector/share/flat_area_detector/local_setup.dsv
-- Installing: /home/nits/ros2_ws/install/flat_area_detector/share/flat_area_detector/package.dsv
-- Up-to-date: /home/nits/ros2_ws/install/flat_area_detector/share/ament_index/resource_index/packages/flat_area_detector
-- Up-to-date: /home/nits/ros2_ws/install/flat_area_detector/share/flat_area_detector/cmake/flat_area_detectorConfig.cmake
-- Up-to-date: /home/nits/ros2_ws/install/flat_area_detector/share/flat_area_detector/cmake/flat_area_detectorConfig-version.cmake
-- Up-to-date: /home/nits/ros2_ws/install/flat_area_detector/share/flat_area_detector/package.xml
