[0.022s] Invoking command in '/home/nits/ros2_ws/build/flat_area_detector': /usr/bin/cmake --build /home/nits/ros2_ws/build/flat_area_detector -- -j6 -l6
[0.077s] -- Found ament_cmake: 1.3.11 (/opt/ros/humble/share/ament_cmake/cmake)
[0.382s] -- Found rclcpp: 16.0.11 (/opt/ros/humble/share/rclcpp/cmake)
[0.447s] -- Found rosidl_generator_c: 3.1.6 (/opt/ros/humble/share/rosidl_generator_c/cmake)
[0.452s] -- Found rosidl_adapter: 3.1.6 (/opt/ros/humble/share/rosidl_adapter/cmake)
[0.463s] -- Found rosidl_generator_cpp: 3.1.6 (/opt/ros/humble/share/rosidl_generator_cpp/cmake)
[0.481s] -- Using all available rosidl_typesupport_c: rosidl_typesupport_fastrtps_c;rosidl_typesupport_introspection_c
[0.504s] -- Using all available rosidl_typesupport_cpp: rosidl_typesupport_fastrtps_cpp;rosidl_typesupport_introspection_cpp
[0.567s] -- Found rmw_implementation_cmake: 6.1.2 (/opt/ros/humble/share/rmw_implementation_cmake/cmake)
[0.569s] -- Found rmw_fastrtps_cpp: 6.2.7 (/opt/ros/humble/share/rmw_fastrtps_cpp/cmake)
[0.763s] -- Using RMW implementation 'rmw_fastrtps_cpp' as default
[0.857s] -- Found sensor_msgs: 4.2.4 (/opt/ros/humble/share/sensor_msgs/cmake)
[0.935s] -- Eigen found (include: /usr/include/eigen3, version: 3.4.0)
[0.994s] -- FLANN found (include: /usr/include, lib: /usr/lib/aarch64-linux-gnu/libflann_cpp.so)
[1.379s] -- Found Eigen3: /usr/include/eigen3 (found version "3.4.0") 
[1.819s] -- looking for PCL_COMMON
[1.819s] -- looking for PCL_KDTREE
[1.820s] -- looking for PCL_OCTREE
[1.821s] -- looking for PCL_SEARCH
[1.821s] -- looking for PCL_SAMPLE_CONSENSUS
[1.822s] -- looking for PCL_FILTERS
[1.823s] -- looking for PCL_GEOMETRY
[1.823s] -- looking for PCL_2D
[1.824s] -- looking for PCL_FEATURES
[1.824s] -- looking for PCL_ML
[1.825s] -- looking for PCL_SEGMENTATION
[1.827s] -- Found pcl_conversions: 2.4.5 (/opt/ros/humble/share/pcl_conversions/cmake)
[1.874s] -- Found visualization_msgs: 4.2.4 (/opt/ros/humble/share/visualization_msgs/cmake)
[1.908s] -- Found tf2: 0.25.12 (/opt/ros/humble/share/tf2/cmake)
[1.915s] -- Found tf2_geometry_msgs: 0.25.12 (/opt/ros/humble/share/tf2_geometry_msgs/cmake)
[1.921s] -- Found eigen3_cmake_module: 0.1.1 (/opt/ros/humble/share/eigen3_cmake_module/cmake)
[1.923s] -- Found Eigen3: TRUE (found version "3.4.0") 
[1.924s] -- Ensuring Eigen3 include directory is part of orocos-kdl CMake target
[2.223s] -- Configuring done
[2.277s] -- Generating done
[2.291s] -- Build files have been written to: /home/nits/ros2_ws/build/flat_area_detector
[2.377s] [35m[1mConsolidate compiler generated dependencies of target flat_area_detector[0m
[2.449s] [100%] Built target flat_area_detector
[2.476s] Invoked command in '/home/nits/ros2_ws/build/flat_area_detector' returned '0': /usr/bin/cmake --build /home/nits/ros2_ws/build/flat_area_detector -- -j6 -l6
[2.505s] Invoking command in '/home/nits/ros2_ws/build/flat_area_detector': /usr/bin/cmake --install /home/nits/ros2_ws/build/flat_area_detector
[2.523s] -- Install configuration: ""
[2.523s] -- Up-to-date: /home/nits/ros2_ws/install/flat_area_detector/lib/flat_area_detector/flat_area_detector
[2.524s] -- Up-to-date: /home/nits/ros2_ws/install/flat_area_detector/share/ament_index/resource_index/package_run_dependencies/flat_area_detector
[2.524s] -- Up-to-date: /home/nits/ros2_ws/install/flat_area_detector/share/ament_index/resource_index/parent_prefix_path/flat_area_detector
[2.524s] -- Up-to-date: /home/nits/ros2_ws/install/flat_area_detector/share/flat_area_detector/environment/ament_prefix_path.sh
[2.524s] -- Installing: /home/nits/ros2_ws/install/flat_area_detector/share/flat_area_detector/environment/ament_prefix_path.dsv
[2.525s] -- Up-to-date: /home/nits/ros2_ws/install/flat_area_detector/share/flat_area_detector/environment/path.sh
[2.525s] -- Installing: /home/nits/ros2_ws/install/flat_area_detector/share/flat_area_detector/environment/path.dsv
[2.525s] -- Up-to-date: /home/nits/ros2_ws/install/flat_area_detector/share/flat_area_detector/local_setup.bash
[2.525s] -- Up-to-date: /home/nits/ros2_ws/install/flat_area_detector/share/flat_area_detector/local_setup.sh
[2.526s] -- Up-to-date: /home/nits/ros2_ws/install/flat_area_detector/share/flat_area_detector/local_setup.zsh
[2.526s] -- Installing: /home/nits/ros2_ws/install/flat_area_detector/share/flat_area_detector/local_setup.dsv
[2.526s] -- Installing: /home/nits/ros2_ws/install/flat_area_detector/share/flat_area_detector/package.dsv
[2.526s] -- Up-to-date: /home/nits/ros2_ws/install/flat_area_detector/share/ament_index/resource_index/packages/flat_area_detector
[2.527s] -- Up-to-date: /home/nits/ros2_ws/install/flat_area_detector/share/flat_area_detector/cmake/flat_area_detectorConfig.cmake
[2.527s] -- Up-to-date: /home/nits/ros2_ws/install/flat_area_detector/share/flat_area_detector/cmake/flat_area_detectorConfig-version.cmake
[2.527s] -- Up-to-date: /home/nits/ros2_ws/install/flat_area_detector/share/flat_area_detector/package.xml
[2.531s] Invoked command in '/home/nits/ros2_ws/build/flat_area_detector' returned '0': /usr/bin/cmake --install /home/nits/ros2_ws/build/flat_area_detector
