[0.025s] Invoking command in '/home/nits/ros2_ws/build/flat_area_detector': /usr/bin/cmake --build /home/nits/ros2_ws/build/flat_area_detector -- -j6 -l6
[0.163s] [35m[1mConsolidate compiler generated dependencies of target flat_area_detector[0m
[0.261s] [100%] Built target flat_area_detector
[0.291s] Invoked command in '/home/nits/ros2_ws/build/flat_area_detector' returned '0': /usr/bin/cmake --build /home/nits/ros2_ws/build/flat_area_detector -- -j6 -l6
[0.318s] Invoking command in '/home/nits/ros2_ws/build/flat_area_detector': /usr/bin/cmake --install /home/nits/ros2_ws/build/flat_area_detector
[0.336s] -- Install configuration: ""
[0.337s] -- Up-to-date: /home/nits/ros2_ws/install/flat_area_detector/lib/flat_area_detector/flat_area_detector
[0.337s] -- Up-to-date: /home/nits/ros2_ws/install/flat_area_detector/share/ament_index/resource_index/package_run_dependencies/flat_area_detector
[0.338s] -- Up-to-date: /home/nits/ros2_ws/install/flat_area_detector/share/ament_index/resource_index/parent_prefix_path/flat_area_detector
[0.338s] -- Up-to-date: /home/nits/ros2_ws/install/flat_area_detector/share/flat_area_detector/environment/ament_prefix_path.sh
[0.338s] -- Up-to-date: /home/nits/ros2_ws/install/flat_area_detector/share/flat_area_detector/environment/ament_prefix_path.dsv
[0.338s] -- Up-to-date: /home/nits/ros2_ws/install/flat_area_detector/share/flat_area_detector/environment/path.sh
[0.338s] -- Up-to-date: /home/nits/ros2_ws/install/flat_area_detector/share/flat_area_detector/environment/path.dsv
[0.338s] -- Up-to-date: /home/nits/ros2_ws/install/flat_area_detector/share/flat_area_detector/local_setup.bash
[0.339s] -- Up-to-date: /home/nits/ros2_ws/install/flat_area_detector/share/flat_area_detector/local_setup.sh
[0.339s] -- Up-to-date: /home/nits/ros2_ws/install/flat_area_detector/share/flat_area_detector/local_setup.zsh
[0.339s] -- Up-to-date: /home/nits/ros2_ws/install/flat_area_detector/share/flat_area_detector/local_setup.dsv
[0.340s] -- Installing: /home/nits/ros2_ws/install/flat_area_detector/share/flat_area_detector/package.dsv
[0.340s] -- Up-to-date: /home/nits/ros2_ws/install/flat_area_detector/share/ament_index/resource_index/packages/flat_area_detector
[0.340s] -- Up-to-date: /home/nits/ros2_ws/install/flat_area_detector/share/flat_area_detector/cmake/flat_area_detectorConfig.cmake
[0.340s] -- Up-to-date: /home/nits/ros2_ws/install/flat_area_detector/share/flat_area_detector/cmake/flat_area_detectorConfig-version.cmake
[0.340s] -- Up-to-date: /home/nits/ros2_ws/install/flat_area_detector/share/flat_area_detector/package.xml
[0.346s] Invoked command in '/home/nits/ros2_ws/build/flat_area_detector' returned '0': /usr/bin/cmake --install /home/nits/ros2_ws/build/flat_area_detector
