[2.162s] Invoking command in '/home/nits/ros2_ws/src/drone_vio_py': PYTHONPATH=/home/nits/ros2_ws/build/drone_vio_py/prefix_override:/usr/lib/python3/dist-packages/colcon_core/task/python/colcon_distutils_commands:/home/nits/ros2_ws/install/drone_vio_py/lib/python3.10/site-packages:${PYTHONPATH} /usr/bin/python3 -W ignore:setup.py install is deprecated -W ignore:easy_install command is deprecated setup.py egg_info --egg-base ../../build/drone_vio_py build --build-base /home/nits/ros2_ws/build/drone_vio_py/build install --record /home/nits/ros2_ws/build/drone_vio_py/install.log --single-version-externally-managed install_data
[2.829s] running egg_info
[2.869s] writing ../../build/drone_vio_py/drone_vio_py.egg-info/PKG-INFO
[2.870s] writing dependency_links to ../../build/drone_vio_py/drone_vio_py.egg-info/dependency_links.txt
[2.870s] writing entry points to ../../build/drone_vio_py/drone_vio_py.egg-info/entry_points.txt
[2.871s] writing requirements to ../../build/drone_vio_py/drone_vio_py.egg-info/requires.txt
[2.871s] writing top-level names to ../../build/drone_vio_py/drone_vio_py.egg-info/top_level.txt
[2.956s] reading manifest file '../../build/drone_vio_py/drone_vio_py.egg-info/SOURCES.txt'
[2.959s] writing manifest file '../../build/drone_vio_py/drone_vio_py.egg-info/SOURCES.txt'
[2.960s] running build
[2.960s] running build_py
[2.960s] copying drone_vio_py/set_home_position.py -> /home/nits/ros2_ws/build/drone_vio_py/build/lib/drone_vio_py
[2.960s] copying drone_vio_py/__init__.py -> /home/nits/ros2_ws/build/drone_vio_py/build/lib/drone_vio_py
[2.961s] running install
[2.972s] running install_lib
[3.013s] copying /home/nits/ros2_ws/build/drone_vio_py/build/lib/drone_vio_py/set_home_position.py -> /home/nits/ros2_ws/install/drone_vio_py/lib/python3.10/site-packages/drone_vio_py
[3.015s] byte-compiling /home/nits/ros2_ws/install/drone_vio_py/lib/python3.10/site-packages/drone_vio_py/set_home_position.py to set_home_position.cpython-310.pyc
[3.017s] running install_data
[3.018s] copying resource/drone_vio_py -> /home/nits/ros2_ws/install/drone_vio_py/share/ament_index/resource_index/packages
[3.018s] copying package.xml -> /home/nits/ros2_ws/install/drone_vio_py/share/drone_vio_py
[3.019s] running install_egg_info
[3.064s] removing '/home/nits/ros2_ws/install/drone_vio_py/lib/python3.10/site-packages/drone_vio_py-0.0.0-py3.10.egg-info' (and everything under it)
[3.064s] Copying ../../build/drone_vio_py/drone_vio_py.egg-info to /home/nits/ros2_ws/install/drone_vio_py/lib/python3.10/site-packages/drone_vio_py-0.0.0-py3.10.egg-info
[3.066s] running install_scripts
[3.396s] Installing Set_Home_Position script to /home/nits/ros2_ws/install/drone_vio_py/lib/drone_vio_py
[3.397s] writing list of installed files to '/home/nits/ros2_ws/build/drone_vio_py/install.log'
[3.504s] Invoked command in '/home/nits/ros2_ws/src/drone_vio_py' returned '0': PYTHONPATH=/home/nits/ros2_ws/build/drone_vio_py/prefix_override:/usr/lib/python3/dist-packages/colcon_core/task/python/colcon_distutils_commands:/home/nits/ros2_ws/install/drone_vio_py/lib/python3.10/site-packages:${PYTHONPATH} /usr/bin/python3 -W ignore:setup.py install is deprecated -W ignore:easy_install command is deprecated setup.py egg_info --egg-base ../../build/drone_vio_py build --build-base /home/nits/ros2_ws/build/drone_vio_py/build install --record /home/nits/ros2_ws/build/drone_vio_py/install.log --single-version-externally-managed install_data
