[0.023s] Invoking command in '/home/nits/ros2_ws/src/build/drone_vio_cpp': CMAKE_PREFIX_PATH=/home/nits/ros2_ws/install/realsense2_description:/home/nits/ros2_ws/install/realsense2_camera:/home/nits/ros2_ws/install/realsense2_camera_msgs:/home/nits/ros2_ws/install/vision_to_local_pose:/home/nits/ros2_ws/install/new_takeoff_node:/home/nits/ros2_ws/install/my_package:/home/nits/ros2_ws/install/mavros_takeoff:/home/nits/ros2_ws/install/drone_vio_py:/home/nits/ros2_ws/install/drone_takeoff:/opt/ros/humble:/home/nits/ros2_ws/install/local_zeroing_pkg:/home/nits/ros2_ws/install/landing_area_detector:/home/nits/ros2_ws/install/flat_area_detector:/home/nits/ros2_ws/install/drone_vio_cpp:/home/nits/ros2_ws/install/boundary_mapper /usr/bin/cmake --build /home/nits/ros2_ws/src/build/drone_vio_cpp -- -j6 -l6
[0.179s] [ 50%] [32mBuilding CXX object CMakeFiles/odom_to_vision_pose.dir/src/odom_to_vision_pose.cpp.o[0m
[27.729s] [100%] [32m[1mLinking CXX executable odom_to_vision_pose[0m
[29.249s] [100%] Built target odom_to_vision_pose
[29.288s] Invoked command in '/home/nits/ros2_ws/src/build/drone_vio_cpp' returned '0': CMAKE_PREFIX_PATH=/home/nits/ros2_ws/install/realsense2_description:/home/nits/ros2_ws/install/realsense2_camera:/home/nits/ros2_ws/install/realsense2_camera_msgs:/home/nits/ros2_ws/install/vision_to_local_pose:/home/nits/ros2_ws/install/new_takeoff_node:/home/nits/ros2_ws/install/my_package:/home/nits/ros2_ws/install/mavros_takeoff:/home/nits/ros2_ws/install/drone_vio_py:/home/nits/ros2_ws/install/drone_takeoff:/opt/ros/humble:/home/nits/ros2_ws/install/local_zeroing_pkg:/home/nits/ros2_ws/install/landing_area_detector:/home/nits/ros2_ws/install/flat_area_detector:/home/nits/ros2_ws/install/drone_vio_cpp:/home/nits/ros2_ws/install/boundary_mapper /usr/bin/cmake --build /home/nits/ros2_ws/src/build/drone_vio_cpp -- -j6 -l6
[29.320s] Invoking command in '/home/nits/ros2_ws/src/build/drone_vio_cpp': CMAKE_PREFIX_PATH=/home/nits/ros2_ws/install/realsense2_description:/home/nits/ros2_ws/install/realsense2_camera:/home/nits/ros2_ws/install/realsense2_camera_msgs:/home/nits/ros2_ws/install/vision_to_local_pose:/home/nits/ros2_ws/install/new_takeoff_node:/home/nits/ros2_ws/install/my_package:/home/nits/ros2_ws/install/mavros_takeoff:/home/nits/ros2_ws/install/drone_vio_py:/home/nits/ros2_ws/install/drone_takeoff:/opt/ros/humble:/home/nits/ros2_ws/install/local_zeroing_pkg:/home/nits/ros2_ws/install/landing_area_detector:/home/nits/ros2_ws/install/flat_area_detector:/home/nits/ros2_ws/install/drone_vio_cpp:/home/nits/ros2_ws/install/boundary_mapper /usr/bin/cmake --install /home/nits/ros2_ws/src/build/drone_vio_cpp
[29.343s] -- Install configuration: ""
[29.344s] -- Installing: /home/nits/ros2_ws/src/install/drone_vio_cpp/lib/drone_vio_cpp/odom_to_vision_pose
[29.360s] -- Set runtime path of "/home/nits/ros2_ws/src/install/drone_vio_cpp/lib/drone_vio_cpp/odom_to_vision_pose" to ""
[29.361s] -- Up-to-date: /home/nits/ros2_ws/src/install/drone_vio_cpp/share/ament_index/resource_index/package_run_dependencies/drone_vio_cpp
[29.361s] -- Up-to-date: /home/nits/ros2_ws/src/install/drone_vio_cpp/share/ament_index/resource_index/parent_prefix_path/drone_vio_cpp
[29.362s] -- Up-to-date: /home/nits/ros2_ws/src/install/drone_vio_cpp/share/drone_vio_cpp/environment/ament_prefix_path.sh
[29.362s] -- Up-to-date: /home/nits/ros2_ws/src/install/drone_vio_cpp/share/drone_vio_cpp/environment/ament_prefix_path.dsv
[29.363s] -- Up-to-date: /home/nits/ros2_ws/src/install/drone_vio_cpp/share/drone_vio_cpp/environment/path.sh
[29.363s] -- Up-to-date: /home/nits/ros2_ws/src/install/drone_vio_cpp/share/drone_vio_cpp/environment/path.dsv
[29.364s] -- Up-to-date: /home/nits/ros2_ws/src/install/drone_vio_cpp/share/drone_vio_cpp/local_setup.bash
[29.364s] -- Up-to-date: /home/nits/ros2_ws/src/install/drone_vio_cpp/share/drone_vio_cpp/local_setup.sh
[29.365s] -- Up-to-date: /home/nits/ros2_ws/src/install/drone_vio_cpp/share/drone_vio_cpp/local_setup.zsh
[29.365s] -- Up-to-date: /home/nits/ros2_ws/src/install/drone_vio_cpp/share/drone_vio_cpp/local_setup.dsv
[29.366s] -- Installing: /home/nits/ros2_ws/src/install/drone_vio_cpp/share/drone_vio_cpp/package.dsv
[29.370s] -- Up-to-date: /home/nits/ros2_ws/src/install/drone_vio_cpp/share/ament_index/resource_index/packages/drone_vio_cpp
[29.371s] -- Up-to-date: /home/nits/ros2_ws/src/install/drone_vio_cpp/share/drone_vio_cpp/cmake/drone_vio_cppConfig.cmake
[29.372s] -- Up-to-date: /home/nits/ros2_ws/src/install/drone_vio_cpp/share/drone_vio_cpp/cmake/drone_vio_cppConfig-version.cmake
[29.372s] -- Up-to-date: /home/nits/ros2_ws/src/install/drone_vio_cpp/share/drone_vio_cpp/package.xml
[29.386s] Invoked command in '/home/nits/ros2_ws/src/build/drone_vio_cpp' returned '0': CMAKE_PREFIX_PATH=/home/nits/ros2_ws/install/realsense2_description:/home/nits/ros2_ws/install/realsense2_camera:/home/nits/ros2_ws/install/realsense2_camera_msgs:/home/nits/ros2_ws/install/vision_to_local_pose:/home/nits/ros2_ws/install/new_takeoff_node:/home/nits/ros2_ws/install/my_package:/home/nits/ros2_ws/install/mavros_takeoff:/home/nits/ros2_ws/install/drone_vio_py:/home/nits/ros2_ws/install/drone_takeoff:/opt/ros/humble:/home/nits/ros2_ws/install/local_zeroing_pkg:/home/nits/ros2_ws/install/landing_area_detector:/home/nits/ros2_ws/install/flat_area_detector:/home/nits/ros2_ws/install/drone_vio_cpp:/home/nits/ros2_ws/install/boundary_mapper /usr/bin/cmake --install /home/nits/ros2_ws/src/build/drone_vio_cpp
