[2.305s] Invoking command in '/home/nits/ros2_ws/src/drone_vio_py': PYTHONPATH=/home/nits/ros2_ws/build/drone_vio_py/prefix_override:/usr/lib/python3/dist-packages/colcon_core/task/python/colcon_distutils_commands:/home/nits/ros2_ws/install/drone_vio_py/lib/python3.10/site-packages:${PYTHONPATH} /usr/bin/python3 -W ignore:setup.py install is deprecated -W ignore:easy_install command is deprecated setup.py egg_info --egg-base ../../build/drone_vio_py build --build-base /home/nits/ros2_ws/build/drone_vio_py/build install --record /home/nits/ros2_ws/build/drone_vio_py/install.log --single-version-externally-managed install_data
[3.013s] running egg_info
[3.055s] writing ../../build/drone_vio_py/drone_vio_py.egg-info/PKG-INFO
[3.057s] writing dependency_links to ../../build/drone_vio_py/drone_vio_py.egg-info/dependency_links.txt
[3.057s] writing entry points to ../../build/drone_vio_py/drone_vio_py.egg-info/entry_points.txt
[3.058s] writing requirements to ../../build/drone_vio_py/drone_vio_py.egg-info/requires.txt
[3.058s] writing top-level names to ../../build/drone_vio_py/drone_vio_py.egg-info/top_level.txt
[3.148s] reading manifest file '../../build/drone_vio_py/drone_vio_py.egg-info/SOURCES.txt'
[3.151s] writing manifest file '../../build/drone_vio_py/drone_vio_py.egg-info/SOURCES.txt'
[3.151s] running build
[3.151s] running build_py
[3.152s] copying drone_vio_py/set_home_position.py -> /home/nits/ros2_ws/build/drone_vio_py/build/lib/drone_vio_py
[3.153s] copying drone_vio_py/__init__.py -> /home/nits/ros2_ws/build/drone_vio_py/build/lib/drone_vio_py
[3.153s] running install
[3.164s] running install_lib
[3.211s] copying /home/nits/ros2_ws/build/drone_vio_py/build/lib/drone_vio_py/set_home_position.py -> /home/nits/ros2_ws/install/drone_vio_py/lib/python3.10/site-packages/drone_vio_py
[3.211s] byte-compiling /home/nits/ros2_ws/install/drone_vio_py/lib/python3.10/site-packages/drone_vio_py/set_home_position.py to set_home_position.cpython-310.pyc
[3.213s] running install_data
[3.213s] copying resource/drone_vio_py -> /home/nits/ros2_ws/install/drone_vio_py/share/ament_index/resource_index/packages
[3.214s] copying package.xml -> /home/nits/ros2_ws/install/drone_vio_py/share/drone_vio_py
[3.214s] running install_egg_info
[3.259s] removing '/home/nits/ros2_ws/install/drone_vio_py/lib/python3.10/site-packages/drone_vio_py-0.0.0-py3.10.egg-info' (and everything under it)
[3.261s] Copying ../../build/drone_vio_py/drone_vio_py.egg-info to /home/nits/ros2_ws/install/drone_vio_py/lib/python3.10/site-packages/drone_vio_py-0.0.0-py3.10.egg-info
[3.263s] running install_scripts
[3.614s] Installing Set_Home_Position script to /home/nits/ros2_ws/install/drone_vio_py/lib/drone_vio_py
[3.614s] writing list of installed files to '/home/nits/ros2_ws/build/drone_vio_py/install.log'
[3.722s] Invoked command in '/home/nits/ros2_ws/src/drone_vio_py' returned '0': PYTHONPATH=/home/nits/ros2_ws/build/drone_vio_py/prefix_override:/usr/lib/python3/dist-packages/colcon_core/task/python/colcon_distutils_commands:/home/nits/ros2_ws/install/drone_vio_py/lib/python3.10/site-packages:${PYTHONPATH} /usr/bin/python3 -W ignore:setup.py install is deprecated -W ignore:easy_install command is deprecated setup.py egg_info --egg-base ../../build/drone_vio_py build --build-base /home/nits/ros2_ws/build/drone_vio_py/build install --record /home/nits/ros2_ws/build/drone_vio_py/install.log --single-version-externally-managed install_data
