[3.379s] Invoking command in '/home/nits/ros2_ws/src/drone_vio_py': PYTHONPATH=/home/nits/ros2_ws/build/drone_vio_py/prefix_override:/usr/lib/python3/dist-packages/colcon_core/task/python/colcon_distutils_commands:/home/nits/ros2_ws/install/drone_vio_py/lib/python3.10/site-packages:${PYTHONPATH} /usr/bin/python3 -W ignore:setup.py install is deprecated -W ignore:easy_install command is deprecated setup.py egg_info --egg-base ../../build/drone_vio_py build --build-base /home/nits/ros2_ws/build/drone_vio_py/build install --record /home/nits/ros2_ws/build/drone_vio_py/install.log --single-version-externally-managed install_data
[3.852s] /home/nits/.local/lib/python3.10/site-packages/setuptools/_distutils/dist.py:289: UserWarning: Unknown distribution option: 'tests_require'
[3.853s]   warnings.warn(msg)
[4.156s] running egg_info
[4.206s] writing ../../build/drone_vio_py/drone_vio_py.egg-info/PKG-INFO
[4.207s] writing dependency_links to ../../build/drone_vio_py/drone_vio_py.egg-info/dependency_links.txt
[4.208s] writing entry points to ../../build/drone_vio_py/drone_vio_py.egg-info/entry_points.txt
[4.208s] writing requirements to ../../build/drone_vio_py/drone_vio_py.egg-info/requires.txt
[4.209s] writing top-level names to ../../build/drone_vio_py/drone_vio_py.egg-info/top_level.txt
[4.317s] reading manifest file '../../build/drone_vio_py/drone_vio_py.egg-info/SOURCES.txt'
[4.322s] writing manifest file '../../build/drone_vio_py/drone_vio_py.egg-info/SOURCES.txt'
[4.322s] running build
[4.322s] running build_py
[4.323s] copying drone_vio_py/set_home_position.py -> /home/nits/ros2_ws/build/drone_vio_py/build/lib/drone_vio_py
[4.323s] copying drone_vio_py/__init__.py -> /home/nits/ros2_ws/build/drone_vio_py/build/lib/drone_vio_py
[4.324s] running install
[4.342s] running install_lib
[4.394s] copying /home/nits/ros2_ws/build/drone_vio_py/build/lib/drone_vio_py/set_home_position.py -> /home/nits/ros2_ws/install/drone_vio_py/lib/python3.10/site-packages/drone_vio_py
[4.397s] byte-compiling /home/nits/ros2_ws/install/drone_vio_py/lib/python3.10/site-packages/drone_vio_py/set_home_position.py to set_home_position.cpython-310.pyc
[4.399s] running install_data
[4.400s] copying resource/drone_vio_py -> /home/nits/ros2_ws/install/drone_vio_py/share/ament_index/resource_index/packages
[4.400s] copying package.xml -> /home/nits/ros2_ws/install/drone_vio_py/share/drone_vio_py
[4.400s] running install_egg_info
[4.449s] removing '/home/nits/ros2_ws/install/drone_vio_py/lib/python3.10/site-packages/drone_vio_py-0.0.0-py3.10.egg-info' (and everything under it)
[4.450s] Copying ../../build/drone_vio_py/drone_vio_py.egg-info to /home/nits/ros2_ws/install/drone_vio_py/lib/python3.10/site-packages/drone_vio_py-0.0.0-py3.10.egg-info
[4.452s] running install_scripts
[4.791s] Installing Set_Home_Position script to /home/nits/ros2_ws/install/drone_vio_py/lib/drone_vio_py
[4.792s] writing list of installed files to '/home/nits/ros2_ws/build/drone_vio_py/install.log'
[4.898s] Invoked command in '/home/nits/ros2_ws/src/drone_vio_py' returned '0': PYTHONPATH=/home/nits/ros2_ws/build/drone_vio_py/prefix_override:/usr/lib/python3/dist-packages/colcon_core/task/python/colcon_distutils_commands:/home/nits/ros2_ws/install/drone_vio_py/lib/python3.10/site-packages:${PYTHONPATH} /usr/bin/python3 -W ignore:setup.py install is deprecated -W ignore:easy_install command is deprecated setup.py egg_info --egg-base ../../build/drone_vio_py build --build-base /home/nits/ros2_ws/build/drone_vio_py/build install --record /home/nits/ros2_ws/build/drone_vio_py/install.log --single-version-externally-managed install_data
