[0.047s] Invoking command in '/home/nits/ros2_ws/build/boundary_mapper': /usr/bin/cmake /home/nits/ros2_ws/src/boundary_mapper -DCATKIN_INSTALL_INTO_PREFIX_ROOT=0 -DCMAKE_INSTALL_PREFIX=/home/nits/ros2_ws/install/boundary_mapper
[0.074s] -- Found ament_cmake: 1.3.11 (/opt/ros/humble/share/ament_cmake/cmake)
[0.406s] -- Found rclcpp: 16.0.11 (/opt/ros/humble/share/rclcpp/cmake)
[0.628s] -- Found rosidl_generator_c: 3.1.6 (/opt/ros/humble/share/rosidl_generator_c/cmake)
[0.655s] -- Found rosidl_adapter: 3.1.6 (/opt/ros/humble/share/rosidl_adapter/cmake)
[0.692s] -- Found rosidl_generator_cpp: 3.1.6 (/opt/ros/humble/share/rosidl_generator_cpp/cmake)
[0.738s] -- Using all available rosidl_typesupport_c: rosidl_typesupport_fastrtps_c;rosidl_typesupport_introspection_c
[0.798s] -- Using all available rosidl_typesupport_cpp: rosidl_typesupport_fastrtps_cpp;rosidl_typesupport_introspection_cpp
[0.984s] -- Found rmw_implementation_cmake: 6.1.2 (/opt/ros/humble/share/rmw_implementation_cmake/cmake)
[0.999s] -- Found rmw_fastrtps_cpp: 6.2.7 (/opt/ros/humble/share/rmw_fastrtps_cpp/cmake)
[1.266s] -- Found OpenSSL: /usr/lib/aarch64-linux-gnu/libcrypto.so (found version "3.0.2")  
[1.337s] -- Found FastRTPS: /opt/ros/humble/include  
[1.425s] -- Using RMW implementation 'rmw_fastrtps_cpp' as default
[1.461s] -- Looking for pthread.h
[1.634s] -- Looking for pthread.h - found
[1.634s] -- Performing Test CMAKE_HAVE_LIBC_PTHREAD
[1.802s] -- Performing Test CMAKE_HAVE_LIBC_PTHREAD - Success
[1.807s] -- Found Threads: TRUE  
[1.989s] -- Found sensor_msgs: 4.2.4 (/opt/ros/humble/share/sensor_msgs/cmake)
[2.078s] -- Found pcl_conversions: 2.4.5 (/opt/ros/humble/share/pcl_conversions/cmake)
[2.172s] -- Checking for module 'eigen3'
[2.193s] --   Found eigen3, version 3.4.0
[2.260s] -- Found Eigen: /usr/include/eigen3 (Required is at least version "3.1") 
[2.261s] -- Eigen found (include: /usr/include/eigen3, version: 3.4.0)
[2.348s] -- Checking for module 'flann'
[2.378s] --   Found flann, version 1.9.1
[2.474s] -- Found FLANN: /usr/lib/aarch64-linux-gnu/libflann_cpp.so  
[2.475s] -- FLANN found (include: /usr/include, lib: /usr/lib/aarch64-linux-gnu/libflann_cpp.so)
[4.619s] -- Checking for module 'libusb-1.0'
[4.650s] --   Found libusb-1.0, version 1.0.25
[4.729s] -- Found libusb: /usr/lib/aarch64-linux-gnu/libusb-1.0.so  
[4.733s] -- OpenNI found (version: 1.5.4.0, include: /usr/include/ni, lib: /usr/lib/libOpenNI.so;libusb::libusb)
[4.874s] -- OpenNI2 found (version: 2.2.0.33, include: /usr/include/openni2, lib: /usr/lib/aarch64-linux-gnu/libOpenNI2.so;libusb::libusb)
[5.170s] -- Eigen found (include: /usr/include/eigen3, version: 3.4.0)
[5.181s] -- OpenNI found (version: 1.5.4.0, include: /usr/include/ni, lib: /usr/lib/libOpenNI.so;libusb::libusb)
[5.192s] -- OpenNI2 found (version: 2.2.0.33, include: /usr/include/openni2, lib: /usr/lib/aarch64-linux-gnu/libOpenNI2.so;libusb::libusb)
[5.452s] -- Found Qhull version 8.0.2
[5.725s] -- OpenNI found (version: 1.5.4.0, include: /usr/include/ni, lib: /usr/lib/libOpenNI.so;libusb::libusb)
[5.995s] -- Found PCL_COMMON: /usr/lib/aarch64-linux-gnu/libpcl_common.so  
[5.996s] -- Found PCL_KDTREE: /usr/lib/aarch64-linux-gnu/libpcl_kdtree.so  
[5.998s] -- Found PCL_OCTREE: /usr/lib/aarch64-linux-gnu/libpcl_octree.so  
[5.999s] -- Found PCL_SEARCH: /usr/lib/aarch64-linux-gnu/libpcl_search.so  
[6.001s] -- Found PCL_SAMPLE_CONSENSUS: /usr/lib/aarch64-linux-gnu/libpcl_sample_consensus.so  
[6.003s] -- Found PCL_FILTERS: /usr/lib/aarch64-linux-gnu/libpcl_filters.so  
[6.003s] -- Found PCL_2D: /usr/include/pcl-1.12  
[6.004s] -- Found PCL_GEOMETRY: /usr/include/pcl-1.12  
[6.006s] -- Found PCL_IO: /usr/lib/aarch64-linux-gnu/libpcl_io.so  
[6.008s] -- Found PCL_FEATURES: /usr/lib/aarch64-linux-gnu/libpcl_features.so  
[6.010s] -- Found PCL_ML: /usr/lib/aarch64-linux-gnu/libpcl_ml.so  
[6.012s] -- Found PCL_SEGMENTATION: /usr/lib/aarch64-linux-gnu/libpcl_segmentation.so  
[6.013s] -- Found PCL_VISUALIZATION: /usr/lib/aarch64-linux-gnu/libpcl_visualization.so  
[6.015s] -- Found PCL_SURFACE: /usr/lib/aarch64-linux-gnu/libpcl_surface.so  
[6.017s] -- Found PCL_REGISTRATION: /usr/lib/aarch64-linux-gnu/libpcl_registration.so  
[6.019s] -- Found PCL_KEYPOINTS: /usr/lib/aarch64-linux-gnu/libpcl_keypoints.so  
[6.021s] -- Found PCL_TRACKING: /usr/lib/aarch64-linux-gnu/libpcl_tracking.so  
[6.023s] -- Found PCL_RECOGNITION: /usr/lib/aarch64-linux-gnu/libpcl_recognition.so  
[6.025s] -- Found PCL_STEREO: /usr/lib/aarch64-linux-gnu/libpcl_stereo.so  
[6.026s] -- Found PCL_APPS: /usr/lib/aarch64-linux-gnu/libpcl_apps.so  
[6.028s] -- Found PCL_IN_HAND_SCANNER: /usr/include/pcl-1.12  
[6.029s] -- Found PCL_MODELER: /usr/include/pcl-1.12  
[6.029s] -- Found PCL_POINT_CLOUD_EDITOR: /usr/include/pcl-1.12  
[6.031s] -- Found PCL_OUTOFCORE: /usr/lib/aarch64-linux-gnu/libpcl_outofcore.so  
[6.033s] -- Found PCL_PEOPLE: /usr/lib/aarch64-linux-gnu/libpcl_people.so  
[6.037s] [33mCMake Warning (dev) at CMakeLists.txt:8 (find_package):
[6.037s]   Policy CMP0074 is not set: find_package uses <PackageName>_ROOT variables.
[6.037s]   Run "cmake --help-policy CMP0074" for policy details.  Use the cmake_policy
[6.037s]   command to set the policy and suppress this warning.
[6.037s] 
[6.038s]   CMake variable PCL_ROOT is set to:
[6.038s] 
[6.038s]     /usr
[6.038s] 
[6.038s]   For compatibility, CMake is ignoring the variable.
[6.038s] This warning is for project developers.  Use -Wno-dev to suppress it.
[6.038s] [0m
[6.065s] -- Found visualization_msgs: 4.2.4 (/opt/ros/humble/share/visualization_msgs/cmake)
[6.266s] -- Configuring done
[6.351s] -- Generating done
[6.354s] [33mCMake Warning:
[6.355s]   Manually-specified variables were not used by the project:
[6.355s] 
[6.355s]     CATKIN_INSTALL_INTO_PREFIX_ROOT
[6.355s] 
[6.355s] [0m
[6.375s] -- Build files have been written to: /home/nits/ros2_ws/build/boundary_mapper
[6.417s] Invoked command in '/home/nits/ros2_ws/build/boundary_mapper' returned '0': /usr/bin/cmake /home/nits/ros2_ws/src/boundary_mapper -DCATKIN_INSTALL_INTO_PREFIX_ROOT=0 -DCMAKE_INSTALL_PREFIX=/home/nits/ros2_ws/install/boundary_mapper
[6.424s] Invoking command in '/home/nits/ros2_ws/build/boundary_mapper': /usr/bin/cmake --build /home/nits/ros2_ws/build/boundary_mapper -- -j6 -l6
[6.539s] [ 50%] [32mBuilding CXX object CMakeFiles/boundary_mapper_node.dir/src/boundary_mapper_node.cpp.o[0m
[33.497s] [100%] [32m[1mLinking CXX executable boundary_mapper_node[0m
[36.945s] [100%] Built target boundary_mapper_node
[36.974s] Invoked command in '/home/nits/ros2_ws/build/boundary_mapper' returned '0': /usr/bin/cmake --build /home/nits/ros2_ws/build/boundary_mapper -- -j6 -l6
[37.002s] Invoking command in '/home/nits/ros2_ws/build/boundary_mapper': /usr/bin/cmake --install /home/nits/ros2_ws/build/boundary_mapper
[37.023s] -- Install configuration: ""
[37.024s] -- Installing: /home/nits/ros2_ws/install/boundary_mapper/lib/boundary_mapper/boundary_mapper_node
[37.034s] -- Set runtime path of "/home/nits/ros2_ws/install/boundary_mapper/lib/boundary_mapper/boundary_mapper_node" to ""
[37.035s] -- Installing: /home/nits/ros2_ws/install/boundary_mapper/share/ament_index/resource_index/package_run_dependencies/boundary_mapper
[37.035s] -- Up-to-date: /home/nits/ros2_ws/install/boundary_mapper/share/ament_index/resource_index/parent_prefix_path/boundary_mapper
[37.035s] -- Up-to-date: /home/nits/ros2_ws/install/boundary_mapper/share/boundary_mapper/environment/ament_prefix_path.sh
[37.035s] -- Installing: /home/nits/ros2_ws/install/boundary_mapper/share/boundary_mapper/environment/ament_prefix_path.dsv
[37.035s] -- Up-to-date: /home/nits/ros2_ws/install/boundary_mapper/share/boundary_mapper/environment/path.sh
[37.036s] -- Installing: /home/nits/ros2_ws/install/boundary_mapper/share/boundary_mapper/environment/path.dsv
[37.036s] -- Up-to-date: /home/nits/ros2_ws/install/boundary_mapper/share/boundary_mapper/local_setup.bash
[37.036s] -- Up-to-date: /home/nits/ros2_ws/install/boundary_mapper/share/boundary_mapper/local_setup.sh
[37.036s] -- Up-to-date: /home/nits/ros2_ws/install/boundary_mapper/share/boundary_mapper/local_setup.zsh
[37.036s] -- Installing: /home/nits/ros2_ws/install/boundary_mapper/share/boundary_mapper/local_setup.dsv
[37.037s] -- Installing: /home/nits/ros2_ws/install/boundary_mapper/share/boundary_mapper/package.dsv
[37.037s] -- Up-to-date: /home/nits/ros2_ws/install/boundary_mapper/share/ament_index/resource_index/packages/boundary_mapper
[37.037s] -- Installing: /home/nits/ros2_ws/install/boundary_mapper/share/boundary_mapper/cmake/boundary_mapperConfig.cmake
[37.037s] -- Installing: /home/nits/ros2_ws/install/boundary_mapper/share/boundary_mapper/cmake/boundary_mapperConfig-version.cmake
[37.037s] -- Installing: /home/nits/ros2_ws/install/boundary_mapper/share/boundary_mapper/package.xml
[37.042s] Invoked command in '/home/nits/ros2_ws/build/boundary_mapper' returned '0': /usr/bin/cmake --install /home/nits/ros2_ws/build/boundary_mapper
