[0.028s] Invoking command in '/home/nits/ros2_ws/src/build/drone_vio_cpp': CMAKE_PREFIX_PATH=/home/nits/ros2_ws/install/realsense2_description:/home/nits/ros2_ws/install/realsense2_camera:/home/nits/ros2_ws/install/realsense2_camera_msgs:/home/nits/ros2_ws/install/vision_to_local_pose:/home/nits/ros2_ws/install/new_takeoff_node:/home/nits/ros2_ws/install/my_package:/home/nits/ros2_ws/install/mavros_takeoff:/home/nits/ros2_ws/install/drone_vio_py:/home/nits/ros2_ws/install/drone_takeoff:/opt/ros/humble:/home/nits/ros2_ws/install/local_zeroing_pkg:/home/nits/ros2_ws/install/landing_area_detector:/home/nits/ros2_ws/install/flat_area_detector:/home/nits/ros2_ws/install/drone_vio_cpp:/home/nits/ros2_ws/install/boundary_mapper /usr/bin/cmake --build /home/nits/ros2_ws/src/build/drone_vio_cpp -- -j6 -l6
[0.170s] [100%] Built target odom_to_vision_pose
[0.203s] Invoked command in '/home/nits/ros2_ws/src/build/drone_vio_cpp' returned '0': CMAKE_PREFIX_PATH=/home/nits/ros2_ws/install/realsense2_description:/home/nits/ros2_ws/install/realsense2_camera:/home/nits/ros2_ws/install/realsense2_camera_msgs:/home/nits/ros2_ws/install/vision_to_local_pose:/home/nits/ros2_ws/install/new_takeoff_node:/home/nits/ros2_ws/install/my_package:/home/nits/ros2_ws/install/mavros_takeoff:/home/nits/ros2_ws/install/drone_vio_py:/home/nits/ros2_ws/install/drone_takeoff:/opt/ros/humble:/home/nits/ros2_ws/install/local_zeroing_pkg:/home/nits/ros2_ws/install/landing_area_detector:/home/nits/ros2_ws/install/flat_area_detector:/home/nits/ros2_ws/install/drone_vio_cpp:/home/nits/ros2_ws/install/boundary_mapper /usr/bin/cmake --build /home/nits/ros2_ws/src/build/drone_vio_cpp -- -j6 -l6
[0.231s] Invoking command in '/home/nits/ros2_ws/src/build/drone_vio_cpp': CMAKE_PREFIX_PATH=/home/nits/ros2_ws/install/realsense2_description:/home/nits/ros2_ws/install/realsense2_camera:/home/nits/ros2_ws/install/realsense2_camera_msgs:/home/nits/ros2_ws/install/vision_to_local_pose:/home/nits/ros2_ws/install/new_takeoff_node:/home/nits/ros2_ws/install/my_package:/home/nits/ros2_ws/install/mavros_takeoff:/home/nits/ros2_ws/install/drone_vio_py:/home/nits/ros2_ws/install/drone_takeoff:/opt/ros/humble:/home/nits/ros2_ws/install/local_zeroing_pkg:/home/nits/ros2_ws/install/landing_area_detector:/home/nits/ros2_ws/install/flat_area_detector:/home/nits/ros2_ws/install/drone_vio_cpp:/home/nits/ros2_ws/install/boundary_mapper /usr/bin/cmake --install /home/nits/ros2_ws/src/build/drone_vio_cpp
[0.253s] -- Install configuration: ""
[0.254s] -- Up-to-date: /home/nits/ros2_ws/src/install/drone_vio_cpp/lib/drone_vio_cpp/odom_to_vision_pose
[0.254s] -- Up-to-date: /home/nits/ros2_ws/src/install/drone_vio_cpp/share/ament_index/resource_index/package_run_dependencies/drone_vio_cpp
[0.255s] -- Up-to-date: /home/nits/ros2_ws/src/install/drone_vio_cpp/share/ament_index/resource_index/parent_prefix_path/drone_vio_cpp
[0.255s] -- Up-to-date: /home/nits/ros2_ws/src/install/drone_vio_cpp/share/drone_vio_cpp/environment/ament_prefix_path.sh
[0.255s] -- Up-to-date: /home/nits/ros2_ws/src/install/drone_vio_cpp/share/drone_vio_cpp/environment/ament_prefix_path.dsv
[0.255s] -- Up-to-date: /home/nits/ros2_ws/src/install/drone_vio_cpp/share/drone_vio_cpp/environment/path.sh
[0.255s] -- Up-to-date: /home/nits/ros2_ws/src/install/drone_vio_cpp/share/drone_vio_cpp/environment/path.dsv
[0.256s] -- Up-to-date: /home/nits/ros2_ws/src/install/drone_vio_cpp/share/drone_vio_cpp/local_setup.bash
[0.256s] -- Up-to-date: /home/nits/ros2_ws/src/install/drone_vio_cpp/share/drone_vio_cpp/local_setup.sh
[0.256s] -- Up-to-date: /home/nits/ros2_ws/src/install/drone_vio_cpp/share/drone_vio_cpp/local_setup.zsh
[0.256s] -- Up-to-date: /home/nits/ros2_ws/src/install/drone_vio_cpp/share/drone_vio_cpp/local_setup.dsv
[0.256s] -- Installing: /home/nits/ros2_ws/src/install/drone_vio_cpp/share/drone_vio_cpp/package.dsv
[0.256s] -- Up-to-date: /home/nits/ros2_ws/src/install/drone_vio_cpp/share/ament_index/resource_index/packages/drone_vio_cpp
[0.256s] -- Up-to-date: /home/nits/ros2_ws/src/install/drone_vio_cpp/share/drone_vio_cpp/cmake/drone_vio_cppConfig.cmake
[0.256s] -- Up-to-date: /home/nits/ros2_ws/src/install/drone_vio_cpp/share/drone_vio_cpp/cmake/drone_vio_cppConfig-version.cmake
[0.257s] -- Up-to-date: /home/nits/ros2_ws/src/install/drone_vio_cpp/share/drone_vio_cpp/package.xml
[0.261s] Invoked command in '/home/nits/ros2_ws/src/build/drone_vio_cpp' returned '0': CMAKE_PREFIX_PATH=/home/nits/ros2_ws/install/realsense2_description:/home/nits/ros2_ws/install/realsense2_camera:/home/nits/ros2_ws/install/realsense2_camera_msgs:/home/nits/ros2_ws/install/vision_to_local_pose:/home/nits/ros2_ws/install/new_takeoff_node:/home/nits/ros2_ws/install/my_package:/home/nits/ros2_ws/install/mavros_takeoff:/home/nits/ros2_ws/install/drone_vio_py:/home/nits/ros2_ws/install/drone_takeoff:/opt/ros/humble:/home/nits/ros2_ws/install/local_zeroing_pkg:/home/nits/ros2_ws/install/landing_area_detector:/home/nits/ros2_ws/install/flat_area_detector:/home/nits/ros2_ws/install/drone_vio_cpp:/home/nits/ros2_ws/install/boundary_mapper /usr/bin/cmake --install /home/nits/ros2_ws/src/build/drone_vio_cpp
