[0.028s] Invoking command in '/home/nits/ros2_ws/build/drone_vio_cpp': CMAKE_PREFIX_PATH=/home/nits/ros2_ws/install/realsense2_description:/home/nits/ros2_ws/install/realsense2_camera:/home/nits/ros2_ws/install/realsense2_camera_msgs:/home/nits/ros2_ws/install/drone_vio_py:/home/nits/ros2_ws/install/drone_takeoff:/opt/ros/humble:/home/nits/ros2_ws/install/local_zeroing_pkg:/home/nits/ros2_ws/install/landing_area_detector:/home/nits/ros2_ws/install/flat_area_detector:/home/nits/ros2_ws/install/drone_vio_cpp:/home/nits/ros2_ws/install/boundary_mapper /usr/bin/cmake --build /home/nits/ros2_ws/build/drone_vio_cpp -- -j6 -l6
[0.142s] [35m[1mConsolidate compiler generated dependencies of target odom_to_vision_pose[0m
[0.190s] [ 50%] [32mBuilding CXX object CMakeFiles/odom_to_vision_pose.dir/src/odom_to_vision_pose.cpp.o[0m
[22.759s] [100%] [32m[1mLinking CXX executable odom_to_vision_pose[0m
[23.884s] [100%] Built target odom_to_vision_pose
[23.915s] Invoked command in '/home/nits/ros2_ws/build/drone_vio_cpp' returned '0': CMAKE_PREFIX_PATH=/home/nits/ros2_ws/install/realsense2_description:/home/nits/ros2_ws/install/realsense2_camera:/home/nits/ros2_ws/install/realsense2_camera_msgs:/home/nits/ros2_ws/install/drone_vio_py:/home/nits/ros2_ws/install/drone_takeoff:/opt/ros/humble:/home/nits/ros2_ws/install/local_zeroing_pkg:/home/nits/ros2_ws/install/landing_area_detector:/home/nits/ros2_ws/install/flat_area_detector:/home/nits/ros2_ws/install/drone_vio_cpp:/home/nits/ros2_ws/install/boundary_mapper /usr/bin/cmake --build /home/nits/ros2_ws/build/drone_vio_cpp -- -j6 -l6
[23.942s] Invoking command in '/home/nits/ros2_ws/build/drone_vio_cpp': CMAKE_PREFIX_PATH=/home/nits/ros2_ws/install/realsense2_description:/home/nits/ros2_ws/install/realsense2_camera:/home/nits/ros2_ws/install/realsense2_camera_msgs:/home/nits/ros2_ws/install/drone_vio_py:/home/nits/ros2_ws/install/drone_takeoff:/opt/ros/humble:/home/nits/ros2_ws/install/local_zeroing_pkg:/home/nits/ros2_ws/install/landing_area_detector:/home/nits/ros2_ws/install/flat_area_detector:/home/nits/ros2_ws/install/drone_vio_cpp:/home/nits/ros2_ws/install/boundary_mapper /usr/bin/cmake --install /home/nits/ros2_ws/build/drone_vio_cpp
[23.963s] -- Install configuration: ""
[23.963s] -- Installing: /home/nits/ros2_ws/install/drone_vio_cpp/lib/drone_vio_cpp/odom_to_vision_pose
[23.973s] -- Set runtime path of "/home/nits/ros2_ws/install/drone_vio_cpp/lib/drone_vio_cpp/odom_to_vision_pose" to ""
[23.974s] -- Up-to-date: /home/nits/ros2_ws/install/drone_vio_cpp/share/ament_index/resource_index/package_run_dependencies/drone_vio_cpp
[23.974s] -- Up-to-date: /home/nits/ros2_ws/install/drone_vio_cpp/share/ament_index/resource_index/parent_prefix_path/drone_vio_cpp
[23.974s] -- Up-to-date: /home/nits/ros2_ws/install/drone_vio_cpp/share/drone_vio_cpp/environment/ament_prefix_path.sh
[23.975s] -- Up-to-date: /home/nits/ros2_ws/install/drone_vio_cpp/share/drone_vio_cpp/environment/ament_prefix_path.dsv
[23.975s] -- Up-to-date: /home/nits/ros2_ws/install/drone_vio_cpp/share/drone_vio_cpp/environment/path.sh
[23.975s] -- Up-to-date: /home/nits/ros2_ws/install/drone_vio_cpp/share/drone_vio_cpp/environment/path.dsv
[23.975s] -- Up-to-date: /home/nits/ros2_ws/install/drone_vio_cpp/share/drone_vio_cpp/local_setup.bash
[23.975s] -- Up-to-date: /home/nits/ros2_ws/install/drone_vio_cpp/share/drone_vio_cpp/local_setup.sh
[23.975s] -- Up-to-date: /home/nits/ros2_ws/install/drone_vio_cpp/share/drone_vio_cpp/local_setup.zsh
[23.975s] -- Up-to-date: /home/nits/ros2_ws/install/drone_vio_cpp/share/drone_vio_cpp/local_setup.dsv
[23.975s] -- Installing: /home/nits/ros2_ws/install/drone_vio_cpp/share/drone_vio_cpp/package.dsv
[23.976s] -- Up-to-date: /home/nits/ros2_ws/install/drone_vio_cpp/share/ament_index/resource_index/packages/drone_vio_cpp
[23.976s] -- Up-to-date: /home/nits/ros2_ws/install/drone_vio_cpp/share/drone_vio_cpp/cmake/drone_vio_cppConfig.cmake
[23.976s] -- Up-to-date: /home/nits/ros2_ws/install/drone_vio_cpp/share/drone_vio_cpp/cmake/drone_vio_cppConfig-version.cmake
[23.976s] -- Up-to-date: /home/nits/ros2_ws/install/drone_vio_cpp/share/drone_vio_cpp/package.xml
[23.980s] Invoked command in '/home/nits/ros2_ws/build/drone_vio_cpp' returned '0': CMAKE_PREFIX_PATH=/home/nits/ros2_ws/install/realsense2_description:/home/nits/ros2_ws/install/realsense2_camera:/home/nits/ros2_ws/install/realsense2_camera_msgs:/home/nits/ros2_ws/install/drone_vio_py:/home/nits/ros2_ws/install/drone_takeoff:/opt/ros/humble:/home/nits/ros2_ws/install/local_zeroing_pkg:/home/nits/ros2_ws/install/landing_area_detector:/home/nits/ros2_ws/install/flat_area_detector:/home/nits/ros2_ws/install/drone_vio_cpp:/home/nits/ros2_ws/install/boundary_mapper /usr/bin/cmake --install /home/nits/ros2_ws/build/drone_vio_cpp
