running egg_info
writing ../../build/pose_relay/pose_relay.egg-info/PKG-INFO
writing dependency_links to ../../build/pose_relay/pose_relay.egg-info/dependency_links.txt
writing entry points to ../../build/pose_relay/pose_relay.egg-info/entry_points.txt
writing requirements to ../../build/pose_relay/pose_relay.egg-info/requires.txt
writing top-level names to ../../build/pose_relay/pose_relay.egg-info/top_level.txt
reading manifest file '../../build/pose_relay/pose_relay.egg-info/SOURCES.txt'
writing manifest file '../../build/pose_relay/pose_relay.egg-info/SOURCES.txt'
running build
running build_py
copying pose_relay/pose_relay_node.py -> /home/nits/ros2_ws/build/pose_relay/build/lib/pose_relay
copying pose_relay/__init__.py -> /home/nits/ros2_ws/build/pose_relay/build/lib/pose_relay
running install
running install_lib
copying /home/nits/ros2_ws/build/pose_relay/build/lib/pose_relay/pose_relay_node.py -> /home/nits/ros2_ws/install/pose_relay/lib/python3.10/site-packages/pose_relay
byte-compiling /home/nits/ros2_ws/install/pose_relay/lib/python3.10/site-packages/pose_relay/pose_relay_node.py to pose_relay_node.cpython-310.pyc
running install_data
copying resource/pose_relay -> /home/nits/ros2_ws/install/pose_relay/share/ament_index/resource_index/packages
copying package.xml -> /home/nits/ros2_ws/install/pose_relay/share/pose_relay
running install_egg_info
removing '/home/nits/ros2_ws/install/pose_relay/lib/python3.10/site-packages/pose_relay-0.0.0-py3.10.egg-info' (and everything under it)
Copying ../../build/pose_relay/pose_relay.egg-info to /home/nits/ros2_ws/install/pose_relay/lib/python3.10/site-packages/pose_relay-0.0.0-py3.10.egg-info
running install_scripts
Installing pose_relay_node script to /home/nits/ros2_ws/install/pose_relay/lib/pose_relay
writing list of installed files to '/home/nits/ros2_ws/build/pose_relay/install.log'
