[0.025s] Invoking command in '/home/nits/ros2_ws/build/realsense2_description': CMAKE_PREFIX_PATH=/home/nits/ros2_ws/install/realsense2_camera_msgs:/home/nits/ros2_ws/install/realsense2_description:/home/nits/ros2_ws/install/realsense2_camera:/home/nits/ros2_ws/install/flat_area_detector:/home/nits/ros2_ws/install/yellow_boundary_detector:/opt/ros/humble LD_LIBRARY_PATH=/home/nits/ros2_ws/install/realsense2_camera_msgs/lib:/home/nits/vcpkg/installed/arm64-linux/lib:/home/nits/ros2_ws/install/realsense2_camera/lib:/opt/ros/humble/opt/rviz_ogre_vendor/lib:/opt/ros/humble/lib/aarch64-linux-gnu:/opt/ros/humble/lib:/usr/local/cuda-12.2/lib64 /usr/bin/cmake /home/nits/ros2_ws/src/realsense-ros/realsense2_description -DCMAKE_INSTALL_PREFIX=/home/nits/ros2_ws/install/realsense2_description
[0.148s] -- The C compiler identification is GNU 11.4.0
[0.267s] -- The CXX compiler identification is GNU 11.4.0
[0.290s] -- Detecting C compiler ABI info
[0.455s] -- Detecting C compiler ABI info - done
[0.478s] -- Check for working C compiler: /usr/bin/cc - skipped
[0.478s] -- Detecting C compile features
[0.484s] -- Detecting C compile features - done
[0.492s] -- Detecting CXX compiler ABI info
[0.682s] -- Detecting CXX compiler ABI info - done
[0.696s] -- Check for working CXX compiler: /usr/bin/c++ - skipped
[0.696s] -- Detecting CXX compile features
[0.697s] -- Detecting CXX compile features - done
[0.702s] -- Found ament_cmake: 1.3.11 (/opt/ros/humble/share/ament_cmake/cmake)
[1.605s] -- Found Python3: /usr/bin/python3 (found version "3.10.12") found components: Interpreter 
[1.964s] -- Configuring done
[1.970s] -- Generating done
[1.978s] -- Build files have been written to: /home/nits/ros2_ws/build/realsense2_description
[1.991s] Invoked command in '/home/nits/ros2_ws/build/realsense2_description' returned '0': CMAKE_PREFIX_PATH=/home/nits/ros2_ws/install/realsense2_camera_msgs:/home/nits/ros2_ws/install/realsense2_description:/home/nits/ros2_ws/install/realsense2_camera:/home/nits/ros2_ws/install/flat_area_detector:/home/nits/ros2_ws/install/yellow_boundary_detector:/opt/ros/humble LD_LIBRARY_PATH=/home/nits/ros2_ws/install/realsense2_camera_msgs/lib:/home/nits/vcpkg/installed/arm64-linux/lib:/home/nits/ros2_ws/install/realsense2_camera/lib:/opt/ros/humble/opt/rviz_ogre_vendor/lib:/opt/ros/humble/lib/aarch64-linux-gnu:/opt/ros/humble/lib:/usr/local/cuda-12.2/lib64 /usr/bin/cmake /home/nits/ros2_ws/src/realsense-ros/realsense2_description -DCMAKE_INSTALL_PREFIX=/home/nits/ros2_ws/install/realsense2_description
[1.994s] Invoking command in '/home/nits/ros2_ws/build/realsense2_description': CMAKE_PREFIX_PATH=/home/nits/ros2_ws/install/realsense2_camera_msgs:/home/nits/ros2_ws/install/realsense2_description:/home/nits/ros2_ws/install/realsense2_camera:/home/nits/ros2_ws/install/flat_area_detector:/home/nits/ros2_ws/install/yellow_boundary_detector:/opt/ros/humble LD_LIBRARY_PATH=/home/nits/ros2_ws/install/realsense2_camera_msgs/lib:/home/nits/vcpkg/installed/arm64-linux/lib:/home/nits/ros2_ws/install/realsense2_camera/lib:/opt/ros/humble/opt/rviz_ogre_vendor/lib:/opt/ros/humble/lib/aarch64-linux-gnu:/opt/ros/humble/lib:/usr/local/cuda-12.2/lib64 /usr/bin/cmake --build /home/nits/ros2_ws/build/realsense2_description -- -j6 -l6
[2.088s] Invoked command in '/home/nits/ros2_ws/build/realsense2_description' returned '0': CMAKE_PREFIX_PATH=/home/nits/ros2_ws/install/realsense2_camera_msgs:/home/nits/ros2_ws/install/realsense2_description:/home/nits/ros2_ws/install/realsense2_camera:/home/nits/ros2_ws/install/flat_area_detector:/home/nits/ros2_ws/install/yellow_boundary_detector:/opt/ros/humble LD_LIBRARY_PATH=/home/nits/ros2_ws/install/realsense2_camera_msgs/lib:/home/nits/vcpkg/installed/arm64-linux/lib:/home/nits/ros2_ws/install/realsense2_camera/lib:/opt/ros/humble/opt/rviz_ogre_vendor/lib:/opt/ros/humble/lib/aarch64-linux-gnu:/opt/ros/humble/lib:/usr/local/cuda-12.2/lib64 /usr/bin/cmake --build /home/nits/ros2_ws/build/realsense2_description -- -j6 -l6
[2.089s] Invoking command in '/home/nits/ros2_ws/build/realsense2_description': CMAKE_PREFIX_PATH=/home/nits/ros2_ws/install/realsense2_camera_msgs:/home/nits/ros2_ws/install/realsense2_description:/home/nits/ros2_ws/install/realsense2_camera:/home/nits/ros2_ws/install/flat_area_detector:/home/nits/ros2_ws/install/yellow_boundary_detector:/opt/ros/humble LD_LIBRARY_PATH=/home/nits/ros2_ws/install/realsense2_camera_msgs/lib:/home/nits/vcpkg/installed/arm64-linux/lib:/home/nits/ros2_ws/install/realsense2_camera/lib:/opt/ros/humble/opt/rviz_ogre_vendor/lib:/opt/ros/humble/lib/aarch64-linux-gnu:/opt/ros/humble/lib:/usr/local/cuda-12.2/lib64 /usr/bin/cmake --install /home/nits/ros2_ws/build/realsense2_description
[2.106s] -- Install configuration: ""
[2.106s] -- Installing: /home/nits/ros2_ws/install/realsense2_description/share/realsense2_description/launch
[2.107s] -- Installing: /home/nits/ros2_ws/install/realsense2_description/share/realsense2_description/launch/view_model.launch.py
[2.107s] -- Installing: /home/nits/ros2_ws/install/realsense2_description/share/realsense2_description/launch/launch_utils.py
[2.107s] -- Installing: /home/nits/ros2_ws/install/realsense2_description/share/realsense2_description/meshes
[2.107s] -- Installing: /home/nits/ros2_ws/install/realsense2_description/share/realsense2_description/meshes/l515.dae
[2.185s] -- Installing: /home/nits/ros2_ws/install/realsense2_description/share/realsense2_description/meshes/d455.stl
[2.191s] -- Installing: /home/nits/ros2_ws/install/realsense2_description/share/realsense2_description/meshes/d415.stl
[2.235s] -- Installing: /home/nits/ros2_ws/install/realsense2_description/share/realsense2_description/meshes/plug.stl
[2.236s] -- Installing: /home/nits/ros2_ws/install/realsense2_description/share/realsense2_description/meshes/plug_collision.stl
[2.236s] -- Installing: /home/nits/ros2_ws/install/realsense2_description/share/realsense2_description/meshes/d405.stl
[2.237s] -- Installing: /home/nits/ros2_ws/install/realsense2_description/share/realsense2_description/meshes/d435.dae
[2.271s] -- Installing: /home/nits/ros2_ws/install/realsense2_description/share/realsense2_description/rviz
[2.272s] -- Installing: /home/nits/ros2_ws/install/realsense2_description/share/realsense2_description/rviz/urdf.rviz
[2.272s] -- Installing: /home/nits/ros2_ws/install/realsense2_description/share/realsense2_description/urdf
[2.272s] -- Installing: /home/nits/ros2_ws/install/realsense2_description/share/realsense2_description/urdf/_r430.urdf.xacro
[2.272s] -- Installing: /home/nits/ros2_ws/install/realsense2_description/share/realsense2_description/urdf/_materials.urdf.xacro
[2.272s] -- Installing: /home/nits/ros2_ws/install/realsense2_description/share/realsense2_description/urdf/_d415.urdf.xacro
[2.272s] -- Installing: /home/nits/ros2_ws/install/realsense2_description/share/realsense2_description/urdf/test_d455_camera.urdf.xacro
[2.273s] -- Installing: /home/nits/ros2_ws/install/realsense2_description/share/realsense2_description/urdf/_d435i.urdf.xacro
[2.273s] -- Installing: /home/nits/ros2_ws/install/realsense2_description/share/realsense2_description/urdf/test_d435_multiple_cameras.urdf.xacro
[2.273s] -- Installing: /home/nits/ros2_ws/install/realsense2_description/share/realsense2_description/urdf/test_r430_camera.urdf.xacro
[2.273s] -- Installing: /home/nits/ros2_ws/install/realsense2_description/share/realsense2_description/urdf/_d405.urdf.xacro
[2.273s] -- Installing: /home/nits/ros2_ws/install/realsense2_description/share/realsense2_description/urdf/_d455.urdf.xacro
[2.273s] -- Installing: /home/nits/ros2_ws/install/realsense2_description/share/realsense2_description/urdf/test_d405_camera.urdf.xacro
[2.273s] -- Installing: /home/nits/ros2_ws/install/realsense2_description/share/realsense2_description/urdf/_d435i_imu_modules.urdf.xacro
[2.274s] -- Installing: /home/nits/ros2_ws/install/realsense2_description/share/realsense2_description/urdf/test_r410_camera.urdf.xacro
[2.274s] -- Installing: /home/nits/ros2_ws/install/realsense2_description/share/realsense2_description/urdf/test_d415_camera.urdf.xacro
[2.274s] -- Installing: /home/nits/ros2_ws/install/realsense2_description/share/realsense2_description/urdf/_usb_plug.urdf.xacro
[2.274s] -- Installing: /home/nits/ros2_ws/install/realsense2_description/share/realsense2_description/urdf/_r410.urdf.xacro
[2.274s] -- Installing: /home/nits/ros2_ws/install/realsense2_description/share/realsense2_description/urdf/test_d435_camera.urdf.xacro
[2.275s] -- Installing: /home/nits/ros2_ws/install/realsense2_description/share/realsense2_description/urdf/test_d435i_camera.urdf.xacro
[2.275s] -- Installing: /home/nits/ros2_ws/install/realsense2_description/share/realsense2_description/urdf/_d435.urdf.xacro
[2.275s] -- Installing: /home/nits/ros2_ws/install/realsense2_description/share/ament_index/resource_index/package_run_dependencies/realsense2_description
[2.276s] -- Installing: /home/nits/ros2_ws/install/realsense2_description/share/ament_index/resource_index/parent_prefix_path/realsense2_description
[2.276s] -- Installing: /home/nits/ros2_ws/install/realsense2_description/share/realsense2_description/environment/ament_prefix_path.sh
[2.276s] -- Installing: /home/nits/ros2_ws/install/realsense2_description/share/realsense2_description/environment/ament_prefix_path.dsv
[2.277s] -- Installing: /home/nits/ros2_ws/install/realsense2_description/share/realsense2_description/environment/path.sh
[2.277s] -- Installing: /home/nits/ros2_ws/install/realsense2_description/share/realsense2_description/environment/path.dsv
[2.277s] -- Installing: /home/nits/ros2_ws/install/realsense2_description/share/realsense2_description/local_setup.bash
[2.277s] -- Installing: /home/nits/ros2_ws/install/realsense2_description/share/realsense2_description/local_setup.sh
[2.278s] -- Installing: /home/nits/ros2_ws/install/realsense2_description/share/realsense2_description/local_setup.zsh
[2.278s] -- Installing: /home/nits/ros2_ws/install/realsense2_description/share/realsense2_description/local_setup.dsv
[2.278s] -- Installing: /home/nits/ros2_ws/install/realsense2_description/share/realsense2_description/package.dsv
[2.278s] -- Installing: /home/nits/ros2_ws/install/realsense2_description/share/ament_index/resource_index/packages/realsense2_description
[2.279s] -- Installing: /home/nits/ros2_ws/install/realsense2_description/share/realsense2_description/cmake/realsense2_descriptionConfig.cmake
[2.279s] -- Installing: /home/nits/ros2_ws/install/realsense2_description/share/realsense2_description/cmake/realsense2_descriptionConfig-version.cmake
[2.280s] -- Installing: /home/nits/ros2_ws/install/realsense2_description/share/realsense2_description/package.xml
[2.286s] Invoked command in '/home/nits/ros2_ws/build/realsense2_description' returned '0': CMAKE_PREFIX_PATH=/home/nits/ros2_ws/install/realsense2_camera_msgs:/home/nits/ros2_ws/install/realsense2_description:/home/nits/ros2_ws/install/realsense2_camera:/home/nits/ros2_ws/install/flat_area_detector:/home/nits/ros2_ws/install/yellow_boundary_detector:/opt/ros/humble LD_LIBRARY_PATH=/home/nits/ros2_ws/install/realsense2_camera_msgs/lib:/home/nits/vcpkg/installed/arm64-linux/lib:/home/nits/ros2_ws/install/realsense2_camera/lib:/opt/ros/humble/opt/rviz_ogre_vendor/lib:/opt/ros/humble/lib/aarch64-linux-gnu:/opt/ros/humble/lib:/usr/local/cuda-12.2/lib64 /usr/bin/cmake --install /home/nits/ros2_ws/build/realsense2_description
