[0.062s] Invoking command in '/home/nits/ros2_ws/build/boundary_mapper': CMAKE_PREFIX_PATH=/opt/ros/humble:${CMAKE_PREFIX_PATH} /usr/bin/cmake --build /home/nits/ros2_ws/build/boundary_mapper -- -j6 -l6
[0.135s] -- Found ament_cmake: 1.3.11 (/opt/ros/humble/share/ament_cmake/cmake)
[0.465s] -- Found rclcpp: 16.0.11 (/opt/ros/humble/share/rclcpp/cmake)
[0.550s] -- Found rosidl_generator_c: 3.1.6 (/opt/ros/humble/share/rosidl_generator_c/cmake)
[0.556s] -- Found rosidl_adapter: 3.1.6 (/opt/ros/humble/share/rosidl_adapter/cmake)
[0.570s] -- Found rosidl_generator_cpp: 3.1.6 (/opt/ros/humble/share/rosidl_generator_cpp/cmake)
[0.591s] -- Using all available rosidl_typesupport_c: rosidl_typesupport_fastrtps_c;rosidl_typesupport_introspection_c
[0.618s] -- Using all available rosidl_typesupport_cpp: rosidl_typesupport_fastrtps_cpp;rosidl_typesupport_introspection_cpp
[0.686s] -- Found rmw_implementation_cmake: 6.1.2 (/opt/ros/humble/share/rmw_implementation_cmake/cmake)
[0.688s] -- Found rmw_fastrtps_cpp: 6.2.7 (/opt/ros/humble/share/rmw_fastrtps_cpp/cmake)
[0.899s] -- Using RMW implementation 'rmw_fastrtps_cpp' as default
[1.004s] -- Found sensor_msgs: 4.2.4 (/opt/ros/humble/share/sensor_msgs/cmake)
[1.062s] -- Found pcl_conversions: 2.4.5 (/opt/ros/humble/share/pcl_conversions/cmake)
[1.130s] -- Eigen found (include: /usr/include/eigen3, version: 3.4.0)
[1.199s] -- FLANN found (include: /usr/include, lib: /usr/lib/aarch64-linux-gnu/libflann_cpp.so)
[1.905s] -- OpenNI found (version: 1.5.4.0, include: /usr/include/ni, lib: /usr/lib/libOpenNI.so;libusb::libusb)
[1.918s] -- OpenNI2 found (version: 2.2.0.33, include: /usr/include/openni2, lib: /usr/lib/aarch64-linux-gnu/libOpenNI2.so;libusb::libusb)
[2.211s] -- Eigen found (include: /usr/include/eigen3, version: 3.4.0)
[2.226s] -- OpenNI found (version: 1.5.4.0, include: /usr/include/ni, lib: /usr/lib/libOpenNI.so;libusb::libusb)
[2.238s] -- OpenNI2 found (version: 2.2.0.33, include: /usr/include/openni2, lib: /usr/lib/aarch64-linux-gnu/libOpenNI2.so;libusb::libusb)
[2.508s] -- Found Qhull version 8.0.2
[2.792s] -- OpenNI found (version: 1.5.4.0, include: /usr/include/ni, lib: /usr/lib/libOpenNI.so;libusb::libusb)
[3.106s] -- Found cv_bridge: 3.2.1 (/opt/ros/humble/share/cv_bridge/cmake)
[3.125s] -- Found OpenCV: /usr (found version "4.8.0") 
[3.126s] -- Found visualization_msgs: 4.2.4 (/opt/ros/humble/share/visualization_msgs/cmake)
[3.343s] -- Configuring done
[3.433s] -- Generating done
[3.458s] -- Build files have been written to: /home/nits/ros2_ws/build/boundary_mapper
[3.555s] [35m[1mConsolidate compiler generated dependencies of target boundary_mapper_node[0m
[3.625s] [ 50%] [32mBuilding CXX object CMakeFiles/boundary_mapper_node.dir/src/boundary_mapper_node.cpp.o[0m
[38.681s] [100%] [32m[1mLinking CXX executable boundary_mapper_node[0m
[40.326s] /usr/bin/ld: warning: libopencv_imgcodecs.so.4.5d, needed by /opt/ros/humble/lib/libcv_bridge.so, may conflict with libopencv_imgcodecs.so.408
[40.329s] /usr/bin/ld: warning: libopencv_imgproc.so.4.5d, needed by /opt/ros/humble/lib/libcv_bridge.so, may conflict with libopencv_imgproc.so.408
[40.332s] /usr/bin/ld: warning: libopencv_core.so.4.5d, needed by /opt/ros/humble/lib/libcv_bridge.so, may conflict with libopencv_core.so.408
[41.779s] [100%] Built target boundary_mapper_node
[41.807s] Invoked command in '/home/nits/ros2_ws/build/boundary_mapper' returned '0': CMAKE_PREFIX_PATH=/opt/ros/humble:${CMAKE_PREFIX_PATH} /usr/bin/cmake --build /home/nits/ros2_ws/build/boundary_mapper -- -j6 -l6
[41.834s] Invoking command in '/home/nits/ros2_ws/build/boundary_mapper': CMAKE_PREFIX_PATH=/opt/ros/humble:${CMAKE_PREFIX_PATH} /usr/bin/cmake --install /home/nits/ros2_ws/build/boundary_mapper
[41.853s] -- Install configuration: ""
[41.853s] -- Installing: /home/nits/ros2_ws/install/boundary_mapper/lib/boundary_mapper/boundary_mapper_node
[41.869s] -- Set runtime path of "/home/nits/ros2_ws/install/boundary_mapper/lib/boundary_mapper/boundary_mapper_node" to ""
[41.870s] -- Installing: /home/nits/ros2_ws/install/boundary_mapper/share/ament_index/resource_index/package_run_dependencies/boundary_mapper
[41.871s] -- Installing: /home/nits/ros2_ws/install/boundary_mapper/share/ament_index/resource_index/parent_prefix_path/boundary_mapper
[41.871s] -- Up-to-date: /home/nits/ros2_ws/install/boundary_mapper/share/boundary_mapper/environment/ament_prefix_path.sh
[41.872s] -- Installing: /home/nits/ros2_ws/install/boundary_mapper/share/boundary_mapper/environment/ament_prefix_path.dsv
[41.873s] -- Up-to-date: /home/nits/ros2_ws/install/boundary_mapper/share/boundary_mapper/environment/path.sh
[41.873s] -- Installing: /home/nits/ros2_ws/install/boundary_mapper/share/boundary_mapper/environment/path.dsv
[41.873s] -- Up-to-date: /home/nits/ros2_ws/install/boundary_mapper/share/boundary_mapper/local_setup.bash
[41.874s] -- Up-to-date: /home/nits/ros2_ws/install/boundary_mapper/share/boundary_mapper/local_setup.sh
[41.874s] -- Up-to-date: /home/nits/ros2_ws/install/boundary_mapper/share/boundary_mapper/local_setup.zsh
[41.875s] -- Installing: /home/nits/ros2_ws/install/boundary_mapper/share/boundary_mapper/local_setup.dsv
[41.876s] -- Installing: /home/nits/ros2_ws/install/boundary_mapper/share/boundary_mapper/package.dsv
[41.878s] -- Up-to-date: /home/nits/ros2_ws/install/boundary_mapper/share/ament_index/resource_index/packages/boundary_mapper
[41.880s] -- Up-to-date: /home/nits/ros2_ws/install/boundary_mapper/share/boundary_mapper/cmake/boundary_mapperConfig.cmake
[41.880s] -- Up-to-date: /home/nits/ros2_ws/install/boundary_mapper/share/boundary_mapper/cmake/boundary_mapperConfig-version.cmake
[41.881s] -- Installing: /home/nits/ros2_ws/install/boundary_mapper/share/boundary_mapper/package.xml
[41.882s] Invoked command in '/home/nits/ros2_ws/build/boundary_mapper' returned '0': CMAKE_PREFIX_PATH=/opt/ros/humble:${CMAKE_PREFIX_PATH} /usr/bin/cmake --install /home/nits/ros2_ws/build/boundary_mapper
