running egg_info
writing ../../build/altitude_package/altitude_package.egg-info/PKG-INFO
writing dependency_links to ../../build/altitude_package/altitude_package.egg-info/dependency_links.txt
writing entry points to ../../build/altitude_package/altitude_package.egg-info/entry_points.txt
writing requirements to ../../build/altitude_package/altitude_package.egg-info/requires.txt
writing top-level names to ../../build/altitude_package/altitude_package.egg-info/top_level.txt
reading manifest file '../../build/altitude_package/altitude_package.egg-info/SOURCES.txt'
writing manifest file '../../build/altitude_package/altitude_package.egg-info/SOURCES.txt'
running build
running build_py
copying altitude_package/altitude_node.py -> /home/nits/ros2_ws/build/altitude_package/build/lib/altitude_package
copying altitude_package/__init__.py -> /home/nits/ros2_ws/build/altitude_package/build/lib/altitude_package
running install
running install_lib
running install_egg_info
removing '/home/nits/ros2_ws/install/altitude_package/lib/python3.10/site-packages/altitude_package-0.0.1-py3.10.egg-info' (and everything under it)
Copying ../../build/altitude_package/altitude_package.egg-info to /home/nits/ros2_ws/install/altitude_package/lib/python3.10/site-packages/altitude_package-0.0.1-py3.10.egg-info
running install_scripts
Installing altitude_node script to /home/nits/ros2_ws/install/altitude_package/lib/altitude_package
writing list of installed files to '/home/nits/ros2_ws/build/altitude_package/install.log'
