[2.260s] Invoking command in '/home/nits/ros2_ws/src/altitude_package': PYTHONPATH=/home/nits/ros2_ws/build/altitude_package/prefix_override:/usr/lib/python3/dist-packages/colcon_core/task/python/colcon_distutils_commands:/home/nits/ros2_ws/install/altitude_package/lib/python3.10/site-packages:${PYTHONPATH} /usr/bin/python3 -W ignore:setup.py install is deprecated -W ignore:easy_install command is deprecated setup.py egg_info --egg-base ../../build/altitude_package build --build-base /home/nits/ros2_ws/build/altitude_package/build install --record /home/nits/ros2_ws/build/altitude_package/install.log --single-version-externally-managed
[2.909s] running egg_info
[2.952s] writing ../../build/altitude_package/altitude_package.egg-info/PKG-INFO
[2.953s] writing dependency_links to ../../build/altitude_package/altitude_package.egg-info/dependency_links.txt
[2.953s] writing entry points to ../../build/altitude_package/altitude_package.egg-info/entry_points.txt
[2.954s] writing requirements to ../../build/altitude_package/altitude_package.egg-info/requires.txt
[2.954s] writing top-level names to ../../build/altitude_package/altitude_package.egg-info/top_level.txt
[3.048s] reading manifest file '../../build/altitude_package/altitude_package.egg-info/SOURCES.txt'
[3.051s] writing manifest file '../../build/altitude_package/altitude_package.egg-info/SOURCES.txt'
[3.051s] running build
[3.052s] running build_py
[3.052s] copying altitude_package/altitude_node.py -> /home/nits/ros2_ws/build/altitude_package/build/lib/altitude_package
[3.053s] copying altitude_package/__init__.py -> /home/nits/ros2_ws/build/altitude_package/build/lib/altitude_package
[3.053s] running install
[3.065s] running install_lib
[3.113s] running install_egg_info
[3.163s] removing '/home/nits/ros2_ws/install/altitude_package/lib/python3.10/site-packages/altitude_package-0.0.1-py3.10.egg-info' (and everything under it)
[3.165s] Copying ../../build/altitude_package/altitude_package.egg-info to /home/nits/ros2_ws/install/altitude_package/lib/python3.10/site-packages/altitude_package-0.0.1-py3.10.egg-info
[3.168s] running install_scripts
[3.573s] Installing altitude_node script to /home/nits/ros2_ws/install/altitude_package/lib/altitude_package
[3.575s] writing list of installed files to '/home/nits/ros2_ws/build/altitude_package/install.log'
[3.677s] Invoked command in '/home/nits/ros2_ws/src/altitude_package' returned '0': PYTHONPATH=/home/nits/ros2_ws/build/altitude_package/prefix_override:/usr/lib/python3/dist-packages/colcon_core/task/python/colcon_distutils_commands:/home/nits/ros2_ws/install/altitude_package/lib/python3.10/site-packages:${PYTHONPATH} /usr/bin/python3 -W ignore:setup.py install is deprecated -W ignore:easy_install command is deprecated setup.py egg_info --egg-base ../../build/altitude_package build --build-base /home/nits/ros2_ws/build/altitude_package/build install --record /home/nits/ros2_ws/build/altitude_package/install.log --single-version-externally-managed
