[0.240s] DEBUG:colcon:Command line arguments: ['/usr/bin/colcon', 'build', '--packages-select', 'landing_area_detector']
[0.240s] DEBUG:colcon:Parsed command line arguments: Namespace(log_base=None, log_level=None, verb_name='build', build_base='build', install_base='install', merge_install=False, symlink_install=False, test_result_base=None, continue_on_error=False, executor='parallel', parallel_workers=6, event_handlers=None, ignore_user_meta=False, metas=['./colcon.meta'], base_paths=['.'], packages_ignore=None, packages_ignore_regex=None, paths=None, packages_up_to=None, packages_up_to_regex=None, packages_above=None, packages_above_and_dependencies=None, packages_above_depth=None, packages_select_by_dep=None, packages_skip_by_dep=None, packages_skip_up_to=None, packages_select_build_failed=False, packages_skip_build_finished=False, packages_select_test_failures=False, packages_skip_test_passed=False, packages_select=['landing_area_detector'], packages_skip=None, packages_select_regex=None, packages_skip_regex=None, packages_start=None, packages_end=None, allow_overriding=[], cmake_args=None, cmake_target=None, cmake_target_skip_unavailable=False, cmake_clean_cache=False, cmake_clean_first=False, cmake_force_configure=False, ament_cmake_args=None, catkin_cmake_args=None, catkin_skip_building_tests=False, mixin_files=None, mixin=None, verb_parser=<colcon_mixin.mixin.mixin_argument.MixinArgumentDecorator object at 0xffff93467310>, verb_extension=<colcon_core.verb.build.BuildVerb object at 0xffff9365c820>, main=<bound method BuildVerb.main of <colcon_core.verb.build.BuildVerb object at 0xffff9365c820>>, mixin_verb=('build',))
[0.326s] Level 1:colcon.colcon_core.package_discovery:discover_packages(colcon_meta) check parameters
[0.327s] Level 1:colcon.colcon_core.package_discovery:discover_packages(recursive) check parameters
[0.327s] Level 1:colcon.colcon_core.package_discovery:discover_packages(ignore) check parameters
[0.327s] Level 1:colcon.colcon_core.package_discovery:discover_packages(path) check parameters
[0.327s] Level 1:colcon.colcon_core.package_discovery:discover_packages(colcon_meta) discover
[0.327s] Level 1:colcon.colcon_core.package_discovery:discover_packages(recursive) discover
[0.327s] INFO:colcon.colcon_core.package_discovery:Crawling recursively for packages in '/home/nits/ros2_ws'
[0.328s] Level 1:colcon.colcon_core.package_identification:_identify(.) by extensions ['ignore', 'ignore_ament_install']
[0.328s] Level 1:colcon.colcon_core.package_identification:_identify(.) by extension 'ignore'
[0.328s] Level 1:colcon.colcon_core.package_identification:_identify(.) by extension 'ignore_ament_install'
[0.328s] Level 1:colcon.colcon_core.package_identification:_identify(.) by extensions ['colcon_pkg']
[0.328s] Level 1:colcon.colcon_core.package_identification:_identify(.) by extension 'colcon_pkg'
[0.328s] Level 1:colcon.colcon_core.package_identification:_identify(.) by extensions ['colcon_meta']
[0.328s] Level 1:colcon.colcon_core.package_identification:_identify(.) by extension 'colcon_meta'
[0.329s] Level 1:colcon.colcon_core.package_identification:_identify(.) by extensions ['ros']
[0.329s] Level 1:colcon.colcon_core.package_identification:_identify(.) by extension 'ros'
[0.363s] Level 1:colcon.colcon_core.package_identification:_identify(.) by extensions ['cmake', 'python']
[0.363s] Level 1:colcon.colcon_core.package_identification:_identify(.) by extension 'cmake'
[0.363s] Level 1:colcon.colcon_core.package_identification:_identify(.) by extension 'python'
[0.363s] Level 1:colcon.colcon_core.package_identification:_identify(.) by extensions ['python_setup_py']
[0.363s] Level 1:colcon.colcon_core.package_identification:_identify(.) by extension 'python_setup_py'
[0.363s] Level 1:colcon.colcon_core.package_identification:_identify(build) by extensions ['ignore', 'ignore_ament_install']
[0.364s] Level 1:colcon.colcon_core.package_identification:_identify(build) by extension 'ignore'
[0.364s] Level 1:colcon.colcon_core.package_identification:_identify(build) ignored
[0.364s] Level 1:colcon.colcon_core.package_identification:_identify(install) by extensions ['ignore', 'ignore_ament_install']
[0.364s] Level 1:colcon.colcon_core.package_identification:_identify(install) by extension 'ignore'
[0.365s] Level 1:colcon.colcon_core.package_identification:_identify(install) ignored
[0.365s] Level 1:colcon.colcon_core.package_identification:_identify(log) by extensions ['ignore', 'ignore_ament_install']
[0.365s] Level 1:colcon.colcon_core.package_identification:_identify(log) by extension 'ignore'
[0.365s] Level 1:colcon.colcon_core.package_identification:_identify(log) ignored
[0.365s] Level 1:colcon.colcon_core.package_identification:_identify(src) by extensions ['ignore', 'ignore_ament_install']
[0.365s] Level 1:colcon.colcon_core.package_identification:_identify(src) by extension 'ignore'
[0.366s] Level 1:colcon.colcon_core.package_identification:_identify(src) by extension 'ignore_ament_install'
[0.366s] Level 1:colcon.colcon_core.package_identification:_identify(src) by extensions ['colcon_pkg']
[0.366s] Level 1:colcon.colcon_core.package_identification:_identify(src) by extension 'colcon_pkg'
[0.366s] Level 1:colcon.colcon_core.package_identification:_identify(src) by extensions ['colcon_meta']
[0.366s] Level 1:colcon.colcon_core.package_identification:_identify(src) by extension 'colcon_meta'
[0.366s] Level 1:colcon.colcon_core.package_identification:_identify(src) by extensions ['ros']
[0.366s] Level 1:colcon.colcon_core.package_identification:_identify(src) by extension 'ros'
[0.366s] Level 1:colcon.colcon_core.package_identification:_identify(src) by extensions ['cmake', 'python']
[0.366s] Level 1:colcon.colcon_core.package_identification:_identify(src) by extension 'cmake'
[0.366s] Level 1:colcon.colcon_core.package_identification:_identify(src) by extension 'python'
[0.367s] Level 1:colcon.colcon_core.package_identification:_identify(src) by extensions ['python_setup_py']
[0.367s] Level 1:colcon.colcon_core.package_identification:_identify(src) by extension 'python_setup_py'
[0.367s] Level 1:colcon.colcon_core.package_identification:_identify(src/landing_area_detector) by extensions ['ignore', 'ignore_ament_install']
[0.367s] Level 1:colcon.colcon_core.package_identification:_identify(src/landing_area_detector) by extension 'ignore'
[0.367s] Level 1:colcon.colcon_core.package_identification:_identify(src/landing_area_detector) by extension 'ignore_ament_install'
[0.367s] Level 1:colcon.colcon_core.package_identification:_identify(src/landing_area_detector) by extensions ['colcon_pkg']
[0.367s] Level 1:colcon.colcon_core.package_identification:_identify(src/landing_area_detector) by extension 'colcon_pkg'
[0.367s] Level 1:colcon.colcon_core.package_identification:_identify(src/landing_area_detector) by extensions ['colcon_meta']
[0.367s] Level 1:colcon.colcon_core.package_identification:_identify(src/landing_area_detector) by extension 'colcon_meta'
[0.368s] Level 1:colcon.colcon_core.package_identification:_identify(src/landing_area_detector) by extensions ['ros']
[0.368s] Level 1:colcon.colcon_core.package_identification:_identify(src/landing_area_detector) by extension 'ros'
[0.373s] DEBUG:colcon.colcon_core.package_identification:Package 'src/landing_area_detector' with type 'ros.ament_cmake' and name 'landing_area_detector'
[0.374s] Level 1:colcon.colcon_core.package_identification:_identify(src/realsense-ros) by extensions ['ignore', 'ignore_ament_install']
[0.374s] Level 1:colcon.colcon_core.package_identification:_identify(src/realsense-ros) by extension 'ignore'
[0.374s] Level 1:colcon.colcon_core.package_identification:_identify(src/realsense-ros) by extension 'ignore_ament_install'
[0.374s] Level 1:colcon.colcon_core.package_identification:_identify(src/realsense-ros) by extensions ['colcon_pkg']
[0.375s] Level 1:colcon.colcon_core.package_identification:_identify(src/realsense-ros) by extension 'colcon_pkg'
[0.375s] Level 1:colcon.colcon_core.package_identification:_identify(src/realsense-ros) by extensions ['colcon_meta']
[0.375s] Level 1:colcon.colcon_core.package_identification:_identify(src/realsense-ros) by extension 'colcon_meta'
[0.375s] Level 1:colcon.colcon_core.package_identification:_identify(src/realsense-ros) by extensions ['ros']
[0.375s] Level 1:colcon.colcon_core.package_identification:_identify(src/realsense-ros) by extension 'ros'
[0.375s] Level 1:colcon.colcon_core.package_identification:_identify(src/realsense-ros) by extensions ['cmake', 'python']
[0.375s] Level 1:colcon.colcon_core.package_identification:_identify(src/realsense-ros) by extension 'cmake'
[0.375s] Level 1:colcon.colcon_core.package_identification:_identify(src/realsense-ros) by extension 'python'
[0.375s] Level 1:colcon.colcon_core.package_identification:_identify(src/realsense-ros) by extensions ['python_setup_py']
[0.375s] Level 1:colcon.colcon_core.package_identification:_identify(src/realsense-ros) by extension 'python_setup_py'
[0.376s] Level 1:colcon.colcon_core.package_identification:_identify(src/realsense-ros/realsense2_camera) by extensions ['ignore', 'ignore_ament_install']
[0.376s] Level 1:colcon.colcon_core.package_identification:_identify(src/realsense-ros/realsense2_camera) by extension 'ignore'
[0.376s] Level 1:colcon.colcon_core.package_identification:_identify(src/realsense-ros/realsense2_camera) by extension 'ignore_ament_install'
[0.376s] Level 1:colcon.colcon_core.package_identification:_identify(src/realsense-ros/realsense2_camera) by extensions ['colcon_pkg']
[0.376s] Level 1:colcon.colcon_core.package_identification:_identify(src/realsense-ros/realsense2_camera) by extension 'colcon_pkg'
[0.376s] Level 1:colcon.colcon_core.package_identification:_identify(src/realsense-ros/realsense2_camera) by extensions ['colcon_meta']
[0.376s] Level 1:colcon.colcon_core.package_identification:_identify(src/realsense-ros/realsense2_camera) by extension 'colcon_meta'
[0.377s] Level 1:colcon.colcon_core.package_identification:_identify(src/realsense-ros/realsense2_camera) by extensions ['ros']
[0.377s] Level 1:colcon.colcon_core.package_identification:_identify(src/realsense-ros/realsense2_camera) by extension 'ros'
[0.390s] DEBUG:colcon.colcon_core.package_identification:Package 'src/realsense-ros/realsense2_camera' with type 'ros.ament_cmake' and name 'realsense2_camera'
[0.391s] Level 1:colcon.colcon_core.package_identification:_identify(src/realsense-ros/realsense2_camera_msgs) by extensions ['ignore', 'ignore_ament_install']
[0.391s] Level 1:colcon.colcon_core.package_identification:_identify(src/realsense-ros/realsense2_camera_msgs) by extension 'ignore'
[0.391s] Level 1:colcon.colcon_core.package_identification:_identify(src/realsense-ros/realsense2_camera_msgs) by extension 'ignore_ament_install'
[0.391s] Level 1:colcon.colcon_core.package_identification:_identify(src/realsense-ros/realsense2_camera_msgs) by extensions ['colcon_pkg']
[0.391s] Level 1:colcon.colcon_core.package_identification:_identify(src/realsense-ros/realsense2_camera_msgs) by extension 'colcon_pkg'
[0.392s] Level 1:colcon.colcon_core.package_identification:_identify(src/realsense-ros/realsense2_camera_msgs) by extensions ['colcon_meta']
[0.392s] Level 1:colcon.colcon_core.package_identification:_identify(src/realsense-ros/realsense2_camera_msgs) by extension 'colcon_meta'
[0.392s] Level 1:colcon.colcon_core.package_identification:_identify(src/realsense-ros/realsense2_camera_msgs) by extensions ['ros']
[0.392s] Level 1:colcon.colcon_core.package_identification:_identify(src/realsense-ros/realsense2_camera_msgs) by extension 'ros'
[0.393s] DEBUG:colcon.colcon_core.package_identification:Package 'src/realsense-ros/realsense2_camera_msgs' with type 'ros.ament_cmake' and name 'realsense2_camera_msgs'
[0.394s] Level 1:colcon.colcon_core.package_identification:_identify(src/realsense-ros/realsense2_description) by extensions ['ignore', 'ignore_ament_install']
[0.394s] Level 1:colcon.colcon_core.package_identification:_identify(src/realsense-ros/realsense2_description) by extension 'ignore'
[0.394s] Level 1:colcon.colcon_core.package_identification:_identify(src/realsense-ros/realsense2_description) by extension 'ignore_ament_install'
[0.394s] Level 1:colcon.colcon_core.package_identification:_identify(src/realsense-ros/realsense2_description) by extensions ['colcon_pkg']
[0.394s] Level 1:colcon.colcon_core.package_identification:_identify(src/realsense-ros/realsense2_description) by extension 'colcon_pkg'
[0.395s] Level 1:colcon.colcon_core.package_identification:_identify(src/realsense-ros/realsense2_description) by extensions ['colcon_meta']
[0.395s] Level 1:colcon.colcon_core.package_identification:_identify(src/realsense-ros/realsense2_description) by extension 'colcon_meta'
[0.395s] Level 1:colcon.colcon_core.package_identification:_identify(src/realsense-ros/realsense2_description) by extensions ['ros']
[0.395s] Level 1:colcon.colcon_core.package_identification:_identify(src/realsense-ros/realsense2_description) by extension 'ros'
[0.396s] DEBUG:colcon.colcon_core.package_identification:Package 'src/realsense-ros/realsense2_description' with type 'ros.ament_cmake' and name 'realsense2_description'
[0.397s] Level 1:colcon.colcon_core.package_identification:_identify(src/realsense-ros/scripts) by extensions ['ignore', 'ignore_ament_install']
[0.397s] Level 1:colcon.colcon_core.package_identification:_identify(src/realsense-ros/scripts) by extension 'ignore'
[0.397s] Level 1:colcon.colcon_core.package_identification:_identify(src/realsense-ros/scripts) by extension 'ignore_ament_install'
[0.397s] Level 1:colcon.colcon_core.package_identification:_identify(src/realsense-ros/scripts) by extensions ['colcon_pkg']
[0.397s] Level 1:colcon.colcon_core.package_identification:_identify(src/realsense-ros/scripts) by extension 'colcon_pkg'
[0.397s] Level 1:colcon.colcon_core.package_identification:_identify(src/realsense-ros/scripts) by extensions ['colcon_meta']
[0.397s] Level 1:colcon.colcon_core.package_identification:_identify(src/realsense-ros/scripts) by extension 'colcon_meta'
[0.398s] Level 1:colcon.colcon_core.package_identification:_identify(src/realsense-ros/scripts) by extensions ['ros']
[0.398s] Level 1:colcon.colcon_core.package_identification:_identify(src/realsense-ros/scripts) by extension 'ros'
[0.398s] Level 1:colcon.colcon_core.package_identification:_identify(src/realsense-ros/scripts) by extensions ['cmake', 'python']
[0.398s] Level 1:colcon.colcon_core.package_identification:_identify(src/realsense-ros/scripts) by extension 'cmake'
[0.398s] Level 1:colcon.colcon_core.package_identification:_identify(src/realsense-ros/scripts) by extension 'python'
[0.398s] Level 1:colcon.colcon_core.package_identification:_identify(src/realsense-ros/scripts) by extensions ['python_setup_py']
[0.398s] Level 1:colcon.colcon_core.package_identification:_identify(src/realsense-ros/scripts) by extension 'python_setup_py'
[0.398s] Level 1:colcon.colcon_core.package_discovery:discover_packages(recursive) using defaults
[0.398s] Level 1:colcon.colcon_core.package_discovery:discover_packages(ignore) discover
[0.399s] Level 1:colcon.colcon_core.package_discovery:discover_packages(ignore) using defaults
[0.399s] Level 1:colcon.colcon_core.package_discovery:discover_packages(path) discover
[0.399s] Level 1:colcon.colcon_core.package_discovery:discover_packages(path) using defaults
[0.442s] INFO:colcon.colcon_core.package_selection:Skipping not selected package 'realsense2_camera_msgs' in 'src/realsense-ros/realsense2_camera_msgs'
[0.442s] INFO:colcon.colcon_core.package_selection:Skipping not selected package 'realsense2_camera' in 'src/realsense-ros/realsense2_camera'
[0.442s] INFO:colcon.colcon_core.package_selection:Skipping not selected package 'realsense2_description' in 'src/realsense-ros/realsense2_description'
[0.443s] Level 1:colcon.colcon_core.package_discovery:discover_packages(prefix_path) check parameters
[0.443s] Level 1:colcon.colcon_core.package_discovery:discover_packages(prefix_path) discover
[0.447s] DEBUG:colcon.colcon_installed_package_information.package_discovery:Found 5 installed packages in /home/nits/ros2_ws/install
[0.450s] DEBUG:colcon.colcon_installed_package_information.package_discovery:Found 356 installed packages in /opt/ros/humble
[0.454s] Level 1:colcon.colcon_core.package_discovery:discover_packages(prefix_path) using defaults
[0.549s] Level 5:colcon.colcon_core.verb:set package 'landing_area_detector' build argument 'cmake_args' from command line to 'None'
[0.549s] Level 5:colcon.colcon_core.verb:set package 'landing_area_detector' build argument 'cmake_target' from command line to 'None'
[0.549s] Level 5:colcon.colcon_core.verb:set package 'landing_area_detector' build argument 'cmake_target_skip_unavailable' from command line to 'False'
[0.549s] Level 5:colcon.colcon_core.verb:set package 'landing_area_detector' build argument 'cmake_clean_cache' from command line to 'False'
[0.549s] Level 5:colcon.colcon_core.verb:set package 'landing_area_detector' build argument 'cmake_clean_first' from command line to 'False'
[0.549s] Level 5:colcon.colcon_core.verb:set package 'landing_area_detector' build argument 'cmake_force_configure' from command line to 'False'
[0.549s] Level 5:colcon.colcon_core.verb:set package 'landing_area_detector' build argument 'ament_cmake_args' from command line to 'None'
[0.549s] Level 5:colcon.colcon_core.verb:set package 'landing_area_detector' build argument 'catkin_cmake_args' from command line to 'None'
[0.550s] Level 5:colcon.colcon_core.verb:set package 'landing_area_detector' build argument 'catkin_skip_building_tests' from command line to 'False'
[0.550s] DEBUG:colcon.colcon_core.verb:Building package 'landing_area_detector' with the following arguments: {'ament_cmake_args': None, 'build_base': '/home/nits/ros2_ws/build/landing_area_detector', 'catkin_cmake_args': None, 'catkin_skip_building_tests': False, 'cmake_args': None, 'cmake_clean_cache': False, 'cmake_clean_first': False, 'cmake_force_configure': False, 'cmake_target': None, 'cmake_target_skip_unavailable': False, 'install_base': '/home/nits/ros2_ws/install/landing_area_detector', 'merge_install': False, 'path': '/home/nits/ros2_ws/src/landing_area_detector', 'symlink_install': False, 'test_result_base': None}
[0.550s] INFO:colcon.colcon_core.executor:Executing jobs using 'parallel' executor
[0.553s] DEBUG:colcon.colcon_parallel_executor.executor.parallel:run_until_complete
[0.553s] INFO:colcon.colcon_ros.task.ament_cmake.build:Building ROS package in '/home/nits/ros2_ws/src/landing_area_detector' with build type 'ament_cmake'
[0.553s] INFO:colcon.colcon_cmake.task.cmake.build:Building CMake package in '/home/nits/ros2_ws/src/landing_area_detector'
[0.558s] INFO:colcon.colcon_core.plugin_system:Skipping extension 'colcon_core.shell.bat': Not used on non-Windows systems
[0.558s] INFO:colcon.colcon_core.shell:Skip shell extension 'powershell' for command environment: Not usable outside of PowerShell
[0.558s] DEBUG:colcon.colcon_core.shell:Skip shell extension 'dsv' for command environment
[0.582s] DEBUG:colcon.colcon_core.event_handler.log_command:Invoking command in '/home/nits/ros2_ws/build/landing_area_detector': CMAKE_PREFIX_PATH=/home/nits/ros2_ws/install/realsense2_description:/home/nits/ros2_ws/install/realsense2_camera:/home/nits/ros2_ws/install/realsense2_camera_msgs:/home/nits/ros2_ws/install/landing_area_detector:/opt/ros/humble:/home/nits/ros2_ws/install/flat_area_detector /usr/bin/cmake --build /home/nits/ros2_ws/build/landing_area_detector -- -j6 -l6
[40.502s] DEBUG:colcon.colcon_core.event_handler.log_command:Invoked command in '/home/nits/ros2_ws/build/landing_area_detector' returned '0': CMAKE_PREFIX_PATH=/home/nits/ros2_ws/install/realsense2_description:/home/nits/ros2_ws/install/realsense2_camera:/home/nits/ros2_ws/install/realsense2_camera_msgs:/home/nits/ros2_ws/install/landing_area_detector:/opt/ros/humble:/home/nits/ros2_ws/install/flat_area_detector /usr/bin/cmake --build /home/nits/ros2_ws/build/landing_area_detector -- -j6 -l6
[40.530s] DEBUG:colcon.colcon_core.event_handler.log_command:Invoking command in '/home/nits/ros2_ws/build/landing_area_detector': CMAKE_PREFIX_PATH=/home/nits/ros2_ws/install/realsense2_description:/home/nits/ros2_ws/install/realsense2_camera:/home/nits/ros2_ws/install/realsense2_camera_msgs:/home/nits/ros2_ws/install/landing_area_detector:/opt/ros/humble:/home/nits/ros2_ws/install/flat_area_detector /usr/bin/cmake --install /home/nits/ros2_ws/build/landing_area_detector
[40.570s] Level 1:colcon.colcon_core.environment:create_environment_scripts_only(landing_area_detector)
[40.572s] DEBUG:colcon.colcon_core.event_handler.log_command:Invoked command in '/home/nits/ros2_ws/build/landing_area_detector' returned '0': CMAKE_PREFIX_PATH=/home/nits/ros2_ws/install/realsense2_description:/home/nits/ros2_ws/install/realsense2_camera:/home/nits/ros2_ws/install/realsense2_camera_msgs:/home/nits/ros2_ws/install/landing_area_detector:/opt/ros/humble:/home/nits/ros2_ws/install/flat_area_detector /usr/bin/cmake --install /home/nits/ros2_ws/build/landing_area_detector
[40.615s] Level 1:colcon.colcon_core.environment:checking '/home/nits/ros2_ws/install/landing_area_detector' for CMake module files
[40.617s] Level 1:colcon.colcon_core.environment:checking '/home/nits/ros2_ws/install/landing_area_detector' for CMake config files
[40.618s] Level 1:colcon.colcon_core.shell:create_environment_hook('landing_area_detector', 'cmake_prefix_path')
[40.619s] INFO:colcon.colcon_core.shell:Creating environment hook '/home/nits/ros2_ws/install/landing_area_detector/share/landing_area_detector/hook/cmake_prefix_path.ps1'
[40.622s] INFO:colcon.colcon_core.shell:Creating environment descriptor '/home/nits/ros2_ws/install/landing_area_detector/share/landing_area_detector/hook/cmake_prefix_path.dsv'
[40.624s] INFO:colcon.colcon_core.shell:Creating environment hook '/home/nits/ros2_ws/install/landing_area_detector/share/landing_area_detector/hook/cmake_prefix_path.sh'
[40.627s] Level 1:colcon.colcon_core.environment:checking '/home/nits/ros2_ws/install/landing_area_detector/lib'
[40.628s] Level 1:colcon.colcon_core.environment:checking '/home/nits/ros2_ws/install/landing_area_detector/bin'
[40.628s] Level 1:colcon.colcon_core.environment:checking '/home/nits/ros2_ws/install/landing_area_detector/lib/pkgconfig/landing_area_detector.pc'
[40.629s] Level 1:colcon.colcon_core.environment:checking '/home/nits/ros2_ws/install/landing_area_detector/lib/python3.10/site-packages'
[40.630s] Level 1:colcon.colcon_core.environment:checking '/home/nits/ros2_ws/install/landing_area_detector/bin'
[40.631s] INFO:colcon.colcon_core.shell:Creating package script '/home/nits/ros2_ws/install/landing_area_detector/share/landing_area_detector/package.ps1'
[40.635s] INFO:colcon.colcon_core.shell:Creating package descriptor '/home/nits/ros2_ws/install/landing_area_detector/share/landing_area_detector/package.dsv'
[40.637s] INFO:colcon.colcon_core.shell:Creating package script '/home/nits/ros2_ws/install/landing_area_detector/share/landing_area_detector/package.sh'
[40.639s] INFO:colcon.colcon_core.shell:Creating package script '/home/nits/ros2_ws/install/landing_area_detector/share/landing_area_detector/package.bash'
[40.642s] INFO:colcon.colcon_core.shell:Creating package script '/home/nits/ros2_ws/install/landing_area_detector/share/landing_area_detector/package.zsh'
[40.644s] Level 1:colcon.colcon_core.environment:create_file_with_runtime_dependencies(/home/nits/ros2_ws/install/landing_area_detector/share/colcon-core/packages/landing_area_detector)
[40.646s] Level 1:colcon.colcon_core.environment:create_environment_scripts_only(landing_area_detector)
[40.647s] Level 1:colcon.colcon_core.environment:checking '/home/nits/ros2_ws/install/landing_area_detector' for CMake module files
[40.648s] Level 1:colcon.colcon_core.environment:checking '/home/nits/ros2_ws/install/landing_area_detector' for CMake config files
[40.649s] Level 1:colcon.colcon_core.shell:create_environment_hook('landing_area_detector', 'cmake_prefix_path')
[40.649s] INFO:colcon.colcon_core.shell:Creating environment hook '/home/nits/ros2_ws/install/landing_area_detector/share/landing_area_detector/hook/cmake_prefix_path.ps1'
[40.650s] INFO:colcon.colcon_core.shell:Creating environment descriptor '/home/nits/ros2_ws/install/landing_area_detector/share/landing_area_detector/hook/cmake_prefix_path.dsv'
[40.652s] INFO:colcon.colcon_core.shell:Creating environment hook '/home/nits/ros2_ws/install/landing_area_detector/share/landing_area_detector/hook/cmake_prefix_path.sh'
[40.653s] Level 1:colcon.colcon_core.environment:checking '/home/nits/ros2_ws/install/landing_area_detector/lib'
[40.653s] Level 1:colcon.colcon_core.environment:checking '/home/nits/ros2_ws/install/landing_area_detector/bin'
[40.654s] Level 1:colcon.colcon_core.environment:checking '/home/nits/ros2_ws/install/landing_area_detector/lib/pkgconfig/landing_area_detector.pc'
[40.654s] Level 1:colcon.colcon_core.environment:checking '/home/nits/ros2_ws/install/landing_area_detector/lib/python3.10/site-packages'
[40.655s] Level 1:colcon.colcon_core.environment:checking '/home/nits/ros2_ws/install/landing_area_detector/bin'
[40.656s] INFO:colcon.colcon_core.shell:Creating package script '/home/nits/ros2_ws/install/landing_area_detector/share/landing_area_detector/package.ps1'
[40.658s] INFO:colcon.colcon_core.shell:Creating package descriptor '/home/nits/ros2_ws/install/landing_area_detector/share/landing_area_detector/package.dsv'
[40.659s] INFO:colcon.colcon_core.shell:Creating package script '/home/nits/ros2_ws/install/landing_area_detector/share/landing_area_detector/package.sh'
[40.661s] INFO:colcon.colcon_core.shell:Creating package script '/home/nits/ros2_ws/install/landing_area_detector/share/landing_area_detector/package.bash'
[40.662s] INFO:colcon.colcon_core.shell:Creating package script '/home/nits/ros2_ws/install/landing_area_detector/share/landing_area_detector/package.zsh'
[40.663s] Level 1:colcon.colcon_core.environment:create_file_with_runtime_dependencies(/home/nits/ros2_ws/install/landing_area_detector/share/colcon-core/packages/landing_area_detector)
[40.664s] DEBUG:colcon.colcon_parallel_executor.executor.parallel:closing loop
[40.665s] DEBUG:colcon.colcon_parallel_executor.executor.parallel:loop closed
[40.665s] DEBUG:colcon.colcon_parallel_executor.executor.parallel:run_until_complete finished with '0'
[40.665s] DEBUG:colcon.colcon_core.event_reactor:joining thread
[40.686s] INFO:colcon.colcon_core.plugin_system:Skipping extension 'colcon_notification.desktop_notification.terminal_notifier': Not used on non-Darwin systems
[40.687s] INFO:colcon.colcon_core.plugin_system:Skipping extension 'colcon_notification.desktop_notification.win32': Not used on non-Windows systems
[40.687s] INFO:colcon.colcon_notification.desktop_notification:Sending desktop notification using 'notify2'
[40.736s] DEBUG:colcon.colcon_core.event_reactor:joined thread
[40.737s] INFO:colcon.colcon_core.shell:Creating prefix script '/home/nits/ros2_ws/install/local_setup.ps1'
[40.740s] INFO:colcon.colcon_core.shell:Creating prefix util module '/home/nits/ros2_ws/install/_local_setup_util_ps1.py'
[40.743s] INFO:colcon.colcon_core.shell:Creating prefix chain script '/home/nits/ros2_ws/install/setup.ps1'
[40.747s] INFO:colcon.colcon_core.shell:Creating prefix script '/home/nits/ros2_ws/install/local_setup.sh'
[40.749s] INFO:colcon.colcon_core.shell:Creating prefix util module '/home/nits/ros2_ws/install/_local_setup_util_sh.py'
[40.750s] INFO:colcon.colcon_core.shell:Creating prefix chain script '/home/nits/ros2_ws/install/setup.sh'
[40.754s] INFO:colcon.colcon_core.shell:Creating prefix script '/home/nits/ros2_ws/install/local_setup.bash'
[40.755s] INFO:colcon.colcon_core.shell:Creating prefix chain script '/home/nits/ros2_ws/install/setup.bash'
[40.759s] INFO:colcon.colcon_core.shell:Creating prefix script '/home/nits/ros2_ws/install/local_setup.zsh'
[40.761s] INFO:colcon.colcon_core.shell:Creating prefix chain script '/home/nits/ros2_ws/install/setup.zsh'
