[2.719s] Invoking command in '/home/nits/ros2_ws/src/my_package': PYTHONPATH=/home/nits/ros2_ws/build/my_package/prefix_override:/usr/lib/python3/dist-packages/colcon_core/task/python/colcon_distutils_commands:/home/nits/ros2_ws/install/my_package/lib/python3.10/site-packages:${PYTHONPATH} /usr/bin/python3 -W ignore:setup.py install is deprecated -W ignore:easy_install command is deprecated setup.py egg_info --egg-base ../../build/my_package build --build-base /home/nits/ros2_ws/build/my_package/build install --record /home/nits/ros2_ws/build/my_package/install.log --single-version-externally-managed install_data
[3.386s] running egg_info
[3.427s] creating ../../build/my_package/my_package.egg-info
[3.427s] writing ../../build/my_package/my_package.egg-info/PKG-INFO
[3.428s] writing dependency_links to ../../build/my_package/my_package.egg-info/dependency_links.txt
[3.428s] writing entry points to ../../build/my_package/my_package.egg-info/entry_points.txt
[3.429s] writing requirements to ../../build/my_package/my_package.egg-info/requires.txt
[3.429s] writing top-level names to ../../build/my_package/my_package.egg-info/top_level.txt
[3.429s] writing manifest file '../../build/my_package/my_package.egg-info/SOURCES.txt'
[3.515s] reading manifest file '../../build/my_package/my_package.egg-info/SOURCES.txt'
[3.518s] writing manifest file '../../build/my_package/my_package.egg-info/SOURCES.txt'
[3.518s] running build
[3.519s] running build_py
[3.519s] creating /home/nits/ros2_ws/build/my_package/build/lib/my_package
[3.520s] copying my_package/local_pose_republisher.py -> /home/nits/ros2_ws/build/my_package/build/lib/my_package
[3.520s] copying my_package/__init__.py -> /home/nits/ros2_ws/build/my_package/build/lib/my_package
[3.521s] running install
[3.531s] running install_lib
[3.573s] creating /home/nits/ros2_ws/install/my_package/lib/python3.10/site-packages/my_package
[3.574s] copying /home/nits/ros2_ws/build/my_package/build/lib/my_package/local_pose_republisher.py -> /home/nits/ros2_ws/install/my_package/lib/python3.10/site-packages/my_package
[3.574s] copying /home/nits/ros2_ws/build/my_package/build/lib/my_package/__init__.py -> /home/nits/ros2_ws/install/my_package/lib/python3.10/site-packages/my_package
[3.575s] byte-compiling /home/nits/ros2_ws/install/my_package/lib/python3.10/site-packages/my_package/local_pose_republisher.py to local_pose_republisher.cpython-310.pyc
[3.576s] byte-compiling /home/nits/ros2_ws/install/my_package/lib/python3.10/site-packages/my_package/__init__.py to __init__.cpython-310.pyc
[3.577s] running install_data
[3.578s] creating /home/nits/ros2_ws/install/my_package/share/ament_index/resource_index/packages
[3.579s] copying resource/my_package -> /home/nits/ros2_ws/install/my_package/share/ament_index/resource_index/packages
[3.579s] copying package.xml -> /home/nits/ros2_ws/install/my_package/share/my_package
[3.579s] running install_egg_info
[3.624s] Copying ../../build/my_package/my_package.egg-info to /home/nits/ros2_ws/install/my_package/lib/python3.10/site-packages/my_package-0.0.0-py3.10.egg-info
[3.626s] running install_scripts
[3.964s] Installing local_pose_republisher script to /home/nits/ros2_ws/install/my_package/lib/my_package
[3.965s] writing list of installed files to '/home/nits/ros2_ws/build/my_package/install.log'
[4.059s] Invoked command in '/home/nits/ros2_ws/src/my_package' returned '0': PYTHONPATH=/home/nits/ros2_ws/build/my_package/prefix_override:/usr/lib/python3/dist-packages/colcon_core/task/python/colcon_distutils_commands:/home/nits/ros2_ws/install/my_package/lib/python3.10/site-packages:${PYTHONPATH} /usr/bin/python3 -W ignore:setup.py install is deprecated -W ignore:easy_install command is deprecated setup.py egg_info --egg-base ../../build/my_package build --build-base /home/nits/ros2_ws/build/my_package/build install --record /home/nits/ros2_ws/build/my_package/install.log --single-version-externally-managed install_data
