[0.276s] DEBUG:colcon:Command line arguments: ['/usr/bin/colcon', 'build', '--packages-select', 'drone_vio_cpp']
[0.276s] DEBUG:colcon:Parsed command line arguments: Namespace(log_base=None, log_level=None, verb_name='build', build_base='build', install_base='install', merge_install=False, symlink_install=False, test_result_base=None, continue_on_error=False, executor='parallel', parallel_workers=6, event_handlers=None, ignore_user_meta=False, metas=['./colcon.meta'], base_paths=['.'], packages_ignore=None, packages_ignore_regex=None, paths=None, packages_up_to=None, packages_up_to_regex=None, packages_above=None, packages_above_and_dependencies=None, packages_above_depth=None, packages_select_by_dep=None, packages_skip_by_dep=None, packages_skip_up_to=None, packages_select_build_failed=False, packages_skip_build_finished=False, packages_select_test_failures=False, packages_skip_test_passed=False, packages_select=['drone_vio_cpp'], packages_skip=None, packages_select_regex=None, packages_skip_regex=None, packages_start=None, packages_end=None, allow_overriding=[], cmake_args=None, cmake_target=None, cmake_target_skip_unavailable=False, cmake_clean_cache=False, cmake_clean_first=False, cmake_force_configure=False, ament_cmake_args=None, catkin_cmake_args=None, catkin_skip_building_tests=False, mixin_files=None, mixin=None, verb_parser=<colcon_mixin.mixin.mixin_argument.MixinArgumentDecorator object at 0xffffb15e3970>, verb_extension=<colcon_core.verb.build.BuildVerb object at 0xffffb17d8f10>, main=<bound method BuildVerb.main of <colcon_core.verb.build.BuildVerb object at 0xffffb17d8f10>>, mixin_verb=('build',))
[0.379s] Level 1:colcon.colcon_core.package_discovery:discover_packages(colcon_meta) check parameters
[0.380s] Level 1:colcon.colcon_core.package_discovery:discover_packages(recursive) check parameters
[0.380s] Level 1:colcon.colcon_core.package_discovery:discover_packages(ignore) check parameters
[0.380s] Level 1:colcon.colcon_core.package_discovery:discover_packages(path) check parameters
[0.380s] Level 1:colcon.colcon_core.package_discovery:discover_packages(colcon_meta) discover
[0.380s] Level 1:colcon.colcon_core.package_discovery:discover_packages(recursive) discover
[0.380s] INFO:colcon.colcon_core.package_discovery:Crawling recursively for packages in '/home/nits/ros2_ws'
[0.380s] Level 1:colcon.colcon_core.package_identification:_identify(.) by extensions ['ignore', 'ignore_ament_install']
[0.381s] Level 1:colcon.colcon_core.package_identification:_identify(.) by extension 'ignore'
[0.381s] Level 1:colcon.colcon_core.package_identification:_identify(.) by extension 'ignore_ament_install'
[0.381s] Level 1:colcon.colcon_core.package_identification:_identify(.) by extensions ['colcon_pkg']
[0.381s] Level 1:colcon.colcon_core.package_identification:_identify(.) by extension 'colcon_pkg'
[0.381s] Level 1:colcon.colcon_core.package_identification:_identify(.) by extensions ['colcon_meta']
[0.381s] Level 1:colcon.colcon_core.package_identification:_identify(.) by extension 'colcon_meta'
[0.381s] Level 1:colcon.colcon_core.package_identification:_identify(.) by extensions ['ros']
[0.381s] Level 1:colcon.colcon_core.package_identification:_identify(.) by extension 'ros'
[0.415s] Level 1:colcon.colcon_core.package_identification:_identify(.) by extensions ['cmake', 'python']
[0.415s] Level 1:colcon.colcon_core.package_identification:_identify(.) by extension 'cmake'
[0.416s] Level 1:colcon.colcon_core.package_identification:_identify(.) by extension 'python'
[0.416s] Level 1:colcon.colcon_core.package_identification:_identify(.) by extensions ['python_setup_py']
[0.416s] Level 1:colcon.colcon_core.package_identification:_identify(.) by extension 'python_setup_py'
[0.416s] Level 1:colcon.colcon_core.package_identification:_identify(build) by extensions ['ignore', 'ignore_ament_install']
[0.416s] Level 1:colcon.colcon_core.package_identification:_identify(build) by extension 'ignore'
[0.416s] Level 1:colcon.colcon_core.package_identification:_identify(build) ignored
[0.417s] Level 1:colcon.colcon_core.package_identification:_identify(install) by extensions ['ignore', 'ignore_ament_install']
[0.417s] Level 1:colcon.colcon_core.package_identification:_identify(install) by extension 'ignore'
[0.417s] Level 1:colcon.colcon_core.package_identification:_identify(install) ignored
[0.417s] Level 1:colcon.colcon_core.package_identification:_identify(log) by extensions ['ignore', 'ignore_ament_install']
[0.417s] Level 1:colcon.colcon_core.package_identification:_identify(log) by extension 'ignore'
[0.418s] Level 1:colcon.colcon_core.package_identification:_identify(log) ignored
[0.418s] Level 1:colcon.colcon_core.package_identification:_identify(src) by extensions ['ignore', 'ignore_ament_install']
[0.418s] Level 1:colcon.colcon_core.package_identification:_identify(src) by extension 'ignore'
[0.418s] Level 1:colcon.colcon_core.package_identification:_identify(src) by extension 'ignore_ament_install'
[0.418s] Level 1:colcon.colcon_core.package_identification:_identify(src) by extensions ['colcon_pkg']
[0.418s] Level 1:colcon.colcon_core.package_identification:_identify(src) by extension 'colcon_pkg'
[0.418s] Level 1:colcon.colcon_core.package_identification:_identify(src) by extensions ['colcon_meta']
[0.418s] Level 1:colcon.colcon_core.package_identification:_identify(src) by extension 'colcon_meta'
[0.419s] Level 1:colcon.colcon_core.package_identification:_identify(src) by extensions ['ros']
[0.419s] Level 1:colcon.colcon_core.package_identification:_identify(src) by extension 'ros'
[0.419s] Level 1:colcon.colcon_core.package_identification:_identify(src) by extensions ['cmake', 'python']
[0.419s] Level 1:colcon.colcon_core.package_identification:_identify(src) by extension 'cmake'
[0.419s] Level 1:colcon.colcon_core.package_identification:_identify(src) by extension 'python'
[0.419s] Level 1:colcon.colcon_core.package_identification:_identify(src) by extensions ['python_setup_py']
[0.419s] Level 1:colcon.colcon_core.package_identification:_identify(src) by extension 'python_setup_py'
[0.419s] Level 1:colcon.colcon_core.package_identification:_identify(src/boundary_mapper) by extensions ['ignore', 'ignore_ament_install']
[0.420s] Level 1:colcon.colcon_core.package_identification:_identify(src/boundary_mapper) by extension 'ignore'
[0.420s] Level 1:colcon.colcon_core.package_identification:_identify(src/boundary_mapper) by extension 'ignore_ament_install'
[0.420s] Level 1:colcon.colcon_core.package_identification:_identify(src/boundary_mapper) by extensions ['colcon_pkg']
[0.420s] Level 1:colcon.colcon_core.package_identification:_identify(src/boundary_mapper) by extension 'colcon_pkg'
[0.420s] Level 1:colcon.colcon_core.package_identification:_identify(src/boundary_mapper) by extensions ['colcon_meta']
[0.420s] Level 1:colcon.colcon_core.package_identification:_identify(src/boundary_mapper) by extension 'colcon_meta'
[0.420s] Level 1:colcon.colcon_core.package_identification:_identify(src/boundary_mapper) by extensions ['ros']
[0.420s] Level 1:colcon.colcon_core.package_identification:_identify(src/boundary_mapper) by extension 'ros'
[0.427s] DEBUG:colcon.colcon_core.package_identification:Package 'src/boundary_mapper' with type 'ros.ament_cmake' and name 'boundary_mapper'
[0.427s] Level 1:colcon.colcon_core.package_identification:_identify(src/drone_takeoff) by extensions ['ignore', 'ignore_ament_install']
[0.427s] Level 1:colcon.colcon_core.package_identification:_identify(src/drone_takeoff) by extension 'ignore'
[0.427s] Level 1:colcon.colcon_core.package_identification:_identify(src/drone_takeoff) by extension 'ignore_ament_install'
[0.427s] Level 1:colcon.colcon_core.package_identification:_identify(src/drone_takeoff) by extensions ['colcon_pkg']
[0.428s] Level 1:colcon.colcon_core.package_identification:_identify(src/drone_takeoff) by extension 'colcon_pkg'
[0.428s] Level 1:colcon.colcon_core.package_identification:_identify(src/drone_takeoff) by extensions ['colcon_meta']
[0.428s] Level 1:colcon.colcon_core.package_identification:_identify(src/drone_takeoff) by extension 'colcon_meta'
[0.428s] Level 1:colcon.colcon_core.package_identification:_identify(src/drone_takeoff) by extensions ['ros']
[0.428s] Level 1:colcon.colcon_core.package_identification:_identify(src/drone_takeoff) by extension 'ros'
[0.429s] DEBUG:colcon.colcon_core.package_identification:Package 'src/drone_takeoff' with type 'ros.ament_python' and name 'drone_takeoff'
[0.430s] Level 1:colcon.colcon_core.package_identification:_identify(src/drone_vio_cpp) by extensions ['ignore', 'ignore_ament_install']
[0.430s] Level 1:colcon.colcon_core.package_identification:_identify(src/drone_vio_cpp) by extension 'ignore'
[0.430s] Level 1:colcon.colcon_core.package_identification:_identify(src/drone_vio_cpp) by extension 'ignore_ament_install'
[0.430s] Level 1:colcon.colcon_core.package_identification:_identify(src/drone_vio_cpp) by extensions ['colcon_pkg']
[0.430s] Level 1:colcon.colcon_core.package_identification:_identify(src/drone_vio_cpp) by extension 'colcon_pkg'
[0.430s] Level 1:colcon.colcon_core.package_identification:_identify(src/drone_vio_cpp) by extensions ['colcon_meta']
[0.430s] Level 1:colcon.colcon_core.package_identification:_identify(src/drone_vio_cpp) by extension 'colcon_meta'
[0.431s] Level 1:colcon.colcon_core.package_identification:_identify(src/drone_vio_cpp) by extensions ['ros']
[0.431s] Level 1:colcon.colcon_core.package_identification:_identify(src/drone_vio_cpp) by extension 'ros'
[0.433s] DEBUG:colcon.colcon_core.package_identification:Found ROS schema reference in package manifest in 'src/drone_vio_cpp'
[0.433s] WARNING:colcon.colcon_core.package_identification:Failed to parse ROS package manifest in 'src/drone_vio_cpp': Error(s) in package 'src/drone_vio_cpp/package.xml':
Error(s):
- The generic dependency on 'rclcpp' is redundant with: build_depend, build_export_depend, exec_depend
- The generic dependency on 'nav_msgs' is redundant with: build_depend, build_export_depend, exec_depend
- The generic dependency on 'geometry_msgs' is redundant with: build_depend, build_export_depend, exec_depend
[0.433s] Level 1:colcon.colcon_core.package_identification:_identify(src/drone_vio_cpp) by extensions ['cmake', 'python']
[0.433s] Level 1:colcon.colcon_core.package_identification:_identify(src/drone_vio_cpp) by extension 'cmake'
[0.436s] Level 1:colcon.colcon_core.package_identification:_identify(src/drone_vio_cpp) by extension 'python'
[0.436s] DEBUG:colcon.colcon_core.package_identification:Package 'src/drone_vio_cpp' with type 'cmake' and name 'drone_vio_cpp'
[0.436s] Level 1:colcon.colcon_core.package_identification:_identify(src/landing_area_detector) by extensions ['ignore', 'ignore_ament_install']
[0.436s] Level 1:colcon.colcon_core.package_identification:_identify(src/landing_area_detector) by extension 'ignore'
[0.436s] Level 1:colcon.colcon_core.package_identification:_identify(src/landing_area_detector) by extension 'ignore_ament_install'
[0.437s] Level 1:colcon.colcon_core.package_identification:_identify(src/landing_area_detector) by extensions ['colcon_pkg']
[0.437s] Level 1:colcon.colcon_core.package_identification:_identify(src/landing_area_detector) by extension 'colcon_pkg'
[0.437s] Level 1:colcon.colcon_core.package_identification:_identify(src/landing_area_detector) by extensions ['colcon_meta']
[0.437s] Level 1:colcon.colcon_core.package_identification:_identify(src/landing_area_detector) by extension 'colcon_meta'
[0.437s] Level 1:colcon.colcon_core.package_identification:_identify(src/landing_area_detector) by extensions ['ros']
[0.437s] Level 1:colcon.colcon_core.package_identification:_identify(src/landing_area_detector) by extension 'ros'
[0.439s] DEBUG:colcon.colcon_core.package_identification:Package 'src/landing_area_detector' with type 'ros.ament_cmake' and name 'landing_area_detector'
[0.439s] Level 1:colcon.colcon_core.package_identification:_identify(src/local_zeroing_pkg) by extensions ['ignore', 'ignore_ament_install']
[0.439s] Level 1:colcon.colcon_core.package_identification:_identify(src/local_zeroing_pkg) by extension 'ignore'
[0.439s] Level 1:colcon.colcon_core.package_identification:_identify(src/local_zeroing_pkg) by extension 'ignore_ament_install'
[0.440s] Level 1:colcon.colcon_core.package_identification:_identify(src/local_zeroing_pkg) by extensions ['colcon_pkg']
[0.440s] Level 1:colcon.colcon_core.package_identification:_identify(src/local_zeroing_pkg) by extension 'colcon_pkg'
[0.440s] Level 1:colcon.colcon_core.package_identification:_identify(src/local_zeroing_pkg) by extensions ['colcon_meta']
[0.440s] Level 1:colcon.colcon_core.package_identification:_identify(src/local_zeroing_pkg) by extension 'colcon_meta'
[0.440s] Level 1:colcon.colcon_core.package_identification:_identify(src/local_zeroing_pkg) by extensions ['ros']
[0.440s] Level 1:colcon.colcon_core.package_identification:_identify(src/local_zeroing_pkg) by extension 'ros'
[0.442s] DEBUG:colcon.colcon_core.package_identification:Package 'src/local_zeroing_pkg' with type 'ros.ament_cmake' and name 'local_zeroing_pkg'
[0.442s] Level 1:colcon.colcon_core.package_identification:_identify(src/realsense-ros) by extensions ['ignore', 'ignore_ament_install']
[0.442s] Level 1:colcon.colcon_core.package_identification:_identify(src/realsense-ros) by extension 'ignore'
[0.442s] Level 1:colcon.colcon_core.package_identification:_identify(src/realsense-ros) by extension 'ignore_ament_install'
[0.442s] Level 1:colcon.colcon_core.package_identification:_identify(src/realsense-ros) by extensions ['colcon_pkg']
[0.442s] Level 1:colcon.colcon_core.package_identification:_identify(src/realsense-ros) by extension 'colcon_pkg'
[0.443s] Level 1:colcon.colcon_core.package_identification:_identify(src/realsense-ros) by extensions ['colcon_meta']
[0.443s] Level 1:colcon.colcon_core.package_identification:_identify(src/realsense-ros) by extension 'colcon_meta'
[0.443s] Level 1:colcon.colcon_core.package_identification:_identify(src/realsense-ros) by extensions ['ros']
[0.443s] Level 1:colcon.colcon_core.package_identification:_identify(src/realsense-ros) by extension 'ros'
[0.443s] Level 1:colcon.colcon_core.package_identification:_identify(src/realsense-ros) by extensions ['cmake', 'python']
[0.443s] Level 1:colcon.colcon_core.package_identification:_identify(src/realsense-ros) by extension 'cmake'
[0.443s] Level 1:colcon.colcon_core.package_identification:_identify(src/realsense-ros) by extension 'python'
[0.443s] Level 1:colcon.colcon_core.package_identification:_identify(src/realsense-ros) by extensions ['python_setup_py']
[0.443s] Level 1:colcon.colcon_core.package_identification:_identify(src/realsense-ros) by extension 'python_setup_py'
[0.444s] Level 1:colcon.colcon_core.package_identification:_identify(src/realsense-ros/realsense2_camera) by extensions ['ignore', 'ignore_ament_install']
[0.444s] Level 1:colcon.colcon_core.package_identification:_identify(src/realsense-ros/realsense2_camera) by extension 'ignore'
[0.444s] Level 1:colcon.colcon_core.package_identification:_identify(src/realsense-ros/realsense2_camera) by extension 'ignore_ament_install'
[0.444s] Level 1:colcon.colcon_core.package_identification:_identify(src/realsense-ros/realsense2_camera) by extensions ['colcon_pkg']
[0.444s] Level 1:colcon.colcon_core.package_identification:_identify(src/realsense-ros/realsense2_camera) by extension 'colcon_pkg'
[0.444s] Level 1:colcon.colcon_core.package_identification:_identify(src/realsense-ros/realsense2_camera) by extensions ['colcon_meta']
[0.444s] Level 1:colcon.colcon_core.package_identification:_identify(src/realsense-ros/realsense2_camera) by extension 'colcon_meta'
[0.444s] Level 1:colcon.colcon_core.package_identification:_identify(src/realsense-ros/realsense2_camera) by extensions ['ros']
[0.444s] Level 1:colcon.colcon_core.package_identification:_identify(src/realsense-ros/realsense2_camera) by extension 'ros'
[0.457s] DEBUG:colcon.colcon_core.package_identification:Package 'src/realsense-ros/realsense2_camera' with type 'ros.ament_cmake' and name 'realsense2_camera'
[0.458s] Level 1:colcon.colcon_core.package_identification:_identify(src/realsense-ros/realsense2_camera_msgs) by extensions ['ignore', 'ignore_ament_install']
[0.458s] Level 1:colcon.colcon_core.package_identification:_identify(src/realsense-ros/realsense2_camera_msgs) by extension 'ignore'
[0.458s] Level 1:colcon.colcon_core.package_identification:_identify(src/realsense-ros/realsense2_camera_msgs) by extension 'ignore_ament_install'
[0.458s] Level 1:colcon.colcon_core.package_identification:_identify(src/realsense-ros/realsense2_camera_msgs) by extensions ['colcon_pkg']
[0.458s] Level 1:colcon.colcon_core.package_identification:_identify(src/realsense-ros/realsense2_camera_msgs) by extension 'colcon_pkg'
[0.458s] Level 1:colcon.colcon_core.package_identification:_identify(src/realsense-ros/realsense2_camera_msgs) by extensions ['colcon_meta']
[0.458s] Level 1:colcon.colcon_core.package_identification:_identify(src/realsense-ros/realsense2_camera_msgs) by extension 'colcon_meta'
[0.459s] Level 1:colcon.colcon_core.package_identification:_identify(src/realsense-ros/realsense2_camera_msgs) by extensions ['ros']
[0.459s] Level 1:colcon.colcon_core.package_identification:_identify(src/realsense-ros/realsense2_camera_msgs) by extension 'ros'
[0.460s] DEBUG:colcon.colcon_core.package_identification:Package 'src/realsense-ros/realsense2_camera_msgs' with type 'ros.ament_cmake' and name 'realsense2_camera_msgs'
[0.460s] Level 1:colcon.colcon_core.package_identification:_identify(src/realsense-ros/realsense2_description) by extensions ['ignore', 'ignore_ament_install']
[0.461s] Level 1:colcon.colcon_core.package_identification:_identify(src/realsense-ros/realsense2_description) by extension 'ignore'
[0.461s] Level 1:colcon.colcon_core.package_identification:_identify(src/realsense-ros/realsense2_description) by extension 'ignore_ament_install'
[0.461s] Level 1:colcon.colcon_core.package_identification:_identify(src/realsense-ros/realsense2_description) by extensions ['colcon_pkg']
[0.461s] Level 1:colcon.colcon_core.package_identification:_identify(src/realsense-ros/realsense2_description) by extension 'colcon_pkg'
[0.461s] Level 1:colcon.colcon_core.package_identification:_identify(src/realsense-ros/realsense2_description) by extensions ['colcon_meta']
[0.461s] Level 1:colcon.colcon_core.package_identification:_identify(src/realsense-ros/realsense2_description) by extension 'colcon_meta'
[0.461s] Level 1:colcon.colcon_core.package_identification:_identify(src/realsense-ros/realsense2_description) by extensions ['ros']
[0.461s] Level 1:colcon.colcon_core.package_identification:_identify(src/realsense-ros/realsense2_description) by extension 'ros'
[0.463s] DEBUG:colcon.colcon_core.package_identification:Package 'src/realsense-ros/realsense2_description' with type 'ros.ament_cmake' and name 'realsense2_description'
[0.463s] Level 1:colcon.colcon_core.package_identification:_identify(src/realsense-ros/scripts) by extensions ['ignore', 'ignore_ament_install']
[0.464s] Level 1:colcon.colcon_core.package_identification:_identify(src/realsense-ros/scripts) by extension 'ignore'
[0.464s] Level 1:colcon.colcon_core.package_identification:_identify(src/realsense-ros/scripts) by extension 'ignore_ament_install'
[0.464s] Level 1:colcon.colcon_core.package_identification:_identify(src/realsense-ros/scripts) by extensions ['colcon_pkg']
[0.464s] Level 1:colcon.colcon_core.package_identification:_identify(src/realsense-ros/scripts) by extension 'colcon_pkg'
[0.464s] Level 1:colcon.colcon_core.package_identification:_identify(src/realsense-ros/scripts) by extensions ['colcon_meta']
[0.464s] Level 1:colcon.colcon_core.package_identification:_identify(src/realsense-ros/scripts) by extension 'colcon_meta'
[0.464s] Level 1:colcon.colcon_core.package_identification:_identify(src/realsense-ros/scripts) by extensions ['ros']
[0.464s] Level 1:colcon.colcon_core.package_identification:_identify(src/realsense-ros/scripts) by extension 'ros'
[0.465s] Level 1:colcon.colcon_core.package_identification:_identify(src/realsense-ros/scripts) by extensions ['cmake', 'python']
[0.465s] Level 1:colcon.colcon_core.package_identification:_identify(src/realsense-ros/scripts) by extension 'cmake'
[0.465s] Level 1:colcon.colcon_core.package_identification:_identify(src/realsense-ros/scripts) by extension 'python'
[0.465s] Level 1:colcon.colcon_core.package_identification:_identify(src/realsense-ros/scripts) by extensions ['python_setup_py']
[0.465s] Level 1:colcon.colcon_core.package_identification:_identify(src/realsense-ros/scripts) by extension 'python_setup_py'
[0.465s] Level 1:colcon.colcon_core.package_discovery:discover_packages(recursive) using defaults
[0.465s] Level 1:colcon.colcon_core.package_discovery:discover_packages(ignore) discover
[0.465s] Level 1:colcon.colcon_core.package_discovery:discover_packages(ignore) using defaults
[0.465s] Level 1:colcon.colcon_core.package_discovery:discover_packages(path) discover
[0.465s] Level 1:colcon.colcon_core.package_discovery:discover_packages(path) using defaults
[0.510s] INFO:colcon.colcon_core.package_selection:Skipping not selected package 'boundary_mapper' in 'src/boundary_mapper'
[0.510s] INFO:colcon.colcon_core.package_selection:Skipping not selected package 'drone_takeoff' in 'src/drone_takeoff'
[0.510s] INFO:colcon.colcon_core.package_selection:Skipping not selected package 'landing_area_detector' in 'src/landing_area_detector'
[0.510s] INFO:colcon.colcon_core.package_selection:Skipping not selected package 'local_zeroing_pkg' in 'src/local_zeroing_pkg'
[0.510s] INFO:colcon.colcon_core.package_selection:Skipping not selected package 'realsense2_camera_msgs' in 'src/realsense-ros/realsense2_camera_msgs'
[0.510s] INFO:colcon.colcon_core.package_selection:Skipping not selected package 'realsense2_camera' in 'src/realsense-ros/realsense2_camera'
[0.510s] INFO:colcon.colcon_core.package_selection:Skipping not selected package 'realsense2_description' in 'src/realsense-ros/realsense2_description'
[0.511s] Level 1:colcon.colcon_core.package_discovery:discover_packages(prefix_path) check parameters
[0.512s] Level 1:colcon.colcon_core.package_discovery:discover_packages(prefix_path) discover
[0.517s] DEBUG:colcon.colcon_installed_package_information.package_discovery:Found 8 installed packages in /home/nits/ros2_ws/install
[0.520s] DEBUG:colcon.colcon_installed_package_information.package_discovery:Found 357 installed packages in /opt/ros/humble
[0.525s] Level 1:colcon.colcon_core.package_discovery:discover_packages(prefix_path) using defaults
[0.620s] Level 5:colcon.colcon_core.verb:set package 'drone_vio_cpp' build argument 'cmake_args' from command line to 'None'
[0.620s] Level 5:colcon.colcon_core.verb:set package 'drone_vio_cpp' build argument 'cmake_target' from command line to 'None'
[0.620s] Level 5:colcon.colcon_core.verb:set package 'drone_vio_cpp' build argument 'cmake_target_skip_unavailable' from command line to 'False'
[0.620s] Level 5:colcon.colcon_core.verb:set package 'drone_vio_cpp' build argument 'cmake_clean_cache' from command line to 'False'
[0.621s] Level 5:colcon.colcon_core.verb:set package 'drone_vio_cpp' build argument 'cmake_clean_first' from command line to 'False'
[0.621s] Level 5:colcon.colcon_core.verb:set package 'drone_vio_cpp' build argument 'cmake_force_configure' from command line to 'False'
[0.621s] Level 5:colcon.colcon_core.verb:set package 'drone_vio_cpp' build argument 'ament_cmake_args' from command line to 'None'
[0.621s] Level 5:colcon.colcon_core.verb:set package 'drone_vio_cpp' build argument 'catkin_cmake_args' from command line to 'None'
[0.621s] Level 5:colcon.colcon_core.verb:set package 'drone_vio_cpp' build argument 'catkin_skip_building_tests' from command line to 'False'
[0.621s] DEBUG:colcon.colcon_core.verb:Building package 'drone_vio_cpp' with the following arguments: {'ament_cmake_args': None, 'build_base': '/home/nits/ros2_ws/build/drone_vio_cpp', 'catkin_cmake_args': None, 'catkin_skip_building_tests': False, 'cmake_args': None, 'cmake_clean_cache': False, 'cmake_clean_first': False, 'cmake_force_configure': False, 'cmake_target': None, 'cmake_target_skip_unavailable': False, 'install_base': '/home/nits/ros2_ws/install/drone_vio_cpp', 'merge_install': False, 'path': '/home/nits/ros2_ws/src/drone_vio_cpp', 'symlink_install': False, 'test_result_base': None}
[0.621s] INFO:colcon.colcon_core.executor:Executing jobs using 'parallel' executor
[0.623s] DEBUG:colcon.colcon_parallel_executor.executor.parallel:run_until_complete
[0.624s] INFO:colcon.colcon_cmake.task.cmake.build:Building CMake package in '/home/nits/ros2_ws/src/drone_vio_cpp'
[0.631s] INFO:colcon.colcon_core.plugin_system:Skipping extension 'colcon_core.shell.bat': Not used on non-Windows systems
[0.631s] INFO:colcon.colcon_core.shell:Skip shell extension 'powershell' for command environment: Not usable outside of PowerShell
[0.631s] DEBUG:colcon.colcon_core.shell:Skip shell extension 'dsv' for command environment
[0.676s] DEBUG:colcon.colcon_core.event_handler.log_command:Invoking command in '/home/nits/ros2_ws/build/drone_vio_cpp': /usr/bin/cmake /home/nits/ros2_ws/src/drone_vio_cpp -DCMAKE_INSTALL_PREFIX=/home/nits/ros2_ws/install/drone_vio_cpp
[4.592s] DEBUG:colcon.colcon_core.event_handler.log_command:Invoked command in '/home/nits/ros2_ws/build/drone_vio_cpp' returned '1': /usr/bin/cmake /home/nits/ros2_ws/src/drone_vio_cpp -DCMAKE_INSTALL_PREFIX=/home/nits/ros2_ws/install/drone_vio_cpp
[4.603s] DEBUG:colcon.colcon_parallel_executor.executor.parallel:closing loop
[4.603s] DEBUG:colcon.colcon_parallel_executor.executor.parallel:loop closed
[4.604s] DEBUG:colcon.colcon_parallel_executor.executor.parallel:run_until_complete finished with '1'
[4.604s] DEBUG:colcon.colcon_core.event_reactor:joining thread
[4.627s] INFO:colcon.colcon_core.plugin_system:Skipping extension 'colcon_notification.desktop_notification.terminal_notifier': Not used on non-Darwin systems
[4.627s] INFO:colcon.colcon_core.plugin_system:Skipping extension 'colcon_notification.desktop_notification.win32': Not used on non-Windows systems
[4.627s] INFO:colcon.colcon_notification.desktop_notification:Sending desktop notification using 'notify2'
[4.677s] DEBUG:colcon.colcon_core.event_reactor:joined thread
[4.678s] INFO:colcon.colcon_core.shell:Creating prefix script '/home/nits/ros2_ws/install/local_setup.ps1'
[4.683s] INFO:colcon.colcon_core.shell:Creating prefix util module '/home/nits/ros2_ws/install/_local_setup_util_ps1.py'
[4.689s] INFO:colcon.colcon_core.shell:Creating prefix chain script '/home/nits/ros2_ws/install/setup.ps1'
[4.695s] INFO:colcon.colcon_core.shell:Creating prefix script '/home/nits/ros2_ws/install/local_setup.sh'
[4.698s] INFO:colcon.colcon_core.shell:Creating prefix util module '/home/nits/ros2_ws/install/_local_setup_util_sh.py'
[4.700s] INFO:colcon.colcon_core.shell:Creating prefix chain script '/home/nits/ros2_ws/install/setup.sh'
[4.706s] INFO:colcon.colcon_core.shell:Creating prefix script '/home/nits/ros2_ws/install/local_setup.bash'
[4.708s] INFO:colcon.colcon_core.shell:Creating prefix chain script '/home/nits/ros2_ws/install/setup.bash'
[4.714s] INFO:colcon.colcon_core.shell:Creating prefix script '/home/nits/ros2_ws/install/local_setup.zsh'
[4.716s] INFO:colcon.colcon_core.shell:Creating prefix chain script '/home/nits/ros2_ws/install/setup.zsh'
