[0.051s] Invoking command in '/home/nits/ros2_ws/build/boundary_mapper': /usr/bin/cmake --build /home/nits/ros2_ws/build/boundary_mapper -- -j6 -l6
[0.107s] -- Found ament_cmake: 1.3.11 (/opt/ros/humble/share/ament_cmake/cmake)
[0.420s] -- Found rclcpp: 16.0.11 (/opt/ros/humble/share/rclcpp/cmake)
[0.510s] -- Found rosidl_generator_c: 3.1.6 (/opt/ros/humble/share/rosidl_generator_c/cmake)
[0.516s] -- Found rosidl_adapter: 3.1.6 (/opt/ros/humble/share/rosidl_adapter/cmake)
[0.530s] -- Found rosidl_generator_cpp: 3.1.6 (/opt/ros/humble/share/rosidl_generator_cpp/cmake)
[0.549s] -- Using all available rosidl_typesupport_c: rosidl_typesupport_fastrtps_c;rosidl_typesupport_introspection_c
[0.572s] -- Using all available rosidl_typesupport_cpp: rosidl_typesupport_fastrtps_cpp;rosidl_typesupport_introspection_cpp
[0.632s] -- Found rmw_implementation_cmake: 6.1.2 (/opt/ros/humble/share/rmw_implementation_cmake/cmake)
[0.635s] -- Found rmw_fastrtps_cpp: 6.2.7 (/opt/ros/humble/share/rmw_fastrtps_cpp/cmake)
[0.841s] -- Using RMW implementation 'rmw_fastrtps_cpp' as default
[0.932s] -- Found sensor_msgs: 4.2.4 (/opt/ros/humble/share/sensor_msgs/cmake)
[0.984s] -- Found pcl_conversions: 2.4.5 (/opt/ros/humble/share/pcl_conversions/cmake)
[1.046s] -- Eigen found (include: /usr/include/eigen3, version: 3.4.0)
[1.108s] -- FLANN found (include: /usr/include, lib: /usr/lib/aarch64-linux-gnu/libflann_cpp.so)
[1.733s] -- OpenNI found (version: 1.5.4.0, include: /usr/include/ni, lib: /usr/lib/libOpenNI.so;libusb::libusb)
[1.746s] -- OpenNI2 found (version: 2.2.0.33, include: /usr/include/openni2, lib: /usr/lib/aarch64-linux-gnu/libOpenNI2.so;libusb::libusb)
[2.036s] -- Eigen found (include: /usr/include/eigen3, version: 3.4.0)
[2.051s] -- OpenNI found (version: 1.5.4.0, include: /usr/include/ni, lib: /usr/lib/libOpenNI.so;libusb::libusb)
[2.065s] -- OpenNI2 found (version: 2.2.0.33, include: /usr/include/openni2, lib: /usr/lib/aarch64-linux-gnu/libOpenNI2.so;libusb::libusb)
[2.329s] -- Found Qhull version 8.0.2
[2.596s] -- OpenNI found (version: 1.5.4.0, include: /usr/include/ni, lib: /usr/lib/libOpenNI.so;libusb::libusb)
[2.889s] -- Found visualization_msgs: 4.2.4 (/opt/ros/humble/share/visualization_msgs/cmake)
[3.085s] -- Configuring done
[3.148s] -- Generating done
[3.170s] -- Build files have been written to: /home/nits/ros2_ws/build/boundary_mapper
[3.255s] [35m[1mConsolidate compiler generated dependencies of target boundary_mapper_node[0m
[3.320s] [100%] Built target boundary_mapper_node
[3.354s] Invoked command in '/home/nits/ros2_ws/build/boundary_mapper' returned '0': /usr/bin/cmake --build /home/nits/ros2_ws/build/boundary_mapper -- -j6 -l6
[3.389s] Invoking command in '/home/nits/ros2_ws/build/boundary_mapper': /usr/bin/cmake --install /home/nits/ros2_ws/build/boundary_mapper
[3.416s] -- Install configuration: ""
[3.416s] -- Up-to-date: /home/nits/ros2_ws/install/boundary_mapper/lib/boundary_mapper/boundary_mapper_node
[3.417s] -- Up-to-date: /home/nits/ros2_ws/install/boundary_mapper/share/ament_index/resource_index/package_run_dependencies/boundary_mapper
[3.418s] -- Up-to-date: /home/nits/ros2_ws/install/boundary_mapper/share/ament_index/resource_index/parent_prefix_path/boundary_mapper
[3.418s] -- Up-to-date: /home/nits/ros2_ws/install/boundary_mapper/share/boundary_mapper/environment/ament_prefix_path.sh
[3.418s] -- Installing: /home/nits/ros2_ws/install/boundary_mapper/share/boundary_mapper/environment/ament_prefix_path.dsv
[3.419s] -- Up-to-date: /home/nits/ros2_ws/install/boundary_mapper/share/boundary_mapper/environment/path.sh
[3.419s] -- Installing: /home/nits/ros2_ws/install/boundary_mapper/share/boundary_mapper/environment/path.dsv
[3.419s] -- Up-to-date: /home/nits/ros2_ws/install/boundary_mapper/share/boundary_mapper/local_setup.bash
[3.420s] -- Up-to-date: /home/nits/ros2_ws/install/boundary_mapper/share/boundary_mapper/local_setup.sh
[3.420s] -- Up-to-date: /home/nits/ros2_ws/install/boundary_mapper/share/boundary_mapper/local_setup.zsh
[3.420s] -- Installing: /home/nits/ros2_ws/install/boundary_mapper/share/boundary_mapper/local_setup.dsv
[3.421s] -- Installing: /home/nits/ros2_ws/install/boundary_mapper/share/boundary_mapper/package.dsv
[3.421s] -- Up-to-date: /home/nits/ros2_ws/install/boundary_mapper/share/ament_index/resource_index/packages/boundary_mapper
[3.421s] -- Up-to-date: /home/nits/ros2_ws/install/boundary_mapper/share/boundary_mapper/cmake/boundary_mapperConfig.cmake
[3.422s] -- Up-to-date: /home/nits/ros2_ws/install/boundary_mapper/share/boundary_mapper/cmake/boundary_mapperConfig-version.cmake
[3.422s] -- Up-to-date: /home/nits/ros2_ws/install/boundary_mapper/share/boundary_mapper/package.xml
[3.427s] Invoked command in '/home/nits/ros2_ws/build/boundary_mapper' returned '0': /usr/bin/cmake --install /home/nits/ros2_ws/build/boundary_mapper
