[0.020s] Invoking command in '/home/nits/ros2_ws/build/flat_area_detector': /usr/bin/cmake --build /home/nits/ros2_ws/build/flat_area_detector -- -j6 -l6
[0.077s] -- Found ament_cmake: 1.3.11 (/opt/ros/humble/share/ament_cmake/cmake)
[0.371s] -- Found rclcpp: 16.0.11 (/opt/ros/humble/share/rclcpp/cmake)
[0.435s] -- Found rosidl_generator_c: 3.1.6 (/opt/ros/humble/share/rosidl_generator_c/cmake)
[0.440s] -- Found rosidl_adapter: 3.1.6 (/opt/ros/humble/share/rosidl_adapter/cmake)
[0.451s] -- Found rosidl_generator_cpp: 3.1.6 (/opt/ros/humble/share/rosidl_generator_cpp/cmake)
[0.470s] -- Using all available rosidl_typesupport_c: rosidl_typesupport_fastrtps_c;rosidl_typesupport_introspection_c
[0.493s] -- Using all available rosidl_typesupport_cpp: rosidl_typesupport_fastrtps_cpp;rosidl_typesupport_introspection_cpp
[0.555s] -- Found rmw_implementation_cmake: 6.1.2 (/opt/ros/humble/share/rmw_implementation_cmake/cmake)
[0.557s] -- Found rmw_fastrtps_cpp: 6.2.7 (/opt/ros/humble/share/rmw_fastrtps_cpp/cmake)
[0.753s] -- Using RMW implementation 'rmw_fastrtps_cpp' as default
[0.844s] -- Found sensor_msgs: 4.2.4 (/opt/ros/humble/share/sensor_msgs/cmake)
[0.919s] -- Eigen found (include: /usr/include/eigen3, version: 3.4.0)
[0.977s] -- FLANN found (include: /usr/include, lib: /usr/lib/aarch64-linux-gnu/libflann_cpp.so)
[1.355s] -- Found Eigen3: /usr/include/eigen3 (found version "3.4.0") 
[1.794s] -- looking for PCL_COMMON
[1.794s] -- looking for PCL_KDTREE
[1.795s] -- looking for PCL_OCTREE
[1.795s] -- looking for PCL_SEARCH
[1.796s] -- looking for PCL_SAMPLE_CONSENSUS
[1.797s] -- looking for PCL_FILTERS
[1.797s] -- looking for PCL_GEOMETRY
[1.798s] -- looking for PCL_2D
[1.799s] -- looking for PCL_FEATURES
[1.799s] -- looking for PCL_ML
[1.800s] -- looking for PCL_SEGMENTATION
[1.802s] -- Found pcl_conversions: 2.4.5 (/opt/ros/humble/share/pcl_conversions/cmake)
[1.848s] -- Found visualization_msgs: 4.2.4 (/opt/ros/humble/share/visualization_msgs/cmake)
[1.884s] -- Found tf2: 0.25.12 (/opt/ros/humble/share/tf2/cmake)
[1.890s] -- Found tf2_geometry_msgs: 0.25.12 (/opt/ros/humble/share/tf2_geometry_msgs/cmake)
[1.896s] -- Found eigen3_cmake_module: 0.1.1 (/opt/ros/humble/share/eigen3_cmake_module/cmake)
[1.899s] -- Found Eigen3: TRUE (found version "3.4.0") 
[1.899s] -- Ensuring Eigen3 include directory is part of orocos-kdl CMake target
[2.041s] [31mCMake Error at CMakeLists.txt:32 (target_link_libraries):
[2.041s]   Cannot specify link libraries for target "flat_area_detector" which is not
[2.042s]   built by this project.
[2.042s] 
[2.042s] [0m
[2.042s] -- Configuring incomplete, errors occurred!
[2.043s] See also "/home/nits/ros2_ws/build/flat_area_detector/CMakeFiles/CMakeOutput.log".
[2.077s] gmake: *** [Makefile:267: cmake_check_build_system] Error 1
[2.082s] Invoked command in '/home/nits/ros2_ws/build/flat_area_detector' returned '2': /usr/bin/cmake --build /home/nits/ros2_ws/build/flat_area_detector -- -j6 -l6
