[0.053s] Invoking command in '/home/nits/ros2_ws/build/local_zeroing_pkg': /usr/bin/cmake --build /home/nits/ros2_ws/build/local_zeroing_pkg -- -j6 -l6
[0.112s] -- Found ament_cmake: 1.3.11 (/opt/ros/humble/share/ament_cmake/cmake)
[0.437s] -- Found rclcpp: 16.0.11 (/opt/ros/humble/share/rclcpp/cmake)
[0.514s] -- Found rosidl_generator_c: 3.1.6 (/opt/ros/humble/share/rosidl_generator_c/cmake)
[0.519s] -- Found rosidl_adapter: 3.1.6 (/opt/ros/humble/share/rosidl_adapter/cmake)
[0.531s] -- Found rosidl_generator_cpp: 3.1.6 (/opt/ros/humble/share/rosidl_generator_cpp/cmake)
[0.550s] -- Using all available rosidl_typesupport_c: rosidl_typesupport_fastrtps_c;rosidl_typesupport_introspection_c
[0.573s] -- Using all available rosidl_typesupport_cpp: rosidl_typesupport_fastrtps_cpp;rosidl_typesupport_introspection_cpp
[0.636s] -- Found rmw_implementation_cmake: 6.1.2 (/opt/ros/humble/share/rmw_implementation_cmake/cmake)
[0.638s] -- Found rmw_fastrtps_cpp: 6.2.7 (/opt/ros/humble/share/rmw_fastrtps_cpp/cmake)
[0.854s] -- Using RMW implementation 'rmw_fastrtps_cpp' as default
[0.946s] -- Found nav_msgs: 4.2.4 (/opt/ros/humble/share/nav_msgs/cmake)
[1.010s] -- Found tf2_ros: 0.25.12 (/opt/ros/humble/share/tf2_ros/cmake)
[1.435s] -- Configuring done
[1.474s] -- Generating done
[1.489s] -- Build files have been written to: /home/nits/ros2_ws/build/local_zeroing_pkg
[1.563s] [35m[1mConsolidate compiler generated dependencies of target local_zeroing_node[0m
[1.604s] [ 50%] [32mBuilding CXX object CMakeFiles/local_zeroing_node.dir/src/local_zeroing_node.cpp.o[0m
[20.461s] [100%] [32m[1mLinking CXX executable local_zeroing_node[0m
[21.368s] [100%] Built target local_zeroing_node
[21.398s] Invoked command in '/home/nits/ros2_ws/build/local_zeroing_pkg' returned '0': /usr/bin/cmake --build /home/nits/ros2_ws/build/local_zeroing_pkg -- -j6 -l6
[21.428s] Invoking command in '/home/nits/ros2_ws/build/local_zeroing_pkg': /usr/bin/cmake --install /home/nits/ros2_ws/build/local_zeroing_pkg
[21.447s] -- Install configuration: ""
[21.448s] -- Installing: /home/nits/ros2_ws/install/local_zeroing_pkg/lib/local_zeroing_pkg/local_zeroing_node
[21.458s] -- Set runtime path of "/home/nits/ros2_ws/install/local_zeroing_pkg/lib/local_zeroing_pkg/local_zeroing_node" to ""
[21.458s] -- Installing: /home/nits/ros2_ws/install/local_zeroing_pkg/share/ament_index/resource_index/package_run_dependencies/local_zeroing_pkg
[21.459s] -- Up-to-date: /home/nits/ros2_ws/install/local_zeroing_pkg/share/ament_index/resource_index/parent_prefix_path/local_zeroing_pkg
[21.459s] -- Up-to-date: /home/nits/ros2_ws/install/local_zeroing_pkg/share/local_zeroing_pkg/environment/ament_prefix_path.sh
[21.459s] -- Installing: /home/nits/ros2_ws/install/local_zeroing_pkg/share/local_zeroing_pkg/environment/ament_prefix_path.dsv
[21.460s] -- Up-to-date: /home/nits/ros2_ws/install/local_zeroing_pkg/share/local_zeroing_pkg/environment/path.sh
[21.460s] -- Installing: /home/nits/ros2_ws/install/local_zeroing_pkg/share/local_zeroing_pkg/environment/path.dsv
[21.460s] -- Up-to-date: /home/nits/ros2_ws/install/local_zeroing_pkg/share/local_zeroing_pkg/local_setup.bash
[21.461s] -- Up-to-date: /home/nits/ros2_ws/install/local_zeroing_pkg/share/local_zeroing_pkg/local_setup.sh
[21.461s] -- Up-to-date: /home/nits/ros2_ws/install/local_zeroing_pkg/share/local_zeroing_pkg/local_setup.zsh
[21.462s] -- Installing: /home/nits/ros2_ws/install/local_zeroing_pkg/share/local_zeroing_pkg/local_setup.dsv
[21.462s] -- Installing: /home/nits/ros2_ws/install/local_zeroing_pkg/share/local_zeroing_pkg/package.dsv
[21.462s] -- Up-to-date: /home/nits/ros2_ws/install/local_zeroing_pkg/share/ament_index/resource_index/packages/local_zeroing_pkg
[21.462s] -- Installing: /home/nits/ros2_ws/install/local_zeroing_pkg/share/local_zeroing_pkg/cmake/local_zeroing_pkgConfig.cmake
[21.463s] -- Installing: /home/nits/ros2_ws/install/local_zeroing_pkg/share/local_zeroing_pkg/cmake/local_zeroing_pkgConfig-version.cmake
[21.463s] -- Installing: /home/nits/ros2_ws/install/local_zeroing_pkg/share/local_zeroing_pkg/package.xml
[21.467s] Invoked command in '/home/nits/ros2_ws/build/local_zeroing_pkg' returned '0': /usr/bin/cmake --install /home/nits/ros2_ws/build/local_zeroing_pkg
