[0.052s] Invoking command in '/home/nits/ros2_ws/build/local_zeroing_pkg': /usr/bin/cmake --build /home/nits/ros2_ws/build/local_zeroing_pkg -- -j6 -l6
[0.149s] [35m[1mConsolidate compiler generated dependencies of target local_zeroing_node[0m
[0.191s] [100%] Built target local_zeroing_node
[0.226s] Invoked command in '/home/nits/ros2_ws/build/local_zeroing_pkg' returned '0': /usr/bin/cmake --build /home/nits/ros2_ws/build/local_zeroing_pkg -- -j6 -l6
[0.253s] Invoking command in '/home/nits/ros2_ws/build/local_zeroing_pkg': /usr/bin/cmake --install /home/nits/ros2_ws/build/local_zeroing_pkg
[0.273s] -- Install configuration: ""
[0.273s] -- Up-to-date: /home/nits/ros2_ws/install/local_zeroing_pkg/lib/local_zeroing_pkg/local_zeroing_node
[0.274s] -- Up-to-date: /home/nits/ros2_ws/install/local_zeroing_pkg/share/ament_index/resource_index/package_run_dependencies/local_zeroing_pkg
[0.274s] -- Up-to-date: /home/nits/ros2_ws/install/local_zeroing_pkg/share/ament_index/resource_index/parent_prefix_path/local_zeroing_pkg
[0.274s] -- Up-to-date: /home/nits/ros2_ws/install/local_zeroing_pkg/share/local_zeroing_pkg/environment/ament_prefix_path.sh
[0.275s] -- Up-to-date: /home/nits/ros2_ws/install/local_zeroing_pkg/share/local_zeroing_pkg/environment/ament_prefix_path.dsv
[0.275s] -- Up-to-date: /home/nits/ros2_ws/install/local_zeroing_pkg/share/local_zeroing_pkg/environment/path.sh
[0.275s] -- Up-to-date: /home/nits/ros2_ws/install/local_zeroing_pkg/share/local_zeroing_pkg/environment/path.dsv
[0.276s] -- Up-to-date: /home/nits/ros2_ws/install/local_zeroing_pkg/share/local_zeroing_pkg/local_setup.bash
[0.276s] -- Up-to-date: /home/nits/ros2_ws/install/local_zeroing_pkg/share/local_zeroing_pkg/local_setup.sh
[0.276s] -- Up-to-date: /home/nits/ros2_ws/install/local_zeroing_pkg/share/local_zeroing_pkg/local_setup.zsh
[0.277s] -- Up-to-date: /home/nits/ros2_ws/install/local_zeroing_pkg/share/local_zeroing_pkg/local_setup.dsv
[0.277s] -- Installing: /home/nits/ros2_ws/install/local_zeroing_pkg/share/local_zeroing_pkg/package.dsv
[0.277s] -- Up-to-date: /home/nits/ros2_ws/install/local_zeroing_pkg/share/ament_index/resource_index/packages/local_zeroing_pkg
[0.277s] -- Up-to-date: /home/nits/ros2_ws/install/local_zeroing_pkg/share/local_zeroing_pkg/cmake/local_zeroing_pkgConfig.cmake
[0.277s] -- Up-to-date: /home/nits/ros2_ws/install/local_zeroing_pkg/share/local_zeroing_pkg/cmake/local_zeroing_pkgConfig-version.cmake
[0.278s] -- Up-to-date: /home/nits/ros2_ws/install/local_zeroing_pkg/share/local_zeroing_pkg/package.xml
[0.280s] Invoked command in '/home/nits/ros2_ws/build/local_zeroing_pkg' returned '0': /usr/bin/cmake --install /home/nits/ros2_ws/build/local_zeroing_pkg
