running egg_info
writing ../../build/vision_to_local_pose/vision_to_local_pose.egg-info/PKG-INFO
writing dependency_links to ../../build/vision_to_local_pose/vision_to_local_pose.egg-info/dependency_links.txt
writing entry points to ../../build/vision_to_local_pose/vision_to_local_pose.egg-info/entry_points.txt
writing requirements to ../../build/vision_to_local_pose/vision_to_local_pose.egg-info/requires.txt
writing top-level names to ../../build/vision_to_local_pose/vision_to_local_pose.egg-info/top_level.txt
reading manifest file '../../build/vision_to_local_pose/vision_to_local_pose.egg-info/SOURCES.txt'
writing manifest file '../../build/vision_to_local_pose/vision_to_local_pose.egg-info/SOURCES.txt'
running build
running build_py
copying vision_to_local_pose/vision_to_local_pose.py -> /home/nits/ros2_ws/build/vision_to_local_pose/build/lib/vision_to_local_pose
copying vision_to_local_pose/__init__.py -> /home/nits/ros2_ws/build/vision_to_local_pose/build/lib/vision_to_local_pose
running install
running install_lib
running install_egg_info
removing '/home/nits/ros2_ws/install/vision_to_local_pose/lib/python3.10/site-packages/vision_to_local_pose-0.0.0-py3.10.egg-info' (and everything under it)
Copying ../../build/vision_to_local_pose/vision_to_local_pose.egg-info to /home/nits/ros2_ws/install/vision_to_local_pose/lib/python3.10/site-packages/vision_to_local_pose-0.0.0-py3.10.egg-info
running install_scripts
Installing vision_to_local_pose script to /home/nits/ros2_ws/install/vision_to_local_pose/lib/vision_to_local_pose
writing list of installed files to '/home/nits/ros2_ws/build/vision_to_local_pose/install.log'
