[0.054s] Invoking command in '/home/nits/ros2_ws/build/local_zeroing_pkg': CMAKE_PREFIX_PATH=/opt/ros/humble:${CMAKE_PREFIX_PATH} /usr/bin/cmake --build /home/nits/ros2_ws/build/local_zeroing_pkg -- -j6 -l6
[0.172s] [35m[1mConsolidate compiler generated dependencies of target local_zeroing_node[0m
[0.215s] [ 50%] [32mBuilding CXX object CMakeFiles/local_zeroing_node.dir/src/local_zeroing_node.cpp.o[0m
[19.565s] [100%] [32m[1mLinking CXX executable local_zeroing_node[0m
[20.507s] [100%] Built target local_zeroing_node
[20.533s] Invoked command in '/home/nits/ros2_ws/build/local_zeroing_pkg' returned '0': CMAKE_PREFIX_PATH=/opt/ros/humble:${CMAKE_PREFIX_PATH} /usr/bin/cmake --build /home/nits/ros2_ws/build/local_zeroing_pkg -- -j6 -l6
[20.564s] Invoking command in '/home/nits/ros2_ws/build/local_zeroing_pkg': CMAKE_PREFIX_PATH=/opt/ros/humble:${CMAKE_PREFIX_PATH} /usr/bin/cmake --install /home/nits/ros2_ws/build/local_zeroing_pkg
[20.582s] -- Install configuration: ""
[20.583s] -- Installing: /home/nits/ros2_ws/install/local_zeroing_pkg/lib/local_zeroing_pkg/local_zeroing_node
[20.595s] -- Set runtime path of "/home/nits/ros2_ws/install/local_zeroing_pkg/lib/local_zeroing_pkg/local_zeroing_node" to ""
[20.596s] -- Up-to-date: /home/nits/ros2_ws/install/local_zeroing_pkg/share/ament_index/resource_index/package_run_dependencies/local_zeroing_pkg
[20.596s] -- Up-to-date: /home/nits/ros2_ws/install/local_zeroing_pkg/share/ament_index/resource_index/parent_prefix_path/local_zeroing_pkg
[20.596s] -- Up-to-date: /home/nits/ros2_ws/install/local_zeroing_pkg/share/local_zeroing_pkg/environment/ament_prefix_path.sh
[20.596s] -- Up-to-date: /home/nits/ros2_ws/install/local_zeroing_pkg/share/local_zeroing_pkg/environment/ament_prefix_path.dsv
[20.596s] -- Up-to-date: /home/nits/ros2_ws/install/local_zeroing_pkg/share/local_zeroing_pkg/environment/path.sh
[20.597s] -- Up-to-date: /home/nits/ros2_ws/install/local_zeroing_pkg/share/local_zeroing_pkg/environment/path.dsv
[20.597s] -- Up-to-date: /home/nits/ros2_ws/install/local_zeroing_pkg/share/local_zeroing_pkg/local_setup.bash
[20.597s] -- Up-to-date: /home/nits/ros2_ws/install/local_zeroing_pkg/share/local_zeroing_pkg/local_setup.sh
[20.597s] -- Up-to-date: /home/nits/ros2_ws/install/local_zeroing_pkg/share/local_zeroing_pkg/local_setup.zsh
[20.597s] -- Up-to-date: /home/nits/ros2_ws/install/local_zeroing_pkg/share/local_zeroing_pkg/local_setup.dsv
[20.598s] -- Installing: /home/nits/ros2_ws/install/local_zeroing_pkg/share/local_zeroing_pkg/package.dsv
[20.598s] -- Up-to-date: /home/nits/ros2_ws/install/local_zeroing_pkg/share/ament_index/resource_index/packages/local_zeroing_pkg
[20.598s] -- Up-to-date: /home/nits/ros2_ws/install/local_zeroing_pkg/share/local_zeroing_pkg/cmake/local_zeroing_pkgConfig.cmake
[20.599s] -- Up-to-date: /home/nits/ros2_ws/install/local_zeroing_pkg/share/local_zeroing_pkg/cmake/local_zeroing_pkgConfig-version.cmake
[20.599s] -- Up-to-date: /home/nits/ros2_ws/install/local_zeroing_pkg/share/local_zeroing_pkg/package.xml
[20.603s] Invoked command in '/home/nits/ros2_ws/build/local_zeroing_pkg' returned '0': CMAKE_PREFIX_PATH=/opt/ros/humble:${CMAKE_PREFIX_PATH} /usr/bin/cmake --install /home/nits/ros2_ws/build/local_zeroing_pkg
