[0.276s] DEBUG:colcon:Command line arguments: ['/usr/bin/colcon', 'build', '--packages-select', 'drone_vio_cpp']
[0.276s] DEBUG:colcon:Parsed command line arguments: Namespace(log_base=None, log_level=None, verb_name='build', build_base='build', install_base='install', merge_install=False, symlink_install=False, test_result_base=None, continue_on_error=False, executor='parallel', parallel_workers=6, event_handlers=None, ignore_user_meta=False, metas=['./colcon.meta'], base_paths=['.'], packages_ignore=None, packages_ignore_regex=None, paths=None, packages_up_to=None, packages_up_to_regex=None, packages_above=None, packages_above_and_dependencies=None, packages_above_depth=None, packages_select_by_dep=None, packages_skip_by_dep=None, packages_skip_up_to=None, packages_select_build_failed=False, packages_skip_build_finished=False, packages_select_test_failures=False, packages_skip_test_passed=False, packages_select=['drone_vio_cpp'], packages_skip=None, packages_select_regex=None, packages_skip_regex=None, packages_start=None, packages_end=None, allow_overriding=[], cmake_args=None, cmake_target=None, cmake_target_skip_unavailable=False, cmake_clean_cache=False, cmake_clean_first=False, cmake_force_configure=False, ament_cmake_args=None, catkin_cmake_args=None, catkin_skip_building_tests=False, mixin_files=None, mixin=None, verb_parser=<colcon_mixin.mixin.mixin_argument.MixinArgumentDecorator object at 0xffffb3b84700>, verb_extension=<colcon_core.verb.build.BuildVerb object at 0xffffb3d59cf0>, main=<bound method BuildVerb.main of <colcon_core.verb.build.BuildVerb object at 0xffffb3d59cf0>>, mixin_verb=('build',))
[0.377s] Level 1:colcon.colcon_core.package_discovery:discover_packages(colcon_meta) check parameters
[0.377s] Level 1:colcon.colcon_core.package_discovery:discover_packages(recursive) check parameters
[0.377s] Level 1:colcon.colcon_core.package_discovery:discover_packages(ignore) check parameters
[0.377s] Level 1:colcon.colcon_core.package_discovery:discover_packages(path) check parameters
[0.377s] Level 1:colcon.colcon_core.package_discovery:discover_packages(colcon_meta) discover
[0.378s] Level 1:colcon.colcon_core.package_discovery:discover_packages(recursive) discover
[0.378s] INFO:colcon.colcon_core.package_discovery:Crawling recursively for packages in '/home/nits/ros2_ws'
[0.378s] Level 1:colcon.colcon_core.package_identification:_identify(.) by extensions ['ignore', 'ignore_ament_install']
[0.378s] Level 1:colcon.colcon_core.package_identification:_identify(.) by extension 'ignore'
[0.378s] Level 1:colcon.colcon_core.package_identification:_identify(.) by extension 'ignore_ament_install'
[0.379s] Level 1:colcon.colcon_core.package_identification:_identify(.) by extensions ['colcon_pkg']
[0.379s] Level 1:colcon.colcon_core.package_identification:_identify(.) by extension 'colcon_pkg'
[0.379s] Level 1:colcon.colcon_core.package_identification:_identify(.) by extensions ['colcon_meta']
[0.379s] Level 1:colcon.colcon_core.package_identification:_identify(.) by extension 'colcon_meta'
[0.379s] Level 1:colcon.colcon_core.package_identification:_identify(.) by extensions ['ros']
[0.379s] Level 1:colcon.colcon_core.package_identification:_identify(.) by extension 'ros'
[0.414s] Level 1:colcon.colcon_core.package_identification:_identify(.) by extensions ['cmake', 'python']
[0.415s] Level 1:colcon.colcon_core.package_identification:_identify(.) by extension 'cmake'
[0.415s] Level 1:colcon.colcon_core.package_identification:_identify(.) by extension 'python'
[0.415s] Level 1:colcon.colcon_core.package_identification:_identify(.) by extensions ['python_setup_py']
[0.415s] Level 1:colcon.colcon_core.package_identification:_identify(.) by extension 'python_setup_py'
[0.415s] Level 1:colcon.colcon_core.package_identification:_identify(build) by extensions ['ignore', 'ignore_ament_install']
[0.416s] Level 1:colcon.colcon_core.package_identification:_identify(build) by extension 'ignore'
[0.416s] Level 1:colcon.colcon_core.package_identification:_identify(build) ignored
[0.416s] Level 1:colcon.colcon_core.package_identification:_identify(install) by extensions ['ignore', 'ignore_ament_install']
[0.416s] Level 1:colcon.colcon_core.package_identification:_identify(install) by extension 'ignore'
[0.416s] Level 1:colcon.colcon_core.package_identification:_identify(install) ignored
[0.417s] Level 1:colcon.colcon_core.package_identification:_identify(log) by extensions ['ignore', 'ignore_ament_install']
[0.417s] Level 1:colcon.colcon_core.package_identification:_identify(log) by extension 'ignore'
[0.417s] Level 1:colcon.colcon_core.package_identification:_identify(log) ignored
[0.417s] Level 1:colcon.colcon_core.package_identification:_identify(src) by extensions ['ignore', 'ignore_ament_install']
[0.418s] Level 1:colcon.colcon_core.package_identification:_identify(src) by extension 'ignore'
[0.418s] Level 1:colcon.colcon_core.package_identification:_identify(src) by extension 'ignore_ament_install'
[0.418s] Level 1:colcon.colcon_core.package_identification:_identify(src) by extensions ['colcon_pkg']
[0.418s] Level 1:colcon.colcon_core.package_identification:_identify(src) by extension 'colcon_pkg'
[0.418s] Level 1:colcon.colcon_core.package_identification:_identify(src) by extensions ['colcon_meta']
[0.418s] Level 1:colcon.colcon_core.package_identification:_identify(src) by extension 'colcon_meta'
[0.418s] Level 1:colcon.colcon_core.package_identification:_identify(src) by extensions ['ros']
[0.418s] Level 1:colcon.colcon_core.package_identification:_identify(src) by extension 'ros'
[0.418s] Level 1:colcon.colcon_core.package_identification:_identify(src) by extensions ['cmake', 'python']
[0.418s] Level 1:colcon.colcon_core.package_identification:_identify(src) by extension 'cmake'
[0.419s] Level 1:colcon.colcon_core.package_identification:_identify(src) by extension 'python'
[0.419s] Level 1:colcon.colcon_core.package_identification:_identify(src) by extensions ['python_setup_py']
[0.419s] Level 1:colcon.colcon_core.package_identification:_identify(src) by extension 'python_setup_py'
[0.419s] Level 1:colcon.colcon_core.package_identification:_identify(src/boundary_mapper) by extensions ['ignore', 'ignore_ament_install']
[0.419s] Level 1:colcon.colcon_core.package_identification:_identify(src/boundary_mapper) by extension 'ignore'
[0.419s] Level 1:colcon.colcon_core.package_identification:_identify(src/boundary_mapper) by extension 'ignore_ament_install'
[0.419s] Level 1:colcon.colcon_core.package_identification:_identify(src/boundary_mapper) by extensions ['colcon_pkg']
[0.419s] Level 1:colcon.colcon_core.package_identification:_identify(src/boundary_mapper) by extension 'colcon_pkg'
[0.419s] Level 1:colcon.colcon_core.package_identification:_identify(src/boundary_mapper) by extensions ['colcon_meta']
[0.420s] Level 1:colcon.colcon_core.package_identification:_identify(src/boundary_mapper) by extension 'colcon_meta'
[0.420s] Level 1:colcon.colcon_core.package_identification:_identify(src/boundary_mapper) by extensions ['ros']
[0.420s] Level 1:colcon.colcon_core.package_identification:_identify(src/boundary_mapper) by extension 'ros'
[0.426s] DEBUG:colcon.colcon_core.package_identification:Package 'src/boundary_mapper' with type 'ros.ament_cmake' and name 'boundary_mapper'
[0.426s] Level 1:colcon.colcon_core.package_identification:_identify(src/build) by extensions ['ignore', 'ignore_ament_install']
[0.427s] Level 1:colcon.colcon_core.package_identification:_identify(src/build) by extension 'ignore'
[0.427s] Level 1:colcon.colcon_core.package_identification:_identify(src/build) ignored
[0.427s] Level 1:colcon.colcon_core.package_identification:_identify(src/drone_takeoff) by extensions ['ignore', 'ignore_ament_install']
[0.427s] Level 1:colcon.colcon_core.package_identification:_identify(src/drone_takeoff) by extension 'ignore'
[0.427s] Level 1:colcon.colcon_core.package_identification:_identify(src/drone_takeoff) by extension 'ignore_ament_install'
[0.427s] Level 1:colcon.colcon_core.package_identification:_identify(src/drone_takeoff) by extensions ['colcon_pkg']
[0.427s] Level 1:colcon.colcon_core.package_identification:_identify(src/drone_takeoff) by extension 'colcon_pkg'
[0.428s] Level 1:colcon.colcon_core.package_identification:_identify(src/drone_takeoff) by extensions ['colcon_meta']
[0.428s] Level 1:colcon.colcon_core.package_identification:_identify(src/drone_takeoff) by extension 'colcon_meta'
[0.428s] Level 1:colcon.colcon_core.package_identification:_identify(src/drone_takeoff) by extensions ['ros']
[0.428s] Level 1:colcon.colcon_core.package_identification:_identify(src/drone_takeoff) by extension 'ros'
[0.429s] DEBUG:colcon.colcon_core.package_identification:Package 'src/drone_takeoff' with type 'ros.ament_python' and name 'drone_takeoff'
[0.429s] Level 1:colcon.colcon_core.package_identification:_identify(src/drone_vio_cpp) by extensions ['ignore', 'ignore_ament_install']
[0.430s] Level 1:colcon.colcon_core.package_identification:_identify(src/drone_vio_cpp) by extension 'ignore'
[0.430s] Level 1:colcon.colcon_core.package_identification:_identify(src/drone_vio_cpp) by extension 'ignore_ament_install'
[0.430s] Level 1:colcon.colcon_core.package_identification:_identify(src/drone_vio_cpp) by extensions ['colcon_pkg']
[0.430s] Level 1:colcon.colcon_core.package_identification:_identify(src/drone_vio_cpp) by extension 'colcon_pkg'
[0.430s] Level 1:colcon.colcon_core.package_identification:_identify(src/drone_vio_cpp) by extensions ['colcon_meta']
[0.430s] Level 1:colcon.colcon_core.package_identification:_identify(src/drone_vio_cpp) by extension 'colcon_meta'
[0.430s] Level 1:colcon.colcon_core.package_identification:_identify(src/drone_vio_cpp) by extensions ['ros']
[0.430s] Level 1:colcon.colcon_core.package_identification:_identify(src/drone_vio_cpp) by extension 'ros'
[0.432s] DEBUG:colcon.colcon_core.package_identification:Package 'src/drone_vio_cpp' with type 'ros.ament_cmake' and name 'drone_vio_cpp'
[0.432s] Level 1:colcon.colcon_core.package_identification:_identify(src/drone_vio_py) by extensions ['ignore', 'ignore_ament_install']
[0.432s] Level 1:colcon.colcon_core.package_identification:_identify(src/drone_vio_py) by extension 'ignore'
[0.432s] Level 1:colcon.colcon_core.package_identification:_identify(src/drone_vio_py) by extension 'ignore_ament_install'
[0.432s] Level 1:colcon.colcon_core.package_identification:_identify(src/drone_vio_py) by extensions ['colcon_pkg']
[0.432s] Level 1:colcon.colcon_core.package_identification:_identify(src/drone_vio_py) by extension 'colcon_pkg'
[0.433s] Level 1:colcon.colcon_core.package_identification:_identify(src/drone_vio_py) by extensions ['colcon_meta']
[0.433s] Level 1:colcon.colcon_core.package_identification:_identify(src/drone_vio_py) by extension 'colcon_meta'
[0.433s] Level 1:colcon.colcon_core.package_identification:_identify(src/drone_vio_py) by extensions ['ros']
[0.433s] Level 1:colcon.colcon_core.package_identification:_identify(src/drone_vio_py) by extension 'ros'
[0.434s] DEBUG:colcon.colcon_core.package_identification:Package 'src/drone_vio_py' with type 'ros.ament_python' and name 'drone_vio_py'
[0.434s] Level 1:colcon.colcon_core.package_identification:_identify(src/install) by extensions ['ignore', 'ignore_ament_install']
[0.435s] Level 1:colcon.colcon_core.package_identification:_identify(src/install) by extension 'ignore'
[0.435s] Level 1:colcon.colcon_core.package_identification:_identify(src/install) ignored
[0.435s] Level 1:colcon.colcon_core.package_identification:_identify(src/landing_area_detector) by extensions ['ignore', 'ignore_ament_install']
[0.435s] Level 1:colcon.colcon_core.package_identification:_identify(src/landing_area_detector) by extension 'ignore'
[0.435s] Level 1:colcon.colcon_core.package_identification:_identify(src/landing_area_detector) by extension 'ignore_ament_install'
[0.435s] Level 1:colcon.colcon_core.package_identification:_identify(src/landing_area_detector) by extensions ['colcon_pkg']
[0.435s] Level 1:colcon.colcon_core.package_identification:_identify(src/landing_area_detector) by extension 'colcon_pkg'
[0.435s] Level 1:colcon.colcon_core.package_identification:_identify(src/landing_area_detector) by extensions ['colcon_meta']
[0.435s] Level 1:colcon.colcon_core.package_identification:_identify(src/landing_area_detector) by extension 'colcon_meta'
[0.436s] Level 1:colcon.colcon_core.package_identification:_identify(src/landing_area_detector) by extensions ['ros']
[0.436s] Level 1:colcon.colcon_core.package_identification:_identify(src/landing_area_detector) by extension 'ros'
[0.437s] DEBUG:colcon.colcon_core.package_identification:Package 'src/landing_area_detector' with type 'ros.ament_cmake' and name 'landing_area_detector'
[0.437s] Level 1:colcon.colcon_core.package_identification:_identify(src/local_zeroing_pkg) by extensions ['ignore', 'ignore_ament_install']
[0.438s] Level 1:colcon.colcon_core.package_identification:_identify(src/local_zeroing_pkg) by extension 'ignore'
[0.438s] Level 1:colcon.colcon_core.package_identification:_identify(src/local_zeroing_pkg) by extension 'ignore_ament_install'
[0.438s] Level 1:colcon.colcon_core.package_identification:_identify(src/local_zeroing_pkg) by extensions ['colcon_pkg']
[0.438s] Level 1:colcon.colcon_core.package_identification:_identify(src/local_zeroing_pkg) by extension 'colcon_pkg'
[0.438s] Level 1:colcon.colcon_core.package_identification:_identify(src/local_zeroing_pkg) by extensions ['colcon_meta']
[0.438s] Level 1:colcon.colcon_core.package_identification:_identify(src/local_zeroing_pkg) by extension 'colcon_meta'
[0.438s] Level 1:colcon.colcon_core.package_identification:_identify(src/local_zeroing_pkg) by extensions ['ros']
[0.438s] Level 1:colcon.colcon_core.package_identification:_identify(src/local_zeroing_pkg) by extension 'ros'
[0.440s] DEBUG:colcon.colcon_core.package_identification:Package 'src/local_zeroing_pkg' with type 'ros.ament_cmake' and name 'local_zeroing_pkg'
[0.440s] Level 1:colcon.colcon_core.package_identification:_identify(src/log) by extensions ['ignore', 'ignore_ament_install']
[0.440s] Level 1:colcon.colcon_core.package_identification:_identify(src/log) by extension 'ignore'
[0.440s] Level 1:colcon.colcon_core.package_identification:_identify(src/log) ignored
[0.441s] Level 1:colcon.colcon_core.package_identification:_identify(src/mavros_takeoff) by extensions ['ignore', 'ignore_ament_install']
[0.441s] Level 1:colcon.colcon_core.package_identification:_identify(src/mavros_takeoff) by extension 'ignore'
[0.441s] Level 1:colcon.colcon_core.package_identification:_identify(src/mavros_takeoff) by extension 'ignore_ament_install'
[0.441s] Level 1:colcon.colcon_core.package_identification:_identify(src/mavros_takeoff) by extensions ['colcon_pkg']
[0.441s] Level 1:colcon.colcon_core.package_identification:_identify(src/mavros_takeoff) by extension 'colcon_pkg'
[0.441s] Level 1:colcon.colcon_core.package_identification:_identify(src/mavros_takeoff) by extensions ['colcon_meta']
[0.441s] Level 1:colcon.colcon_core.package_identification:_identify(src/mavros_takeoff) by extension 'colcon_meta'
[0.441s] Level 1:colcon.colcon_core.package_identification:_identify(src/mavros_takeoff) by extensions ['ros']
[0.441s] Level 1:colcon.colcon_core.package_identification:_identify(src/mavros_takeoff) by extension 'ros'
[0.443s] DEBUG:colcon.colcon_core.package_identification:Package 'src/mavros_takeoff' with type 'ros.ament_python' and name 'mavros_takeoff'
[0.443s] Level 1:colcon.colcon_core.package_identification:_identify(src/my_mavros_subscriber) by extensions ['ignore', 'ignore_ament_install']
[0.443s] Level 1:colcon.colcon_core.package_identification:_identify(src/my_mavros_subscriber) by extension 'ignore'
[0.443s] Level 1:colcon.colcon_core.package_identification:_identify(src/my_mavros_subscriber) by extension 'ignore_ament_install'
[0.444s] Level 1:colcon.colcon_core.package_identification:_identify(src/my_mavros_subscriber) by extensions ['colcon_pkg']
[0.444s] Level 1:colcon.colcon_core.package_identification:_identify(src/my_mavros_subscriber) by extension 'colcon_pkg'
[0.444s] Level 1:colcon.colcon_core.package_identification:_identify(src/my_mavros_subscriber) by extensions ['colcon_meta']
[0.444s] Level 1:colcon.colcon_core.package_identification:_identify(src/my_mavros_subscriber) by extension 'colcon_meta'
[0.444s] Level 1:colcon.colcon_core.package_identification:_identify(src/my_mavros_subscriber) by extensions ['ros']
[0.444s] Level 1:colcon.colcon_core.package_identification:_identify(src/my_mavros_subscriber) by extension 'ros'
[0.446s] DEBUG:colcon.colcon_core.package_identification:Package 'src/my_mavros_subscriber' with type 'ros.ament_python' and name 'my_mavros_subscriber'
[0.446s] Level 1:colcon.colcon_core.package_identification:_identify(src/my_package) by extensions ['ignore', 'ignore_ament_install']
[0.446s] Level 1:colcon.colcon_core.package_identification:_identify(src/my_package) by extension 'ignore'
[0.446s] Level 1:colcon.colcon_core.package_identification:_identify(src/my_package) by extension 'ignore_ament_install'
[0.446s] Level 1:colcon.colcon_core.package_identification:_identify(src/my_package) by extensions ['colcon_pkg']
[0.446s] Level 1:colcon.colcon_core.package_identification:_identify(src/my_package) by extension 'colcon_pkg'
[0.447s] Level 1:colcon.colcon_core.package_identification:_identify(src/my_package) by extensions ['colcon_meta']
[0.447s] Level 1:colcon.colcon_core.package_identification:_identify(src/my_package) by extension 'colcon_meta'
[0.447s] Level 1:colcon.colcon_core.package_identification:_identify(src/my_package) by extensions ['ros']
[0.447s] Level 1:colcon.colcon_core.package_identification:_identify(src/my_package) by extension 'ros'
[0.448s] DEBUG:colcon.colcon_core.package_identification:Package 'src/my_package' with type 'ros.ament_python' and name 'my_package'
[0.449s] Level 1:colcon.colcon_core.package_identification:_identify(src/new_takeoff_node) by extensions ['ignore', 'ignore_ament_install']
[0.449s] Level 1:colcon.colcon_core.package_identification:_identify(src/new_takeoff_node) by extension 'ignore'
[0.449s] Level 1:colcon.colcon_core.package_identification:_identify(src/new_takeoff_node) by extension 'ignore_ament_install'
[0.449s] Level 1:colcon.colcon_core.package_identification:_identify(src/new_takeoff_node) by extensions ['colcon_pkg']
[0.449s] Level 1:colcon.colcon_core.package_identification:_identify(src/new_takeoff_node) by extension 'colcon_pkg'
[0.449s] Level 1:colcon.colcon_core.package_identification:_identify(src/new_takeoff_node) by extensions ['colcon_meta']
[0.450s] Level 1:colcon.colcon_core.package_identification:_identify(src/new_takeoff_node) by extension 'colcon_meta'
[0.450s] Level 1:colcon.colcon_core.package_identification:_identify(src/new_takeoff_node) by extensions ['ros']
[0.450s] Level 1:colcon.colcon_core.package_identification:_identify(src/new_takeoff_node) by extension 'ros'
[0.452s] DEBUG:colcon.colcon_core.package_identification:Package 'src/new_takeoff_node' with type 'ros.ament_python' and name 'new_takeoff_node'
[0.452s] Level 1:colcon.colcon_core.package_identification:_identify(src/pose_relay) by extensions ['ignore', 'ignore_ament_install']
[0.452s] Level 1:colcon.colcon_core.package_identification:_identify(src/pose_relay) by extension 'ignore'
[0.453s] Level 1:colcon.colcon_core.package_identification:_identify(src/pose_relay) by extension 'ignore_ament_install'
[0.453s] Level 1:colcon.colcon_core.package_identification:_identify(src/pose_relay) by extensions ['colcon_pkg']
[0.453s] Level 1:colcon.colcon_core.package_identification:_identify(src/pose_relay) by extension 'colcon_pkg'
[0.453s] Level 1:colcon.colcon_core.package_identification:_identify(src/pose_relay) by extensions ['colcon_meta']
[0.453s] Level 1:colcon.colcon_core.package_identification:_identify(src/pose_relay) by extension 'colcon_meta'
[0.453s] Level 1:colcon.colcon_core.package_identification:_identify(src/pose_relay) by extensions ['ros']
[0.453s] Level 1:colcon.colcon_core.package_identification:_identify(src/pose_relay) by extension 'ros'
[0.455s] DEBUG:colcon.colcon_core.package_identification:Package 'src/pose_relay' with type 'ros.ament_python' and name 'pose_relay'
[0.455s] Level 1:colcon.colcon_core.package_identification:_identify(src/realsense-ros) by extensions ['ignore', 'ignore_ament_install']
[0.455s] Level 1:colcon.colcon_core.package_identification:_identify(src/realsense-ros) by extension 'ignore'
[0.455s] Level 1:colcon.colcon_core.package_identification:_identify(src/realsense-ros) by extension 'ignore_ament_install'
[0.455s] Level 1:colcon.colcon_core.package_identification:_identify(src/realsense-ros) by extensions ['colcon_pkg']
[0.455s] Level 1:colcon.colcon_core.package_identification:_identify(src/realsense-ros) by extension 'colcon_pkg'
[0.456s] Level 1:colcon.colcon_core.package_identification:_identify(src/realsense-ros) by extensions ['colcon_meta']
[0.456s] Level 1:colcon.colcon_core.package_identification:_identify(src/realsense-ros) by extension 'colcon_meta'
[0.456s] Level 1:colcon.colcon_core.package_identification:_identify(src/realsense-ros) by extensions ['ros']
[0.456s] Level 1:colcon.colcon_core.package_identification:_identify(src/realsense-ros) by extension 'ros'
[0.456s] Level 1:colcon.colcon_core.package_identification:_identify(src/realsense-ros) by extensions ['cmake', 'python']
[0.456s] Level 1:colcon.colcon_core.package_identification:_identify(src/realsense-ros) by extension 'cmake'
[0.456s] Level 1:colcon.colcon_core.package_identification:_identify(src/realsense-ros) by extension 'python'
[0.456s] Level 1:colcon.colcon_core.package_identification:_identify(src/realsense-ros) by extensions ['python_setup_py']
[0.456s] Level 1:colcon.colcon_core.package_identification:_identify(src/realsense-ros) by extension 'python_setup_py'
[0.456s] Level 1:colcon.colcon_core.package_identification:_identify(src/realsense-ros/realsense2_camera) by extensions ['ignore', 'ignore_ament_install']
[0.457s] Level 1:colcon.colcon_core.package_identification:_identify(src/realsense-ros/realsense2_camera) by extension 'ignore'
[0.457s] Level 1:colcon.colcon_core.package_identification:_identify(src/realsense-ros/realsense2_camera) by extension 'ignore_ament_install'
[0.457s] Level 1:colcon.colcon_core.package_identification:_identify(src/realsense-ros/realsense2_camera) by extensions ['colcon_pkg']
[0.457s] Level 1:colcon.colcon_core.package_identification:_identify(src/realsense-ros/realsense2_camera) by extension 'colcon_pkg'
[0.457s] Level 1:colcon.colcon_core.package_identification:_identify(src/realsense-ros/realsense2_camera) by extensions ['colcon_meta']
[0.457s] Level 1:colcon.colcon_core.package_identification:_identify(src/realsense-ros/realsense2_camera) by extension 'colcon_meta'
[0.457s] Level 1:colcon.colcon_core.package_identification:_identify(src/realsense-ros/realsense2_camera) by extensions ['ros']
[0.457s] Level 1:colcon.colcon_core.package_identification:_identify(src/realsense-ros/realsense2_camera) by extension 'ros'
[0.470s] DEBUG:colcon.colcon_core.package_identification:Package 'src/realsense-ros/realsense2_camera' with type 'ros.ament_cmake' and name 'realsense2_camera'
[0.471s] Level 1:colcon.colcon_core.package_identification:_identify(src/realsense-ros/realsense2_camera_msgs) by extensions ['ignore', 'ignore_ament_install']
[0.471s] Level 1:colcon.colcon_core.package_identification:_identify(src/realsense-ros/realsense2_camera_msgs) by extension 'ignore'
[0.471s] Level 1:colcon.colcon_core.package_identification:_identify(src/realsense-ros/realsense2_camera_msgs) by extension 'ignore_ament_install'
[0.471s] Level 1:colcon.colcon_core.package_identification:_identify(src/realsense-ros/realsense2_camera_msgs) by extensions ['colcon_pkg']
[0.471s] Level 1:colcon.colcon_core.package_identification:_identify(src/realsense-ros/realsense2_camera_msgs) by extension 'colcon_pkg'
[0.472s] Level 1:colcon.colcon_core.package_identification:_identify(src/realsense-ros/realsense2_camera_msgs) by extensions ['colcon_meta']
[0.472s] Level 1:colcon.colcon_core.package_identification:_identify(src/realsense-ros/realsense2_camera_msgs) by extension 'colcon_meta'
[0.472s] Level 1:colcon.colcon_core.package_identification:_identify(src/realsense-ros/realsense2_camera_msgs) by extensions ['ros']
[0.472s] Level 1:colcon.colcon_core.package_identification:_identify(src/realsense-ros/realsense2_camera_msgs) by extension 'ros'
[0.473s] DEBUG:colcon.colcon_core.package_identification:Package 'src/realsense-ros/realsense2_camera_msgs' with type 'ros.ament_cmake' and name 'realsense2_camera_msgs'
[0.474s] Level 1:colcon.colcon_core.package_identification:_identify(src/realsense-ros/realsense2_description) by extensions ['ignore', 'ignore_ament_install']
[0.474s] Level 1:colcon.colcon_core.package_identification:_identify(src/realsense-ros/realsense2_description) by extension 'ignore'
[0.474s] Level 1:colcon.colcon_core.package_identification:_identify(src/realsense-ros/realsense2_description) by extension 'ignore_ament_install'
[0.474s] Level 1:colcon.colcon_core.package_identification:_identify(src/realsense-ros/realsense2_description) by extensions ['colcon_pkg']
[0.474s] Level 1:colcon.colcon_core.package_identification:_identify(src/realsense-ros/realsense2_description) by extension 'colcon_pkg'
[0.474s] Level 1:colcon.colcon_core.package_identification:_identify(src/realsense-ros/realsense2_description) by extensions ['colcon_meta']
[0.475s] Level 1:colcon.colcon_core.package_identification:_identify(src/realsense-ros/realsense2_description) by extension 'colcon_meta'
[0.475s] Level 1:colcon.colcon_core.package_identification:_identify(src/realsense-ros/realsense2_description) by extensions ['ros']
[0.475s] Level 1:colcon.colcon_core.package_identification:_identify(src/realsense-ros/realsense2_description) by extension 'ros'
[0.477s] DEBUG:colcon.colcon_core.package_identification:Package 'src/realsense-ros/realsense2_description' with type 'ros.ament_cmake' and name 'realsense2_description'
[0.477s] Level 1:colcon.colcon_core.package_identification:_identify(src/realsense-ros/scripts) by extensions ['ignore', 'ignore_ament_install']
[0.477s] Level 1:colcon.colcon_core.package_identification:_identify(src/realsense-ros/scripts) by extension 'ignore'
[0.477s] Level 1:colcon.colcon_core.package_identification:_identify(src/realsense-ros/scripts) by extension 'ignore_ament_install'
[0.478s] Level 1:colcon.colcon_core.package_identification:_identify(src/realsense-ros/scripts) by extensions ['colcon_pkg']
[0.478s] Level 1:colcon.colcon_core.package_identification:_identify(src/realsense-ros/scripts) by extension 'colcon_pkg'
[0.478s] Level 1:colcon.colcon_core.package_identification:_identify(src/realsense-ros/scripts) by extensions ['colcon_meta']
[0.478s] Level 1:colcon.colcon_core.package_identification:_identify(src/realsense-ros/scripts) by extension 'colcon_meta'
[0.478s] Level 1:colcon.colcon_core.package_identification:_identify(src/realsense-ros/scripts) by extensions ['ros']
[0.478s] Level 1:colcon.colcon_core.package_identification:_identify(src/realsense-ros/scripts) by extension 'ros'
[0.478s] Level 1:colcon.colcon_core.package_identification:_identify(src/realsense-ros/scripts) by extensions ['cmake', 'python']
[0.478s] Level 1:colcon.colcon_core.package_identification:_identify(src/realsense-ros/scripts) by extension 'cmake'
[0.478s] Level 1:colcon.colcon_core.package_identification:_identify(src/realsense-ros/scripts) by extension 'python'
[0.479s] Level 1:colcon.colcon_core.package_identification:_identify(src/realsense-ros/scripts) by extensions ['python_setup_py']
[0.479s] Level 1:colcon.colcon_core.package_identification:_identify(src/realsense-ros/scripts) by extension 'python_setup_py'
[0.479s] Level 1:colcon.colcon_core.package_identification:_identify(src/vision_to_local_pose) by extensions ['ignore', 'ignore_ament_install']
[0.479s] Level 1:colcon.colcon_core.package_identification:_identify(src/vision_to_local_pose) by extension 'ignore'
[0.479s] Level 1:colcon.colcon_core.package_identification:_identify(src/vision_to_local_pose) by extension 'ignore_ament_install'
[0.479s] Level 1:colcon.colcon_core.package_identification:_identify(src/vision_to_local_pose) by extensions ['colcon_pkg']
[0.479s] Level 1:colcon.colcon_core.package_identification:_identify(src/vision_to_local_pose) by extension 'colcon_pkg'
[0.480s] Level 1:colcon.colcon_core.package_identification:_identify(src/vision_to_local_pose) by extensions ['colcon_meta']
[0.480s] Level 1:colcon.colcon_core.package_identification:_identify(src/vision_to_local_pose) by extension 'colcon_meta'
[0.480s] Level 1:colcon.colcon_core.package_identification:_identify(src/vision_to_local_pose) by extensions ['ros']
[0.480s] Level 1:colcon.colcon_core.package_identification:_identify(src/vision_to_local_pose) by extension 'ros'
[0.482s] DEBUG:colcon.colcon_core.package_identification:Package 'src/vision_to_local_pose' with type 'ros.ament_python' and name 'vision_to_local_pose'
[0.482s] Level 1:colcon.colcon_core.package_discovery:discover_packages(recursive) using defaults
[0.483s] Level 1:colcon.colcon_core.package_discovery:discover_packages(ignore) discover
[0.483s] Level 1:colcon.colcon_core.package_discovery:discover_packages(ignore) using defaults
[0.483s] Level 1:colcon.colcon_core.package_discovery:discover_packages(path) discover
[0.483s] Level 1:colcon.colcon_core.package_discovery:discover_packages(path) using defaults
[0.532s] INFO:colcon.colcon_core.package_selection:Skipping not selected package 'boundary_mapper' in 'src/boundary_mapper'
[0.533s] INFO:colcon.colcon_core.package_selection:Skipping not selected package 'drone_takeoff' in 'src/drone_takeoff'
[0.533s] INFO:colcon.colcon_core.package_selection:Skipping not selected package 'drone_vio_py' in 'src/drone_vio_py'
[0.533s] INFO:colcon.colcon_core.package_selection:Skipping not selected package 'landing_area_detector' in 'src/landing_area_detector'
[0.533s] INFO:colcon.colcon_core.package_selection:Skipping not selected package 'local_zeroing_pkg' in 'src/local_zeroing_pkg'
[0.533s] INFO:colcon.colcon_core.package_selection:Skipping not selected package 'mavros_takeoff' in 'src/mavros_takeoff'
[0.533s] INFO:colcon.colcon_core.package_selection:Skipping not selected package 'my_mavros_subscriber' in 'src/my_mavros_subscriber'
[0.533s] INFO:colcon.colcon_core.package_selection:Skipping not selected package 'my_package' in 'src/my_package'
[0.533s] INFO:colcon.colcon_core.package_selection:Skipping not selected package 'new_takeoff_node' in 'src/new_takeoff_node'
[0.533s] INFO:colcon.colcon_core.package_selection:Skipping not selected package 'pose_relay' in 'src/pose_relay'
[0.533s] INFO:colcon.colcon_core.package_selection:Skipping not selected package 'realsense2_camera_msgs' in 'src/realsense-ros/realsense2_camera_msgs'
[0.533s] INFO:colcon.colcon_core.package_selection:Skipping not selected package 'vision_to_local_pose' in 'src/vision_to_local_pose'
[0.533s] INFO:colcon.colcon_core.package_selection:Skipping not selected package 'realsense2_camera' in 'src/realsense-ros/realsense2_camera'
[0.533s] INFO:colcon.colcon_core.package_selection:Skipping not selected package 'realsense2_description' in 'src/realsense-ros/realsense2_description'
[0.534s] Level 1:colcon.colcon_core.package_discovery:discover_packages(prefix_path) check parameters
[0.534s] Level 1:colcon.colcon_core.package_discovery:discover_packages(prefix_path) discover
[0.540s] DEBUG:colcon.colcon_installed_package_information.package_discovery:Found 15 installed packages in /home/nits/ros2_ws/install
[0.543s] DEBUG:colcon.colcon_installed_package_information.package_discovery:Found 357 installed packages in /opt/ros/humble
[0.548s] Level 1:colcon.colcon_core.package_discovery:discover_packages(prefix_path) using defaults
[0.684s] Level 5:colcon.colcon_core.verb:set package 'drone_vio_cpp' build argument 'cmake_args' from command line to 'None'
[0.684s] Level 5:colcon.colcon_core.verb:set package 'drone_vio_cpp' build argument 'cmake_target' from command line to 'None'
[0.684s] Level 5:colcon.colcon_core.verb:set package 'drone_vio_cpp' build argument 'cmake_target_skip_unavailable' from command line to 'False'
[0.684s] Level 5:colcon.colcon_core.verb:set package 'drone_vio_cpp' build argument 'cmake_clean_cache' from command line to 'False'
[0.684s] Level 5:colcon.colcon_core.verb:set package 'drone_vio_cpp' build argument 'cmake_clean_first' from command line to 'False'
[0.684s] Level 5:colcon.colcon_core.verb:set package 'drone_vio_cpp' build argument 'cmake_force_configure' from command line to 'False'
[0.684s] Level 5:colcon.colcon_core.verb:set package 'drone_vio_cpp' build argument 'ament_cmake_args' from command line to 'None'
[0.684s] Level 5:colcon.colcon_core.verb:set package 'drone_vio_cpp' build argument 'catkin_cmake_args' from command line to 'None'
[0.685s] Level 5:colcon.colcon_core.verb:set package 'drone_vio_cpp' build argument 'catkin_skip_building_tests' from command line to 'False'
[0.685s] DEBUG:colcon.colcon_core.verb:Building package 'drone_vio_cpp' with the following arguments: {'ament_cmake_args': None, 'build_base': '/home/nits/ros2_ws/build/drone_vio_cpp', 'catkin_cmake_args': None, 'catkin_skip_building_tests': False, 'cmake_args': None, 'cmake_clean_cache': False, 'cmake_clean_first': False, 'cmake_force_configure': False, 'cmake_target': None, 'cmake_target_skip_unavailable': False, 'install_base': '/home/nits/ros2_ws/install/drone_vio_cpp', 'merge_install': False, 'path': '/home/nits/ros2_ws/src/drone_vio_cpp', 'symlink_install': False, 'test_result_base': None}
[0.685s] INFO:colcon.colcon_core.executor:Executing jobs using 'parallel' executor
[0.688s] DEBUG:colcon.colcon_parallel_executor.executor.parallel:run_until_complete
[0.690s] INFO:colcon.colcon_ros.task.ament_cmake.build:Building ROS package in '/home/nits/ros2_ws/src/drone_vio_cpp' with build type 'ament_cmake'
[0.691s] INFO:colcon.colcon_cmake.task.cmake.build:Building CMake package in '/home/nits/ros2_ws/src/drone_vio_cpp'
[0.697s] INFO:colcon.colcon_core.plugin_system:Skipping extension 'colcon_core.shell.bat': Not used on non-Windows systems
[0.697s] INFO:colcon.colcon_core.shell:Skip shell extension 'powershell' for command environment: Not usable outside of PowerShell
[0.697s] DEBUG:colcon.colcon_core.shell:Skip shell extension 'dsv' for command environment
[0.725s] DEBUG:colcon.colcon_core.event_handler.log_command:Invoking command in '/home/nits/ros2_ws/build/drone_vio_cpp': CMAKE_PREFIX_PATH=/home/nits/ros2_ws/install/realsense2_description:/home/nits/ros2_ws/install/realsense2_camera:/home/nits/ros2_ws/install/realsense2_camera_msgs:/home/nits/ros2_ws/install/vision_to_local_pose:/home/nits/ros2_ws/install/pose_relay:/home/nits/ros2_ws/install/new_takeoff_node:/home/nits/ros2_ws/install/my_package:/home/nits/ros2_ws/install/mavros_takeoff:/home/nits/ros2_ws/install/drone_vio_py:/home/nits/ros2_ws/install/drone_takeoff:/opt/ros/humble:/home/nits/ros2_ws/install/local_zeroing_pkg:/home/nits/ros2_ws/install/landing_area_detector:/home/nits/ros2_ws/install/flat_area_detector:/home/nits/ros2_ws/install/drone_vio_cpp:/home/nits/ros2_ws/install/boundary_mapper /usr/bin/cmake --build /home/nits/ros2_ws/build/drone_vio_cpp -- -j6 -l6
[24.979s] DEBUG:colcon.colcon_core.event_handler.log_command:Invoked command in '/home/nits/ros2_ws/build/drone_vio_cpp' returned '0': CMAKE_PREFIX_PATH=/home/nits/ros2_ws/install/realsense2_description:/home/nits/ros2_ws/install/realsense2_camera:/home/nits/ros2_ws/install/realsense2_camera_msgs:/home/nits/ros2_ws/install/vision_to_local_pose:/home/nits/ros2_ws/install/pose_relay:/home/nits/ros2_ws/install/new_takeoff_node:/home/nits/ros2_ws/install/my_package:/home/nits/ros2_ws/install/mavros_takeoff:/home/nits/ros2_ws/install/drone_vio_py:/home/nits/ros2_ws/install/drone_takeoff:/opt/ros/humble:/home/nits/ros2_ws/install/local_zeroing_pkg:/home/nits/ros2_ws/install/landing_area_detector:/home/nits/ros2_ws/install/flat_area_detector:/home/nits/ros2_ws/install/drone_vio_cpp:/home/nits/ros2_ws/install/boundary_mapper /usr/bin/cmake --build /home/nits/ros2_ws/build/drone_vio_cpp -- -j6 -l6
[25.016s] DEBUG:colcon.colcon_core.event_handler.log_command:Invoking command in '/home/nits/ros2_ws/build/drone_vio_cpp': CMAKE_PREFIX_PATH=/home/nits/ros2_ws/install/realsense2_description:/home/nits/ros2_ws/install/realsense2_camera:/home/nits/ros2_ws/install/realsense2_camera_msgs:/home/nits/ros2_ws/install/vision_to_local_pose:/home/nits/ros2_ws/install/pose_relay:/home/nits/ros2_ws/install/new_takeoff_node:/home/nits/ros2_ws/install/my_package:/home/nits/ros2_ws/install/mavros_takeoff:/home/nits/ros2_ws/install/drone_vio_py:/home/nits/ros2_ws/install/drone_takeoff:/opt/ros/humble:/home/nits/ros2_ws/install/local_zeroing_pkg:/home/nits/ros2_ws/install/landing_area_detector:/home/nits/ros2_ws/install/flat_area_detector:/home/nits/ros2_ws/install/drone_vio_cpp:/home/nits/ros2_ws/install/boundary_mapper /usr/bin/cmake --install /home/nits/ros2_ws/build/drone_vio_cpp
[25.068s] Level 1:colcon.colcon_core.environment:create_environment_scripts_only(drone_vio_cpp)
[25.070s] DEBUG:colcon.colcon_core.event_handler.log_command:Invoked command in '/home/nits/ros2_ws/build/drone_vio_cpp' returned '0': CMAKE_PREFIX_PATH=/home/nits/ros2_ws/install/realsense2_description:/home/nits/ros2_ws/install/realsense2_camera:/home/nits/ros2_ws/install/realsense2_camera_msgs:/home/nits/ros2_ws/install/vision_to_local_pose:/home/nits/ros2_ws/install/pose_relay:/home/nits/ros2_ws/install/new_takeoff_node:/home/nits/ros2_ws/install/my_package:/home/nits/ros2_ws/install/mavros_takeoff:/home/nits/ros2_ws/install/drone_vio_py:/home/nits/ros2_ws/install/drone_takeoff:/opt/ros/humble:/home/nits/ros2_ws/install/local_zeroing_pkg:/home/nits/ros2_ws/install/landing_area_detector:/home/nits/ros2_ws/install/flat_area_detector:/home/nits/ros2_ws/install/drone_vio_cpp:/home/nits/ros2_ws/install/boundary_mapper /usr/bin/cmake --install /home/nits/ros2_ws/build/drone_vio_cpp
[25.082s] Level 1:colcon.colcon_core.environment:checking '/home/nits/ros2_ws/install/drone_vio_cpp' for CMake module files
[25.085s] Level 1:colcon.colcon_core.environment:checking '/home/nits/ros2_ws/install/drone_vio_cpp' for CMake config files
[25.087s] Level 1:colcon.colcon_core.shell:create_environment_hook('drone_vio_cpp', 'cmake_prefix_path')
[25.091s] INFO:colcon.colcon_core.shell:Creating environment hook '/home/nits/ros2_ws/install/drone_vio_cpp/share/drone_vio_cpp/hook/cmake_prefix_path.ps1'
[25.093s] INFO:colcon.colcon_core.shell:Creating environment descriptor '/home/nits/ros2_ws/install/drone_vio_cpp/share/drone_vio_cpp/hook/cmake_prefix_path.dsv'
[25.095s] INFO:colcon.colcon_core.shell:Creating environment hook '/home/nits/ros2_ws/install/drone_vio_cpp/share/drone_vio_cpp/hook/cmake_prefix_path.sh'
[25.100s] Level 1:colcon.colcon_core.environment:checking '/home/nits/ros2_ws/install/drone_vio_cpp/lib'
[25.100s] Level 1:colcon.colcon_core.environment:checking '/home/nits/ros2_ws/install/drone_vio_cpp/bin'
[25.101s] Level 1:colcon.colcon_core.environment:checking '/home/nits/ros2_ws/install/drone_vio_cpp/lib/pkgconfig/drone_vio_cpp.pc'
[25.101s] Level 1:colcon.colcon_core.environment:checking '/home/nits/ros2_ws/install/drone_vio_cpp/lib/python3.10/site-packages'
[25.101s] Level 1:colcon.colcon_core.environment:checking '/home/nits/ros2_ws/install/drone_vio_cpp/bin'
[25.102s] INFO:colcon.colcon_core.shell:Creating package script '/home/nits/ros2_ws/install/drone_vio_cpp/share/drone_vio_cpp/package.ps1'
[25.104s] INFO:colcon.colcon_core.shell:Creating package descriptor '/home/nits/ros2_ws/install/drone_vio_cpp/share/drone_vio_cpp/package.dsv'
[25.106s] INFO:colcon.colcon_core.shell:Creating package script '/home/nits/ros2_ws/install/drone_vio_cpp/share/drone_vio_cpp/package.sh'
[25.108s] INFO:colcon.colcon_core.shell:Creating package script '/home/nits/ros2_ws/install/drone_vio_cpp/share/drone_vio_cpp/package.bash'
[25.110s] INFO:colcon.colcon_core.shell:Creating package script '/home/nits/ros2_ws/install/drone_vio_cpp/share/drone_vio_cpp/package.zsh'
[25.111s] Level 1:colcon.colcon_core.environment:create_file_with_runtime_dependencies(/home/nits/ros2_ws/install/drone_vio_cpp/share/colcon-core/packages/drone_vio_cpp)
[25.115s] Level 1:colcon.colcon_core.environment:create_environment_scripts_only(drone_vio_cpp)
[25.116s] Level 1:colcon.colcon_core.environment:checking '/home/nits/ros2_ws/install/drone_vio_cpp' for CMake module files
[25.117s] Level 1:colcon.colcon_core.environment:checking '/home/nits/ros2_ws/install/drone_vio_cpp' for CMake config files
[25.118s] Level 1:colcon.colcon_core.shell:create_environment_hook('drone_vio_cpp', 'cmake_prefix_path')
[25.118s] INFO:colcon.colcon_core.shell:Creating environment hook '/home/nits/ros2_ws/install/drone_vio_cpp/share/drone_vio_cpp/hook/cmake_prefix_path.ps1'
[25.120s] INFO:colcon.colcon_core.shell:Creating environment descriptor '/home/nits/ros2_ws/install/drone_vio_cpp/share/drone_vio_cpp/hook/cmake_prefix_path.dsv'
[25.121s] INFO:colcon.colcon_core.shell:Creating environment hook '/home/nits/ros2_ws/install/drone_vio_cpp/share/drone_vio_cpp/hook/cmake_prefix_path.sh'
[25.123s] Level 1:colcon.colcon_core.environment:checking '/home/nits/ros2_ws/install/drone_vio_cpp/lib'
[25.123s] Level 1:colcon.colcon_core.environment:checking '/home/nits/ros2_ws/install/drone_vio_cpp/bin'
[25.123s] Level 1:colcon.colcon_core.environment:checking '/home/nits/ros2_ws/install/drone_vio_cpp/lib/pkgconfig/drone_vio_cpp.pc'
[25.124s] Level 1:colcon.colcon_core.environment:checking '/home/nits/ros2_ws/install/drone_vio_cpp/lib/python3.10/site-packages'
[25.125s] Level 1:colcon.colcon_core.environment:checking '/home/nits/ros2_ws/install/drone_vio_cpp/bin'
[25.125s] INFO:colcon.colcon_core.shell:Creating package script '/home/nits/ros2_ws/install/drone_vio_cpp/share/drone_vio_cpp/package.ps1'
[25.127s] INFO:colcon.colcon_core.shell:Creating package descriptor '/home/nits/ros2_ws/install/drone_vio_cpp/share/drone_vio_cpp/package.dsv'
[25.129s] INFO:colcon.colcon_core.shell:Creating package script '/home/nits/ros2_ws/install/drone_vio_cpp/share/drone_vio_cpp/package.sh'
[25.133s] INFO:colcon.colcon_core.shell:Creating package script '/home/nits/ros2_ws/install/drone_vio_cpp/share/drone_vio_cpp/package.bash'
[25.135s] INFO:colcon.colcon_core.shell:Creating package script '/home/nits/ros2_ws/install/drone_vio_cpp/share/drone_vio_cpp/package.zsh'
[25.136s] Level 1:colcon.colcon_core.environment:create_file_with_runtime_dependencies(/home/nits/ros2_ws/install/drone_vio_cpp/share/colcon-core/packages/drone_vio_cpp)
[25.137s] DEBUG:colcon.colcon_parallel_executor.executor.parallel:closing loop
[25.138s] DEBUG:colcon.colcon_parallel_executor.executor.parallel:loop closed
[25.138s] DEBUG:colcon.colcon_parallel_executor.executor.parallel:run_until_complete finished with '0'
[25.138s] DEBUG:colcon.colcon_core.event_reactor:joining thread
[25.174s] INFO:colcon.colcon_core.plugin_system:Skipping extension 'colcon_notification.desktop_notification.terminal_notifier': Not used on non-Darwin systems
[25.175s] INFO:colcon.colcon_core.plugin_system:Skipping extension 'colcon_notification.desktop_notification.win32': Not used on non-Windows systems
[25.175s] INFO:colcon.colcon_notification.desktop_notification:Sending desktop notification using 'notify2'
[25.221s] DEBUG:colcon.colcon_core.event_reactor:joined thread
[25.222s] INFO:colcon.colcon_core.shell:Creating prefix script '/home/nits/ros2_ws/install/local_setup.ps1'
[25.225s] INFO:colcon.colcon_core.shell:Creating prefix util module '/home/nits/ros2_ws/install/_local_setup_util_ps1.py'
[25.229s] INFO:colcon.colcon_core.shell:Creating prefix chain script '/home/nits/ros2_ws/install/setup.ps1'
[25.235s] INFO:colcon.colcon_core.shell:Creating prefix script '/home/nits/ros2_ws/install/local_setup.sh'
[25.236s] INFO:colcon.colcon_core.shell:Creating prefix util module '/home/nits/ros2_ws/install/_local_setup_util_sh.py'
[25.238s] INFO:colcon.colcon_core.shell:Creating prefix chain script '/home/nits/ros2_ws/install/setup.sh'
[25.241s] INFO:colcon.colcon_core.shell:Creating prefix script '/home/nits/ros2_ws/install/local_setup.bash'
[25.242s] INFO:colcon.colcon_core.shell:Creating prefix chain script '/home/nits/ros2_ws/install/setup.bash'
[25.245s] INFO:colcon.colcon_core.shell:Creating prefix script '/home/nits/ros2_ws/install/local_setup.zsh'
[25.247s] INFO:colcon.colcon_core.shell:Creating prefix chain script '/home/nits/ros2_ws/install/setup.zsh'
