[2.313s] Invoking command in '/home/nits/ros2_ws/src/mavros_takeoff': PYTHONPATH=/home/nits/ros2_ws/build/mavros_takeoff/prefix_override:/usr/lib/python3/dist-packages/colcon_core/task/python/colcon_distutils_commands:/home/nits/ros2_ws/install/mavros_takeoff/lib/python3.10/site-packages:${PYTHONPATH} /usr/bin/python3 -W ignore:setup.py install is deprecated -W ignore:easy_install command is deprecated setup.py egg_info --egg-base ../../build/mavros_takeoff build --build-base /home/nits/ros2_ws/build/mavros_takeoff/build install --record /home/nits/ros2_ws/build/mavros_takeoff/install.log --single-version-externally-managed install_data
[2.723s] /home/nits/.local/lib/python3.10/site-packages/setuptools/_distutils/dist.py:289: UserWarning: Unknown distribution option: 'tests_require'
[2.723s]   warnings.warn(msg)
[2.986s] running egg_info
[3.038s] writing ../../build/mavros_takeoff/mavros_takeoff.egg-info/PKG-INFO
[3.039s] writing dependency_links to ../../build/mavros_takeoff/mavros_takeoff.egg-info/dependency_links.txt
[3.040s] writing requirements to ../../build/mavros_takeoff/mavros_takeoff.egg-info/requires.txt
[3.041s] writing top-level names to ../../build/mavros_takeoff/mavros_takeoff.egg-info/top_level.txt
[3.130s] reading manifest file '../../build/mavros_takeoff/mavros_takeoff.egg-info/SOURCES.txt'
[3.134s] writing manifest file '../../build/mavros_takeoff/mavros_takeoff.egg-info/SOURCES.txt'
[3.135s] running build
[3.135s] running build_py
[3.136s] copying mavros_takeoff/setup.py -> /home/nits/ros2_ws/build/mavros_takeoff/build/lib/mavros_takeoff
[3.136s] copying mavros_takeoff/takeoff_node.py -> /home/nits/ros2_ws/build/mavros_takeoff/build/lib/mavros_takeoff
[3.136s] copying mavros_takeoff/__init__.py -> /home/nits/ros2_ws/build/mavros_takeoff/build/lib/mavros_takeoff
[3.137s] running install
[3.148s] running install_lib
[3.193s] copying /home/nits/ros2_ws/build/mavros_takeoff/build/lib/mavros_takeoff/setup.py -> /home/nits/ros2_ws/install/mavros_takeoff/lib/python3.10/site-packages/mavros_takeoff
[3.195s] byte-compiling /home/nits/ros2_ws/install/mavros_takeoff/lib/python3.10/site-packages/mavros_takeoff/setup.py to setup.cpython-310.pyc
[3.197s] running install_data
[3.198s] copying resource/mavros_takeoff -> /home/nits/ros2_ws/install/mavros_takeoff/share/ament_index/resource_index/packages
[3.199s] copying package.xml -> /home/nits/ros2_ws/install/mavros_takeoff/share/mavros_takeoff
[3.201s] running install_egg_info
[3.261s] removing '/home/nits/ros2_ws/install/mavros_takeoff/lib/python3.10/site-packages/mavros_takeoff-0.0.0-py3.10.egg-info' (and everything under it)
[3.262s] Copying ../../build/mavros_takeoff/mavros_takeoff.egg-info to /home/nits/ros2_ws/install/mavros_takeoff/lib/python3.10/site-packages/mavros_takeoff-0.0.0-py3.10.egg-info
[3.269s] running install_scripts
[3.664s] writing list of installed files to '/home/nits/ros2_ws/build/mavros_takeoff/install.log'
[3.765s] Invoked command in '/home/nits/ros2_ws/src/mavros_takeoff' returned '0': PYTHONPATH=/home/nits/ros2_ws/build/mavros_takeoff/prefix_override:/usr/lib/python3/dist-packages/colcon_core/task/python/colcon_distutils_commands:/home/nits/ros2_ws/install/mavros_takeoff/lib/python3.10/site-packages:${PYTHONPATH} /usr/bin/python3 -W ignore:setup.py install is deprecated -W ignore:easy_install command is deprecated setup.py egg_info --egg-base ../../build/mavros_takeoff build --build-base /home/nits/ros2_ws/build/mavros_takeoff/build install --record /home/nits/ros2_ws/build/mavros_takeoff/install.log --single-version-externally-managed install_data
