[0.243s] DEBUG:colcon:Command line arguments: ['/usr/bin/colcon', 'build', '--packages-select', 'local_zeroing_pkg']
[0.243s] DEBUG:colcon:Parsed command line arguments: Namespace(log_base=None, log_level=None, verb_name='build', build_base='build', install_base='install', merge_install=False, symlink_install=False, test_result_base=None, continue_on_error=False, executor='parallel', parallel_workers=6, event_handlers=None, ignore_user_meta=False, metas=['./colcon.meta'], base_paths=['.'], packages_ignore=None, packages_ignore_regex=None, paths=None, packages_up_to=None, packages_up_to_regex=None, packages_above=None, packages_above_and_dependencies=None, packages_above_depth=None, packages_select_by_dep=None, packages_skip_by_dep=None, packages_skip_up_to=None, packages_select_build_failed=False, packages_skip_build_finished=False, packages_select_test_failures=False, packages_skip_test_passed=False, packages_select=['local_zeroing_pkg'], packages_skip=None, packages_select_regex=None, packages_skip_regex=None, packages_start=None, packages_end=None, allow_overriding=[], cmake_args=None, cmake_target=None, cmake_target_skip_unavailable=False, cmake_clean_cache=False, cmake_clean_first=False, cmake_force_configure=False, ament_cmake_args=None, catkin_cmake_args=None, catkin_skip_building_tests=False, mixin_files=None, mixin=None, verb_parser=<colcon_mixin.mixin.mixin_argument.MixinArgumentDecorator object at 0xffff8335b5b0>, verb_extension=<colcon_core.verb.build.BuildVerb object at 0xffff83550b50>, main=<bound method BuildVerb.main of <colcon_core.verb.build.BuildVerb object at 0xffff83550b50>>, mixin_verb=('build',))
[0.331s] Level 1:colcon.colcon_core.package_discovery:discover_packages(colcon_meta) check parameters
[0.331s] Level 1:colcon.colcon_core.package_discovery:discover_packages(recursive) check parameters
[0.331s] Level 1:colcon.colcon_core.package_discovery:discover_packages(ignore) check parameters
[0.331s] Level 1:colcon.colcon_core.package_discovery:discover_packages(path) check parameters
[0.331s] Level 1:colcon.colcon_core.package_discovery:discover_packages(colcon_meta) discover
[0.331s] Level 1:colcon.colcon_core.package_discovery:discover_packages(recursive) discover
[0.332s] INFO:colcon.colcon_core.package_discovery:Crawling recursively for packages in '/home/nits/ros2_ws'
[0.332s] Level 1:colcon.colcon_core.package_identification:_identify(.) by extensions ['ignore', 'ignore_ament_install']
[0.332s] Level 1:colcon.colcon_core.package_identification:_identify(.) by extension 'ignore'
[0.332s] Level 1:colcon.colcon_core.package_identification:_identify(.) by extension 'ignore_ament_install'
[0.332s] Level 1:colcon.colcon_core.package_identification:_identify(.) by extensions ['colcon_pkg']
[0.332s] Level 1:colcon.colcon_core.package_identification:_identify(.) by extension 'colcon_pkg'
[0.332s] Level 1:colcon.colcon_core.package_identification:_identify(.) by extensions ['colcon_meta']
[0.333s] Level 1:colcon.colcon_core.package_identification:_identify(.) by extension 'colcon_meta'
[0.333s] Level 1:colcon.colcon_core.package_identification:_identify(.) by extensions ['ros']
[0.333s] Level 1:colcon.colcon_core.package_identification:_identify(.) by extension 'ros'
[0.364s] Level 1:colcon.colcon_core.package_identification:_identify(.) by extensions ['cmake', 'python']
[0.364s] Level 1:colcon.colcon_core.package_identification:_identify(.) by extension 'cmake'
[0.364s] Level 1:colcon.colcon_core.package_identification:_identify(.) by extension 'python'
[0.365s] Level 1:colcon.colcon_core.package_identification:_identify(.) by extensions ['python_setup_py']
[0.365s] Level 1:colcon.colcon_core.package_identification:_identify(.) by extension 'python_setup_py'
[0.365s] Level 1:colcon.colcon_core.package_identification:_identify(build) by extensions ['ignore', 'ignore_ament_install']
[0.365s] Level 1:colcon.colcon_core.package_identification:_identify(build) by extension 'ignore'
[0.365s] Level 1:colcon.colcon_core.package_identification:_identify(build) ignored
[0.366s] Level 1:colcon.colcon_core.package_identification:_identify(install) by extensions ['ignore', 'ignore_ament_install']
[0.366s] Level 1:colcon.colcon_core.package_identification:_identify(install) by extension 'ignore'
[0.366s] Level 1:colcon.colcon_core.package_identification:_identify(install) ignored
[0.366s] Level 1:colcon.colcon_core.package_identification:_identify(log) by extensions ['ignore', 'ignore_ament_install']
[0.366s] Level 1:colcon.colcon_core.package_identification:_identify(log) by extension 'ignore'
[0.366s] Level 1:colcon.colcon_core.package_identification:_identify(log) ignored
[0.367s] Level 1:colcon.colcon_core.package_identification:_identify(src) by extensions ['ignore', 'ignore_ament_install']
[0.367s] Level 1:colcon.colcon_core.package_identification:_identify(src) by extension 'ignore'
[0.367s] Level 1:colcon.colcon_core.package_identification:_identify(src) by extension 'ignore_ament_install'
[0.367s] Level 1:colcon.colcon_core.package_identification:_identify(src) by extensions ['colcon_pkg']
[0.367s] Level 1:colcon.colcon_core.package_identification:_identify(src) by extension 'colcon_pkg'
[0.367s] Level 1:colcon.colcon_core.package_identification:_identify(src) by extensions ['colcon_meta']
[0.367s] Level 1:colcon.colcon_core.package_identification:_identify(src) by extension 'colcon_meta'
[0.367s] Level 1:colcon.colcon_core.package_identification:_identify(src) by extensions ['ros']
[0.367s] Level 1:colcon.colcon_core.package_identification:_identify(src) by extension 'ros'
[0.368s] Level 1:colcon.colcon_core.package_identification:_identify(src) by extensions ['cmake', 'python']
[0.368s] Level 1:colcon.colcon_core.package_identification:_identify(src) by extension 'cmake'
[0.368s] Level 1:colcon.colcon_core.package_identification:_identify(src) by extension 'python'
[0.368s] Level 1:colcon.colcon_core.package_identification:_identify(src) by extensions ['python_setup_py']
[0.368s] Level 1:colcon.colcon_core.package_identification:_identify(src) by extension 'python_setup_py'
[0.368s] Level 1:colcon.colcon_core.package_identification:_identify(src/boundary_mapper) by extensions ['ignore', 'ignore_ament_install']
[0.368s] Level 1:colcon.colcon_core.package_identification:_identify(src/boundary_mapper) by extension 'ignore'
[0.368s] Level 1:colcon.colcon_core.package_identification:_identify(src/boundary_mapper) by extension 'ignore_ament_install'
[0.369s] Level 1:colcon.colcon_core.package_identification:_identify(src/boundary_mapper) by extensions ['colcon_pkg']
[0.369s] Level 1:colcon.colcon_core.package_identification:_identify(src/boundary_mapper) by extension 'colcon_pkg'
[0.369s] Level 1:colcon.colcon_core.package_identification:_identify(src/boundary_mapper) by extensions ['colcon_meta']
[0.369s] Level 1:colcon.colcon_core.package_identification:_identify(src/boundary_mapper) by extension 'colcon_meta'
[0.369s] Level 1:colcon.colcon_core.package_identification:_identify(src/boundary_mapper) by extensions ['ros']
[0.369s] Level 1:colcon.colcon_core.package_identification:_identify(src/boundary_mapper) by extension 'ros'
[0.375s] DEBUG:colcon.colcon_core.package_identification:Package 'src/boundary_mapper' with type 'ros.ament_cmake' and name 'boundary_mapper'
[0.375s] Level 1:colcon.colcon_core.package_identification:_identify(src/build) by extensions ['ignore', 'ignore_ament_install']
[0.375s] Level 1:colcon.colcon_core.package_identification:_identify(src/build) by extension 'ignore'
[0.375s] Level 1:colcon.colcon_core.package_identification:_identify(src/build) ignored
[0.376s] Level 1:colcon.colcon_core.package_identification:_identify(src/install) by extensions ['ignore', 'ignore_ament_install']
[0.376s] Level 1:colcon.colcon_core.package_identification:_identify(src/install) by extension 'ignore'
[0.376s] Level 1:colcon.colcon_core.package_identification:_identify(src/install) ignored
[0.376s] Level 1:colcon.colcon_core.package_identification:_identify(src/landing_area_detector) by extensions ['ignore', 'ignore_ament_install']
[0.376s] Level 1:colcon.colcon_core.package_identification:_identify(src/landing_area_detector) by extension 'ignore'
[0.376s] Level 1:colcon.colcon_core.package_identification:_identify(src/landing_area_detector) by extension 'ignore_ament_install'
[0.376s] Level 1:colcon.colcon_core.package_identification:_identify(src/landing_area_detector) by extensions ['colcon_pkg']
[0.377s] Level 1:colcon.colcon_core.package_identification:_identify(src/landing_area_detector) by extension 'colcon_pkg'
[0.377s] Level 1:colcon.colcon_core.package_identification:_identify(src/landing_area_detector) by extensions ['colcon_meta']
[0.377s] Level 1:colcon.colcon_core.package_identification:_identify(src/landing_area_detector) by extension 'colcon_meta'
[0.377s] Level 1:colcon.colcon_core.package_identification:_identify(src/landing_area_detector) by extensions ['ros']
[0.377s] Level 1:colcon.colcon_core.package_identification:_identify(src/landing_area_detector) by extension 'ros'
[0.379s] DEBUG:colcon.colcon_core.package_identification:Package 'src/landing_area_detector' with type 'ros.ament_cmake' and name 'landing_area_detector'
[0.379s] Level 1:colcon.colcon_core.package_identification:_identify(src/local_zeroing_pkg) by extensions ['ignore', 'ignore_ament_install']
[0.379s] Level 1:colcon.colcon_core.package_identification:_identify(src/local_zeroing_pkg) by extension 'ignore'
[0.379s] Level 1:colcon.colcon_core.package_identification:_identify(src/local_zeroing_pkg) by extension 'ignore_ament_install'
[0.380s] Level 1:colcon.colcon_core.package_identification:_identify(src/local_zeroing_pkg) by extensions ['colcon_pkg']
[0.380s] Level 1:colcon.colcon_core.package_identification:_identify(src/local_zeroing_pkg) by extension 'colcon_pkg'
[0.380s] Level 1:colcon.colcon_core.package_identification:_identify(src/local_zeroing_pkg) by extensions ['colcon_meta']
[0.380s] Level 1:colcon.colcon_core.package_identification:_identify(src/local_zeroing_pkg) by extension 'colcon_meta'
[0.380s] Level 1:colcon.colcon_core.package_identification:_identify(src/local_zeroing_pkg) by extensions ['ros']
[0.380s] Level 1:colcon.colcon_core.package_identification:_identify(src/local_zeroing_pkg) by extension 'ros'
[0.381s] DEBUG:colcon.colcon_core.package_identification:Package 'src/local_zeroing_pkg' with type 'ros.catkin' and name 'local_zeroing_pkg'
[0.381s] Level 1:colcon.colcon_core.package_identification:_identify(src/log) by extensions ['ignore', 'ignore_ament_install']
[0.382s] Level 1:colcon.colcon_core.package_identification:_identify(src/log) by extension 'ignore'
[0.382s] Level 1:colcon.colcon_core.package_identification:_identify(src/log) ignored
[0.382s] Level 1:colcon.colcon_core.package_identification:_identify(src/realsense-ros) by extensions ['ignore', 'ignore_ament_install']
[0.382s] Level 1:colcon.colcon_core.package_identification:_identify(src/realsense-ros) by extension 'ignore'
[0.382s] Level 1:colcon.colcon_core.package_identification:_identify(src/realsense-ros) by extension 'ignore_ament_install'
[0.382s] Level 1:colcon.colcon_core.package_identification:_identify(src/realsense-ros) by extensions ['colcon_pkg']
[0.382s] Level 1:colcon.colcon_core.package_identification:_identify(src/realsense-ros) by extension 'colcon_pkg'
[0.382s] Level 1:colcon.colcon_core.package_identification:_identify(src/realsense-ros) by extensions ['colcon_meta']
[0.383s] Level 1:colcon.colcon_core.package_identification:_identify(src/realsense-ros) by extension 'colcon_meta'
[0.383s] Level 1:colcon.colcon_core.package_identification:_identify(src/realsense-ros) by extensions ['ros']
[0.383s] Level 1:colcon.colcon_core.package_identification:_identify(src/realsense-ros) by extension 'ros'
[0.383s] Level 1:colcon.colcon_core.package_identification:_identify(src/realsense-ros) by extensions ['cmake', 'python']
[0.383s] Level 1:colcon.colcon_core.package_identification:_identify(src/realsense-ros) by extension 'cmake'
[0.383s] Level 1:colcon.colcon_core.package_identification:_identify(src/realsense-ros) by extension 'python'
[0.383s] Level 1:colcon.colcon_core.package_identification:_identify(src/realsense-ros) by extensions ['python_setup_py']
[0.383s] Level 1:colcon.colcon_core.package_identification:_identify(src/realsense-ros) by extension 'python_setup_py'
[0.384s] Level 1:colcon.colcon_core.package_identification:_identify(src/realsense-ros/realsense2_camera) by extensions ['ignore', 'ignore_ament_install']
[0.384s] Level 1:colcon.colcon_core.package_identification:_identify(src/realsense-ros/realsense2_camera) by extension 'ignore'
[0.384s] Level 1:colcon.colcon_core.package_identification:_identify(src/realsense-ros/realsense2_camera) by extension 'ignore_ament_install'
[0.384s] Level 1:colcon.colcon_core.package_identification:_identify(src/realsense-ros/realsense2_camera) by extensions ['colcon_pkg']
[0.384s] Level 1:colcon.colcon_core.package_identification:_identify(src/realsense-ros/realsense2_camera) by extension 'colcon_pkg'
[0.384s] Level 1:colcon.colcon_core.package_identification:_identify(src/realsense-ros/realsense2_camera) by extensions ['colcon_meta']
[0.384s] Level 1:colcon.colcon_core.package_identification:_identify(src/realsense-ros/realsense2_camera) by extension 'colcon_meta'
[0.384s] Level 1:colcon.colcon_core.package_identification:_identify(src/realsense-ros/realsense2_camera) by extensions ['ros']
[0.385s] Level 1:colcon.colcon_core.package_identification:_identify(src/realsense-ros/realsense2_camera) by extension 'ros'
[0.397s] DEBUG:colcon.colcon_core.package_identification:Package 'src/realsense-ros/realsense2_camera' with type 'ros.ament_cmake' and name 'realsense2_camera'
[0.397s] Level 1:colcon.colcon_core.package_identification:_identify(src/realsense-ros/realsense2_camera_msgs) by extensions ['ignore', 'ignore_ament_install']
[0.398s] Level 1:colcon.colcon_core.package_identification:_identify(src/realsense-ros/realsense2_camera_msgs) by extension 'ignore'
[0.398s] Level 1:colcon.colcon_core.package_identification:_identify(src/realsense-ros/realsense2_camera_msgs) by extension 'ignore_ament_install'
[0.398s] Level 1:colcon.colcon_core.package_identification:_identify(src/realsense-ros/realsense2_camera_msgs) by extensions ['colcon_pkg']
[0.398s] Level 1:colcon.colcon_core.package_identification:_identify(src/realsense-ros/realsense2_camera_msgs) by extension 'colcon_pkg'
[0.398s] Level 1:colcon.colcon_core.package_identification:_identify(src/realsense-ros/realsense2_camera_msgs) by extensions ['colcon_meta']
[0.398s] Level 1:colcon.colcon_core.package_identification:_identify(src/realsense-ros/realsense2_camera_msgs) by extension 'colcon_meta'
[0.398s] Level 1:colcon.colcon_core.package_identification:_identify(src/realsense-ros/realsense2_camera_msgs) by extensions ['ros']
[0.398s] Level 1:colcon.colcon_core.package_identification:_identify(src/realsense-ros/realsense2_camera_msgs) by extension 'ros'
[0.400s] DEBUG:colcon.colcon_core.package_identification:Package 'src/realsense-ros/realsense2_camera_msgs' with type 'ros.ament_cmake' and name 'realsense2_camera_msgs'
[0.400s] Level 1:colcon.colcon_core.package_identification:_identify(src/realsense-ros/realsense2_description) by extensions ['ignore', 'ignore_ament_install']
[0.401s] Level 1:colcon.colcon_core.package_identification:_identify(src/realsense-ros/realsense2_description) by extension 'ignore'
[0.401s] Level 1:colcon.colcon_core.package_identification:_identify(src/realsense-ros/realsense2_description) by extension 'ignore_ament_install'
[0.401s] Level 1:colcon.colcon_core.package_identification:_identify(src/realsense-ros/realsense2_description) by extensions ['colcon_pkg']
[0.401s] Level 1:colcon.colcon_core.package_identification:_identify(src/realsense-ros/realsense2_description) by extension 'colcon_pkg'
[0.401s] Level 1:colcon.colcon_core.package_identification:_identify(src/realsense-ros/realsense2_description) by extensions ['colcon_meta']
[0.401s] Level 1:colcon.colcon_core.package_identification:_identify(src/realsense-ros/realsense2_description) by extension 'colcon_meta'
[0.401s] Level 1:colcon.colcon_core.package_identification:_identify(src/realsense-ros/realsense2_description) by extensions ['ros']
[0.401s] Level 1:colcon.colcon_core.package_identification:_identify(src/realsense-ros/realsense2_description) by extension 'ros'
[0.403s] DEBUG:colcon.colcon_core.package_identification:Package 'src/realsense-ros/realsense2_description' with type 'ros.ament_cmake' and name 'realsense2_description'
[0.403s] Level 1:colcon.colcon_core.package_identification:_identify(src/realsense-ros/scripts) by extensions ['ignore', 'ignore_ament_install']
[0.403s] Level 1:colcon.colcon_core.package_identification:_identify(src/realsense-ros/scripts) by extension 'ignore'
[0.403s] Level 1:colcon.colcon_core.package_identification:_identify(src/realsense-ros/scripts) by extension 'ignore_ament_install'
[0.404s] Level 1:colcon.colcon_core.package_identification:_identify(src/realsense-ros/scripts) by extensions ['colcon_pkg']
[0.404s] Level 1:colcon.colcon_core.package_identification:_identify(src/realsense-ros/scripts) by extension 'colcon_pkg'
[0.404s] Level 1:colcon.colcon_core.package_identification:_identify(src/realsense-ros/scripts) by extensions ['colcon_meta']
[0.404s] Level 1:colcon.colcon_core.package_identification:_identify(src/realsense-ros/scripts) by extension 'colcon_meta'
[0.404s] Level 1:colcon.colcon_core.package_identification:_identify(src/realsense-ros/scripts) by extensions ['ros']
[0.404s] Level 1:colcon.colcon_core.package_identification:_identify(src/realsense-ros/scripts) by extension 'ros'
[0.404s] Level 1:colcon.colcon_core.package_identification:_identify(src/realsense-ros/scripts) by extensions ['cmake', 'python']
[0.404s] Level 1:colcon.colcon_core.package_identification:_identify(src/realsense-ros/scripts) by extension 'cmake'
[0.404s] Level 1:colcon.colcon_core.package_identification:_identify(src/realsense-ros/scripts) by extension 'python'
[0.404s] Level 1:colcon.colcon_core.package_identification:_identify(src/realsense-ros/scripts) by extensions ['python_setup_py']
[0.405s] Level 1:colcon.colcon_core.package_identification:_identify(src/realsense-ros/scripts) by extension 'python_setup_py'
[0.405s] Level 1:colcon.colcon_core.package_discovery:discover_packages(recursive) using defaults
[0.405s] Level 1:colcon.colcon_core.package_discovery:discover_packages(ignore) discover
[0.405s] Level 1:colcon.colcon_core.package_discovery:discover_packages(ignore) using defaults
[0.405s] Level 1:colcon.colcon_core.package_discovery:discover_packages(path) discover
[0.405s] Level 1:colcon.colcon_core.package_discovery:discover_packages(path) using defaults
[0.447s] INFO:colcon.colcon_core.package_selection:Skipping not selected package 'boundary_mapper' in 'src/boundary_mapper'
[0.448s] INFO:colcon.colcon_core.package_selection:Skipping not selected package 'landing_area_detector' in 'src/landing_area_detector'
[0.448s] INFO:colcon.colcon_core.package_selection:Skipping not selected package 'realsense2_camera_msgs' in 'src/realsense-ros/realsense2_camera_msgs'
[0.448s] INFO:colcon.colcon_core.package_selection:Skipping not selected package 'realsense2_camera' in 'src/realsense-ros/realsense2_camera'
[0.448s] INFO:colcon.colcon_core.package_selection:Skipping not selected package 'realsense2_description' in 'src/realsense-ros/realsense2_description'
[0.449s] Level 1:colcon.colcon_core.package_discovery:discover_packages(prefix_path) check parameters
[0.449s] Level 1:colcon.colcon_core.package_discovery:discover_packages(prefix_path) discover
[0.453s] DEBUG:colcon.colcon_installed_package_information.package_discovery:Found 7 installed packages in /home/nits/ros2_ws/install
[0.456s] DEBUG:colcon.colcon_installed_package_information.package_discovery:Found 357 installed packages in /opt/ros/humble
[0.460s] Level 1:colcon.colcon_core.package_discovery:discover_packages(prefix_path) using defaults
[0.555s] Level 5:colcon.colcon_core.verb:set package 'local_zeroing_pkg' build argument 'cmake_args' from command line to 'None'
[0.555s] Level 5:colcon.colcon_core.verb:set package 'local_zeroing_pkg' build argument 'cmake_target' from command line to 'None'
[0.555s] Level 5:colcon.colcon_core.verb:set package 'local_zeroing_pkg' build argument 'cmake_target_skip_unavailable' from command line to 'False'
[0.556s] Level 5:colcon.colcon_core.verb:set package 'local_zeroing_pkg' build argument 'cmake_clean_cache' from command line to 'False'
[0.556s] Level 5:colcon.colcon_core.verb:set package 'local_zeroing_pkg' build argument 'cmake_clean_first' from command line to 'False'
[0.556s] Level 5:colcon.colcon_core.verb:set package 'local_zeroing_pkg' build argument 'cmake_force_configure' from command line to 'False'
[0.556s] Level 5:colcon.colcon_core.verb:set package 'local_zeroing_pkg' build argument 'ament_cmake_args' from command line to 'None'
[0.556s] Level 5:colcon.colcon_core.verb:set package 'local_zeroing_pkg' build argument 'catkin_cmake_args' from command line to 'None'
[0.556s] Level 5:colcon.colcon_core.verb:set package 'local_zeroing_pkg' build argument 'catkin_skip_building_tests' from command line to 'False'
[0.556s] DEBUG:colcon.colcon_core.verb:Building package 'local_zeroing_pkg' with the following arguments: {'ament_cmake_args': None, 'build_base': '/home/nits/ros2_ws/build/local_zeroing_pkg', 'catkin_cmake_args': None, 'catkin_skip_building_tests': False, 'cmake_args': None, 'cmake_clean_cache': False, 'cmake_clean_first': False, 'cmake_force_configure': False, 'cmake_target': None, 'cmake_target_skip_unavailable': False, 'install_base': '/home/nits/ros2_ws/install/local_zeroing_pkg', 'merge_install': False, 'path': '/home/nits/ros2_ws/src/local_zeroing_pkg', 'symlink_install': False, 'test_result_base': None}
[0.556s] INFO:colcon.colcon_core.executor:Executing jobs using 'parallel' executor
[0.559s] DEBUG:colcon.colcon_parallel_executor.executor.parallel:run_until_complete
[0.559s] INFO:colcon.colcon_ros.task.catkin.build:Building ROS package in '/home/nits/ros2_ws/src/local_zeroing_pkg' with build type 'catkin'
[0.560s] INFO:colcon.colcon_cmake.task.cmake.build:Building CMake package in '/home/nits/ros2_ws/src/local_zeroing_pkg'
[0.564s] INFO:colcon.colcon_core.plugin_system:Skipping extension 'colcon_core.shell.bat': Not used on non-Windows systems
[0.565s] INFO:colcon.colcon_core.shell:Skip shell extension 'powershell' for command environment: Not usable outside of PowerShell
[0.565s] DEBUG:colcon.colcon_core.shell:Skip shell extension 'dsv' for command environment
[0.614s] DEBUG:colcon.colcon_core.event_handler.log_command:Invoking command in '/home/nits/ros2_ws/build/local_zeroing_pkg': /usr/bin/cmake --build /home/nits/ros2_ws/build/local_zeroing_pkg -- -j6 -l6
[21.959s] DEBUG:colcon.colcon_core.event_handler.log_command:Invoked command in '/home/nits/ros2_ws/build/local_zeroing_pkg' returned '0': /usr/bin/cmake --build /home/nits/ros2_ws/build/local_zeroing_pkg -- -j6 -l6
[21.989s] DEBUG:colcon.colcon_core.event_handler.log_command:Invoking command in '/home/nits/ros2_ws/build/local_zeroing_pkg': /usr/bin/cmake --install /home/nits/ros2_ws/build/local_zeroing_pkg
[22.028s] DEBUG:colcon.colcon_core.event_handler.log_command:Invoked command in '/home/nits/ros2_ws/build/local_zeroing_pkg' returned '0': /usr/bin/cmake --install /home/nits/ros2_ws/build/local_zeroing_pkg
[22.029s] Level 1:colcon.colcon_core.shell:create_environment_hook('local_zeroing_pkg', 'ros_package_path')
[22.030s] INFO:colcon.colcon_core.shell:Creating environment hook '/home/nits/ros2_ws/install/local_zeroing_pkg/share/local_zeroing_pkg/hook/ros_package_path.ps1'
[22.032s] INFO:colcon.colcon_core.shell:Creating environment descriptor '/home/nits/ros2_ws/install/local_zeroing_pkg/share/local_zeroing_pkg/hook/ros_package_path.dsv'
[22.034s] INFO:colcon.colcon_core.shell:Creating environment hook '/home/nits/ros2_ws/install/local_zeroing_pkg/share/local_zeroing_pkg/hook/ros_package_path.sh'
[22.037s] Level 1:colcon.colcon_core.shell:create_environment_hook('local_zeroing_pkg', 'pkg_config_path')
[22.038s] INFO:colcon.colcon_core.shell:Creating environment hook '/home/nits/ros2_ws/install/local_zeroing_pkg/share/local_zeroing_pkg/hook/pkg_config_path.ps1'
[22.039s] INFO:colcon.colcon_core.shell:Creating environment descriptor '/home/nits/ros2_ws/install/local_zeroing_pkg/share/local_zeroing_pkg/hook/pkg_config_path.dsv'
[22.041s] INFO:colcon.colcon_core.shell:Creating environment hook '/home/nits/ros2_ws/install/local_zeroing_pkg/share/local_zeroing_pkg/hook/pkg_config_path.sh'
[22.046s] Level 1:colcon.colcon_core.shell:create_environment_hook('local_zeroing_pkg', 'pkg_config_path_multiarch')
[22.047s] INFO:colcon.colcon_core.shell:Creating environment hook '/home/nits/ros2_ws/install/local_zeroing_pkg/share/local_zeroing_pkg/hook/pkg_config_path_multiarch.ps1'
[22.048s] INFO:colcon.colcon_core.shell:Creating environment descriptor '/home/nits/ros2_ws/install/local_zeroing_pkg/share/local_zeroing_pkg/hook/pkg_config_path_multiarch.dsv'
[22.050s] INFO:colcon.colcon_core.shell:Creating environment hook '/home/nits/ros2_ws/install/local_zeroing_pkg/share/local_zeroing_pkg/hook/pkg_config_path_multiarch.sh'
[22.054s] Level 1:colcon.colcon_core.environment:create_environment_scripts_only(local_zeroing_pkg)
[22.060s] Level 1:colcon.colcon_core.environment:checking '/home/nits/ros2_ws/install/local_zeroing_pkg' for CMake module files
[22.061s] Level 1:colcon.colcon_core.environment:checking '/home/nits/ros2_ws/install/local_zeroing_pkg' for CMake config files
[22.062s] Level 1:colcon.colcon_core.shell:create_environment_hook('local_zeroing_pkg', 'cmake_prefix_path')
[22.063s] INFO:colcon.colcon_core.shell:Creating environment hook '/home/nits/ros2_ws/install/local_zeroing_pkg/share/local_zeroing_pkg/hook/cmake_prefix_path.ps1'
[22.064s] INFO:colcon.colcon_core.shell:Creating environment descriptor '/home/nits/ros2_ws/install/local_zeroing_pkg/share/local_zeroing_pkg/hook/cmake_prefix_path.dsv'
[22.065s] INFO:colcon.colcon_core.shell:Creating environment hook '/home/nits/ros2_ws/install/local_zeroing_pkg/share/local_zeroing_pkg/hook/cmake_prefix_path.sh'
[22.068s] Level 1:colcon.colcon_core.environment:checking '/home/nits/ros2_ws/install/local_zeroing_pkg/lib'
[22.069s] Level 1:colcon.colcon_core.environment:checking '/home/nits/ros2_ws/install/local_zeroing_pkg/bin'
[22.069s] Level 1:colcon.colcon_core.environment:checking '/home/nits/ros2_ws/install/local_zeroing_pkg/lib/pkgconfig/local_zeroing_pkg.pc'
[22.070s] Level 1:colcon.colcon_core.environment:checking '/home/nits/ros2_ws/install/local_zeroing_pkg/lib/python3.10/site-packages'
[22.070s] Level 1:colcon.colcon_core.environment:checking '/home/nits/ros2_ws/install/local_zeroing_pkg/bin'
[22.072s] INFO:colcon.colcon_core.shell:Creating package script '/home/nits/ros2_ws/install/local_zeroing_pkg/share/local_zeroing_pkg/package.ps1'
[22.076s] INFO:colcon.colcon_core.shell:Creating package descriptor '/home/nits/ros2_ws/install/local_zeroing_pkg/share/local_zeroing_pkg/package.dsv'
[22.078s] INFO:colcon.colcon_core.shell:Creating package script '/home/nits/ros2_ws/install/local_zeroing_pkg/share/local_zeroing_pkg/package.sh'
[22.080s] INFO:colcon.colcon_core.shell:Creating package script '/home/nits/ros2_ws/install/local_zeroing_pkg/share/local_zeroing_pkg/package.bash'
[22.082s] INFO:colcon.colcon_core.shell:Creating package script '/home/nits/ros2_ws/install/local_zeroing_pkg/share/local_zeroing_pkg/package.zsh'
[22.085s] Level 1:colcon.colcon_core.environment:create_file_with_runtime_dependencies(/home/nits/ros2_ws/install/local_zeroing_pkg/share/colcon-core/packages/local_zeroing_pkg)
[22.086s] DEBUG:colcon.colcon_parallel_executor.executor.parallel:closing loop
[22.087s] DEBUG:colcon.colcon_parallel_executor.executor.parallel:loop closed
[22.088s] DEBUG:colcon.colcon_parallel_executor.executor.parallel:run_until_complete finished with '0'
[22.088s] DEBUG:colcon.colcon_core.event_reactor:joining thread
[22.106s] INFO:colcon.colcon_core.plugin_system:Skipping extension 'colcon_notification.desktop_notification.terminal_notifier': Not used on non-Darwin systems
[22.107s] INFO:colcon.colcon_core.plugin_system:Skipping extension 'colcon_notification.desktop_notification.win32': Not used on non-Windows systems
[22.107s] INFO:colcon.colcon_notification.desktop_notification:Sending desktop notification using 'notify2'
[22.157s] DEBUG:colcon.colcon_core.event_reactor:joined thread
[22.158s] INFO:colcon.colcon_core.shell:Creating prefix script '/home/nits/ros2_ws/install/local_setup.ps1'
[22.161s] INFO:colcon.colcon_core.shell:Creating prefix util module '/home/nits/ros2_ws/install/_local_setup_util_ps1.py'
[22.165s] INFO:colcon.colcon_core.shell:Creating prefix chain script '/home/nits/ros2_ws/install/setup.ps1'
[22.170s] INFO:colcon.colcon_core.shell:Creating prefix script '/home/nits/ros2_ws/install/local_setup.sh'
[22.172s] INFO:colcon.colcon_core.shell:Creating prefix util module '/home/nits/ros2_ws/install/_local_setup_util_sh.py'
[22.174s] INFO:colcon.colcon_core.shell:Creating prefix chain script '/home/nits/ros2_ws/install/setup.sh'
[22.178s] INFO:colcon.colcon_core.shell:Creating prefix script '/home/nits/ros2_ws/install/local_setup.bash'
[22.179s] INFO:colcon.colcon_core.shell:Creating prefix chain script '/home/nits/ros2_ws/install/setup.bash'
[22.182s] INFO:colcon.colcon_core.shell:Creating prefix script '/home/nits/ros2_ws/install/local_setup.zsh'
[22.184s] INFO:colcon.colcon_core.shell:Creating prefix chain script '/home/nits/ros2_ws/install/setup.zsh'
