[0.070s] Invoking command in '/home/nits/ros2_ws/build/boundary_mapper': CMAKE_PREFIX_PATH=/opt/ros/humble:${CMAKE_PREFIX_PATH} /usr/bin/cmake /home/nits/ros2_ws/src/boundary_mapper -DCMAKE_INSTALL_PREFIX=/home/nits/ros2_ws/install/boundary_mapper
[0.136s] -- Found ament_cmake: 1.3.11 (/opt/ros/humble/share/ament_cmake/cmake)
[0.491s] -- Found rclcpp: 16.0.11 (/opt/ros/humble/share/rclcpp/cmake)
[0.576s] -- Found rosidl_generator_c: 3.1.6 (/opt/ros/humble/share/rosidl_generator_c/cmake)
[0.581s] -- Found rosidl_adapter: 3.1.6 (/opt/ros/humble/share/rosidl_adapter/cmake)
[0.594s] -- Found rosidl_generator_cpp: 3.1.6 (/opt/ros/humble/share/rosidl_generator_cpp/cmake)
[0.612s] -- Using all available rosidl_typesupport_c: rosidl_typesupport_fastrtps_c;rosidl_typesupport_introspection_c
[0.637s] -- Using all available rosidl_typesupport_cpp: rosidl_typesupport_fastrtps_cpp;rosidl_typesupport_introspection_cpp
[0.699s] -- Found rmw_implementation_cmake: 6.1.2 (/opt/ros/humble/share/rmw_implementation_cmake/cmake)
[0.701s] -- Found rmw_fastrtps_cpp: 6.2.7 (/opt/ros/humble/share/rmw_fastrtps_cpp/cmake)
[0.948s] -- Using RMW implementation 'rmw_fastrtps_cpp' as default
[1.053s] -- Found sensor_msgs: 4.2.4 (/opt/ros/humble/share/sensor_msgs/cmake)
[1.115s] -- Found pcl_conversions: 2.4.5 (/opt/ros/humble/share/pcl_conversions/cmake)
[1.185s] -- Eigen found (include: /usr/include/eigen3, version: 3.4.0)
[1.259s] -- FLANN found (include: /usr/include, lib: /usr/lib/aarch64-linux-gnu/libflann_cpp.so)
[1.981s] -- OpenNI found (version: 1.5.4.0, include: /usr/include/ni, lib: /usr/lib/libOpenNI.so;libusb::libusb)
[1.994s] -- OpenNI2 found (version: 2.2.0.33, include: /usr/include/openni2, lib: /usr/lib/aarch64-linux-gnu/libOpenNI2.so;libusb::libusb)
[2.356s] -- Eigen found (include: /usr/include/eigen3, version: 3.4.0)
[2.372s] -- OpenNI found (version: 1.5.4.0, include: /usr/include/ni, lib: /usr/lib/libOpenNI.so;libusb::libusb)
[2.385s] -- OpenNI2 found (version: 2.2.0.33, include: /usr/include/openni2, lib: /usr/lib/aarch64-linux-gnu/libOpenNI2.so;libusb::libusb)
[2.781s] -- Found Qhull version 8.0.2
[3.160s] -- OpenNI found (version: 1.5.4.0, include: /usr/include/ni, lib: /usr/lib/libOpenNI.so;libusb::libusb)
[3.579s] -- Found visualization_msgs: 4.2.4 (/opt/ros/humble/share/visualization_msgs/cmake)
[3.803s] -- Configuring done
[3.890s] -- Generating done
[3.916s] -- Build files have been written to: /home/nits/ros2_ws/build/boundary_mapper
[3.964s] Invoked command in '/home/nits/ros2_ws/build/boundary_mapper' returned '0': CMAKE_PREFIX_PATH=/opt/ros/humble:${CMAKE_PREFIX_PATH} /usr/bin/cmake /home/nits/ros2_ws/src/boundary_mapper -DCMAKE_INSTALL_PREFIX=/home/nits/ros2_ws/install/boundary_mapper
[3.965s] Invoking command in '/home/nits/ros2_ws/build/boundary_mapper': CMAKE_PREFIX_PATH=/opt/ros/humble:${CMAKE_PREFIX_PATH} /usr/bin/cmake --build /home/nits/ros2_ws/build/boundary_mapper -- -j6 -l6
[4.073s] [35m[1mConsolidate compiler generated dependencies of target boundary_mapper_node[0m
[4.146s] [100%] Built target boundary_mapper_node
[4.183s] Invoked command in '/home/nits/ros2_ws/build/boundary_mapper' returned '0': CMAKE_PREFIX_PATH=/opt/ros/humble:${CMAKE_PREFIX_PATH} /usr/bin/cmake --build /home/nits/ros2_ws/build/boundary_mapper -- -j6 -l6
[4.213s] Invoking command in '/home/nits/ros2_ws/build/boundary_mapper': CMAKE_PREFIX_PATH=/opt/ros/humble:${CMAKE_PREFIX_PATH} /usr/bin/cmake --install /home/nits/ros2_ws/build/boundary_mapper
[4.238s] -- Install configuration: ""
[4.240s] -- Up-to-date: /home/nits/ros2_ws/install/boundary_mapper/lib/boundary_mapper/boundary_mapper_node
[4.241s] -- Up-to-date: /home/nits/ros2_ws/install/boundary_mapper/share/ament_index/resource_index/package_run_dependencies/boundary_mapper
[4.242s] -- Up-to-date: /home/nits/ros2_ws/install/boundary_mapper/share/ament_index/resource_index/parent_prefix_path/boundary_mapper
[4.242s] -- Up-to-date: /home/nits/ros2_ws/install/boundary_mapper/share/boundary_mapper/environment/ament_prefix_path.sh
[4.244s] -- Installing: /home/nits/ros2_ws/install/boundary_mapper/share/boundary_mapper/environment/ament_prefix_path.dsv
[4.245s] -- Up-to-date: /home/nits/ros2_ws/install/boundary_mapper/share/boundary_mapper/environment/path.sh
[4.246s] -- Installing: /home/nits/ros2_ws/install/boundary_mapper/share/boundary_mapper/environment/path.dsv
[4.246s] -- Up-to-date: /home/nits/ros2_ws/install/boundary_mapper/share/boundary_mapper/local_setup.bash
[4.246s] -- Up-to-date: /home/nits/ros2_ws/install/boundary_mapper/share/boundary_mapper/local_setup.sh
[4.247s] -- Up-to-date: /home/nits/ros2_ws/install/boundary_mapper/share/boundary_mapper/local_setup.zsh
[4.247s] -- Installing: /home/nits/ros2_ws/install/boundary_mapper/share/boundary_mapper/local_setup.dsv
[4.247s] -- Installing: /home/nits/ros2_ws/install/boundary_mapper/share/boundary_mapper/package.dsv
[4.247s] -- Up-to-date: /home/nits/ros2_ws/install/boundary_mapper/share/ament_index/resource_index/packages/boundary_mapper
[4.247s] -- Up-to-date: /home/nits/ros2_ws/install/boundary_mapper/share/boundary_mapper/cmake/boundary_mapperConfig.cmake
[4.247s] -- Up-to-date: /home/nits/ros2_ws/install/boundary_mapper/share/boundary_mapper/cmake/boundary_mapperConfig-version.cmake
[4.261s] -- Installing: /home/nits/ros2_ws/install/boundary_mapper/share/boundary_mapper/package.xml
[4.267s] Invoked command in '/home/nits/ros2_ws/build/boundary_mapper' returned '0': CMAKE_PREFIX_PATH=/opt/ros/humble:${CMAKE_PREFIX_PATH} /usr/bin/cmake --install /home/nits/ros2_ws/build/boundary_mapper
