[2.492s] Invoking command in '/home/nits/ros2_ws/src/drone_vio_py': PYTHONPATH=/home/nits/ros2_ws/build/drone_vio_py/prefix_override:/usr/lib/python3/dist-packages/colcon_core/task/python/colcon_distutils_commands:/home/nits/ros2_ws/install/drone_vio_py/lib/python3.10/site-packages:${PYTHONPATH} /usr/bin/python3 -W ignore:setup.py install is deprecated -W ignore:easy_install command is deprecated setup.py egg_info --egg-base ../../build/drone_vio_py build --build-base /home/nits/ros2_ws/build/drone_vio_py/build install --record /home/nits/ros2_ws/build/drone_vio_py/install.log --single-version-externally-managed install_data
[3.167s] running egg_info
[3.210s] writing ../../build/drone_vio_py/drone_vio_py.egg-info/PKG-INFO
[3.211s] writing dependency_links to ../../build/drone_vio_py/drone_vio_py.egg-info/dependency_links.txt
[3.212s] writing entry points to ../../build/drone_vio_py/drone_vio_py.egg-info/entry_points.txt
[3.212s] writing requirements to ../../build/drone_vio_py/drone_vio_py.egg-info/requires.txt
[3.213s] writing top-level names to ../../build/drone_vio_py/drone_vio_py.egg-info/top_level.txt
[3.305s] reading manifest file '../../build/drone_vio_py/drone_vio_py.egg-info/SOURCES.txt'
[3.308s] writing manifest file '../../build/drone_vio_py/drone_vio_py.egg-info/SOURCES.txt'
[3.309s] running build
[3.309s] running build_py
[3.310s] copying drone_vio_py/set_home_position.py -> /home/nits/ros2_ws/build/drone_vio_py/build/lib/drone_vio_py
[3.311s] copying drone_vio_py/__init__.py -> /home/nits/ros2_ws/build/drone_vio_py/build/lib/drone_vio_py
[3.312s] running install
[3.323s] running install_lib
[3.375s] copying /home/nits/ros2_ws/build/drone_vio_py/build/lib/drone_vio_py/set_home_position.py -> /home/nits/ros2_ws/install/drone_vio_py/lib/python3.10/site-packages/drone_vio_py
[3.376s] byte-compiling /home/nits/ros2_ws/install/drone_vio_py/lib/python3.10/site-packages/drone_vio_py/set_home_position.py to set_home_position.cpython-310.pyc
[3.378s] running install_data
[3.379s] copying resource/drone_vio_py -> /home/nits/ros2_ws/install/drone_vio_py/share/ament_index/resource_index/packages
[3.380s] copying package.xml -> /home/nits/ros2_ws/install/drone_vio_py/share/drone_vio_py
[3.380s] running install_egg_info
[3.423s] removing '/home/nits/ros2_ws/install/drone_vio_py/lib/python3.10/site-packages/drone_vio_py-0.0.0-py3.10.egg-info' (and everything under it)
[3.424s] Copying ../../build/drone_vio_py/drone_vio_py.egg-info to /home/nits/ros2_ws/install/drone_vio_py/lib/python3.10/site-packages/drone_vio_py-0.0.0-py3.10.egg-info
[3.426s] running install_scripts
[3.841s] Installing Set_Home_Position script to /home/nits/ros2_ws/install/drone_vio_py/lib/drone_vio_py
[3.842s] writing list of installed files to '/home/nits/ros2_ws/build/drone_vio_py/install.log'
[3.964s] Invoked command in '/home/nits/ros2_ws/src/drone_vio_py' returned '0': PYTHONPATH=/home/nits/ros2_ws/build/drone_vio_py/prefix_override:/usr/lib/python3/dist-packages/colcon_core/task/python/colcon_distutils_commands:/home/nits/ros2_ws/install/drone_vio_py/lib/python3.10/site-packages:${PYTHONPATH} /usr/bin/python3 -W ignore:setup.py install is deprecated -W ignore:easy_install command is deprecated setup.py egg_info --egg-base ../../build/drone_vio_py build --build-base /home/nits/ros2_ws/build/drone_vio_py/build install --record /home/nits/ros2_ws/build/drone_vio_py/install.log --single-version-externally-managed install_data
