[0.237s] DEBUG:colcon:Command line arguments: ['/usr/bin/colcon', 'build', '--packages-select', 'drone_vio_cpp']
[0.238s] DEBUG:colcon:Parsed command line arguments: Namespace(log_base=None, log_level=None, verb_name='build', build_base='build', install_base='install', merge_install=False, symlink_install=False, test_result_base=None, continue_on_error=False, executor='parallel', parallel_workers=6, event_handlers=None, ignore_user_meta=False, metas=['./colcon.meta'], base_paths=['.'], packages_ignore=None, packages_ignore_regex=None, paths=None, packages_up_to=None, packages_up_to_regex=None, packages_above=None, packages_above_and_dependencies=None, packages_above_depth=None, packages_select_by_dep=None, packages_skip_by_dep=None, packages_skip_up_to=None, packages_select_build_failed=False, packages_skip_build_finished=False, packages_select_test_failures=False, packages_skip_test_passed=False, packages_select=['drone_vio_cpp'], packages_skip=None, packages_select_regex=None, packages_skip_regex=None, packages_start=None, packages_end=None, allow_overriding=[], cmake_args=None, cmake_target=None, cmake_target_skip_unavailable=False, cmake_clean_cache=False, cmake_clean_first=False, cmake_force_configure=False, ament_cmake_args=None, catkin_cmake_args=None, catkin_skip_building_tests=False, mixin_files=None, mixin=None, verb_parser=<colcon_mixin.mixin.mixin_argument.MixinArgumentDecorator object at 0xffff9ae13970>, verb_extension=<colcon_core.verb.build.BuildVerb object at 0xffff9b008f10>, main=<bound method BuildVerb.main of <colcon_core.verb.build.BuildVerb object at 0xffff9b008f10>>, mixin_verb=('build',))
[0.321s] Level 1:colcon.colcon_core.package_discovery:discover_packages(colcon_meta) check parameters
[0.321s] Level 1:colcon.colcon_core.package_discovery:discover_packages(recursive) check parameters
[0.322s] Level 1:colcon.colcon_core.package_discovery:discover_packages(ignore) check parameters
[0.322s] Level 1:colcon.colcon_core.package_discovery:discover_packages(path) check parameters
[0.322s] Level 1:colcon.colcon_core.package_discovery:discover_packages(colcon_meta) discover
[0.322s] Level 1:colcon.colcon_core.package_discovery:discover_packages(recursive) discover
[0.322s] INFO:colcon.colcon_core.package_discovery:Crawling recursively for packages in '/home/nits/ros2_ws'
[0.322s] Level 1:colcon.colcon_core.package_identification:_identify(.) by extensions ['ignore', 'ignore_ament_install']
[0.322s] Level 1:colcon.colcon_core.package_identification:_identify(.) by extension 'ignore'
[0.323s] Level 1:colcon.colcon_core.package_identification:_identify(.) by extension 'ignore_ament_install'
[0.323s] Level 1:colcon.colcon_core.package_identification:_identify(.) by extensions ['colcon_pkg']
[0.323s] Level 1:colcon.colcon_core.package_identification:_identify(.) by extension 'colcon_pkg'
[0.323s] Level 1:colcon.colcon_core.package_identification:_identify(.) by extensions ['colcon_meta']
[0.323s] Level 1:colcon.colcon_core.package_identification:_identify(.) by extension 'colcon_meta'
[0.323s] Level 1:colcon.colcon_core.package_identification:_identify(.) by extensions ['ros']
[0.323s] Level 1:colcon.colcon_core.package_identification:_identify(.) by extension 'ros'
[0.354s] Level 1:colcon.colcon_core.package_identification:_identify(.) by extensions ['cmake', 'python']
[0.354s] Level 1:colcon.colcon_core.package_identification:_identify(.) by extension 'cmake'
[0.354s] Level 1:colcon.colcon_core.package_identification:_identify(.) by extension 'python'
[0.354s] Level 1:colcon.colcon_core.package_identification:_identify(.) by extensions ['python_setup_py']
[0.354s] Level 1:colcon.colcon_core.package_identification:_identify(.) by extension 'python_setup_py'
[0.354s] Level 1:colcon.colcon_core.package_identification:_identify(build) by extensions ['ignore', 'ignore_ament_install']
[0.355s] Level 1:colcon.colcon_core.package_identification:_identify(build) by extension 'ignore'
[0.355s] Level 1:colcon.colcon_core.package_identification:_identify(build) ignored
[0.355s] Level 1:colcon.colcon_core.package_identification:_identify(install) by extensions ['ignore', 'ignore_ament_install']
[0.355s] Level 1:colcon.colcon_core.package_identification:_identify(install) by extension 'ignore'
[0.355s] Level 1:colcon.colcon_core.package_identification:_identify(install) ignored
[0.356s] Level 1:colcon.colcon_core.package_identification:_identify(log) by extensions ['ignore', 'ignore_ament_install']
[0.356s] Level 1:colcon.colcon_core.package_identification:_identify(log) by extension 'ignore'
[0.356s] Level 1:colcon.colcon_core.package_identification:_identify(log) ignored
[0.356s] Level 1:colcon.colcon_core.package_identification:_identify(src) by extensions ['ignore', 'ignore_ament_install']
[0.356s] Level 1:colcon.colcon_core.package_identification:_identify(src) by extension 'ignore'
[0.357s] Level 1:colcon.colcon_core.package_identification:_identify(src) by extension 'ignore_ament_install'
[0.357s] Level 1:colcon.colcon_core.package_identification:_identify(src) by extensions ['colcon_pkg']
[0.357s] Level 1:colcon.colcon_core.package_identification:_identify(src) by extension 'colcon_pkg'
[0.357s] Level 1:colcon.colcon_core.package_identification:_identify(src) by extensions ['colcon_meta']
[0.357s] Level 1:colcon.colcon_core.package_identification:_identify(src) by extension 'colcon_meta'
[0.357s] Level 1:colcon.colcon_core.package_identification:_identify(src) by extensions ['ros']
[0.357s] Level 1:colcon.colcon_core.package_identification:_identify(src) by extension 'ros'
[0.357s] Level 1:colcon.colcon_core.package_identification:_identify(src) by extensions ['cmake', 'python']
[0.357s] Level 1:colcon.colcon_core.package_identification:_identify(src) by extension 'cmake'
[0.357s] Level 1:colcon.colcon_core.package_identification:_identify(src) by extension 'python'
[0.357s] Level 1:colcon.colcon_core.package_identification:_identify(src) by extensions ['python_setup_py']
[0.357s] Level 1:colcon.colcon_core.package_identification:_identify(src) by extension 'python_setup_py'
[0.358s] Level 1:colcon.colcon_core.package_identification:_identify(src/boundary_mapper) by extensions ['ignore', 'ignore_ament_install']
[0.358s] Level 1:colcon.colcon_core.package_identification:_identify(src/boundary_mapper) by extension 'ignore'
[0.358s] Level 1:colcon.colcon_core.package_identification:_identify(src/boundary_mapper) by extension 'ignore_ament_install'
[0.358s] Level 1:colcon.colcon_core.package_identification:_identify(src/boundary_mapper) by extensions ['colcon_pkg']
[0.358s] Level 1:colcon.colcon_core.package_identification:_identify(src/boundary_mapper) by extension 'colcon_pkg'
[0.358s] Level 1:colcon.colcon_core.package_identification:_identify(src/boundary_mapper) by extensions ['colcon_meta']
[0.358s] Level 1:colcon.colcon_core.package_identification:_identify(src/boundary_mapper) by extension 'colcon_meta'
[0.358s] Level 1:colcon.colcon_core.package_identification:_identify(src/boundary_mapper) by extensions ['ros']
[0.358s] Level 1:colcon.colcon_core.package_identification:_identify(src/boundary_mapper) by extension 'ros'
[0.364s] DEBUG:colcon.colcon_core.package_identification:Package 'src/boundary_mapper' with type 'ros.ament_cmake' and name 'boundary_mapper'
[0.365s] Level 1:colcon.colcon_core.package_identification:_identify(src/drone_takeoff) by extensions ['ignore', 'ignore_ament_install']
[0.365s] Level 1:colcon.colcon_core.package_identification:_identify(src/drone_takeoff) by extension 'ignore'
[0.365s] Level 1:colcon.colcon_core.package_identification:_identify(src/drone_takeoff) by extension 'ignore_ament_install'
[0.365s] Level 1:colcon.colcon_core.package_identification:_identify(src/drone_takeoff) by extensions ['colcon_pkg']
[0.365s] Level 1:colcon.colcon_core.package_identification:_identify(src/drone_takeoff) by extension 'colcon_pkg'
[0.365s] Level 1:colcon.colcon_core.package_identification:_identify(src/drone_takeoff) by extensions ['colcon_meta']
[0.365s] Level 1:colcon.colcon_core.package_identification:_identify(src/drone_takeoff) by extension 'colcon_meta'
[0.365s] Level 1:colcon.colcon_core.package_identification:_identify(src/drone_takeoff) by extensions ['ros']
[0.365s] Level 1:colcon.colcon_core.package_identification:_identify(src/drone_takeoff) by extension 'ros'
[0.367s] DEBUG:colcon.colcon_core.package_identification:Package 'src/drone_takeoff' with type 'ros.ament_python' and name 'drone_takeoff'
[0.367s] Level 1:colcon.colcon_core.package_identification:_identify(src/drone_vio_cpp) by extensions ['ignore', 'ignore_ament_install']
[0.367s] Level 1:colcon.colcon_core.package_identification:_identify(src/drone_vio_cpp) by extension 'ignore'
[0.367s] Level 1:colcon.colcon_core.package_identification:_identify(src/drone_vio_cpp) by extension 'ignore_ament_install'
[0.368s] Level 1:colcon.colcon_core.package_identification:_identify(src/drone_vio_cpp) by extensions ['colcon_pkg']
[0.368s] Level 1:colcon.colcon_core.package_identification:_identify(src/drone_vio_cpp) by extension 'colcon_pkg'
[0.368s] Level 1:colcon.colcon_core.package_identification:_identify(src/drone_vio_cpp) by extensions ['colcon_meta']
[0.368s] Level 1:colcon.colcon_core.package_identification:_identify(src/drone_vio_cpp) by extension 'colcon_meta'
[0.368s] Level 1:colcon.colcon_core.package_identification:_identify(src/drone_vio_cpp) by extensions ['ros']
[0.368s] Level 1:colcon.colcon_core.package_identification:_identify(src/drone_vio_cpp) by extension 'ros'
[0.369s] DEBUG:colcon.colcon_core.package_identification:Package 'src/drone_vio_cpp' with type 'ros.ament_cmake' and name 'drone_vio_cpp'
[0.369s] Level 1:colcon.colcon_core.package_identification:_identify(src/landing_area_detector) by extensions ['ignore', 'ignore_ament_install']
[0.370s] Level 1:colcon.colcon_core.package_identification:_identify(src/landing_area_detector) by extension 'ignore'
[0.370s] Level 1:colcon.colcon_core.package_identification:_identify(src/landing_area_detector) by extension 'ignore_ament_install'
[0.370s] Level 1:colcon.colcon_core.package_identification:_identify(src/landing_area_detector) by extensions ['colcon_pkg']
[0.370s] Level 1:colcon.colcon_core.package_identification:_identify(src/landing_area_detector) by extension 'colcon_pkg'
[0.370s] Level 1:colcon.colcon_core.package_identification:_identify(src/landing_area_detector) by extensions ['colcon_meta']
[0.370s] Level 1:colcon.colcon_core.package_identification:_identify(src/landing_area_detector) by extension 'colcon_meta'
[0.370s] Level 1:colcon.colcon_core.package_identification:_identify(src/landing_area_detector) by extensions ['ros']
[0.370s] Level 1:colcon.colcon_core.package_identification:_identify(src/landing_area_detector) by extension 'ros'
[0.372s] DEBUG:colcon.colcon_core.package_identification:Package 'src/landing_area_detector' with type 'ros.ament_cmake' and name 'landing_area_detector'
[0.372s] Level 1:colcon.colcon_core.package_identification:_identify(src/local_zeroing_pkg) by extensions ['ignore', 'ignore_ament_install']
[0.372s] Level 1:colcon.colcon_core.package_identification:_identify(src/local_zeroing_pkg) by extension 'ignore'
[0.372s] Level 1:colcon.colcon_core.package_identification:_identify(src/local_zeroing_pkg) by extension 'ignore_ament_install'
[0.372s] Level 1:colcon.colcon_core.package_identification:_identify(src/local_zeroing_pkg) by extensions ['colcon_pkg']
[0.373s] Level 1:colcon.colcon_core.package_identification:_identify(src/local_zeroing_pkg) by extension 'colcon_pkg'
[0.373s] Level 1:colcon.colcon_core.package_identification:_identify(src/local_zeroing_pkg) by extensions ['colcon_meta']
[0.373s] Level 1:colcon.colcon_core.package_identification:_identify(src/local_zeroing_pkg) by extension 'colcon_meta'
[0.373s] Level 1:colcon.colcon_core.package_identification:_identify(src/local_zeroing_pkg) by extensions ['ros']
[0.373s] Level 1:colcon.colcon_core.package_identification:_identify(src/local_zeroing_pkg) by extension 'ros'
[0.374s] DEBUG:colcon.colcon_core.package_identification:Package 'src/local_zeroing_pkg' with type 'ros.ament_cmake' and name 'local_zeroing_pkg'
[0.374s] Level 1:colcon.colcon_core.package_identification:_identify(src/realsense-ros) by extensions ['ignore', 'ignore_ament_install']
[0.375s] Level 1:colcon.colcon_core.package_identification:_identify(src/realsense-ros) by extension 'ignore'
[0.375s] Level 1:colcon.colcon_core.package_identification:_identify(src/realsense-ros) by extension 'ignore_ament_install'
[0.375s] Level 1:colcon.colcon_core.package_identification:_identify(src/realsense-ros) by extensions ['colcon_pkg']
[0.375s] Level 1:colcon.colcon_core.package_identification:_identify(src/realsense-ros) by extension 'colcon_pkg'
[0.375s] Level 1:colcon.colcon_core.package_identification:_identify(src/realsense-ros) by extensions ['colcon_meta']
[0.375s] Level 1:colcon.colcon_core.package_identification:_identify(src/realsense-ros) by extension 'colcon_meta'
[0.375s] Level 1:colcon.colcon_core.package_identification:_identify(src/realsense-ros) by extensions ['ros']
[0.375s] Level 1:colcon.colcon_core.package_identification:_identify(src/realsense-ros) by extension 'ros'
[0.376s] Level 1:colcon.colcon_core.package_identification:_identify(src/realsense-ros) by extensions ['cmake', 'python']
[0.376s] Level 1:colcon.colcon_core.package_identification:_identify(src/realsense-ros) by extension 'cmake'
[0.376s] Level 1:colcon.colcon_core.package_identification:_identify(src/realsense-ros) by extension 'python'
[0.376s] Level 1:colcon.colcon_core.package_identification:_identify(src/realsense-ros) by extensions ['python_setup_py']
[0.376s] Level 1:colcon.colcon_core.package_identification:_identify(src/realsense-ros) by extension 'python_setup_py'
[0.376s] Level 1:colcon.colcon_core.package_identification:_identify(src/realsense-ros/realsense2_camera) by extensions ['ignore', 'ignore_ament_install']
[0.376s] Level 1:colcon.colcon_core.package_identification:_identify(src/realsense-ros/realsense2_camera) by extension 'ignore'
[0.376s] Level 1:colcon.colcon_core.package_identification:_identify(src/realsense-ros/realsense2_camera) by extension 'ignore_ament_install'
[0.376s] Level 1:colcon.colcon_core.package_identification:_identify(src/realsense-ros/realsense2_camera) by extensions ['colcon_pkg']
[0.377s] Level 1:colcon.colcon_core.package_identification:_identify(src/realsense-ros/realsense2_camera) by extension 'colcon_pkg'
[0.377s] Level 1:colcon.colcon_core.package_identification:_identify(src/realsense-ros/realsense2_camera) by extensions ['colcon_meta']
[0.377s] Level 1:colcon.colcon_core.package_identification:_identify(src/realsense-ros/realsense2_camera) by extension 'colcon_meta'
[0.377s] Level 1:colcon.colcon_core.package_identification:_identify(src/realsense-ros/realsense2_camera) by extensions ['ros']
[0.377s] Level 1:colcon.colcon_core.package_identification:_identify(src/realsense-ros/realsense2_camera) by extension 'ros'
[0.389s] DEBUG:colcon.colcon_core.package_identification:Package 'src/realsense-ros/realsense2_camera' with type 'ros.ament_cmake' and name 'realsense2_camera'
[0.390s] Level 1:colcon.colcon_core.package_identification:_identify(src/realsense-ros/realsense2_camera_msgs) by extensions ['ignore', 'ignore_ament_install']
[0.390s] Level 1:colcon.colcon_core.package_identification:_identify(src/realsense-ros/realsense2_camera_msgs) by extension 'ignore'
[0.390s] Level 1:colcon.colcon_core.package_identification:_identify(src/realsense-ros/realsense2_camera_msgs) by extension 'ignore_ament_install'
[0.390s] Level 1:colcon.colcon_core.package_identification:_identify(src/realsense-ros/realsense2_camera_msgs) by extensions ['colcon_pkg']
[0.390s] Level 1:colcon.colcon_core.package_identification:_identify(src/realsense-ros/realsense2_camera_msgs) by extension 'colcon_pkg'
[0.390s] Level 1:colcon.colcon_core.package_identification:_identify(src/realsense-ros/realsense2_camera_msgs) by extensions ['colcon_meta']
[0.390s] Level 1:colcon.colcon_core.package_identification:_identify(src/realsense-ros/realsense2_camera_msgs) by extension 'colcon_meta'
[0.391s] Level 1:colcon.colcon_core.package_identification:_identify(src/realsense-ros/realsense2_camera_msgs) by extensions ['ros']
[0.391s] Level 1:colcon.colcon_core.package_identification:_identify(src/realsense-ros/realsense2_camera_msgs) by extension 'ros'
[0.392s] DEBUG:colcon.colcon_core.package_identification:Package 'src/realsense-ros/realsense2_camera_msgs' with type 'ros.ament_cmake' and name 'realsense2_camera_msgs'
[0.392s] Level 1:colcon.colcon_core.package_identification:_identify(src/realsense-ros/realsense2_description) by extensions ['ignore', 'ignore_ament_install']
[0.392s] Level 1:colcon.colcon_core.package_identification:_identify(src/realsense-ros/realsense2_description) by extension 'ignore'
[0.393s] Level 1:colcon.colcon_core.package_identification:_identify(src/realsense-ros/realsense2_description) by extension 'ignore_ament_install'
[0.393s] Level 1:colcon.colcon_core.package_identification:_identify(src/realsense-ros/realsense2_description) by extensions ['colcon_pkg']
[0.393s] Level 1:colcon.colcon_core.package_identification:_identify(src/realsense-ros/realsense2_description) by extension 'colcon_pkg'
[0.393s] Level 1:colcon.colcon_core.package_identification:_identify(src/realsense-ros/realsense2_description) by extensions ['colcon_meta']
[0.393s] Level 1:colcon.colcon_core.package_identification:_identify(src/realsense-ros/realsense2_description) by extension 'colcon_meta'
[0.393s] Level 1:colcon.colcon_core.package_identification:_identify(src/realsense-ros/realsense2_description) by extensions ['ros']
[0.393s] Level 1:colcon.colcon_core.package_identification:_identify(src/realsense-ros/realsense2_description) by extension 'ros'
[0.394s] DEBUG:colcon.colcon_core.package_identification:Package 'src/realsense-ros/realsense2_description' with type 'ros.ament_cmake' and name 'realsense2_description'
[0.395s] Level 1:colcon.colcon_core.package_identification:_identify(src/realsense-ros/scripts) by extensions ['ignore', 'ignore_ament_install']
[0.395s] Level 1:colcon.colcon_core.package_identification:_identify(src/realsense-ros/scripts) by extension 'ignore'
[0.395s] Level 1:colcon.colcon_core.package_identification:_identify(src/realsense-ros/scripts) by extension 'ignore_ament_install'
[0.395s] Level 1:colcon.colcon_core.package_identification:_identify(src/realsense-ros/scripts) by extensions ['colcon_pkg']
[0.395s] Level 1:colcon.colcon_core.package_identification:_identify(src/realsense-ros/scripts) by extension 'colcon_pkg'
[0.395s] Level 1:colcon.colcon_core.package_identification:_identify(src/realsense-ros/scripts) by extensions ['colcon_meta']
[0.395s] Level 1:colcon.colcon_core.package_identification:_identify(src/realsense-ros/scripts) by extension 'colcon_meta'
[0.395s] Level 1:colcon.colcon_core.package_identification:_identify(src/realsense-ros/scripts) by extensions ['ros']
[0.396s] Level 1:colcon.colcon_core.package_identification:_identify(src/realsense-ros/scripts) by extension 'ros'
[0.396s] Level 1:colcon.colcon_core.package_identification:_identify(src/realsense-ros/scripts) by extensions ['cmake', 'python']
[0.396s] Level 1:colcon.colcon_core.package_identification:_identify(src/realsense-ros/scripts) by extension 'cmake'
[0.396s] Level 1:colcon.colcon_core.package_identification:_identify(src/realsense-ros/scripts) by extension 'python'
[0.396s] Level 1:colcon.colcon_core.package_identification:_identify(src/realsense-ros/scripts) by extensions ['python_setup_py']
[0.396s] Level 1:colcon.colcon_core.package_identification:_identify(src/realsense-ros/scripts) by extension 'python_setup_py'
[0.396s] Level 1:colcon.colcon_core.package_discovery:discover_packages(recursive) using defaults
[0.396s] Level 1:colcon.colcon_core.package_discovery:discover_packages(ignore) discover
[0.396s] Level 1:colcon.colcon_core.package_discovery:discover_packages(ignore) using defaults
[0.396s] Level 1:colcon.colcon_core.package_discovery:discover_packages(path) discover
[0.396s] Level 1:colcon.colcon_core.package_discovery:discover_packages(path) using defaults
[0.438s] INFO:colcon.colcon_core.package_selection:Skipping not selected package 'boundary_mapper' in 'src/boundary_mapper'
[0.438s] INFO:colcon.colcon_core.package_selection:Skipping not selected package 'drone_takeoff' in 'src/drone_takeoff'
[0.438s] INFO:colcon.colcon_core.package_selection:Skipping not selected package 'landing_area_detector' in 'src/landing_area_detector'
[0.438s] INFO:colcon.colcon_core.package_selection:Skipping not selected package 'local_zeroing_pkg' in 'src/local_zeroing_pkg'
[0.438s] INFO:colcon.colcon_core.package_selection:Skipping not selected package 'realsense2_camera_msgs' in 'src/realsense-ros/realsense2_camera_msgs'
[0.438s] INFO:colcon.colcon_core.package_selection:Skipping not selected package 'realsense2_camera' in 'src/realsense-ros/realsense2_camera'
[0.438s] INFO:colcon.colcon_core.package_selection:Skipping not selected package 'realsense2_description' in 'src/realsense-ros/realsense2_description'
[0.439s] Level 1:colcon.colcon_core.package_discovery:discover_packages(prefix_path) check parameters
[0.439s] Level 1:colcon.colcon_core.package_discovery:discover_packages(prefix_path) discover
[0.444s] DEBUG:colcon.colcon_installed_package_information.package_discovery:Found 9 installed packages in /home/nits/ros2_ws/install
[0.447s] DEBUG:colcon.colcon_installed_package_information.package_discovery:Found 357 installed packages in /opt/ros/humble
[0.451s] Level 1:colcon.colcon_core.package_discovery:discover_packages(prefix_path) using defaults
[0.544s] Level 5:colcon.colcon_core.verb:set package 'drone_vio_cpp' build argument 'cmake_args' from command line to 'None'
[0.544s] Level 5:colcon.colcon_core.verb:set package 'drone_vio_cpp' build argument 'cmake_target' from command line to 'None'
[0.544s] Level 5:colcon.colcon_core.verb:set package 'drone_vio_cpp' build argument 'cmake_target_skip_unavailable' from command line to 'False'
[0.544s] Level 5:colcon.colcon_core.verb:set package 'drone_vio_cpp' build argument 'cmake_clean_cache' from command line to 'False'
[0.544s] Level 5:colcon.colcon_core.verb:set package 'drone_vio_cpp' build argument 'cmake_clean_first' from command line to 'False'
[0.544s] Level 5:colcon.colcon_core.verb:set package 'drone_vio_cpp' build argument 'cmake_force_configure' from command line to 'False'
[0.544s] Level 5:colcon.colcon_core.verb:set package 'drone_vio_cpp' build argument 'ament_cmake_args' from command line to 'None'
[0.544s] Level 5:colcon.colcon_core.verb:set package 'drone_vio_cpp' build argument 'catkin_cmake_args' from command line to 'None'
[0.544s] Level 5:colcon.colcon_core.verb:set package 'drone_vio_cpp' build argument 'catkin_skip_building_tests' from command line to 'False'
[0.544s] DEBUG:colcon.colcon_core.verb:Building package 'drone_vio_cpp' with the following arguments: {'ament_cmake_args': None, 'build_base': '/home/nits/ros2_ws/build/drone_vio_cpp', 'catkin_cmake_args': None, 'catkin_skip_building_tests': False, 'cmake_args': None, 'cmake_clean_cache': False, 'cmake_clean_first': False, 'cmake_force_configure': False, 'cmake_target': None, 'cmake_target_skip_unavailable': False, 'install_base': '/home/nits/ros2_ws/install/drone_vio_cpp', 'merge_install': False, 'path': '/home/nits/ros2_ws/src/drone_vio_cpp', 'symlink_install': False, 'test_result_base': None}
[0.545s] INFO:colcon.colcon_core.executor:Executing jobs using 'parallel' executor
[0.547s] DEBUG:colcon.colcon_parallel_executor.executor.parallel:run_until_complete
[0.548s] INFO:colcon.colcon_ros.task.ament_cmake.build:Building ROS package in '/home/nits/ros2_ws/src/drone_vio_cpp' with build type 'ament_cmake'
[0.548s] INFO:colcon.colcon_cmake.task.cmake.build:Building CMake package in '/home/nits/ros2_ws/src/drone_vio_cpp'
[0.553s] INFO:colcon.colcon_core.plugin_system:Skipping extension 'colcon_core.shell.bat': Not used on non-Windows systems
[0.553s] INFO:colcon.colcon_core.shell:Skip shell extension 'powershell' for command environment: Not usable outside of PowerShell
[0.553s] DEBUG:colcon.colcon_core.shell:Skip shell extension 'dsv' for command environment
[0.600s] DEBUG:colcon.colcon_core.event_handler.log_command:Invoking command in '/home/nits/ros2_ws/build/drone_vio_cpp': CMAKE_PREFIX_PATH=/home/nits/ros2_ws/install/realsense2_description:/home/nits/ros2_ws/install/realsense2_camera:/home/nits/ros2_ws/install/realsense2_camera_msgs:/home/nits/ros2_ws/install/drone_takeoff:/opt/ros/humble:/home/nits/ros2_ws/install/local_zeroing_pkg:/home/nits/ros2_ws/install/landing_area_detector:/home/nits/ros2_ws/install/flat_area_detector:/home/nits/ros2_ws/install/boundary_mapper /usr/bin/cmake --build /home/nits/ros2_ws/build/drone_vio_cpp -- -j6 -l6
[1.771s] DEBUG:colcon.colcon_core.event_handler.log_command:Invoked command in '/home/nits/ros2_ws/build/drone_vio_cpp' returned '0': CMAKE_PREFIX_PATH=/home/nits/ros2_ws/install/realsense2_description:/home/nits/ros2_ws/install/realsense2_camera:/home/nits/ros2_ws/install/realsense2_camera_msgs:/home/nits/ros2_ws/install/drone_takeoff:/opt/ros/humble:/home/nits/ros2_ws/install/local_zeroing_pkg:/home/nits/ros2_ws/install/landing_area_detector:/home/nits/ros2_ws/install/flat_area_detector:/home/nits/ros2_ws/install/boundary_mapper /usr/bin/cmake --build /home/nits/ros2_ws/build/drone_vio_cpp -- -j6 -l6
[1.797s] DEBUG:colcon.colcon_core.event_handler.log_command:Invoking command in '/home/nits/ros2_ws/build/drone_vio_cpp': CMAKE_PREFIX_PATH=/home/nits/ros2_ws/install/realsense2_description:/home/nits/ros2_ws/install/realsense2_camera:/home/nits/ros2_ws/install/realsense2_camera_msgs:/home/nits/ros2_ws/install/drone_takeoff:/opt/ros/humble:/home/nits/ros2_ws/install/local_zeroing_pkg:/home/nits/ros2_ws/install/landing_area_detector:/home/nits/ros2_ws/install/flat_area_detector:/home/nits/ros2_ws/install/boundary_mapper /usr/bin/cmake --install /home/nits/ros2_ws/build/drone_vio_cpp
[1.824s] Level 1:colcon.colcon_core.environment:create_environment_scripts_only(drone_vio_cpp)
[1.826s] DEBUG:colcon.colcon_core.event_handler.log_command:Invoked command in '/home/nits/ros2_ws/build/drone_vio_cpp' returned '0': CMAKE_PREFIX_PATH=/home/nits/ros2_ws/install/realsense2_description:/home/nits/ros2_ws/install/realsense2_camera:/home/nits/ros2_ws/install/realsense2_camera_msgs:/home/nits/ros2_ws/install/drone_takeoff:/opt/ros/humble:/home/nits/ros2_ws/install/local_zeroing_pkg:/home/nits/ros2_ws/install/landing_area_detector:/home/nits/ros2_ws/install/flat_area_detector:/home/nits/ros2_ws/install/boundary_mapper /usr/bin/cmake --install /home/nits/ros2_ws/build/drone_vio_cpp
[1.834s] Level 1:colcon.colcon_core.environment:checking '/home/nits/ros2_ws/install/drone_vio_cpp' for CMake module files
[1.836s] Level 1:colcon.colcon_core.environment:checking '/home/nits/ros2_ws/install/drone_vio_cpp' for CMake config files
[1.837s] Level 1:colcon.colcon_core.shell:create_environment_hook('drone_vio_cpp', 'cmake_prefix_path')
[1.838s] INFO:colcon.colcon_core.shell:Creating environment hook '/home/nits/ros2_ws/install/drone_vio_cpp/share/drone_vio_cpp/hook/cmake_prefix_path.ps1'
[1.840s] INFO:colcon.colcon_core.shell:Creating environment descriptor '/home/nits/ros2_ws/install/drone_vio_cpp/share/drone_vio_cpp/hook/cmake_prefix_path.dsv'
[1.842s] INFO:colcon.colcon_core.shell:Creating environment hook '/home/nits/ros2_ws/install/drone_vio_cpp/share/drone_vio_cpp/hook/cmake_prefix_path.sh'
[1.845s] Level 1:colcon.colcon_core.environment:checking '/home/nits/ros2_ws/install/drone_vio_cpp/lib'
[1.846s] Level 1:colcon.colcon_core.environment:checking '/home/nits/ros2_ws/install/drone_vio_cpp/bin'
[1.846s] Level 1:colcon.colcon_core.environment:checking '/home/nits/ros2_ws/install/drone_vio_cpp/lib/pkgconfig/drone_vio_cpp.pc'
[1.847s] Level 1:colcon.colcon_core.environment:checking '/home/nits/ros2_ws/install/drone_vio_cpp/lib/python3.10/site-packages'
[1.848s] Level 1:colcon.colcon_core.environment:checking '/home/nits/ros2_ws/install/drone_vio_cpp/bin'
[1.849s] INFO:colcon.colcon_core.shell:Creating package script '/home/nits/ros2_ws/install/drone_vio_cpp/share/drone_vio_cpp/package.ps1'
[1.852s] INFO:colcon.colcon_core.shell:Creating package descriptor '/home/nits/ros2_ws/install/drone_vio_cpp/share/drone_vio_cpp/package.dsv'
[1.854s] INFO:colcon.colcon_core.shell:Creating package script '/home/nits/ros2_ws/install/drone_vio_cpp/share/drone_vio_cpp/package.sh'
[1.857s] INFO:colcon.colcon_core.shell:Creating package script '/home/nits/ros2_ws/install/drone_vio_cpp/share/drone_vio_cpp/package.bash'
[1.859s] INFO:colcon.colcon_core.shell:Creating package script '/home/nits/ros2_ws/install/drone_vio_cpp/share/drone_vio_cpp/package.zsh'
[1.862s] Level 1:colcon.colcon_core.environment:create_file_with_runtime_dependencies(/home/nits/ros2_ws/install/drone_vio_cpp/share/colcon-core/packages/drone_vio_cpp)
[1.864s] Level 1:colcon.colcon_core.environment:create_environment_scripts_only(drone_vio_cpp)
[1.865s] Level 1:colcon.colcon_core.environment:checking '/home/nits/ros2_ws/install/drone_vio_cpp' for CMake module files
[1.866s] Level 1:colcon.colcon_core.environment:checking '/home/nits/ros2_ws/install/drone_vio_cpp' for CMake config files
[1.867s] Level 1:colcon.colcon_core.shell:create_environment_hook('drone_vio_cpp', 'cmake_prefix_path')
[1.868s] INFO:colcon.colcon_core.shell:Creating environment hook '/home/nits/ros2_ws/install/drone_vio_cpp/share/drone_vio_cpp/hook/cmake_prefix_path.ps1'
[1.870s] INFO:colcon.colcon_core.shell:Creating environment descriptor '/home/nits/ros2_ws/install/drone_vio_cpp/share/drone_vio_cpp/hook/cmake_prefix_path.dsv'
[1.871s] INFO:colcon.colcon_core.shell:Creating environment hook '/home/nits/ros2_ws/install/drone_vio_cpp/share/drone_vio_cpp/hook/cmake_prefix_path.sh'
[1.873s] Level 1:colcon.colcon_core.environment:checking '/home/nits/ros2_ws/install/drone_vio_cpp/lib'
[1.873s] Level 1:colcon.colcon_core.environment:checking '/home/nits/ros2_ws/install/drone_vio_cpp/bin'
[1.873s] Level 1:colcon.colcon_core.environment:checking '/home/nits/ros2_ws/install/drone_vio_cpp/lib/pkgconfig/drone_vio_cpp.pc'
[1.874s] Level 1:colcon.colcon_core.environment:checking '/home/nits/ros2_ws/install/drone_vio_cpp/lib/python3.10/site-packages'
[1.875s] Level 1:colcon.colcon_core.environment:checking '/home/nits/ros2_ws/install/drone_vio_cpp/bin'
[1.876s] INFO:colcon.colcon_core.shell:Creating package script '/home/nits/ros2_ws/install/drone_vio_cpp/share/drone_vio_cpp/package.ps1'
[1.878s] INFO:colcon.colcon_core.shell:Creating package descriptor '/home/nits/ros2_ws/install/drone_vio_cpp/share/drone_vio_cpp/package.dsv'
[1.879s] INFO:colcon.colcon_core.shell:Creating package script '/home/nits/ros2_ws/install/drone_vio_cpp/share/drone_vio_cpp/package.sh'
[1.881s] INFO:colcon.colcon_core.shell:Creating package script '/home/nits/ros2_ws/install/drone_vio_cpp/share/drone_vio_cpp/package.bash'
[1.882s] INFO:colcon.colcon_core.shell:Creating package script '/home/nits/ros2_ws/install/drone_vio_cpp/share/drone_vio_cpp/package.zsh'
[1.883s] Level 1:colcon.colcon_core.environment:create_file_with_runtime_dependencies(/home/nits/ros2_ws/install/drone_vio_cpp/share/colcon-core/packages/drone_vio_cpp)
[1.884s] DEBUG:colcon.colcon_parallel_executor.executor.parallel:closing loop
[1.885s] DEBUG:colcon.colcon_parallel_executor.executor.parallel:loop closed
[1.885s] DEBUG:colcon.colcon_parallel_executor.executor.parallel:run_until_complete finished with '0'
[1.886s] DEBUG:colcon.colcon_core.event_reactor:joining thread
[1.904s] INFO:colcon.colcon_core.plugin_system:Skipping extension 'colcon_notification.desktop_notification.terminal_notifier': Not used on non-Darwin systems
[1.904s] INFO:colcon.colcon_core.plugin_system:Skipping extension 'colcon_notification.desktop_notification.win32': Not used on non-Windows systems
[1.904s] INFO:colcon.colcon_notification.desktop_notification:Sending desktop notification using 'notify2'
[1.945s] DEBUG:colcon.colcon_core.event_reactor:joined thread
[1.946s] INFO:colcon.colcon_core.shell:Creating prefix script '/home/nits/ros2_ws/install/local_setup.ps1'
[1.950s] INFO:colcon.colcon_core.shell:Creating prefix util module '/home/nits/ros2_ws/install/_local_setup_util_ps1.py'
[1.955s] INFO:colcon.colcon_core.shell:Creating prefix chain script '/home/nits/ros2_ws/install/setup.ps1'
[1.960s] INFO:colcon.colcon_core.shell:Creating prefix script '/home/nits/ros2_ws/install/local_setup.sh'
[1.962s] INFO:colcon.colcon_core.shell:Creating prefix util module '/home/nits/ros2_ws/install/_local_setup_util_sh.py'
[1.964s] INFO:colcon.colcon_core.shell:Creating prefix chain script '/home/nits/ros2_ws/install/setup.sh'
[1.969s] INFO:colcon.colcon_core.shell:Creating prefix script '/home/nits/ros2_ws/install/local_setup.bash'
[1.970s] INFO:colcon.colcon_core.shell:Creating prefix chain script '/home/nits/ros2_ws/install/setup.bash'
[1.974s] INFO:colcon.colcon_core.shell:Creating prefix script '/home/nits/ros2_ws/install/local_setup.zsh'
[1.975s] INFO:colcon.colcon_core.shell:Creating prefix chain script '/home/nits/ros2_ws/install/setup.zsh'
