[2.286s] Invoking command in '/home/nits/ros2_ws/src/mavros_takeoff': PYTHONPATH=/home/nits/ros2_ws/build/mavros_takeoff/prefix_override:/usr/lib/python3/dist-packages/colcon_core/task/python/colcon_distutils_commands:/home/nits/ros2_ws/install/mavros_takeoff/lib/python3.10/site-packages:${PYTHONPATH} /usr/bin/python3 -W ignore:setup.py install is deprecated -W ignore:easy_install command is deprecated setup.py egg_info --egg-base ../../build/mavros_takeoff build --build-base /home/nits/ros2_ws/build/mavros_takeoff/build install --record /home/nits/ros2_ws/build/mavros_takeoff/install.log --single-version-externally-managed install_data
[2.810s] /home/nits/.local/lib/python3.10/site-packages/setuptools/_distutils/dist.py:289: UserWarning: Unknown distribution option: 'tests_require'
[2.810s]   warnings.warn(msg)
[3.076s] running egg_info
[3.118s] writing ../../build/mavros_takeoff/mavros_takeoff.egg-info/PKG-INFO
[3.121s] writing dependency_links to ../../build/mavros_takeoff/mavros_takeoff.egg-info/dependency_links.txt
[3.121s] writing requirements to ../../build/mavros_takeoff/mavros_takeoff.egg-info/requires.txt
[3.121s] writing top-level names to ../../build/mavros_takeoff/mavros_takeoff.egg-info/top_level.txt
[3.273s] reading manifest file '../../build/mavros_takeoff/mavros_takeoff.egg-info/SOURCES.txt'
[3.277s] writing manifest file '../../build/mavros_takeoff/mavros_takeoff.egg-info/SOURCES.txt'
[3.284s] running build
[3.289s] running build_py
[3.291s] copying mavros_takeoff/takeoff_node.py -> /home/nits/ros2_ws/build/mavros_takeoff/build/lib/mavros_takeoff
[3.293s] copying mavros_takeoff/__init__.py -> /home/nits/ros2_ws/build/mavros_takeoff/build/lib/mavros_takeoff
[3.294s] running install
[3.306s] running install_lib
[3.372s] running install_data
[3.373s] copying resource/mavros_takeoff -> /home/nits/ros2_ws/install/mavros_takeoff/share/ament_index/resource_index/packages
[3.374s] copying package.xml -> /home/nits/ros2_ws/install/mavros_takeoff/share/mavros_takeoff
[3.374s] running install_egg_info
[3.432s] removing '/home/nits/ros2_ws/install/mavros_takeoff/lib/python3.10/site-packages/mavros_takeoff-0.0.0-py3.10.egg-info' (and everything under it)
[3.432s] Copying ../../build/mavros_takeoff/mavros_takeoff.egg-info to /home/nits/ros2_ws/install/mavros_takeoff/lib/python3.10/site-packages/mavros_takeoff-0.0.0-py3.10.egg-info
[3.436s] running install_scripts
[3.885s] writing list of installed files to '/home/nits/ros2_ws/build/mavros_takeoff/install.log'
[4.031s] Invoked command in '/home/nits/ros2_ws/src/mavros_takeoff' returned '0': PYTHONPATH=/home/nits/ros2_ws/build/mavros_takeoff/prefix_override:/usr/lib/python3/dist-packages/colcon_core/task/python/colcon_distutils_commands:/home/nits/ros2_ws/install/mavros_takeoff/lib/python3.10/site-packages:${PYTHONPATH} /usr/bin/python3 -W ignore:setup.py install is deprecated -W ignore:easy_install command is deprecated setup.py egg_info --egg-base ../../build/mavros_takeoff build --build-base /home/nits/ros2_ws/build/mavros_takeoff/build install --record /home/nits/ros2_ws/build/mavros_takeoff/install.log --single-version-externally-managed install_data
