[2.620s] Invoking command in '/home/nits/ros2_ws/src/odom_rate_booster': PYTHONPATH=/home/nits/ros2_ws/build/odom_rate_booster/prefix_override:/usr/lib/python3/dist-packages/colcon_core/task/python/colcon_distutils_commands:/home/nits/ros2_ws/install/odom_rate_booster/lib/python3.10/site-packages:${PYTHONPATH} /usr/bin/python3 -W ignore:setup.py install is deprecated -W ignore:easy_install command is deprecated setup.py egg_info --egg-base ../../build/odom_rate_booster build --build-base /home/nits/ros2_ws/build/odom_rate_booster/build install --record /home/nits/ros2_ws/build/odom_rate_booster/install.log --single-version-externally-managed install_data
[3.046s] /home/nits/.local/lib/python3.10/site-packages/setuptools/_distutils/dist.py:289: UserWarning: Unknown distribution option: 'tests_require'
[3.046s]   warnings.warn(msg)
[3.305s] running egg_info
[3.347s] creating ../../build/odom_rate_booster/odom_rate_booster.egg-info
[3.348s] writing ../../build/odom_rate_booster/odom_rate_booster.egg-info/PKG-INFO
[3.350s] writing dependency_links to ../../build/odom_rate_booster/odom_rate_booster.egg-info/dependency_links.txt
[3.350s] writing entry points to ../../build/odom_rate_booster/odom_rate_booster.egg-info/entry_points.txt
[3.350s] writing requirements to ../../build/odom_rate_booster/odom_rate_booster.egg-info/requires.txt
[3.351s] writing top-level names to ../../build/odom_rate_booster/odom_rate_booster.egg-info/top_level.txt
[3.351s] writing manifest file '../../build/odom_rate_booster/odom_rate_booster.egg-info/SOURCES.txt'
[3.439s] reading manifest file '../../build/odom_rate_booster/odom_rate_booster.egg-info/SOURCES.txt'
[3.442s] writing manifest file '../../build/odom_rate_booster/odom_rate_booster.egg-info/SOURCES.txt'
[3.443s] running build
[3.443s] running build_py
[3.444s] creating /home/nits/ros2_ws/build/odom_rate_booster/build/lib/odom_rate_booster
[3.444s] copying odom_rate_booster/__init__.py -> /home/nits/ros2_ws/build/odom_rate_booster/build/lib/odom_rate_booster
[3.444s] copying odom_rate_booster/odom_rate_booster.py -> /home/nits/ros2_ws/build/odom_rate_booster/build/lib/odom_rate_booster
[3.446s] running install
[3.456s] running install_lib
[3.500s] creating /home/nits/ros2_ws/install/odom_rate_booster/lib/python3.10/site-packages/odom_rate_booster
[3.500s] copying /home/nits/ros2_ws/build/odom_rate_booster/build/lib/odom_rate_booster/__init__.py -> /home/nits/ros2_ws/install/odom_rate_booster/lib/python3.10/site-packages/odom_rate_booster
[3.500s] copying /home/nits/ros2_ws/build/odom_rate_booster/build/lib/odom_rate_booster/odom_rate_booster.py -> /home/nits/ros2_ws/install/odom_rate_booster/lib/python3.10/site-packages/odom_rate_booster
[3.502s] byte-compiling /home/nits/ros2_ws/install/odom_rate_booster/lib/python3.10/site-packages/odom_rate_booster/__init__.py to __init__.cpython-310.pyc
[3.503s] byte-compiling /home/nits/ros2_ws/install/odom_rate_booster/lib/python3.10/site-packages/odom_rate_booster/odom_rate_booster.py to odom_rate_booster.cpython-310.pyc
[3.506s] running install_data
[3.506s] creating /home/nits/ros2_ws/install/odom_rate_booster/share/ament_index/resource_index/packages
[3.507s] copying resource/odom_rate_booster -> /home/nits/ros2_ws/install/odom_rate_booster/share/ament_index/resource_index/packages
[3.507s] copying package.xml -> /home/nits/ros2_ws/install/odom_rate_booster/share/odom_rate_booster
[3.508s] creating /home/nits/ros2_ws/install/odom_rate_booster/share/odom_rate_booster/launch
[3.508s] running install_egg_info
[3.555s] Copying ../../build/odom_rate_booster/odom_rate_booster.egg-info to /home/nits/ros2_ws/install/odom_rate_booster/lib/python3.10/site-packages/odom_rate_booster-0.0.1-py3.10.egg-info
[3.557s] running install_scripts
[3.913s] Installing odom_rate_booster script to /home/nits/ros2_ws/install/odom_rate_booster/lib/odom_rate_booster
[3.914s] writing list of installed files to '/home/nits/ros2_ws/build/odom_rate_booster/install.log'
[4.038s] Invoked command in '/home/nits/ros2_ws/src/odom_rate_booster' returned '0': PYTHONPATH=/home/nits/ros2_ws/build/odom_rate_booster/prefix_override:/usr/lib/python3/dist-packages/colcon_core/task/python/colcon_distutils_commands:/home/nits/ros2_ws/install/odom_rate_booster/lib/python3.10/site-packages:${PYTHONPATH} /usr/bin/python3 -W ignore:setup.py install is deprecated -W ignore:easy_install command is deprecated setup.py egg_info --egg-base ../../build/odom_rate_booster build --build-base /home/nits/ros2_ws/build/odom_rate_booster/build install --record /home/nits/ros2_ws/build/odom_rate_booster/install.log --single-version-externally-managed install_data
