[2.657s] Invoking command in '/home/nits/ros2_ws/src/altitude_package': PYTHONPATH=/home/nits/ros2_ws/build/altitude_package/prefix_override:/usr/lib/python3/dist-packages/colcon_core/task/python/colcon_distutils_commands:/home/nits/ros2_ws/install/altitude_package/lib/python3.10/site-packages:${PYTHONPATH} /usr/bin/python3 -W ignore:setup.py install is deprecated -W ignore:easy_install command is deprecated setup.py egg_info --egg-base ../../build/altitude_package build --build-base /home/nits/ros2_ws/build/altitude_package/build install --record /home/nits/ros2_ws/build/altitude_package/install.log --single-version-externally-managed
[3.202s] /home/nits/.local/lib/python3.10/site-packages/setuptools/_distutils/dist.py:289: UserWarning: Unknown distribution option: 'tests_require'
[3.203s]   warnings.warn(msg)
[3.426s] running egg_info
[3.467s] creating ../../build/altitude_package/altitude_package.egg-info
[3.467s] writing ../../build/altitude_package/altitude_package.egg-info/PKG-INFO
[3.468s] writing dependency_links to ../../build/altitude_package/altitude_package.egg-info/dependency_links.txt
[3.468s] writing entry points to ../../build/altitude_package/altitude_package.egg-info/entry_points.txt
[3.469s] writing requirements to ../../build/altitude_package/altitude_package.egg-info/requires.txt
[3.469s] writing top-level names to ../../build/altitude_package/altitude_package.egg-info/top_level.txt
[3.469s] writing manifest file '../../build/altitude_package/altitude_package.egg-info/SOURCES.txt'
[3.562s] reading manifest file '../../build/altitude_package/altitude_package.egg-info/SOURCES.txt'
[3.565s] writing manifest file '../../build/altitude_package/altitude_package.egg-info/SOURCES.txt'
[3.565s] running build
[3.565s] running build_py
[3.566s] creating /home/nits/ros2_ws/build/altitude_package/build/lib/altitude_package
[3.568s] copying altitude_package/altitude_node.py -> /home/nits/ros2_ws/build/altitude_package/build/lib/altitude_package
[3.568s] copying altitude_package/__init__.py -> /home/nits/ros2_ws/build/altitude_package/build/lib/altitude_package
[3.569s] running install
[3.580s] running install_lib
[3.625s] creating /home/nits/ros2_ws/install/altitude_package/lib/python3.10/site-packages/altitude_package
[3.625s] copying /home/nits/ros2_ws/build/altitude_package/build/lib/altitude_package/altitude_node.py -> /home/nits/ros2_ws/install/altitude_package/lib/python3.10/site-packages/altitude_package
[3.626s] copying /home/nits/ros2_ws/build/altitude_package/build/lib/altitude_package/__init__.py -> /home/nits/ros2_ws/install/altitude_package/lib/python3.10/site-packages/altitude_package
[3.629s] byte-compiling /home/nits/ros2_ws/install/altitude_package/lib/python3.10/site-packages/altitude_package/altitude_node.py to altitude_node.cpython-310.pyc
[3.634s] byte-compiling /home/nits/ros2_ws/install/altitude_package/lib/python3.10/site-packages/altitude_package/__init__.py to __init__.cpython-310.pyc
[3.635s] running install_egg_info
[3.683s] Copying ../../build/altitude_package/altitude_package.egg-info to /home/nits/ros2_ws/install/altitude_package/lib/python3.10/site-packages/altitude_package-0.0.1-py3.10.egg-info
[3.686s] running install_scripts
[4.047s] Installing altitude_node script to /home/nits/ros2_ws/install/altitude_package/lib/altitude_package
[4.049s] writing list of installed files to '/home/nits/ros2_ws/build/altitude_package/install.log'
[4.165s] Invoked command in '/home/nits/ros2_ws/src/altitude_package' returned '0': PYTHONPATH=/home/nits/ros2_ws/build/altitude_package/prefix_override:/usr/lib/python3/dist-packages/colcon_core/task/python/colcon_distutils_commands:/home/nits/ros2_ws/install/altitude_package/lib/python3.10/site-packages:${PYTHONPATH} /usr/bin/python3 -W ignore:setup.py install is deprecated -W ignore:easy_install command is deprecated setup.py egg_info --egg-base ../../build/altitude_package build --build-base /home/nits/ros2_ws/build/altitude_package/build install --record /home/nits/ros2_ws/build/altitude_package/install.log --single-version-externally-managed
