[0.027s] Invoking command in '/home/nits/ros2_ws/build/realsense2_camera': CMAKE_PREFIX_PATH=/home/nits/ros2_ws/install/realsense2_camera_msgs:/home/nits/ros2_ws/install/realsense2_description:/home/nits/ros2_ws/install/realsense2_camera:/home/nits/ros2_ws/install/flat_area_detector:/home/nits/ros2_ws/install/yellow_boundary_detector:/opt/ros/humble LD_LIBRARY_PATH=/home/nits/ros2_ws/install/realsense2_camera_msgs/lib:/home/nits/vcpkg/installed/arm64-linux/lib:/home/nits/ros2_ws/install/realsense2_camera/lib:/opt/ros/humble/opt/rviz_ogre_vendor/lib:/opt/ros/humble/lib/aarch64-linux-gnu:/opt/ros/humble/lib:/usr/local/cuda-12.2/lib64 /usr/bin/cmake /home/nits/ros2_ws/src/realsense-ros/realsense2_camera -DCMAKE_INSTALL_PREFIX=/home/nits/ros2_ws/install/realsense2_camera
[0.133s] -- The C compiler identification is GNU 11.4.0
[0.244s] -- The CXX compiler identification is GNU 11.4.0
[0.259s] -- Detecting C compiler ABI info
[0.410s] -- Detecting C compiler ABI info - done
[0.435s] -- Check for working C compiler: /usr/bin/cc - skipped
[0.435s] -- Detecting C compile features
[0.436s] -- Detecting C compile features - done
[0.452s] -- Detecting CXX compiler ABI info
[0.638s] -- Detecting CXX compiler ABI info - done
[0.658s] -- Check for working CXX compiler: /usr/bin/c++ - skipped
[0.659s] -- Detecting CXX compile features
[0.660s] -- Detecting CXX compile features - done
[0.662s] -- Create Release Build.
[0.666s] -- Found ament_cmake: 1.3.11 (/opt/ros/humble/share/ament_cmake/cmake)
[1.551s] -- Found Python3: /usr/bin/python3 (found version "3.10.12") found components: Interpreter 
[1.783s] -- Found builtin_interfaces: 1.2.1 (/opt/ros/humble/share/builtin_interfaces/cmake)
[1.849s] -- Found rosidl_generator_c: 3.1.6 (/opt/ros/humble/share/rosidl_generator_c/cmake)
[1.859s] -- Found rosidl_adapter: 3.1.6 (/opt/ros/humble/share/rosidl_adapter/cmake)
[1.876s] -- Found rosidl_generator_cpp: 3.1.6 (/opt/ros/humble/share/rosidl_generator_cpp/cmake)
[1.900s] -- Using all available rosidl_typesupport_c: rosidl_typesupport_fastrtps_c;rosidl_typesupport_introspection_c
[1.932s] -- Using all available rosidl_typesupport_cpp: rosidl_typesupport_fastrtps_cpp;rosidl_typesupport_introspection_cpp
[1.971s] -- Found cv_bridge: 3.2.1 (/opt/ros/humble/share/cv_bridge/cmake)
[2.078s] -- Found image_transport: 3.1.10 (/opt/ros/humble/share/image_transport/cmake)
[2.178s] -- Found rmw_implementation_cmake: 6.1.2 (/opt/ros/humble/share/rmw_implementation_cmake/cmake)
[2.184s] -- Found rmw_fastrtps_cpp: 6.2.7 (/opt/ros/humble/share/rmw_fastrtps_cpp/cmake)
[2.382s] -- Found OpenSSL: /usr/lib/aarch64-linux-gnu/libcrypto.so (found version "3.0.2")  
[2.444s] -- Found FastRTPS: /opt/ros/humble/include  
[2.538s] -- Using RMW implementation 'rmw_fastrtps_cpp' as default
[2.559s] -- Looking for pthread.h
[2.741s] -- Looking for pthread.h - found
[2.742s] -- Performing Test CMAKE_HAVE_LIBC_PTHREAD
[2.926s] -- Performing Test CMAKE_HAVE_LIBC_PTHREAD - Success
[2.928s] -- Found Threads: TRUE  
[3.093s] -- Found rclcpp_action: 16.0.11 (/opt/ros/humble/share/rclcpp_action/cmake)
[3.161s] -- Found rclcpp_components: 16.0.11 (/opt/ros/humble/share/rclcpp_components/cmake)
[3.195s] -- Found realsense2_camera_msgs: 4.56.1 (/home/nits/ros2_ws/install/realsense2_camera_msgs/share/realsense2_camera_msgs/cmake)
[3.237s] -- Found nav_msgs: 4.2.4 (/opt/ros/humble/share/nav_msgs/cmake)
[3.274s] -- Found tf2_ros: 0.25.12 (/opt/ros/humble/share/tf2_ros/cmake)
[3.347s] -- Found diagnostic_updater: 4.0.2 (/opt/ros/humble/share/diagnostic_updater/cmake)
[3.393s] -- Found OpenCV: /usr (found version "4.8.0") found components: core 
[3.408s] -- Build for ROS2 Humble
[3.422s] -- Found ament_cmake_gtest: 1.3.11 (/opt/ros/humble/share/ament_cmake_gtest/cmake)
[3.427s] -- Found gtest sources under '/opt/ros/humble/src/gtest_vendor': C++ tests using 'Google Test' will be built
[3.440s] -- Found ament_cmake_pytest: 1.3.11 (/opt/ros/humble/share/ament_cmake_pytest/cmake)
[10.705s] -- rs_device_info:
[10.705s] -- No device detected. Is it plugged in?
[10.706s] 
[10.885s] -- Configuring done
[10.984s] -- Generating done
[11.005s] -- Build files have been written to: /home/nits/ros2_ws/build/realsense2_camera
[11.054s] Invoked command in '/home/nits/ros2_ws/build/realsense2_camera' returned '0': CMAKE_PREFIX_PATH=/home/nits/ros2_ws/install/realsense2_camera_msgs:/home/nits/ros2_ws/install/realsense2_description:/home/nits/ros2_ws/install/realsense2_camera:/home/nits/ros2_ws/install/flat_area_detector:/home/nits/ros2_ws/install/yellow_boundary_detector:/opt/ros/humble LD_LIBRARY_PATH=/home/nits/ros2_ws/install/realsense2_camera_msgs/lib:/home/nits/vcpkg/installed/arm64-linux/lib:/home/nits/ros2_ws/install/realsense2_camera/lib:/opt/ros/humble/opt/rviz_ogre_vendor/lib:/opt/ros/humble/lib/aarch64-linux-gnu:/opt/ros/humble/lib:/usr/local/cuda-12.2/lib64 /usr/bin/cmake /home/nits/ros2_ws/src/realsense-ros/realsense2_camera -DCMAKE_INSTALL_PREFIX=/home/nits/ros2_ws/install/realsense2_camera
[11.055s] Invoking command in '/home/nits/ros2_ws/build/realsense2_camera': CMAKE_PREFIX_PATH=/home/nits/ros2_ws/install/realsense2_camera_msgs:/home/nits/ros2_ws/install/realsense2_description:/home/nits/ros2_ws/install/realsense2_camera:/home/nits/ros2_ws/install/flat_area_detector:/home/nits/ros2_ws/install/yellow_boundary_detector:/opt/ros/humble LD_LIBRARY_PATH=/home/nits/ros2_ws/install/realsense2_camera_msgs/lib:/home/nits/vcpkg/installed/arm64-linux/lib:/home/nits/ros2_ws/install/realsense2_camera/lib:/opt/ros/humble/opt/rviz_ogre_vendor/lib:/opt/ros/humble/lib/aarch64-linux-gnu:/opt/ros/humble/lib:/usr/local/cuda-12.2/lib64 /usr/bin/cmake --build /home/nits/ros2_ws/build/realsense2_camera -- -j6 -l6
[11.180s] [  4%] [32mBuilding CXX object CMakeFiles/realsense2_camera.dir/src/base_realsense_node.cpp.o[0m
[11.194s] [  8%] [32mBuilding CXX object CMakeFiles/realsense2_camera.dir/src/parameters.cpp.o[0m
[11.194s] [ 13%] [32mBuilding CXX object CMakeFiles/realsense2_camera.dir/src/realsense_node_factory.cpp.o[0m
[11.218s] [ 17%] [32mBuilding CXX object CMakeFiles/realsense2_camera_node.dir/rclcpp_components/node_main_realsense2_camera_node.cpp.o[0m
[11.244s] [ 21%] [32mBuilding CXX object gtest/CMakeFiles/gtest.dir/src/gtest-all.cc.o[0m
[11.260s] [ 26%] [32mBuilding CXX object gtest/CMakeFiles/gtest_main.dir/src/gtest_main.cc.o[0m
[13.345s] [ 30%] [32m[1mLinking CXX static library libgtest_main.a[0m
[13.571s] [ 30%] Built target gtest_main
[13.601s] [ 34%] [32mBuilding CXX object CMakeFiles/realsense2_camera.dir/src/rs_node_setup.cpp.o[0m
[26.210s] [ 39%] [32m[1mLinking CXX executable realsense2_camera_node[0m
[27.018s] [ 39%] Built target realsense2_camera_node
[27.075s] [ 43%] [32mBuilding CXX object CMakeFiles/realsense2_camera.dir/src/ros_sensor.cpp.o[0m
[38.270s] [ 47%] [32mBuilding CXX object CMakeFiles/realsense2_camera.dir/src/ros_utils.cpp.o[0m
[39.282s] [ 52%] [32m[1mLinking CXX static library libgtest.a[0m
[39.569s] [ 52%] Built target gtest
[39.637s] [ 56%] [32mBuilding CXX object CMakeFiles/realsense2_camera.dir/src/dynamic_params.cpp.o[0m
[55.374s] [ 60%] [32mBuilding CXX object CMakeFiles/realsense2_camera.dir/src/named_filter.cpp.o[0m
[56.415s] [ 65%] [32mBuilding CXX object CMakeFiles/realsense2_camera.dir/src/sensor_params.cpp.o[0m
[57.863s] [ 69%] [32mBuilding CXX object CMakeFiles/realsense2_camera.dir/src/profile_manager.cpp.o[0m
[63.358s] [ 73%] [32mBuilding CXX object CMakeFiles/realsense2_camera.dir/src/image_publisher.cpp.o[0m
[67.657s] [ 78%] [32mBuilding CXX object CMakeFiles/realsense2_camera.dir/src/tfs.cpp.o[0m
[70.886s] [ 82%] [32mBuilding CXX object CMakeFiles/realsense2_camera.dir/src/actions.cpp.o[0m
[74.729s] [ 86%] [32mBuilding CXX object CMakeFiles/realsense2_camera.dir/src/ros_param_backend.cpp.o[0m
[92.542s] [ 91%] [32m[1mLinking CXX shared library librealsense2_camera.so[0m
[94.009s] [ 91%] Built target realsense2_camera
[94.061s] [ 95%] [32mBuilding CXX object CMakeFiles/gtest_template.dir/test/gtest_template.cpp.o[0m
[95.919s] [100%] [32m[1mLinking CXX executable gtest_template[0m
[96.138s] [100%] Built target gtest_template
[96.174s] Invoked command in '/home/nits/ros2_ws/build/realsense2_camera' returned '0': CMAKE_PREFIX_PATH=/home/nits/ros2_ws/install/realsense2_camera_msgs:/home/nits/ros2_ws/install/realsense2_description:/home/nits/ros2_ws/install/realsense2_camera:/home/nits/ros2_ws/install/flat_area_detector:/home/nits/ros2_ws/install/yellow_boundary_detector:/opt/ros/humble LD_LIBRARY_PATH=/home/nits/ros2_ws/install/realsense2_camera_msgs/lib:/home/nits/vcpkg/installed/arm64-linux/lib:/home/nits/ros2_ws/install/realsense2_camera/lib:/opt/ros/humble/opt/rviz_ogre_vendor/lib:/opt/ros/humble/lib/aarch64-linux-gnu:/opt/ros/humble/lib:/usr/local/cuda-12.2/lib64 /usr/bin/cmake --build /home/nits/ros2_ws/build/realsense2_camera -- -j6 -l6
[96.179s] Invoking command in '/home/nits/ros2_ws/build/realsense2_camera': CMAKE_PREFIX_PATH=/home/nits/ros2_ws/install/realsense2_camera_msgs:/home/nits/ros2_ws/install/realsense2_description:/home/nits/ros2_ws/install/realsense2_camera:/home/nits/ros2_ws/install/flat_area_detector:/home/nits/ros2_ws/install/yellow_boundary_detector:/opt/ros/humble LD_LIBRARY_PATH=/home/nits/ros2_ws/install/realsense2_camera_msgs/lib:/home/nits/vcpkg/installed/arm64-linux/lib:/home/nits/ros2_ws/install/realsense2_camera/lib:/opt/ros/humble/opt/rviz_ogre_vendor/lib:/opt/ros/humble/lib/aarch64-linux-gnu:/opt/ros/humble/lib:/usr/local/cuda-12.2/lib64 /usr/bin/cmake --install /home/nits/ros2_ws/build/realsense2_camera
[96.197s] -- Install configuration: "Release"
[96.198s] -- Installing: /home/nits/ros2_ws/install/realsense2_camera/lib/realsense2_camera/realsense2_camera_node
[96.199s] -- Set runtime path of "/home/nits/ros2_ws/install/realsense2_camera/lib/realsense2_camera/realsense2_camera_node" to ""
[96.199s] -- Installing: /home/nits/ros2_ws/install/realsense2_camera/lib/librealsense2_camera.so
[96.208s] -- Set runtime path of "/home/nits/ros2_ws/install/realsense2_camera/lib/librealsense2_camera.so" to ""
[96.208s] -- Installing: /home/nits/ros2_ws/install/realsense2_camera/include
[96.208s] -- Installing: /home/nits/ros2_ws/install/realsense2_camera/include/profile_manager.h
[96.209s] -- Installing: /home/nits/ros2_ws/install/realsense2_camera/include/ros_sensor.h
[96.209s] -- Installing: /home/nits/ros2_ws/install/realsense2_camera/include/realsense_node_factory.h
[96.210s] -- Installing: /home/nits/ros2_ws/install/realsense2_camera/include/base_realsense_node.h
[96.210s] -- Installing: /home/nits/ros2_ws/install/realsense2_camera/include/named_filter.h
[96.211s] -- Installing: /home/nits/ros2_ws/install/realsense2_camera/include/ros_utils.h
[96.211s] -- Installing: /home/nits/ros2_ws/install/realsense2_camera/include/constants.h
[96.212s] -- Installing: /home/nits/ros2_ws/install/realsense2_camera/include/sensor_params.h
[96.212s] -- Installing: /home/nits/ros2_ws/install/realsense2_camera/include/image_publisher.h
[96.212s] -- Installing: /home/nits/ros2_ws/install/realsense2_camera/include/dynamic_params.h
[96.212s] -- Installing: /home/nits/ros2_ws/install/realsense2_camera/include/gl_window.h
[96.213s] -- Installing: /home/nits/ros2_ws/install/realsense2_camera/include/ros_param_backend.h
[96.213s] -- Installing: /home/nits/ros2_ws/install/realsense2_camera/share/realsense2_camera/launch
[96.213s] -- Installing: /home/nits/ros2_ws/install/realsense2_camera/share/realsense2_camera/launch/rs_multi_camera_launch.py
[96.213s] -- Installing: /home/nits/ros2_ws/install/realsense2_camera/share/realsense2_camera/launch/default.rviz
[96.214s] -- Installing: /home/nits/ros2_ws/install/realsense2_camera/share/realsense2_camera/launch/rs_launch.py
[96.214s] -- Installing: /home/nits/ros2_ws/install/realsense2_camera/share/realsense2_camera/launch/rs_multi_camera_launch_sync.py
[96.215s] -- Installing: /home/nits/ros2_ws/install/realsense2_camera/share/realsense2_camera/launch/rs_intra_process_demo_launch.py
[96.215s] -- Installing: /home/nits/ros2_ws/install/realsense2_camera/share/realsense2_camera/examples
[96.216s] -- Installing: /home/nits/ros2_ws/install/realsense2_camera/share/realsense2_camera/examples/align_depth
[96.216s] -- Installing: /home/nits/ros2_ws/install/realsense2_camera/share/realsense2_camera/examples/align_depth/README.md
[96.217s] -- Installing: /home/nits/ros2_ws/install/realsense2_camera/share/realsense2_camera/examples/align_depth/rs_align_depth_launch.py
[96.217s] -- Installing: /home/nits/ros2_ws/install/realsense2_camera/share/realsense2_camera/examples/pointcloud
[96.218s] -- Installing: /home/nits/ros2_ws/install/realsense2_camera/share/realsense2_camera/examples/pointcloud/rs_d405_pointcloud_launch.py
[96.218s] -- Installing: /home/nits/ros2_ws/install/realsense2_camera/share/realsense2_camera/examples/pointcloud/rs_pointcloud_launch.py
[96.219s] -- Installing: /home/nits/ros2_ws/install/realsense2_camera/share/realsense2_camera/examples/pointcloud/README.md
[96.219s] -- Installing: /home/nits/ros2_ws/install/realsense2_camera/share/realsense2_camera/examples/pointcloud/rs_d455_pointcloud_launch.py
[96.219s] -- Installing: /home/nits/ros2_ws/install/realsense2_camera/share/realsense2_camera/examples/pointcloud/rviz
[96.220s] -- Installing: /home/nits/ros2_ws/install/realsense2_camera/share/realsense2_camera/examples/pointcloud/rviz/pointcloud.rviz
[96.220s] -- Installing: /home/nits/ros2_ws/install/realsense2_camera/share/realsense2_camera/examples/pointcloud/rviz/urdf_pointcloud.rviz
[96.221s] -- Installing: /home/nits/ros2_ws/install/realsense2_camera/share/realsense2_camera/examples/dual_camera
[96.221s] -- Installing: /home/nits/ros2_ws/install/realsense2_camera/share/realsense2_camera/examples/dual_camera/README.md
[96.222s] -- Installing: /home/nits/ros2_ws/install/realsense2_camera/share/realsense2_camera/examples/dual_camera/rviz
[96.222s] -- Installing: /home/nits/ros2_ws/install/realsense2_camera/share/realsense2_camera/examples/dual_camera/rviz/dual_camera_pointcloud.rviz
[96.222s] -- Installing: /home/nits/ros2_ws/install/realsense2_camera/share/realsense2_camera/examples/dual_camera/rs_dual_camera_launch.py
[96.223s] -- Installing: /home/nits/ros2_ws/install/realsense2_camera/share/realsense2_camera/examples/launch_params_from_file
[96.223s] -- Installing: /home/nits/ros2_ws/install/realsense2_camera/share/realsense2_camera/examples/launch_params_from_file/README.md
[96.223s] -- Installing: /home/nits/ros2_ws/install/realsense2_camera/share/realsense2_camera/examples/launch_params_from_file/config
[96.223s] -- Installing: /home/nits/ros2_ws/install/realsense2_camera/share/realsense2_camera/examples/launch_params_from_file/config/config.yaml
[96.224s] -- Installing: /home/nits/ros2_ws/install/realsense2_camera/share/realsense2_camera/examples/launch_params_from_file/rs_launch_get_params_from_yaml.py
[96.224s] -- Installing: /home/nits/ros2_ws/install/realsense2_camera/share/realsense2_camera/examples/launch_from_rosbag
[96.224s] -- Installing: /home/nits/ros2_ws/install/realsense2_camera/share/realsense2_camera/examples/launch_from_rosbag/README.md
[96.224s] -- Installing: /home/nits/ros2_ws/install/realsense2_camera/share/realsense2_camera/examples/launch_from_rosbag/rs_launch_from_rosbag.py
[96.225s] -- Installing: /home/nits/ros2_ws/install/realsense2_camera/share/realsense2_camera/examples/d500_tables
[96.225s] -- Installing: /home/nits/ros2_ws/install/realsense2_camera/share/realsense2_camera/examples/d500_tables/calib_config_example.json
[96.225s] -- Installing: /home/nits/ros2_ws/install/realsense2_camera/share/realsense2_camera/environment/library_path.sh
[96.226s] -- Installing: /home/nits/ros2_ws/install/realsense2_camera/share/realsense2_camera/environment/library_path.dsv
[96.227s] -- Installing: /home/nits/ros2_ws/install/realsense2_camera/share/ament_index/resource_index/package_run_dependencies/realsense2_camera
[96.228s] -- Installing: /home/nits/ros2_ws/install/realsense2_camera/share/ament_index/resource_index/parent_prefix_path/realsense2_camera
[96.228s] -- Installing: /home/nits/ros2_ws/install/realsense2_camera/share/realsense2_camera/environment/ament_prefix_path.sh
[96.229s] -- Installing: /home/nits/ros2_ws/install/realsense2_camera/share/realsense2_camera/environment/ament_prefix_path.dsv
[96.229s] -- Installing: /home/nits/ros2_ws/install/realsense2_camera/share/realsense2_camera/environment/path.sh
[96.230s] -- Installing: /home/nits/ros2_ws/install/realsense2_camera/share/realsense2_camera/environment/path.dsv
[96.230s] -- Installing: /home/nits/ros2_ws/install/realsense2_camera/share/realsense2_camera/local_setup.bash
[96.231s] -- Installing: /home/nits/ros2_ws/install/realsense2_camera/share/realsense2_camera/local_setup.sh
[96.231s] -- Installing: /home/nits/ros2_ws/install/realsense2_camera/share/realsense2_camera/local_setup.zsh
[96.231s] -- Installing: /home/nits/ros2_ws/install/realsense2_camera/share/realsense2_camera/local_setup.dsv
[96.232s] -- Installing: /home/nits/ros2_ws/install/realsense2_camera/share/realsense2_camera/package.dsv
[96.232s] -- Installing: /home/nits/ros2_ws/install/realsense2_camera/share/ament_index/resource_index/packages/realsense2_camera
[96.233s] -- Installing: /home/nits/ros2_ws/install/realsense2_camera/share/ament_index/resource_index/rclcpp_components/realsense2_camera
[96.233s] -- Installing: /home/nits/ros2_ws/install/realsense2_camera/share/realsense2_camera/cmake/ament_cmake_export_include_directories-extras.cmake
[96.234s] -- Installing: /home/nits/ros2_ws/install/realsense2_camera/share/realsense2_camera/cmake/ament_cmake_export_libraries-extras.cmake
[96.235s] -- Installing: /home/nits/ros2_ws/install/realsense2_camera/share/realsense2_camera/cmake/ament_cmake_export_dependencies-extras.cmake
[96.236s] -- Installing: /home/nits/ros2_ws/install/realsense2_camera/share/realsense2_camera/cmake/realsense2_cameraConfig.cmake
[96.236s] -- Installing: /home/nits/ros2_ws/install/realsense2_camera/share/realsense2_camera/cmake/realsense2_cameraConfig-version.cmake
[96.236s] -- Installing: /home/nits/ros2_ws/install/realsense2_camera/share/realsense2_camera/package.xml
[96.245s] Invoked command in '/home/nits/ros2_ws/build/realsense2_camera' returned '0': CMAKE_PREFIX_PATH=/home/nits/ros2_ws/install/realsense2_camera_msgs:/home/nits/ros2_ws/install/realsense2_description:/home/nits/ros2_ws/install/realsense2_camera:/home/nits/ros2_ws/install/flat_area_detector:/home/nits/ros2_ws/install/yellow_boundary_detector:/opt/ros/humble LD_LIBRARY_PATH=/home/nits/ros2_ws/install/realsense2_camera_msgs/lib:/home/nits/vcpkg/installed/arm64-linux/lib:/home/nits/ros2_ws/install/realsense2_camera/lib:/opt/ros/humble/opt/rviz_ogre_vendor/lib:/opt/ros/humble/lib/aarch64-linux-gnu:/opt/ros/humble/lib:/usr/local/cuda-12.2/lib64 /usr/bin/cmake --install /home/nits/ros2_ws/build/realsense2_camera
