[0.031s] Invoking command in '/home/nits/ros2_ws/build/drone_vio_cpp': CMAKE_PREFIX_PATH=/home/nits/ros2_ws/install/realsense2_description:/home/nits/ros2_ws/install/realsense2_camera:/home/nits/ros2_ws/install/realsense2_camera_msgs:/home/nits/ros2_ws/install/vision_to_local_pose:/home/nits/ros2_ws/install/pose_relay:/home/nits/ros2_ws/install/new_takeoff_node:/home/nits/ros2_ws/install/my_package:/home/nits/ros2_ws/install/mavros_takeoff:/home/nits/ros2_ws/install/drone_vio_py:/home/nits/ros2_ws/install/drone_takeoff:/opt/ros/humble:/home/nits/ros2_ws/install/local_zeroing_pkg:/home/nits/ros2_ws/install/landing_area_detector:/home/nits/ros2_ws/install/flat_area_detector:/home/nits/ros2_ws/install/drone_vio_cpp:/home/nits/ros2_ws/install/boundary_mapper /usr/bin/cmake --build /home/nits/ros2_ws/build/drone_vio_cpp -- -j6 -l6
[0.184s] [35m[1mConsolidate compiler generated dependencies of target odom_to_vision_pose[0m
[0.231s] [ 50%] [32mBuilding CXX object CMakeFiles/odom_to_vision_pose.dir/src/odom_to_vision_pose.cpp.o[0m
[24.547s] [100%] [32m[1mLinking CXX executable odom_to_vision_pose[0m
[25.708s] [100%] Built target odom_to_vision_pose
[25.745s] Invoked command in '/home/nits/ros2_ws/build/drone_vio_cpp' returned '0': CMAKE_PREFIX_PATH=/home/nits/ros2_ws/install/realsense2_description:/home/nits/ros2_ws/install/realsense2_camera:/home/nits/ros2_ws/install/realsense2_camera_msgs:/home/nits/ros2_ws/install/vision_to_local_pose:/home/nits/ros2_ws/install/pose_relay:/home/nits/ros2_ws/install/new_takeoff_node:/home/nits/ros2_ws/install/my_package:/home/nits/ros2_ws/install/mavros_takeoff:/home/nits/ros2_ws/install/drone_vio_py:/home/nits/ros2_ws/install/drone_takeoff:/opt/ros/humble:/home/nits/ros2_ws/install/local_zeroing_pkg:/home/nits/ros2_ws/install/landing_area_detector:/home/nits/ros2_ws/install/flat_area_detector:/home/nits/ros2_ws/install/drone_vio_cpp:/home/nits/ros2_ws/install/boundary_mapper /usr/bin/cmake --build /home/nits/ros2_ws/build/drone_vio_cpp -- -j6 -l6
[25.771s] Invoking command in '/home/nits/ros2_ws/build/drone_vio_cpp': CMAKE_PREFIX_PATH=/home/nits/ros2_ws/install/realsense2_description:/home/nits/ros2_ws/install/realsense2_camera:/home/nits/ros2_ws/install/realsense2_camera_msgs:/home/nits/ros2_ws/install/vision_to_local_pose:/home/nits/ros2_ws/install/pose_relay:/home/nits/ros2_ws/install/new_takeoff_node:/home/nits/ros2_ws/install/my_package:/home/nits/ros2_ws/install/mavros_takeoff:/home/nits/ros2_ws/install/drone_vio_py:/home/nits/ros2_ws/install/drone_takeoff:/opt/ros/humble:/home/nits/ros2_ws/install/local_zeroing_pkg:/home/nits/ros2_ws/install/landing_area_detector:/home/nits/ros2_ws/install/flat_area_detector:/home/nits/ros2_ws/install/drone_vio_cpp:/home/nits/ros2_ws/install/boundary_mapper /usr/bin/cmake --install /home/nits/ros2_ws/build/drone_vio_cpp
[25.794s] -- Install configuration: ""
[25.794s] -- Installing: /home/nits/ros2_ws/install/drone_vio_cpp/lib/drone_vio_cpp/odom_to_vision_pose
[25.807s] -- Set runtime path of "/home/nits/ros2_ws/install/drone_vio_cpp/lib/drone_vio_cpp/odom_to_vision_pose" to ""
[25.807s] -- Up-to-date: /home/nits/ros2_ws/install/drone_vio_cpp/share/ament_index/resource_index/package_run_dependencies/drone_vio_cpp
[25.807s] -- Up-to-date: /home/nits/ros2_ws/install/drone_vio_cpp/share/ament_index/resource_index/parent_prefix_path/drone_vio_cpp
[25.807s] -- Up-to-date: /home/nits/ros2_ws/install/drone_vio_cpp/share/drone_vio_cpp/environment/ament_prefix_path.sh
[25.807s] -- Up-to-date: /home/nits/ros2_ws/install/drone_vio_cpp/share/drone_vio_cpp/environment/ament_prefix_path.dsv
[25.808s] -- Up-to-date: /home/nits/ros2_ws/install/drone_vio_cpp/share/drone_vio_cpp/environment/path.sh
[25.808s] -- Up-to-date: /home/nits/ros2_ws/install/drone_vio_cpp/share/drone_vio_cpp/environment/path.dsv
[25.808s] -- Up-to-date: /home/nits/ros2_ws/install/drone_vio_cpp/share/drone_vio_cpp/local_setup.bash
[25.808s] -- Up-to-date: /home/nits/ros2_ws/install/drone_vio_cpp/share/drone_vio_cpp/local_setup.sh
[25.808s] -- Up-to-date: /home/nits/ros2_ws/install/drone_vio_cpp/share/drone_vio_cpp/local_setup.zsh
[25.808s] -- Up-to-date: /home/nits/ros2_ws/install/drone_vio_cpp/share/drone_vio_cpp/local_setup.dsv
[25.809s] -- Installing: /home/nits/ros2_ws/install/drone_vio_cpp/share/drone_vio_cpp/package.dsv
[25.809s] -- Up-to-date: /home/nits/ros2_ws/install/drone_vio_cpp/share/ament_index/resource_index/packages/drone_vio_cpp
[25.809s] -- Up-to-date: /home/nits/ros2_ws/install/drone_vio_cpp/share/drone_vio_cpp/cmake/drone_vio_cppConfig.cmake
[25.809s] -- Up-to-date: /home/nits/ros2_ws/install/drone_vio_cpp/share/drone_vio_cpp/cmake/drone_vio_cppConfig-version.cmake
[25.809s] -- Up-to-date: /home/nits/ros2_ws/install/drone_vio_cpp/share/drone_vio_cpp/package.xml
[25.822s] Invoked command in '/home/nits/ros2_ws/build/drone_vio_cpp' returned '0': CMAKE_PREFIX_PATH=/home/nits/ros2_ws/install/realsense2_description:/home/nits/ros2_ws/install/realsense2_camera:/home/nits/ros2_ws/install/realsense2_camera_msgs:/home/nits/ros2_ws/install/vision_to_local_pose:/home/nits/ros2_ws/install/pose_relay:/home/nits/ros2_ws/install/new_takeoff_node:/home/nits/ros2_ws/install/my_package:/home/nits/ros2_ws/install/mavros_takeoff:/home/nits/ros2_ws/install/drone_vio_py:/home/nits/ros2_ws/install/drone_takeoff:/opt/ros/humble:/home/nits/ros2_ws/install/local_zeroing_pkg:/home/nits/ros2_ws/install/landing_area_detector:/home/nits/ros2_ws/install/flat_area_detector:/home/nits/ros2_ws/install/drone_vio_cpp:/home/nits/ros2_ws/install/boundary_mapper /usr/bin/cmake --install /home/nits/ros2_ws/build/drone_vio_cpp
