[0.033s] Invoking command in '/home/nits/ros2_ws/build/landing_area_detector': CMAKE_PREFIX_PATH=/home/nits/ros2_ws/install/realsense2_description:/home/nits/ros2_ws/install/realsense2_camera:/home/nits/ros2_ws/install/realsense2_camera_msgs:/home/nits/ros2_ws/install/landing_area_detector:/opt/ros/humble:/home/nits/ros2_ws/install/flat_area_detector /usr/bin/cmake --build /home/nits/ros2_ws/build/landing_area_detector -- -j6 -l6
[0.188s] [35m[1mConsolidate compiler generated dependencies of target flat_area_detector[0m
[0.274s] [ 50%] [32mBuilding CXX object CMakeFiles/flat_area_detector.dir/src/flat_area_detector.cpp.o[0m
[37.395s] [100%] [32m[1mLinking CXX executable flat_area_detector[0m
[43.951s] [100%] Built target flat_area_detector
[43.983s] Invoked command in '/home/nits/ros2_ws/build/landing_area_detector' returned '0': CMAKE_PREFIX_PATH=/home/nits/ros2_ws/install/realsense2_description:/home/nits/ros2_ws/install/realsense2_camera:/home/nits/ros2_ws/install/realsense2_camera_msgs:/home/nits/ros2_ws/install/landing_area_detector:/opt/ros/humble:/home/nits/ros2_ws/install/flat_area_detector /usr/bin/cmake --build /home/nits/ros2_ws/build/landing_area_detector -- -j6 -l6
[44.009s] Invoking command in '/home/nits/ros2_ws/build/landing_area_detector': CMAKE_PREFIX_PATH=/home/nits/ros2_ws/install/realsense2_description:/home/nits/ros2_ws/install/realsense2_camera:/home/nits/ros2_ws/install/realsense2_camera_msgs:/home/nits/ros2_ws/install/landing_area_detector:/opt/ros/humble:/home/nits/ros2_ws/install/flat_area_detector /usr/bin/cmake --install /home/nits/ros2_ws/build/landing_area_detector
[44.036s] -- Install configuration: ""
[44.039s] -- Installing: /home/nits/ros2_ws/install/landing_area_detector/lib/landing_area_detector/flat_area_detector
[44.058s] -- Set runtime path of "/home/nits/ros2_ws/install/landing_area_detector/lib/landing_area_detector/flat_area_detector" to ""
[44.058s] -- Up-to-date: /home/nits/ros2_ws/install/landing_area_detector/share/ament_index/resource_index/package_run_dependencies/landing_area_detector
[44.058s] -- Up-to-date: /home/nits/ros2_ws/install/landing_area_detector/share/ament_index/resource_index/parent_prefix_path/landing_area_detector
[44.059s] -- Up-to-date: /home/nits/ros2_ws/install/landing_area_detector/share/landing_area_detector/environment/ament_prefix_path.sh
[44.059s] -- Up-to-date: /home/nits/ros2_ws/install/landing_area_detector/share/landing_area_detector/environment/ament_prefix_path.dsv
[44.059s] -- Up-to-date: /home/nits/ros2_ws/install/landing_area_detector/share/landing_area_detector/environment/path.sh
[44.059s] -- Up-to-date: /home/nits/ros2_ws/install/landing_area_detector/share/landing_area_detector/environment/path.dsv
[44.059s] -- Up-to-date: /home/nits/ros2_ws/install/landing_area_detector/share/landing_area_detector/local_setup.bash
[44.060s] -- Up-to-date: /home/nits/ros2_ws/install/landing_area_detector/share/landing_area_detector/local_setup.sh
[44.060s] -- Up-to-date: /home/nits/ros2_ws/install/landing_area_detector/share/landing_area_detector/local_setup.zsh
[44.060s] -- Up-to-date: /home/nits/ros2_ws/install/landing_area_detector/share/landing_area_detector/local_setup.dsv
[44.060s] -- Installing: /home/nits/ros2_ws/install/landing_area_detector/share/landing_area_detector/package.dsv
[44.060s] -- Up-to-date: /home/nits/ros2_ws/install/landing_area_detector/share/ament_index/resource_index/packages/landing_area_detector
[44.060s] -- Up-to-date: /home/nits/ros2_ws/install/landing_area_detector/share/landing_area_detector/cmake/landing_area_detectorConfig.cmake
[44.061s] -- Up-to-date: /home/nits/ros2_ws/install/landing_area_detector/share/landing_area_detector/cmake/landing_area_detectorConfig-version.cmake
[44.061s] -- Up-to-date: /home/nits/ros2_ws/install/landing_area_detector/share/landing_area_detector/package.xml
[44.065s] Invoked command in '/home/nits/ros2_ws/build/landing_area_detector' returned '0': CMAKE_PREFIX_PATH=/home/nits/ros2_ws/install/realsense2_description:/home/nits/ros2_ws/install/realsense2_camera:/home/nits/ros2_ws/install/realsense2_camera_msgs:/home/nits/ros2_ws/install/landing_area_detector:/opt/ros/humble:/home/nits/ros2_ws/install/flat_area_detector /usr/bin/cmake --install /home/nits/ros2_ws/build/landing_area_detector
