[0.336s] DEBUG:colcon:Command line arguments: ['/usr/bin/colcon', 'build', '--packages-select', 'local_zeroing_pkg']
[0.336s] DEBUG:colcon:Parsed command line arguments: Namespace(log_base=None, log_level=None, verb_name='build', build_base='build', install_base='install', merge_install=False, symlink_install=False, test_result_base=None, continue_on_error=False, executor='parallel', parallel_workers=6, event_handlers=None, ignore_user_meta=False, metas=['./colcon.meta'], base_paths=['.'], packages_ignore=None, packages_ignore_regex=None, paths=None, packages_up_to=None, packages_up_to_regex=None, packages_above=None, packages_above_and_dependencies=None, packages_above_depth=None, packages_select_by_dep=None, packages_skip_by_dep=None, packages_skip_up_to=None, packages_select_build_failed=False, packages_skip_build_finished=False, packages_select_test_failures=False, packages_skip_test_passed=False, packages_select=['local_zeroing_pkg'], packages_skip=None, packages_select_regex=None, packages_skip_regex=None, packages_start=None, packages_end=None, allow_overriding=[], cmake_args=None, cmake_target=None, cmake_target_skip_unavailable=False, cmake_clean_cache=False, cmake_clean_first=False, cmake_force_configure=False, ament_cmake_args=None, catkin_cmake_args=None, catkin_skip_building_tests=False, mixin_files=None, mixin=None, verb_parser=<colcon_mixin.mixin.mixin_argument.MixinArgumentDecorator object at 0xffff9d6ab5b0>, verb_extension=<colcon_core.verb.build.BuildVerb object at 0xffff9d8a0b50>, main=<bound method BuildVerb.main of <colcon_core.verb.build.BuildVerb object at 0xffff9d8a0b50>>, mixin_verb=('build',))
[0.445s] Level 1:colcon.colcon_core.package_discovery:discover_packages(colcon_meta) check parameters
[0.446s] Level 1:colcon.colcon_core.package_discovery:discover_packages(recursive) check parameters
[0.446s] Level 1:colcon.colcon_core.package_discovery:discover_packages(ignore) check parameters
[0.446s] Level 1:colcon.colcon_core.package_discovery:discover_packages(path) check parameters
[0.446s] Level 1:colcon.colcon_core.package_discovery:discover_packages(colcon_meta) discover
[0.446s] Level 1:colcon.colcon_core.package_discovery:discover_packages(recursive) discover
[0.446s] INFO:colcon.colcon_core.package_discovery:Crawling recursively for packages in '/home/nits/ros2_ws'
[0.447s] Level 1:colcon.colcon_core.package_identification:_identify(.) by extensions ['ignore', 'ignore_ament_install']
[0.447s] Level 1:colcon.colcon_core.package_identification:_identify(.) by extension 'ignore'
[0.447s] Level 1:colcon.colcon_core.package_identification:_identify(.) by extension 'ignore_ament_install'
[0.447s] Level 1:colcon.colcon_core.package_identification:_identify(.) by extensions ['colcon_pkg']
[0.447s] Level 1:colcon.colcon_core.package_identification:_identify(.) by extension 'colcon_pkg'
[0.447s] Level 1:colcon.colcon_core.package_identification:_identify(.) by extensions ['colcon_meta']
[0.447s] Level 1:colcon.colcon_core.package_identification:_identify(.) by extension 'colcon_meta'
[0.448s] Level 1:colcon.colcon_core.package_identification:_identify(.) by extensions ['ros']
[0.448s] Level 1:colcon.colcon_core.package_identification:_identify(.) by extension 'ros'
[0.482s] Level 1:colcon.colcon_core.package_identification:_identify(.) by extensions ['cmake', 'python']
[0.482s] Level 1:colcon.colcon_core.package_identification:_identify(.) by extension 'cmake'
[0.482s] Level 1:colcon.colcon_core.package_identification:_identify(.) by extension 'python'
[0.482s] Level 1:colcon.colcon_core.package_identification:_identify(.) by extensions ['python_setup_py']
[0.482s] Level 1:colcon.colcon_core.package_identification:_identify(.) by extension 'python_setup_py'
[0.483s] Level 1:colcon.colcon_core.package_identification:_identify(build) by extensions ['ignore', 'ignore_ament_install']
[0.483s] Level 1:colcon.colcon_core.package_identification:_identify(build) by extension 'ignore'
[0.483s] Level 1:colcon.colcon_core.package_identification:_identify(build) ignored
[0.483s] Level 1:colcon.colcon_core.package_identification:_identify(install) by extensions ['ignore', 'ignore_ament_install']
[0.484s] Level 1:colcon.colcon_core.package_identification:_identify(install) by extension 'ignore'
[0.484s] Level 1:colcon.colcon_core.package_identification:_identify(install) ignored
[0.484s] Level 1:colcon.colcon_core.package_identification:_identify(log) by extensions ['ignore', 'ignore_ament_install']
[0.484s] Level 1:colcon.colcon_core.package_identification:_identify(log) by extension 'ignore'
[0.484s] Level 1:colcon.colcon_core.package_identification:_identify(log) ignored
[0.485s] Level 1:colcon.colcon_core.package_identification:_identify(src) by extensions ['ignore', 'ignore_ament_install']
[0.485s] Level 1:colcon.colcon_core.package_identification:_identify(src) by extension 'ignore'
[0.485s] Level 1:colcon.colcon_core.package_identification:_identify(src) by extension 'ignore_ament_install'
[0.485s] Level 1:colcon.colcon_core.package_identification:_identify(src) by extensions ['colcon_pkg']
[0.485s] Level 1:colcon.colcon_core.package_identification:_identify(src) by extension 'colcon_pkg'
[0.485s] Level 1:colcon.colcon_core.package_identification:_identify(src) by extensions ['colcon_meta']
[0.485s] Level 1:colcon.colcon_core.package_identification:_identify(src) by extension 'colcon_meta'
[0.485s] Level 1:colcon.colcon_core.package_identification:_identify(src) by extensions ['ros']
[0.485s] Level 1:colcon.colcon_core.package_identification:_identify(src) by extension 'ros'
[0.486s] Level 1:colcon.colcon_core.package_identification:_identify(src) by extensions ['cmake', 'python']
[0.486s] Level 1:colcon.colcon_core.package_identification:_identify(src) by extension 'cmake'
[0.486s] Level 1:colcon.colcon_core.package_identification:_identify(src) by extension 'python'
[0.486s] Level 1:colcon.colcon_core.package_identification:_identify(src) by extensions ['python_setup_py']
[0.486s] Level 1:colcon.colcon_core.package_identification:_identify(src) by extension 'python_setup_py'
[0.486s] Level 1:colcon.colcon_core.package_identification:_identify(src/boundary_mapper) by extensions ['ignore', 'ignore_ament_install']
[0.486s] Level 1:colcon.colcon_core.package_identification:_identify(src/boundary_mapper) by extension 'ignore'
[0.487s] Level 1:colcon.colcon_core.package_identification:_identify(src/boundary_mapper) by extension 'ignore_ament_install'
[0.487s] Level 1:colcon.colcon_core.package_identification:_identify(src/boundary_mapper) by extensions ['colcon_pkg']
[0.487s] Level 1:colcon.colcon_core.package_identification:_identify(src/boundary_mapper) by extension 'colcon_pkg'
[0.487s] Level 1:colcon.colcon_core.package_identification:_identify(src/boundary_mapper) by extensions ['colcon_meta']
[0.487s] Level 1:colcon.colcon_core.package_identification:_identify(src/boundary_mapper) by extension 'colcon_meta'
[0.487s] Level 1:colcon.colcon_core.package_identification:_identify(src/boundary_mapper) by extensions ['ros']
[0.487s] Level 1:colcon.colcon_core.package_identification:_identify(src/boundary_mapper) by extension 'ros'
[0.494s] DEBUG:colcon.colcon_core.package_identification:Package 'src/boundary_mapper' with type 'ros.ament_cmake' and name 'boundary_mapper'
[0.495s] Level 1:colcon.colcon_core.package_identification:_identify(src/landing_area_detector) by extensions ['ignore', 'ignore_ament_install']
[0.495s] Level 1:colcon.colcon_core.package_identification:_identify(src/landing_area_detector) by extension 'ignore'
[0.495s] Level 1:colcon.colcon_core.package_identification:_identify(src/landing_area_detector) by extension 'ignore_ament_install'
[0.495s] Level 1:colcon.colcon_core.package_identification:_identify(src/landing_area_detector) by extensions ['colcon_pkg']
[0.495s] Level 1:colcon.colcon_core.package_identification:_identify(src/landing_area_detector) by extension 'colcon_pkg'
[0.495s] Level 1:colcon.colcon_core.package_identification:_identify(src/landing_area_detector) by extensions ['colcon_meta']
[0.495s] Level 1:colcon.colcon_core.package_identification:_identify(src/landing_area_detector) by extension 'colcon_meta'
[0.496s] Level 1:colcon.colcon_core.package_identification:_identify(src/landing_area_detector) by extensions ['ros']
[0.496s] Level 1:colcon.colcon_core.package_identification:_identify(src/landing_area_detector) by extension 'ros'
[0.498s] DEBUG:colcon.colcon_core.package_identification:Package 'src/landing_area_detector' with type 'ros.ament_cmake' and name 'landing_area_detector'
[0.499s] Level 1:colcon.colcon_core.package_identification:_identify(src/local_zeroing_pkg) by extensions ['ignore', 'ignore_ament_install']
[0.499s] Level 1:colcon.colcon_core.package_identification:_identify(src/local_zeroing_pkg) by extension 'ignore'
[0.499s] Level 1:colcon.colcon_core.package_identification:_identify(src/local_zeroing_pkg) by extension 'ignore_ament_install'
[0.499s] Level 1:colcon.colcon_core.package_identification:_identify(src/local_zeroing_pkg) by extensions ['colcon_pkg']
[0.499s] Level 1:colcon.colcon_core.package_identification:_identify(src/local_zeroing_pkg) by extension 'colcon_pkg'
[0.499s] Level 1:colcon.colcon_core.package_identification:_identify(src/local_zeroing_pkg) by extensions ['colcon_meta']
[0.499s] Level 1:colcon.colcon_core.package_identification:_identify(src/local_zeroing_pkg) by extension 'colcon_meta'
[0.499s] Level 1:colcon.colcon_core.package_identification:_identify(src/local_zeroing_pkg) by extensions ['ros']
[0.500s] Level 1:colcon.colcon_core.package_identification:_identify(src/local_zeroing_pkg) by extension 'ros'
[0.501s] DEBUG:colcon.colcon_core.package_identification:Package 'src/local_zeroing_pkg' with type 'ros.catkin' and name 'local_zeroing_pkg'
[0.501s] Level 1:colcon.colcon_core.package_identification:_identify(src/realsense-ros) by extensions ['ignore', 'ignore_ament_install']
[0.501s] Level 1:colcon.colcon_core.package_identification:_identify(src/realsense-ros) by extension 'ignore'
[0.502s] Level 1:colcon.colcon_core.package_identification:_identify(src/realsense-ros) by extension 'ignore_ament_install'
[0.502s] Level 1:colcon.colcon_core.package_identification:_identify(src/realsense-ros) by extensions ['colcon_pkg']
[0.502s] Level 1:colcon.colcon_core.package_identification:_identify(src/realsense-ros) by extension 'colcon_pkg'
[0.502s] Level 1:colcon.colcon_core.package_identification:_identify(src/realsense-ros) by extensions ['colcon_meta']
[0.502s] Level 1:colcon.colcon_core.package_identification:_identify(src/realsense-ros) by extension 'colcon_meta'
[0.502s] Level 1:colcon.colcon_core.package_identification:_identify(src/realsense-ros) by extensions ['ros']
[0.502s] Level 1:colcon.colcon_core.package_identification:_identify(src/realsense-ros) by extension 'ros'
[0.502s] Level 1:colcon.colcon_core.package_identification:_identify(src/realsense-ros) by extensions ['cmake', 'python']
[0.503s] Level 1:colcon.colcon_core.package_identification:_identify(src/realsense-ros) by extension 'cmake'
[0.503s] Level 1:colcon.colcon_core.package_identification:_identify(src/realsense-ros) by extension 'python'
[0.503s] Level 1:colcon.colcon_core.package_identification:_identify(src/realsense-ros) by extensions ['python_setup_py']
[0.503s] Level 1:colcon.colcon_core.package_identification:_identify(src/realsense-ros) by extension 'python_setup_py'
[0.503s] Level 1:colcon.colcon_core.package_identification:_identify(src/realsense-ros/realsense2_camera) by extensions ['ignore', 'ignore_ament_install']
[0.503s] Level 1:colcon.colcon_core.package_identification:_identify(src/realsense-ros/realsense2_camera) by extension 'ignore'
[0.503s] Level 1:colcon.colcon_core.package_identification:_identify(src/realsense-ros/realsense2_camera) by extension 'ignore_ament_install'
[0.503s] Level 1:colcon.colcon_core.package_identification:_identify(src/realsense-ros/realsense2_camera) by extensions ['colcon_pkg']
[0.504s] Level 1:colcon.colcon_core.package_identification:_identify(src/realsense-ros/realsense2_camera) by extension 'colcon_pkg'
[0.504s] Level 1:colcon.colcon_core.package_identification:_identify(src/realsense-ros/realsense2_camera) by extensions ['colcon_meta']
[0.504s] Level 1:colcon.colcon_core.package_identification:_identify(src/realsense-ros/realsense2_camera) by extension 'colcon_meta'
[0.504s] Level 1:colcon.colcon_core.package_identification:_identify(src/realsense-ros/realsense2_camera) by extensions ['ros']
[0.504s] Level 1:colcon.colcon_core.package_identification:_identify(src/realsense-ros/realsense2_camera) by extension 'ros'
[0.517s] DEBUG:colcon.colcon_core.package_identification:Package 'src/realsense-ros/realsense2_camera' with type 'ros.ament_cmake' and name 'realsense2_camera'
[0.518s] Level 1:colcon.colcon_core.package_identification:_identify(src/realsense-ros/realsense2_camera_msgs) by extensions ['ignore', 'ignore_ament_install']
[0.518s] Level 1:colcon.colcon_core.package_identification:_identify(src/realsense-ros/realsense2_camera_msgs) by extension 'ignore'
[0.518s] Level 1:colcon.colcon_core.package_identification:_identify(src/realsense-ros/realsense2_camera_msgs) by extension 'ignore_ament_install'
[0.518s] Level 1:colcon.colcon_core.package_identification:_identify(src/realsense-ros/realsense2_camera_msgs) by extensions ['colcon_pkg']
[0.518s] Level 1:colcon.colcon_core.package_identification:_identify(src/realsense-ros/realsense2_camera_msgs) by extension 'colcon_pkg'
[0.519s] Level 1:colcon.colcon_core.package_identification:_identify(src/realsense-ros/realsense2_camera_msgs) by extensions ['colcon_meta']
[0.519s] Level 1:colcon.colcon_core.package_identification:_identify(src/realsense-ros/realsense2_camera_msgs) by extension 'colcon_meta'
[0.519s] Level 1:colcon.colcon_core.package_identification:_identify(src/realsense-ros/realsense2_camera_msgs) by extensions ['ros']
[0.519s] Level 1:colcon.colcon_core.package_identification:_identify(src/realsense-ros/realsense2_camera_msgs) by extension 'ros'
[0.521s] DEBUG:colcon.colcon_core.package_identification:Package 'src/realsense-ros/realsense2_camera_msgs' with type 'ros.ament_cmake' and name 'realsense2_camera_msgs'
[0.521s] Level 1:colcon.colcon_core.package_identification:_identify(src/realsense-ros/realsense2_description) by extensions ['ignore', 'ignore_ament_install']
[0.521s] Level 1:colcon.colcon_core.package_identification:_identify(src/realsense-ros/realsense2_description) by extension 'ignore'
[0.522s] Level 1:colcon.colcon_core.package_identification:_identify(src/realsense-ros/realsense2_description) by extension 'ignore_ament_install'
[0.522s] Level 1:colcon.colcon_core.package_identification:_identify(src/realsense-ros/realsense2_description) by extensions ['colcon_pkg']
[0.522s] Level 1:colcon.colcon_core.package_identification:_identify(src/realsense-ros/realsense2_description) by extension 'colcon_pkg'
[0.522s] Level 1:colcon.colcon_core.package_identification:_identify(src/realsense-ros/realsense2_description) by extensions ['colcon_meta']
[0.522s] Level 1:colcon.colcon_core.package_identification:_identify(src/realsense-ros/realsense2_description) by extension 'colcon_meta'
[0.522s] Level 1:colcon.colcon_core.package_identification:_identify(src/realsense-ros/realsense2_description) by extensions ['ros']
[0.522s] Level 1:colcon.colcon_core.package_identification:_identify(src/realsense-ros/realsense2_description) by extension 'ros'
[0.524s] DEBUG:colcon.colcon_core.package_identification:Package 'src/realsense-ros/realsense2_description' with type 'ros.ament_cmake' and name 'realsense2_description'
[0.524s] Level 1:colcon.colcon_core.package_identification:_identify(src/realsense-ros/scripts) by extensions ['ignore', 'ignore_ament_install']
[0.524s] Level 1:colcon.colcon_core.package_identification:_identify(src/realsense-ros/scripts) by extension 'ignore'
[0.524s] Level 1:colcon.colcon_core.package_identification:_identify(src/realsense-ros/scripts) by extension 'ignore_ament_install'
[0.524s] Level 1:colcon.colcon_core.package_identification:_identify(src/realsense-ros/scripts) by extensions ['colcon_pkg']
[0.525s] Level 1:colcon.colcon_core.package_identification:_identify(src/realsense-ros/scripts) by extension 'colcon_pkg'
[0.525s] Level 1:colcon.colcon_core.package_identification:_identify(src/realsense-ros/scripts) by extensions ['colcon_meta']
[0.525s] Level 1:colcon.colcon_core.package_identification:_identify(src/realsense-ros/scripts) by extension 'colcon_meta'
[0.525s] Level 1:colcon.colcon_core.package_identification:_identify(src/realsense-ros/scripts) by extensions ['ros']
[0.525s] Level 1:colcon.colcon_core.package_identification:_identify(src/realsense-ros/scripts) by extension 'ros'
[0.525s] Level 1:colcon.colcon_core.package_identification:_identify(src/realsense-ros/scripts) by extensions ['cmake', 'python']
[0.525s] Level 1:colcon.colcon_core.package_identification:_identify(src/realsense-ros/scripts) by extension 'cmake'
[0.525s] Level 1:colcon.colcon_core.package_identification:_identify(src/realsense-ros/scripts) by extension 'python'
[0.525s] Level 1:colcon.colcon_core.package_identification:_identify(src/realsense-ros/scripts) by extensions ['python_setup_py']
[0.525s] Level 1:colcon.colcon_core.package_identification:_identify(src/realsense-ros/scripts) by extension 'python_setup_py'
[0.526s] Level 1:colcon.colcon_core.package_discovery:discover_packages(recursive) using defaults
[0.526s] Level 1:colcon.colcon_core.package_discovery:discover_packages(ignore) discover
[0.526s] Level 1:colcon.colcon_core.package_discovery:discover_packages(ignore) using defaults
[0.526s] Level 1:colcon.colcon_core.package_discovery:discover_packages(path) discover
[0.526s] Level 1:colcon.colcon_core.package_discovery:discover_packages(path) using defaults
[0.573s] INFO:colcon.colcon_core.package_selection:Skipping not selected package 'boundary_mapper' in 'src/boundary_mapper'
[0.574s] INFO:colcon.colcon_core.package_selection:Skipping not selected package 'landing_area_detector' in 'src/landing_area_detector'
[0.574s] INFO:colcon.colcon_core.package_selection:Skipping not selected package 'realsense2_camera_msgs' in 'src/realsense-ros/realsense2_camera_msgs'
[0.574s] INFO:colcon.colcon_core.package_selection:Skipping not selected package 'realsense2_camera' in 'src/realsense-ros/realsense2_camera'
[0.574s] INFO:colcon.colcon_core.package_selection:Skipping not selected package 'realsense2_description' in 'src/realsense-ros/realsense2_description'
[0.575s] Level 1:colcon.colcon_core.package_discovery:discover_packages(prefix_path) check parameters
[0.575s] Level 1:colcon.colcon_core.package_discovery:discover_packages(prefix_path) discover
[0.584s] DEBUG:colcon.colcon_installed_package_information.package_discovery:Found 6 installed packages in /home/nits/ros2_ws/install
[0.587s] DEBUG:colcon.colcon_installed_package_information.package_discovery:Found 357 installed packages in /opt/ros/humble
[0.591s] Level 1:colcon.colcon_core.package_discovery:discover_packages(prefix_path) using defaults
[0.694s] Level 5:colcon.colcon_core.verb:set package 'local_zeroing_pkg' build argument 'cmake_args' from command line to 'None'
[0.695s] Level 5:colcon.colcon_core.verb:set package 'local_zeroing_pkg' build argument 'cmake_target' from command line to 'None'
[0.695s] Level 5:colcon.colcon_core.verb:set package 'local_zeroing_pkg' build argument 'cmake_target_skip_unavailable' from command line to 'False'
[0.695s] Level 5:colcon.colcon_core.verb:set package 'local_zeroing_pkg' build argument 'cmake_clean_cache' from command line to 'False'
[0.695s] Level 5:colcon.colcon_core.verb:set package 'local_zeroing_pkg' build argument 'cmake_clean_first' from command line to 'False'
[0.695s] Level 5:colcon.colcon_core.verb:set package 'local_zeroing_pkg' build argument 'cmake_force_configure' from command line to 'False'
[0.695s] Level 5:colcon.colcon_core.verb:set package 'local_zeroing_pkg' build argument 'ament_cmake_args' from command line to 'None'
[0.695s] Level 5:colcon.colcon_core.verb:set package 'local_zeroing_pkg' build argument 'catkin_cmake_args' from command line to 'None'
[0.695s] Level 5:colcon.colcon_core.verb:set package 'local_zeroing_pkg' build argument 'catkin_skip_building_tests' from command line to 'False'
[0.695s] DEBUG:colcon.colcon_core.verb:Building package 'local_zeroing_pkg' with the following arguments: {'ament_cmake_args': None, 'build_base': '/home/nits/ros2_ws/build/local_zeroing_pkg', 'catkin_cmake_args': None, 'catkin_skip_building_tests': False, 'cmake_args': None, 'cmake_clean_cache': False, 'cmake_clean_first': False, 'cmake_force_configure': False, 'cmake_target': None, 'cmake_target_skip_unavailable': False, 'install_base': '/home/nits/ros2_ws/install/local_zeroing_pkg', 'merge_install': False, 'path': '/home/nits/ros2_ws/src/local_zeroing_pkg', 'symlink_install': False, 'test_result_base': None}
[0.696s] INFO:colcon.colcon_core.executor:Executing jobs using 'parallel' executor
[0.698s] DEBUG:colcon.colcon_parallel_executor.executor.parallel:run_until_complete
[0.698s] INFO:colcon.colcon_ros.task.catkin.build:Building ROS package in '/home/nits/ros2_ws/src/local_zeroing_pkg' with build type 'catkin'
[0.699s] INFO:colcon.colcon_cmake.task.cmake.build:Building CMake package in '/home/nits/ros2_ws/src/local_zeroing_pkg'
[0.705s] INFO:colcon.colcon_core.plugin_system:Skipping extension 'colcon_core.shell.bat': Not used on non-Windows systems
[0.706s] INFO:colcon.colcon_core.shell:Skip shell extension 'powershell' for command environment: Not usable outside of PowerShell
[0.706s] DEBUG:colcon.colcon_core.shell:Skip shell extension 'dsv' for command environment
[0.751s] DEBUG:colcon.colcon_core.event_handler.log_command:Invoking command in '/home/nits/ros2_ws/build/local_zeroing_pkg': /usr/bin/cmake /home/nits/ros2_ws/src/local_zeroing_pkg -DCATKIN_INSTALL_INTO_PREFIX_ROOT=0 -DCMAKE_INSTALL_PREFIX=/home/nits/ros2_ws/install/local_zeroing_pkg
[4.811s] DEBUG:colcon.colcon_core.event_handler.log_command:Invoked command in '/home/nits/ros2_ws/build/local_zeroing_pkg' returned '0': /usr/bin/cmake /home/nits/ros2_ws/src/local_zeroing_pkg -DCATKIN_INSTALL_INTO_PREFIX_ROOT=0 -DCMAKE_INSTALL_PREFIX=/home/nits/ros2_ws/install/local_zeroing_pkg
[4.818s] DEBUG:colcon.colcon_core.event_handler.log_command:Invoking command in '/home/nits/ros2_ws/build/local_zeroing_pkg': /usr/bin/cmake --build /home/nits/ros2_ws/build/local_zeroing_pkg -- -j6 -l6
[24.533s] DEBUG:colcon.colcon_core.event_handler.log_command:Invoked command in '/home/nits/ros2_ws/build/local_zeroing_pkg' returned '0': /usr/bin/cmake --build /home/nits/ros2_ws/build/local_zeroing_pkg -- -j6 -l6
[24.561s] DEBUG:colcon.colcon_core.event_handler.log_command:Invoking command in '/home/nits/ros2_ws/build/local_zeroing_pkg': /usr/bin/cmake --install /home/nits/ros2_ws/build/local_zeroing_pkg
[24.602s] DEBUG:colcon.colcon_core.event_handler.log_command:Invoked command in '/home/nits/ros2_ws/build/local_zeroing_pkg' returned '0': /usr/bin/cmake --install /home/nits/ros2_ws/build/local_zeroing_pkg
[24.603s] Level 1:colcon.colcon_core.shell:create_environment_hook('local_zeroing_pkg', 'ros_package_path')
[24.604s] INFO:colcon.colcon_core.shell:Creating environment hook '/home/nits/ros2_ws/install/local_zeroing_pkg/share/local_zeroing_pkg/hook/ros_package_path.ps1'
[24.608s] INFO:colcon.colcon_core.shell:Creating environment descriptor '/home/nits/ros2_ws/install/local_zeroing_pkg/share/local_zeroing_pkg/hook/ros_package_path.dsv'
[24.610s] INFO:colcon.colcon_core.shell:Creating environment hook '/home/nits/ros2_ws/install/local_zeroing_pkg/share/local_zeroing_pkg/hook/ros_package_path.sh'
[24.612s] Level 1:colcon.colcon_core.shell:create_environment_hook('local_zeroing_pkg', 'pkg_config_path')
[24.613s] INFO:colcon.colcon_core.shell:Creating environment hook '/home/nits/ros2_ws/install/local_zeroing_pkg/share/local_zeroing_pkg/hook/pkg_config_path.ps1'
[24.615s] INFO:colcon.colcon_core.shell:Creating environment descriptor '/home/nits/ros2_ws/install/local_zeroing_pkg/share/local_zeroing_pkg/hook/pkg_config_path.dsv'
[24.616s] INFO:colcon.colcon_core.shell:Creating environment hook '/home/nits/ros2_ws/install/local_zeroing_pkg/share/local_zeroing_pkg/hook/pkg_config_path.sh'
[24.621s] Level 1:colcon.colcon_core.shell:create_environment_hook('local_zeroing_pkg', 'pkg_config_path_multiarch')
[24.622s] INFO:colcon.colcon_core.shell:Creating environment hook '/home/nits/ros2_ws/install/local_zeroing_pkg/share/local_zeroing_pkg/hook/pkg_config_path_multiarch.ps1'
[24.624s] INFO:colcon.colcon_core.shell:Creating environment descriptor '/home/nits/ros2_ws/install/local_zeroing_pkg/share/local_zeroing_pkg/hook/pkg_config_path_multiarch.dsv'
[24.625s] INFO:colcon.colcon_core.shell:Creating environment hook '/home/nits/ros2_ws/install/local_zeroing_pkg/share/local_zeroing_pkg/hook/pkg_config_path_multiarch.sh'
[24.629s] Level 1:colcon.colcon_core.environment:create_environment_scripts_only(local_zeroing_pkg)
[24.640s] Level 1:colcon.colcon_core.environment:checking '/home/nits/ros2_ws/install/local_zeroing_pkg' for CMake module files
[24.642s] Level 1:colcon.colcon_core.environment:checking '/home/nits/ros2_ws/install/local_zeroing_pkg' for CMake config files
[24.642s] Level 1:colcon.colcon_core.shell:create_environment_hook('local_zeroing_pkg', 'cmake_prefix_path')
[24.642s] INFO:colcon.colcon_core.shell:Creating environment hook '/home/nits/ros2_ws/install/local_zeroing_pkg/share/local_zeroing_pkg/hook/cmake_prefix_path.ps1'
[24.643s] INFO:colcon.colcon_core.shell:Creating environment descriptor '/home/nits/ros2_ws/install/local_zeroing_pkg/share/local_zeroing_pkg/hook/cmake_prefix_path.dsv'
[24.644s] INFO:colcon.colcon_core.shell:Creating environment hook '/home/nits/ros2_ws/install/local_zeroing_pkg/share/local_zeroing_pkg/hook/cmake_prefix_path.sh'
[24.646s] Level 1:colcon.colcon_core.environment:checking '/home/nits/ros2_ws/install/local_zeroing_pkg/lib'
[24.647s] Level 1:colcon.colcon_core.environment:checking '/home/nits/ros2_ws/install/local_zeroing_pkg/bin'
[24.647s] Level 1:colcon.colcon_core.environment:checking '/home/nits/ros2_ws/install/local_zeroing_pkg/lib/pkgconfig/local_zeroing_pkg.pc'
[24.648s] Level 1:colcon.colcon_core.environment:checking '/home/nits/ros2_ws/install/local_zeroing_pkg/lib/python3.10/site-packages'
[24.649s] Level 1:colcon.colcon_core.environment:checking '/home/nits/ros2_ws/install/local_zeroing_pkg/bin'
[24.651s] INFO:colcon.colcon_core.shell:Creating package script '/home/nits/ros2_ws/install/local_zeroing_pkg/share/local_zeroing_pkg/package.ps1'
[24.654s] INFO:colcon.colcon_core.shell:Creating package descriptor '/home/nits/ros2_ws/install/local_zeroing_pkg/share/local_zeroing_pkg/package.dsv'
[24.657s] INFO:colcon.colcon_core.shell:Creating package script '/home/nits/ros2_ws/install/local_zeroing_pkg/share/local_zeroing_pkg/package.sh'
[24.660s] INFO:colcon.colcon_core.shell:Creating package script '/home/nits/ros2_ws/install/local_zeroing_pkg/share/local_zeroing_pkg/package.bash'
[24.664s] INFO:colcon.colcon_core.shell:Creating package script '/home/nits/ros2_ws/install/local_zeroing_pkg/share/local_zeroing_pkg/package.zsh'
[24.667s] Level 1:colcon.colcon_core.environment:create_file_with_runtime_dependencies(/home/nits/ros2_ws/install/local_zeroing_pkg/share/colcon-core/packages/local_zeroing_pkg)
[24.668s] DEBUG:colcon.colcon_parallel_executor.executor.parallel:closing loop
[24.669s] DEBUG:colcon.colcon_parallel_executor.executor.parallel:loop closed
[24.670s] DEBUG:colcon.colcon_parallel_executor.executor.parallel:run_until_complete finished with '0'
[24.670s] DEBUG:colcon.colcon_core.event_reactor:joining thread
[24.689s] INFO:colcon.colcon_core.plugin_system:Skipping extension 'colcon_notification.desktop_notification.terminal_notifier': Not used on non-Darwin systems
[24.689s] INFO:colcon.colcon_core.plugin_system:Skipping extension 'colcon_notification.desktop_notification.win32': Not used on non-Windows systems
[24.689s] INFO:colcon.colcon_notification.desktop_notification:Sending desktop notification using 'notify2'
[24.751s] DEBUG:colcon.colcon_core.event_reactor:joined thread
[24.752s] INFO:colcon.colcon_core.shell:Creating prefix script '/home/nits/ros2_ws/install/local_setup.ps1'
[24.756s] INFO:colcon.colcon_core.shell:Creating prefix util module '/home/nits/ros2_ws/install/_local_setup_util_ps1.py'
[24.761s] INFO:colcon.colcon_core.shell:Creating prefix chain script '/home/nits/ros2_ws/install/setup.ps1'
[24.766s] INFO:colcon.colcon_core.shell:Creating prefix script '/home/nits/ros2_ws/install/local_setup.sh'
[24.769s] INFO:colcon.colcon_core.shell:Creating prefix util module '/home/nits/ros2_ws/install/_local_setup_util_sh.py'
[24.771s] INFO:colcon.colcon_core.shell:Creating prefix chain script '/home/nits/ros2_ws/install/setup.sh'
[24.775s] INFO:colcon.colcon_core.shell:Creating prefix script '/home/nits/ros2_ws/install/local_setup.bash'
[24.777s] INFO:colcon.colcon_core.shell:Creating prefix chain script '/home/nits/ros2_ws/install/setup.bash'
[24.781s] INFO:colcon.colcon_core.shell:Creating prefix script '/home/nits/ros2_ws/install/local_setup.zsh'
[24.783s] INFO:colcon.colcon_core.shell:Creating prefix chain script '/home/nits/ros2_ws/install/setup.zsh'
