[0.050s] Invoking command in '/home/nits/ros2_ws/build/drone_vio_cpp': /usr/bin/cmake /home/nits/ros2_ws/src/drone_vio_cpp -DCMAKE_INSTALL_PREFIX=/home/nits/ros2_ws/install/drone_vio_cpp
[0.209s] -- The C compiler identification is GNU 11.4.0
[0.366s] -- The CXX compiler identification is GNU 11.4.0
[0.390s] -- Detecting C compiler ABI info
[0.553s] -- Detecting C compiler ABI info - done
[0.577s] -- Check for working C compiler: /usr/bin/cc - skipped
[0.578s] -- Detecting C compile features
[0.580s] -- Detecting C compile features - done
[0.592s] -- Detecting CXX compiler ABI info
[0.766s] -- Detecting CXX compiler ABI info - done
[0.791s] -- Check for working CXX compiler: /usr/bin/c++ - skipped
[0.792s] -- Detecting CXX compile features
[0.794s] -- Detecting CXX compile features - done
[0.825s] -- Found ament_cmake: 1.3.11 (/opt/ros/humble/share/ament_cmake/cmake)
[1.697s] -- Found Python3: /usr/bin/python3 (found version "3.10.12") found components: Interpreter 
[2.098s] -- Found rclcpp: 16.0.11 (/opt/ros/humble/share/rclcpp/cmake)
[2.281s] -- Found rosidl_generator_c: 3.1.6 (/opt/ros/humble/share/rosidl_generator_c/cmake)
[2.307s] -- Found rosidl_adapter: 3.1.6 (/opt/ros/humble/share/rosidl_adapter/cmake)
[2.343s] -- Found rosidl_generator_cpp: 3.1.6 (/opt/ros/humble/share/rosidl_generator_cpp/cmake)
[2.389s] -- Using all available rosidl_typesupport_c: rosidl_typesupport_fastrtps_c;rosidl_typesupport_introspection_c
[2.451s] -- Using all available rosidl_typesupport_cpp: rosidl_typesupport_fastrtps_cpp;rosidl_typesupport_introspection_cpp
[2.638s] -- Found rmw_implementation_cmake: 6.1.2 (/opt/ros/humble/share/rmw_implementation_cmake/cmake)
[2.655s] -- Found rmw_fastrtps_cpp: 6.2.7 (/opt/ros/humble/share/rmw_fastrtps_cpp/cmake)
[2.885s] -- Found OpenSSL: /usr/lib/aarch64-linux-gnu/libcrypto.so (found version "3.0.2")  
[2.957s] -- Found FastRTPS: /opt/ros/humble/include  
[3.043s] -- Using RMW implementation 'rmw_fastrtps_cpp' as default
[3.078s] -- Looking for pthread.h
[3.235s] -- Looking for pthread.h - found
[3.235s] -- Performing Test CMAKE_HAVE_LIBC_PTHREAD
[3.402s] -- Performing Test CMAKE_HAVE_LIBC_PTHREAD - Success
[3.405s] -- Found Threads: TRUE  
[3.605s] -- Found nav_msgs: 4.2.4 (/opt/ros/humble/share/nav_msgs/cmake)
[3.795s] Error parsing '/home/nits/ros2_ws/src/drone_vio_cpp/package.xml':
[3.893s] Traceback (most recent call last):
[3.893s]   File "/opt/ros/humble/share/ament_cmake_core/cmake/core/package_xml_2_cmake.py", line 150, in <module>
[3.893s]     main()
[3.893s]   File "/opt/ros/humble/share/ament_cmake_core/cmake/core/package_xml_2_cmake.py", line 53, in main
[3.894s]     raise e
[3.894s]   File "/opt/ros/humble/share/ament_cmake_core/cmake/core/package_xml_2_cmake.py", line 49, in main
[3.894s]     package = parse_package_string(
[3.894s]   File "/usr/lib/python3/dist-packages/catkin_pkg/package.py", line 786, in parse_package_string
[3.894s]     raise InvalidPackage('Error(s):%s' % (''.join(['\n- %s' % e for e in errors])), filename)
[3.894s] catkin_pkg.package.InvalidPackage: Error(s) in package '/home/nits/ros2_ws/src/drone_vio_cpp/package.xml':
[3.894s] Error(s):
[3.894s] - The generic dependency on 'rclcpp' is redundant with: build_depend, build_export_depend, exec_depend
[3.895s] - The generic dependency on 'nav_msgs' is redundant with: build_depend, build_export_depend, exec_depend
[3.895s] - The generic dependency on 'geometry_msgs' is redundant with: build_depend, build_export_depend, exec_depend
[3.935s] [31mCMake Error at /opt/ros/humble/share/ament_cmake_core/cmake/core/ament_package_xml.cmake:95 (message):
[3.936s]   execute_process(/usr/bin/python3
[3.936s]   /opt/ros/humble/share/ament_cmake_core/cmake/core/package_xml_2_cmake.py
[3.936s]   /home/nits/ros2_ws/src/drone_vio_cpp/package.xml
[3.936s]   /home/nits/ros2_ws/build/drone_vio_cpp/ament_cmake_core/package.cmake)
[3.936s]   returned error code 1
[3.936s] Call Stack (most recent call first):
[3.937s]   /opt/ros/humble/share/ament_cmake_core/cmake/core/ament_package_xml.cmake:49 (_ament_package_xml)
[3.937s]   /opt/ros/humble/share/ament_cmake_core/cmake/core/ament_package.cmake:63 (ament_package_xml)
[3.937s]   CMakeLists.txt:41 (ament_package)
[3.937s] 
[3.937s] [0m
[3.937s] -- Configuring incomplete, errors occurred!
[3.938s] See also "/home/nits/ros2_ws/build/drone_vio_cpp/CMakeFiles/CMakeOutput.log".
[3.965s] Invoked command in '/home/nits/ros2_ws/build/drone_vio_cpp' returned '1': /usr/bin/cmake /home/nits/ros2_ws/src/drone_vio_cpp -DCMAKE_INSTALL_PREFIX=/home/nits/ros2_ws/install/drone_vio_cpp
