-- Found ament_cmake: 1.3.11 (/opt/ros/humble/share/ament_cmake/cmake)
-- Found rclcpp: 16.0.11 (/opt/ros/humble/share/rclcpp/cmake)
-- Found rosidl_generator_c: 3.1.6 (/opt/ros/humble/share/rosidl_generator_c/cmake)
-- Found rosidl_adapter: 3.1.6 (/opt/ros/humble/share/rosidl_adapter/cmake)
-- Found rosidl_generator_cpp: 3.1.6 (/opt/ros/humble/share/rosidl_generator_cpp/cmake)
-- Using all available rosidl_typesupport_c: rosidl_typesupport_fastrtps_c;rosidl_typesupport_introspection_c
-- Using all available rosidl_typesupport_cpp: rosidl_typesupport_fastrtps_cpp;rosidl_typesupport_introspection_cpp
-- Found rmw_implementation_cmake: 6.1.2 (/opt/ros/humble/share/rmw_implementation_cmake/cmake)
-- Found rmw_fastrtps_cpp: 6.2.7 (/opt/ros/humble/share/rmw_fastrtps_cpp/cmake)
-- Using RMW implementation 'rmw_fastrtps_cpp' as default
-- Found geometry_msgs: 4.2.4 (/opt/ros/humble/share/geometry_msgs/cmake)
-- Found nav_msgs: 4.2.4 (/opt/ros/humble/share/nav_msgs/cmake)
-- Found mavros_msgs: 2.9.0 (/opt/ros/humble/share/mavros_msgs/cmake)
-- Configuring done
-- Generating done
-- Build files have been written to: /home/nits/ros2_ws/build/local_zeroing_pkg
[35m[1mConsolidate compiler generated dependencies of target local_zeroing_node[0m
[ 50%] [32mBuilding CXX object CMakeFiles/local_zeroing_node.dir/src/local_zeroing_node.cpp.o[0m
[01m[K/home/nits/ros2_ws/src/local_zeroing_pkg/src/local_zeroing_node.cpp:24:52:[m[K [01;31m[Kerror: [m[Kcould not convert ‘[01m[K{0.0, 0.0, 0.0}[m[K’ from ‘[01m[K<brace-enclosed initializer list>[m[K’ to ‘[01m[Kgeometry_msgs::msg::Point[m[K’ {aka ‘[01m[Kgeometry_msgs::msg::Point_<std::allocator<void> >[m[K’}
   24 |     geometry_msgs::msg::Point origin_{0.0, 0.0, 0.0[01;31m[K}[m[K;
      |                                                    [01;31m[K^[m[K
      |                                                    [01;31m[K|[m[K
      |                                                    [01;31m[K<brace-enclosed initializer list>[m[K
gmake[2]: *** [CMakeFiles/local_zeroing_node.dir/build.make:76: CMakeFiles/local_zeroing_node.dir/src/local_zeroing_node.cpp.o] Error 1
gmake[1]: *** [CMakeFiles/Makefile2:137: CMakeFiles/local_zeroing_node.dir/all] Error 2
gmake: *** [Makefile:146: all] Error 2
