[0.056s] Invoking command in '/home/nits/ros2_ws/build/local_zeroing_pkg': CMAKE_PREFIX_PATH=/opt/ros/humble:${CMAKE_PREFIX_PATH} /usr/bin/cmake /home/nits/ros2_ws/src/local_zeroing_pkg -DCMAKE_INSTALL_PREFIX=/home/nits/ros2_ws/install/local_zeroing_pkg
[0.082s] -- Found ament_cmake: 1.3.11 (/opt/ros/humble/share/ament_cmake/cmake)
[0.396s] -- Found rclcpp: 16.0.11 (/opt/ros/humble/share/rclcpp/cmake)
[0.483s] -- Found rosidl_generator_c: 3.1.6 (/opt/ros/humble/share/rosidl_generator_c/cmake)
[0.488s] -- Found rosidl_adapter: 3.1.6 (/opt/ros/humble/share/rosidl_adapter/cmake)
[0.500s] -- Found rosidl_generator_cpp: 3.1.6 (/opt/ros/humble/share/rosidl_generator_cpp/cmake)
[0.518s] -- Using all available rosidl_typesupport_c: rosidl_typesupport_fastrtps_c;rosidl_typesupport_introspection_c
[0.543s] -- Using all available rosidl_typesupport_cpp: rosidl_typesupport_fastrtps_cpp;rosidl_typesupport_introspection_cpp
[0.604s] -- Found rmw_implementation_cmake: 6.1.2 (/opt/ros/humble/share/rmw_implementation_cmake/cmake)
[0.607s] -- Found rmw_fastrtps_cpp: 6.2.7 (/opt/ros/humble/share/rmw_fastrtps_cpp/cmake)
[0.818s] -- Using RMW implementation 'rmw_fastrtps_cpp' as default
[0.913s] -- Found geometry_msgs: 4.2.4 (/opt/ros/humble/share/geometry_msgs/cmake)
[0.936s] -- Found nav_msgs: 4.2.4 (/opt/ros/humble/share/nav_msgs/cmake)
[0.971s] -- Found mavros_msgs: 2.9.0 (/opt/ros/humble/share/mavros_msgs/cmake)
[1.290s] -- Configuring done
[1.328s] -- Generating done
[1.343s] -- Build files have been written to: /home/nits/ros2_ws/build/local_zeroing_pkg
[1.366s] Invoked command in '/home/nits/ros2_ws/build/local_zeroing_pkg' returned '0': CMAKE_PREFIX_PATH=/opt/ros/humble:${CMAKE_PREFIX_PATH} /usr/bin/cmake /home/nits/ros2_ws/src/local_zeroing_pkg -DCMAKE_INSTALL_PREFIX=/home/nits/ros2_ws/install/local_zeroing_pkg
[1.371s] Invoking command in '/home/nits/ros2_ws/build/local_zeroing_pkg': CMAKE_PREFIX_PATH=/opt/ros/humble:${CMAKE_PREFIX_PATH} /usr/bin/cmake --build /home/nits/ros2_ws/build/local_zeroing_pkg -- -j6 -l6
[1.476s] [35m[1mConsolidate compiler generated dependencies of target local_zeroing_node[0m
[1.514s] [ 50%] [32mBuilding CXX object CMakeFiles/local_zeroing_node.dir/src/local_zeroing_node.cpp.o[0m
[7.057s] [01m[K/home/nits/ros2_ws/src/local_zeroing_pkg/src/local_zeroing_node.cpp:24:52:[m[K [01;31m[Kerror: [m[Kcould not convert ‘[01m[K{0.0, 0.0, 0.0}[m[K’ from ‘[01m[K<brace-enclosed initializer list>[m[K’ to ‘[01m[Kgeometry_msgs::msg::Point[m[K’ {aka ‘[01m[Kgeometry_msgs::msg::Point_<std::allocator<void> >[m[K’}
[7.057s]    24 |     geometry_msgs::msg::Point origin_{0.0, 0.0, 0.0[01;31m[K}[m[K;
[7.057s]       |                                                    [01;31m[K^[m[K
[7.058s]       |                                                    [01;31m[K|[m[K
[7.058s]       |                                                    [01;31m[K<brace-enclosed initializer list>[m[K
[13.145s] gmake[2]: *** [CMakeFiles/local_zeroing_node.dir/build.make:76: CMakeFiles/local_zeroing_node.dir/src/local_zeroing_node.cpp.o] Error 1
[13.146s] gmake[1]: *** [CMakeFiles/Makefile2:137: CMakeFiles/local_zeroing_node.dir/all] Error 2
[13.147s] gmake: *** [Makefile:146: all] Error 2
[13.153s] Invoked command in '/home/nits/ros2_ws/build/local_zeroing_pkg' returned '2': CMAKE_PREFIX_PATH=/opt/ros/humble:${CMAKE_PREFIX_PATH} /usr/bin/cmake --build /home/nits/ros2_ws/build/local_zeroing_pkg -- -j6 -l6
