/home/nits/.local/lib/python3.10/site-packages/setuptools/_distutils/dist.py:289: UserWarning: Unknown distribution option: 'tests_require'
  warnings.warn(msg)
running egg_info
creating ../../build/drone_takeoff/drone_takeoff.egg-info
writing ../../build/drone_takeoff/drone_takeoff.egg-info/PKG-INFO
writing dependency_links to ../../build/drone_takeoff/drone_takeoff.egg-info/dependency_links.txt
writing entry points to ../../build/drone_takeoff/drone_takeoff.egg-info/entry_points.txt
writing requirements to ../../build/drone_takeoff/drone_takeoff.egg-info/requires.txt
writing top-level names to ../../build/drone_takeoff/drone_takeoff.egg-info/top_level.txt
writing manifest file '../../build/drone_takeoff/drone_takeoff.egg-info/SOURCES.txt'
reading manifest file '../../build/drone_takeoff/drone_takeoff.egg-info/SOURCES.txt'
writing manifest file '../../build/drone_takeoff/drone_takeoff.egg-info/SOURCES.txt'
running build
running build_py
creating /home/nits/ros2_ws/build/drone_takeoff/build/lib/drone_takeoff
copying drone_takeoff/takeoff_node.py -> /home/nits/ros2_ws/build/drone_takeoff/build/lib/drone_takeoff
copying drone_takeoff/__init__.py -> /home/nits/ros2_ws/build/drone_takeoff/build/lib/drone_takeoff
running install
running install_lib
creating /home/nits/ros2_ws/install/drone_takeoff/lib/python3.10/site-packages/drone_takeoff
copying /home/nits/ros2_ws/build/drone_takeoff/build/lib/drone_takeoff/takeoff_node.py -> /home/nits/ros2_ws/install/drone_takeoff/lib/python3.10/site-packages/drone_takeoff
copying /home/nits/ros2_ws/build/drone_takeoff/build/lib/drone_takeoff/__init__.py -> /home/nits/ros2_ws/install/drone_takeoff/lib/python3.10/site-packages/drone_takeoff
byte-compiling /home/nits/ros2_ws/install/drone_takeoff/lib/python3.10/site-packages/drone_takeoff/takeoff_node.py to takeoff_node.cpython-310.pyc
byte-compiling /home/nits/ros2_ws/install/drone_takeoff/lib/python3.10/site-packages/drone_takeoff/__init__.py to __init__.cpython-310.pyc
running install_data
creating /home/nits/ros2_ws/install/drone_takeoff/share/ament_index/resource_index/packages
copying resource/drone_takeoff -> /home/nits/ros2_ws/install/drone_takeoff/share/ament_index/resource_index/packages
copying package.xml -> /home/nits/ros2_ws/install/drone_takeoff/share/drone_takeoff
running install_egg_info
Copying ../../build/drone_takeoff/drone_takeoff.egg-info to /home/nits/ros2_ws/install/drone_takeoff/lib/python3.10/site-packages/drone_takeoff-0.0.0-py3.10.egg-info
running install_scripts
Installing takeoff_node script to /home/nits/ros2_ws/install/drone_takeoff/lib/drone_takeoff
writing list of installed files to '/home/nits/ros2_ws/build/drone_takeoff/install.log'
