[2.028s] Invoking command in '/home/nits/ros2_ws/src/drone_takeoff': PYTHONPATH=/home/nits/ros2_ws/build/drone_takeoff/prefix_override:/usr/lib/python3/dist-packages/colcon_core/task/python/colcon_distutils_commands:/home/nits/ros2_ws/install/drone_takeoff/lib/python3.10/site-packages:${PYTHONPATH} /usr/bin/python3 -W ignore:setup.py install is deprecated -W ignore:easy_install command is deprecated setup.py egg_info --egg-base ../../build/drone_takeoff build --build-base /home/nits/ros2_ws/build/drone_takeoff/build install --record /home/nits/ros2_ws/build/drone_takeoff/install.log --single-version-externally-managed install_data
[2.370s] /home/nits/.local/lib/python3.10/site-packages/setuptools/_distutils/dist.py:289: UserWarning: Unknown distribution option: 'tests_require'
[2.370s]   warnings.warn(msg)
[2.599s] running egg_info
[2.635s] creating ../../build/drone_takeoff/drone_takeoff.egg-info
[2.635s] writing ../../build/drone_takeoff/drone_takeoff.egg-info/PKG-INFO
[2.636s] writing dependency_links to ../../build/drone_takeoff/drone_takeoff.egg-info/dependency_links.txt
[2.637s] writing entry points to ../../build/drone_takeoff/drone_takeoff.egg-info/entry_points.txt
[2.637s] writing requirements to ../../build/drone_takeoff/drone_takeoff.egg-info/requires.txt
[2.637s] writing top-level names to ../../build/drone_takeoff/drone_takeoff.egg-info/top_level.txt
[2.638s] writing manifest file '../../build/drone_takeoff/drone_takeoff.egg-info/SOURCES.txt'
[2.715s] reading manifest file '../../build/drone_takeoff/drone_takeoff.egg-info/SOURCES.txt'
[2.717s] writing manifest file '../../build/drone_takeoff/drone_takeoff.egg-info/SOURCES.txt'
[2.717s] running build
[2.718s] running build_py
[2.718s] creating /home/nits/ros2_ws/build/drone_takeoff/build/lib/drone_takeoff
[2.718s] copying drone_takeoff/takeoff_node.py -> /home/nits/ros2_ws/build/drone_takeoff/build/lib/drone_takeoff
[2.719s] copying drone_takeoff/__init__.py -> /home/nits/ros2_ws/build/drone_takeoff/build/lib/drone_takeoff
[2.719s] running install
[2.729s] running install_lib
[2.767s] creating /home/nits/ros2_ws/install/drone_takeoff/lib/python3.10/site-packages/drone_takeoff
[2.767s] copying /home/nits/ros2_ws/build/drone_takeoff/build/lib/drone_takeoff/takeoff_node.py -> /home/nits/ros2_ws/install/drone_takeoff/lib/python3.10/site-packages/drone_takeoff
[2.768s] copying /home/nits/ros2_ws/build/drone_takeoff/build/lib/drone_takeoff/__init__.py -> /home/nits/ros2_ws/install/drone_takeoff/lib/python3.10/site-packages/drone_takeoff
[2.768s] byte-compiling /home/nits/ros2_ws/install/drone_takeoff/lib/python3.10/site-packages/drone_takeoff/takeoff_node.py to takeoff_node.cpython-310.pyc
[2.769s] byte-compiling /home/nits/ros2_ws/install/drone_takeoff/lib/python3.10/site-packages/drone_takeoff/__init__.py to __init__.cpython-310.pyc
[2.770s] running install_data
[2.770s] creating /home/nits/ros2_ws/install/drone_takeoff/share/ament_index/resource_index/packages
[2.771s] copying resource/drone_takeoff -> /home/nits/ros2_ws/install/drone_takeoff/share/ament_index/resource_index/packages
[2.771s] copying package.xml -> /home/nits/ros2_ws/install/drone_takeoff/share/drone_takeoff
[2.771s] running install_egg_info
[2.812s] Copying ../../build/drone_takeoff/drone_takeoff.egg-info to /home/nits/ros2_ws/install/drone_takeoff/lib/python3.10/site-packages/drone_takeoff-0.0.0-py3.10.egg-info
[2.814s] running install_scripts
[3.122s] Installing takeoff_node script to /home/nits/ros2_ws/install/drone_takeoff/lib/drone_takeoff
[3.123s] writing list of installed files to '/home/nits/ros2_ws/build/drone_takeoff/install.log'
[3.200s] Invoked command in '/home/nits/ros2_ws/src/drone_takeoff' returned '0': PYTHONPATH=/home/nits/ros2_ws/build/drone_takeoff/prefix_override:/usr/lib/python3/dist-packages/colcon_core/task/python/colcon_distutils_commands:/home/nits/ros2_ws/install/drone_takeoff/lib/python3.10/site-packages:${PYTHONPATH} /usr/bin/python3 -W ignore:setup.py install is deprecated -W ignore:easy_install command is deprecated setup.py egg_info --egg-base ../../build/drone_takeoff build --build-base /home/nits/ros2_ws/build/drone_takeoff/build install --record /home/nits/ros2_ws/build/drone_takeoff/install.log --single-version-externally-managed install_data
