[35m[1mConsolidate compiler generated dependencies of target flat_area_detector[0m
[ 50%] [32mBuilding CXX object CMakeFiles/flat_area_detector.dir/src/flat_area_detector.cpp.o[0m
[100%] [32m[1mLinking CXX executable flat_area_detector[0m
[100%] Built target flat_area_detector
-- Install configuration: ""
-- Installing: /home/nits/ros2_ws/install/landing_area_detector/lib/landing_area_detector/flat_area_detector
-- Set runtime path of "/home/nits/ros2_ws/install/landing_area_detector/lib/landing_area_detector/flat_area_detector" to ""
-- Up-to-date: /home/nits/ros2_ws/install/landing_area_detector/share/ament_index/resource_index/package_run_dependencies/landing_area_detector
-- Up-to-date: /home/nits/ros2_ws/install/landing_area_detector/share/ament_index/resource_index/parent_prefix_path/landing_area_detector
-- Up-to-date: /home/nits/ros2_ws/install/landing_area_detector/share/landing_area_detector/environment/ament_prefix_path.sh
-- Up-to-date: /home/nits/ros2_ws/install/landing_area_detector/share/landing_area_detector/environment/ament_prefix_path.dsv
-- Up-to-date: /home/nits/ros2_ws/install/landing_area_detector/share/landing_area_detector/environment/path.sh
-- Up-to-date: /home/nits/ros2_ws/install/landing_area_detector/share/landing_area_detector/environment/path.dsv
-- Up-to-date: /home/nits/ros2_ws/install/landing_area_detector/share/landing_area_detector/local_setup.bash
-- Up-to-date: /home/nits/ros2_ws/install/landing_area_detector/share/landing_area_detector/local_setup.sh
-- Up-to-date: /home/nits/ros2_ws/install/landing_area_detector/share/landing_area_detector/local_setup.zsh
-- Up-to-date: /home/nits/ros2_ws/install/landing_area_detector/share/landing_area_detector/local_setup.dsv
-- Installing: /home/nits/ros2_ws/install/landing_area_detector/share/landing_area_detector/package.dsv
-- Up-to-date: /home/nits/ros2_ws/install/landing_area_detector/share/ament_index/resource_index/packages/landing_area_detector
-- Up-to-date: /home/nits/ros2_ws/install/landing_area_detector/share/landing_area_detector/cmake/landing_area_detectorConfig.cmake
-- Up-to-date: /home/nits/ros2_ws/install/landing_area_detector/share/landing_area_detector/cmake/landing_area_detectorConfig-version.cmake
-- Up-to-date: /home/nits/ros2_ws/install/landing_area_detector/share/landing_area_detector/package.xml
