-- The C compiler identification is GNU 11.4.0
-- The CXX compiler identification is GNU 11.4.0
-- Detecting C compiler ABI info
-- Detecting C compiler ABI info - done
-- Check for working C compiler: /usr/bin/cc - skipped
-- Detecting C compile features
-- Detecting C compile features - done
-- Detecting CXX compiler ABI info
-- Detecting CXX compiler ABI info - done
-- Check for working CXX compiler: /usr/bin/c++ - skipped
-- Detecting CXX compile features
-- Detecting CXX compile features - done
-- Found ament_cmake: 1.3.11 (/opt/ros/humble/share/ament_cmake/cmake)
-- Found Python3: /usr/bin/python3 (found version "3.10.12") found components: Interpreter 
-- Found rclcpp: 16.0.11 (/opt/ros/humble/share/rclcpp/cmake)
-- Found rosidl_generator_c: 3.1.6 (/opt/ros/humble/share/rosidl_generator_c/cmake)
-- Found rosidl_adapter: 3.1.6 (/opt/ros/humble/share/rosidl_adapter/cmake)
-- Found rosidl_generator_cpp: 3.1.6 (/opt/ros/humble/share/rosidl_generator_cpp/cmake)
-- Using all available rosidl_typesupport_c: rosidl_typesupport_fastrtps_c;rosidl_typesupport_introspection_c
-- Using all available rosidl_typesupport_cpp: rosidl_typesupport_fastrtps_cpp;rosidl_typesupport_introspection_cpp
-- Found rmw_implementation_cmake: 6.1.2 (/opt/ros/humble/share/rmw_implementation_cmake/cmake)
-- Found rmw_fastrtps_cpp: 6.2.7 (/opt/ros/humble/share/rmw_fastrtps_cpp/cmake)
-- Found OpenSSL: /usr/lib/aarch64-linux-gnu/libcrypto.so (found version "3.0.2")  
-- Found FastRTPS: /opt/ros/humble/include  
-- Using RMW implementation 'rmw_fastrtps_cpp' as default
-- Looking for pthread.h
-- Looking for pthread.h - found
-- Performing Test CMAKE_HAVE_LIBC_PTHREAD
-- Performing Test CMAKE_HAVE_LIBC_PTHREAD - Success
-- Found Threads: TRUE  
-- Found nav_msgs: 4.2.4 (/opt/ros/humble/share/nav_msgs/cmake)
-- Found tf2: 0.25.12 (/opt/ros/humble/share/tf2/cmake)
-- Found tf2_geometry_msgs: 0.25.12 (/opt/ros/humble/share/tf2_geometry_msgs/cmake)
-- Found eigen3_cmake_module: 0.1.1 (/opt/ros/humble/share/eigen3_cmake_module/cmake)
-- Found Eigen3: TRUE (found version "3.4.0") 
-- Ensuring Eigen3 include directory is part of orocos-kdl CMake target
-- Configuring done
-- Generating done
-- Build files have been written to: /home/nits/ros2_ws/src/build/drone_vio_cpp
[ 50%] [32mBuilding CXX object CMakeFiles/odom_to_vision_pose.dir/src/odom_to_vision_pose.cpp.o[0m
[100%] [32m[1mLinking CXX executable odom_to_vision_pose[0m
[100%] Built target odom_to_vision_pose
-- Install configuration: ""
-- Installing: /home/nits/ros2_ws/src/install/drone_vio_cpp/lib/drone_vio_cpp/odom_to_vision_pose
-- Set runtime path of "/home/nits/ros2_ws/src/install/drone_vio_cpp/lib/drone_vio_cpp/odom_to_vision_pose" to ""
-- Installing: /home/nits/ros2_ws/src/install/drone_vio_cpp/share/ament_index/resource_index/package_run_dependencies/drone_vio_cpp
-- Installing: /home/nits/ros2_ws/src/install/drone_vio_cpp/share/ament_index/resource_index/parent_prefix_path/drone_vio_cpp
-- Installing: /home/nits/ros2_ws/src/install/drone_vio_cpp/share/drone_vio_cpp/environment/ament_prefix_path.sh
-- Installing: /home/nits/ros2_ws/src/install/drone_vio_cpp/share/drone_vio_cpp/environment/ament_prefix_path.dsv
-- Installing: /home/nits/ros2_ws/src/install/drone_vio_cpp/share/drone_vio_cpp/environment/path.sh
-- Installing: /home/nits/ros2_ws/src/install/drone_vio_cpp/share/drone_vio_cpp/environment/path.dsv
-- Installing: /home/nits/ros2_ws/src/install/drone_vio_cpp/share/drone_vio_cpp/local_setup.bash
-- Installing: /home/nits/ros2_ws/src/install/drone_vio_cpp/share/drone_vio_cpp/local_setup.sh
-- Installing: /home/nits/ros2_ws/src/install/drone_vio_cpp/share/drone_vio_cpp/local_setup.zsh
-- Installing: /home/nits/ros2_ws/src/install/drone_vio_cpp/share/drone_vio_cpp/local_setup.dsv
-- Installing: /home/nits/ros2_ws/src/install/drone_vio_cpp/share/drone_vio_cpp/package.dsv
-- Installing: /home/nits/ros2_ws/src/install/drone_vio_cpp/share/ament_index/resource_index/packages/drone_vio_cpp
-- Installing: /home/nits/ros2_ws/src/install/drone_vio_cpp/share/drone_vio_cpp/cmake/drone_vio_cppConfig.cmake
-- Installing: /home/nits/ros2_ws/src/install/drone_vio_cpp/share/drone_vio_cpp/cmake/drone_vio_cppConfig-version.cmake
-- Installing: /home/nits/ros2_ws/src/install/drone_vio_cpp/share/drone_vio_cpp/package.xml
