[0.052s] Invoking command in '/home/nits/ros2_ws/build/local_zeroing_pkg': CMAKE_PREFIX_PATH=/opt/ros/humble:${CMAKE_PREFIX_PATH} /usr/bin/cmake --build /home/nits/ros2_ws/build/local_zeroing_pkg -- -j6 -l6
[0.144s] [35m[1mConsolidate compiler generated dependencies of target local_zeroing_node[0m
[0.184s] [ 50%] [32mBuilding CXX object CMakeFiles/local_zeroing_node.dir/src/local_zeroing_node.cpp.o[0m
[19.537s] [100%] [32m[1mLinking CXX executable local_zeroing_node[0m
[20.541s] [100%] Built target local_zeroing_node
[20.570s] Invoked command in '/home/nits/ros2_ws/build/local_zeroing_pkg' returned '0': CMAKE_PREFIX_PATH=/opt/ros/humble:${CMAKE_PREFIX_PATH} /usr/bin/cmake --build /home/nits/ros2_ws/build/local_zeroing_pkg -- -j6 -l6
[20.595s] Invoking command in '/home/nits/ros2_ws/build/local_zeroing_pkg': CMAKE_PREFIX_PATH=/opt/ros/humble:${CMAKE_PREFIX_PATH} /usr/bin/cmake --install /home/nits/ros2_ws/build/local_zeroing_pkg
[20.616s] -- Install configuration: ""
[20.616s] -- Installing: /home/nits/ros2_ws/install/local_zeroing_pkg/lib/local_zeroing_pkg/local_zeroing_node
[20.625s] -- Set runtime path of "/home/nits/ros2_ws/install/local_zeroing_pkg/lib/local_zeroing_pkg/local_zeroing_node" to ""
[20.626s] -- Installing: /home/nits/ros2_ws/install/local_zeroing_pkg/share/ament_index/resource_index/package_run_dependencies/local_zeroing_pkg
[20.626s] -- Up-to-date: /home/nits/ros2_ws/install/local_zeroing_pkg/share/ament_index/resource_index/parent_prefix_path/local_zeroing_pkg
[20.626s] -- Up-to-date: /home/nits/ros2_ws/install/local_zeroing_pkg/share/local_zeroing_pkg/environment/ament_prefix_path.sh
[20.627s] -- Installing: /home/nits/ros2_ws/install/local_zeroing_pkg/share/local_zeroing_pkg/environment/ament_prefix_path.dsv
[20.627s] -- Up-to-date: /home/nits/ros2_ws/install/local_zeroing_pkg/share/local_zeroing_pkg/environment/path.sh
[20.628s] -- Installing: /home/nits/ros2_ws/install/local_zeroing_pkg/share/local_zeroing_pkg/environment/path.dsv
[20.628s] -- Up-to-date: /home/nits/ros2_ws/install/local_zeroing_pkg/share/local_zeroing_pkg/local_setup.bash
[20.628s] -- Up-to-date: /home/nits/ros2_ws/install/local_zeroing_pkg/share/local_zeroing_pkg/local_setup.sh
[20.628s] -- Up-to-date: /home/nits/ros2_ws/install/local_zeroing_pkg/share/local_zeroing_pkg/local_setup.zsh
[20.628s] -- Installing: /home/nits/ros2_ws/install/local_zeroing_pkg/share/local_zeroing_pkg/local_setup.dsv
[20.629s] -- Installing: /home/nits/ros2_ws/install/local_zeroing_pkg/share/local_zeroing_pkg/package.dsv
[20.629s] -- Up-to-date: /home/nits/ros2_ws/install/local_zeroing_pkg/share/ament_index/resource_index/packages/local_zeroing_pkg
[20.629s] -- Up-to-date: /home/nits/ros2_ws/install/local_zeroing_pkg/share/local_zeroing_pkg/cmake/local_zeroing_pkgConfig.cmake
[20.629s] -- Up-to-date: /home/nits/ros2_ws/install/local_zeroing_pkg/share/local_zeroing_pkg/cmake/local_zeroing_pkgConfig-version.cmake
[20.629s] -- Installing: /home/nits/ros2_ws/install/local_zeroing_pkg/share/local_zeroing_pkg/package.xml
[20.633s] Invoked command in '/home/nits/ros2_ws/build/local_zeroing_pkg' returned '0': CMAKE_PREFIX_PATH=/opt/ros/humble:${CMAKE_PREFIX_PATH} /usr/bin/cmake --install /home/nits/ros2_ws/build/local_zeroing_pkg
