[0.034s] Invoking command in '/home/nits/ros2_ws/build/drone_vio_cpp': CMAKE_PREFIX_PATH=/home/nits/ros2_ws/install/realsense2_description:/home/nits/ros2_ws/install/realsense2_camera:/home/nits/ros2_ws/install/realsense2_camera_msgs:/home/nits/ros2_ws/install/drone_vio_py:/home/nits/ros2_ws/install/drone_takeoff:/opt/ros/humble:/home/nits/ros2_ws/install/local_zeroing_pkg:/home/nits/ros2_ws/install/landing_area_detector:/home/nits/ros2_ws/install/flat_area_detector:/home/nits/ros2_ws/install/drone_vio_cpp:/home/nits/ros2_ws/install/boundary_mapper /usr/bin/cmake --build /home/nits/ros2_ws/build/drone_vio_cpp -- -j6 -l6
[0.175s] [35m[1mConsolidate compiler generated dependencies of target odom_to_vision_pose[0m
[0.218s] [ 50%] [32mBuilding CXX object CMakeFiles/odom_to_vision_pose.dir/src/odom_to_vision_pose.cpp.o[0m
[23.767s] [100%] [32m[1mLinking CXX executable odom_to_vision_pose[0m
[25.086s] [100%] Built target odom_to_vision_pose
[25.113s] Invoked command in '/home/nits/ros2_ws/build/drone_vio_cpp' returned '0': CMAKE_PREFIX_PATH=/home/nits/ros2_ws/install/realsense2_description:/home/nits/ros2_ws/install/realsense2_camera:/home/nits/ros2_ws/install/realsense2_camera_msgs:/home/nits/ros2_ws/install/drone_vio_py:/home/nits/ros2_ws/install/drone_takeoff:/opt/ros/humble:/home/nits/ros2_ws/install/local_zeroing_pkg:/home/nits/ros2_ws/install/landing_area_detector:/home/nits/ros2_ws/install/flat_area_detector:/home/nits/ros2_ws/install/drone_vio_cpp:/home/nits/ros2_ws/install/boundary_mapper /usr/bin/cmake --build /home/nits/ros2_ws/build/drone_vio_cpp -- -j6 -l6
[25.140s] Invoking command in '/home/nits/ros2_ws/build/drone_vio_cpp': CMAKE_PREFIX_PATH=/home/nits/ros2_ws/install/realsense2_description:/home/nits/ros2_ws/install/realsense2_camera:/home/nits/ros2_ws/install/realsense2_camera_msgs:/home/nits/ros2_ws/install/drone_vio_py:/home/nits/ros2_ws/install/drone_takeoff:/opt/ros/humble:/home/nits/ros2_ws/install/local_zeroing_pkg:/home/nits/ros2_ws/install/landing_area_detector:/home/nits/ros2_ws/install/flat_area_detector:/home/nits/ros2_ws/install/drone_vio_cpp:/home/nits/ros2_ws/install/boundary_mapper /usr/bin/cmake --install /home/nits/ros2_ws/build/drone_vio_cpp
[25.162s] -- Install configuration: ""
[25.166s] -- Installing: /home/nits/ros2_ws/install/drone_vio_cpp/lib/drone_vio_cpp/odom_to_vision_pose
[25.184s] -- Set runtime path of "/home/nits/ros2_ws/install/drone_vio_cpp/lib/drone_vio_cpp/odom_to_vision_pose" to ""
[25.185s] -- Up-to-date: /home/nits/ros2_ws/install/drone_vio_cpp/share/ament_index/resource_index/package_run_dependencies/drone_vio_cpp
[25.185s] -- Up-to-date: /home/nits/ros2_ws/install/drone_vio_cpp/share/ament_index/resource_index/parent_prefix_path/drone_vio_cpp
[25.186s] -- Up-to-date: /home/nits/ros2_ws/install/drone_vio_cpp/share/drone_vio_cpp/environment/ament_prefix_path.sh
[25.186s] -- Up-to-date: /home/nits/ros2_ws/install/drone_vio_cpp/share/drone_vio_cpp/environment/ament_prefix_path.dsv
[25.186s] -- Up-to-date: /home/nits/ros2_ws/install/drone_vio_cpp/share/drone_vio_cpp/environment/path.sh
[25.186s] -- Up-to-date: /home/nits/ros2_ws/install/drone_vio_cpp/share/drone_vio_cpp/environment/path.dsv
[25.187s] -- Up-to-date: /home/nits/ros2_ws/install/drone_vio_cpp/share/drone_vio_cpp/local_setup.bash
[25.187s] -- Up-to-date: /home/nits/ros2_ws/install/drone_vio_cpp/share/drone_vio_cpp/local_setup.sh
[25.187s] -- Up-to-date: /home/nits/ros2_ws/install/drone_vio_cpp/share/drone_vio_cpp/local_setup.zsh
[25.188s] -- Up-to-date: /home/nits/ros2_ws/install/drone_vio_cpp/share/drone_vio_cpp/local_setup.dsv
[25.188s] -- Installing: /home/nits/ros2_ws/install/drone_vio_cpp/share/drone_vio_cpp/package.dsv
[25.188s] -- Up-to-date: /home/nits/ros2_ws/install/drone_vio_cpp/share/ament_index/resource_index/packages/drone_vio_cpp
[25.188s] -- Up-to-date: /home/nits/ros2_ws/install/drone_vio_cpp/share/drone_vio_cpp/cmake/drone_vio_cppConfig.cmake
[25.188s] -- Up-to-date: /home/nits/ros2_ws/install/drone_vio_cpp/share/drone_vio_cpp/cmake/drone_vio_cppConfig-version.cmake
[25.188s] -- Up-to-date: /home/nits/ros2_ws/install/drone_vio_cpp/share/drone_vio_cpp/package.xml
[25.192s] Invoked command in '/home/nits/ros2_ws/build/drone_vio_cpp' returned '0': CMAKE_PREFIX_PATH=/home/nits/ros2_ws/install/realsense2_description:/home/nits/ros2_ws/install/realsense2_camera:/home/nits/ros2_ws/install/realsense2_camera_msgs:/home/nits/ros2_ws/install/drone_vio_py:/home/nits/ros2_ws/install/drone_takeoff:/opt/ros/humble:/home/nits/ros2_ws/install/local_zeroing_pkg:/home/nits/ros2_ws/install/landing_area_detector:/home/nits/ros2_ws/install/flat_area_detector:/home/nits/ros2_ws/install/drone_vio_cpp:/home/nits/ros2_ws/install/boundary_mapper /usr/bin/cmake --install /home/nits/ros2_ws/build/drone_vio_cpp
