/home/nits/.local/lib/python3.10/site-packages/setuptools/_distutils/dist.py:289: UserWarning: Unknown distribution option: 'tests_require'
  warnings.warn(msg)
running egg_info
creating ../../build/mavros_takeoff/mavros_takeoff.egg-info
writing ../../build/mavros_takeoff/mavros_takeoff.egg-info/PKG-INFO
writing dependency_links to ../../build/mavros_takeoff/mavros_takeoff.egg-info/dependency_links.txt
writing requirements to ../../build/mavros_takeoff/mavros_takeoff.egg-info/requires.txt
writing top-level names to ../../build/mavros_takeoff/mavros_takeoff.egg-info/top_level.txt
writing manifest file '../../build/mavros_takeoff/mavros_takeoff.egg-info/SOURCES.txt'
reading manifest file '../../build/mavros_takeoff/mavros_takeoff.egg-info/SOURCES.txt'
writing manifest file '../../build/mavros_takeoff/mavros_takeoff.egg-info/SOURCES.txt'
running build
running build_py
creating /home/nits/ros2_ws/build/mavros_takeoff/build/lib/mavros_takeoff
copying mavros_takeoff/takeoff_node.py -> /home/nits/ros2_ws/build/mavros_takeoff/build/lib/mavros_takeoff
copying mavros_takeoff/__init__.py -> /home/nits/ros2_ws/build/mavros_takeoff/build/lib/mavros_takeoff
running install
running install_lib
creating /home/nits/ros2_ws/install/mavros_takeoff/lib/python3.10/site-packages/mavros_takeoff
copying /home/nits/ros2_ws/build/mavros_takeoff/build/lib/mavros_takeoff/takeoff_node.py -> /home/nits/ros2_ws/install/mavros_takeoff/lib/python3.10/site-packages/mavros_takeoff
copying /home/nits/ros2_ws/build/mavros_takeoff/build/lib/mavros_takeoff/__init__.py -> /home/nits/ros2_ws/install/mavros_takeoff/lib/python3.10/site-packages/mavros_takeoff
byte-compiling /home/nits/ros2_ws/install/mavros_takeoff/lib/python3.10/site-packages/mavros_takeoff/takeoff_node.py to takeoff_node.cpython-310.pyc
byte-compiling /home/nits/ros2_ws/install/mavros_takeoff/lib/python3.10/site-packages/mavros_takeoff/__init__.py to __init__.cpython-310.pyc
running install_data
creating /home/nits/ros2_ws/install/mavros_takeoff/share/ament_index/resource_index/packages
copying resource/mavros_takeoff -> /home/nits/ros2_ws/install/mavros_takeoff/share/ament_index/resource_index/packages
copying package.xml -> /home/nits/ros2_ws/install/mavros_takeoff/share/mavros_takeoff
running install_egg_info
Copying ../../build/mavros_takeoff/mavros_takeoff.egg-info to /home/nits/ros2_ws/install/mavros_takeoff/lib/python3.10/site-packages/mavros_takeoff-0.0.0-py3.10.egg-info
running install_scripts
writing list of installed files to '/home/nits/ros2_ws/build/mavros_takeoff/install.log'
